<?xml version="1.0" encoding="UTF-8"?>
<coverage generated="1628249353912" clover="3.2.0">
  <project timestamp="1628249353912" name="All files">
    <metrics statements="4099" coveredstatements="2323" conditionals="1613" coveredconditionals="532" methods="1155" coveredmethods="361" elements="6867" coveredelements="3216" complexity="0" loc="4099" ncloc="4099" packages="116" files="348" classes="348"/>
    <package name="client">
      <metrics statements="56" coveredstatements="46" conditionals="28" coveredconditionals="12" methods="6" coveredmethods="5"/>
      <file name="index.js" path="/home/pda/Make/front/client/index.js">
        <metrics statements="56" coveredstatements="46" conditionals="28" coveredconditionals="12" methods="6" coveredmethods="5"/>
        <line num="37" count="46" type="stmt"/>
        <line num="38" count="0" type="cond" truecount="0" falsecount="4"/>
        <line num="39" count="0" type="stmt"/>
        <line num="40" count="0" type="stmt"/>
        <line num="49" count="0" type="stmt"/>
        <line num="52" count="46" type="stmt"/>
        <line num="54" count="46" type="cond" truecount="1" falsecount="1"/>
        <line num="55" count="0" type="stmt"/>
        <line num="58" count="46" type="stmt"/>
        <line num="60" count="46" type="stmt"/>
        <line num="61" count="37" type="stmt"/>
        <line num="68" count="37" type="stmt"/>
        <line num="74" count="46" type="stmt"/>
        <line num="75" count="46" type="stmt"/>
        <line num="79" count="46" type="stmt"/>
        <line num="80" count="115" type="stmt"/>
        <line num="83" count="46" type="stmt"/>
        <line num="86" count="37" type="stmt"/>
        <line num="88" count="37" type="stmt"/>
        <line num="102" count="37" type="stmt"/>
        <line num="112" count="37" type="stmt"/>
        <line num="113" count="37" type="stmt"/>
        <line num="114" count="37" type="stmt"/>
        <line num="117" count="37" type="stmt"/>
        <line num="120" count="37" type="stmt"/>
        <line num="122" count="238" type="stmt"/>
        <line num="123" count="238" type="stmt"/>
        <line num="124" count="238" type="stmt"/>
        <line num="125" count="238" type="stmt"/>
        <line num="126" count="238" type="stmt"/>
        <line num="127" count="238" type="stmt"/>
        <line num="128" count="238" type="stmt"/>
        <line num="133" count="37" type="stmt"/>
        <line num="134" count="37" type="stmt"/>
        <line num="135" count="37" type="stmt"/>
        <line num="137" count="37" type="stmt"/>
        <line num="138" count="37" type="cond" truecount="2" falsecount="2"/>
        <line num="139" count="0" type="stmt"/>
        <line num="142" count="37" type="cond" truecount="1" falsecount="1"/>
        <line num="143" count="37" type="stmt"/>
        <line num="147" count="37" type="cond" truecount="1" falsecount="1"/>
        <line num="148" count="0" type="stmt"/>
        <line num="150" count="37" type="cond" truecount="1" falsecount="1"/>
        <line num="151" count="0" type="stmt"/>
        <line num="153" count="37" type="stmt"/>
        <line num="154" count="37" type="cond" truecount="1" falsecount="1"/>
        <line num="155" count="37" type="stmt"/>
        <line num="158" count="37" type="stmt"/>
        <line num="159" count="37" type="stmt"/>
        <line num="160" count="37" type="cond" truecount="1" falsecount="1"/>
        <line num="162" count="37" type="cond" truecount="1" falsecount="1"/>
        <line num="163" count="0" type="stmt"/>
        <line num="188" count="37" type="stmt"/>
        <line num="207" count="46" type="stmt"/>
        <line num="209" count="46" type="cond" truecount="1" falsecount="1"/>
        <line num="210" count="0" type="stmt"/>
      </file>
    </package>
    <package name="client.app">
      <metrics statements="61" coveredstatements="52" conditionals="10" coveredconditionals="7" methods="37" coveredmethods="10"/>
      <file name="Routes.js" path="/home/pda/Make/front/client/app/Routes.js">
        <metrics statements="47" coveredstatements="38" conditionals="4" coveredconditionals="2" methods="30" coveredmethods="3"/>
        <line num="65" count="46" type="stmt"/>
        <line num="66" count="46" type="stmt"/>
        <line num="67" count="0" type="stmt"/>
        <line num="69" count="46" type="stmt"/>
        <line num="70" count="46" type="stmt"/>
        <line num="71" count="0" type="stmt"/>
        <line num="73" count="46" type="stmt"/>
        <line num="74" count="46" type="stmt"/>
        <line num="75" count="0" type="stmt"/>
        <line num="77" count="46" type="stmt"/>
        <line num="78" count="0" type="stmt"/>
        <line num="80" count="46" type="stmt"/>
        <line num="81" count="0" type="stmt"/>
        <line num="83" count="46" type="stmt"/>
        <line num="84" count="0" type="stmt"/>
        <line num="86" count="46" type="stmt"/>
        <line num="87" count="0" type="stmt"/>
        <line num="89" count="46" type="stmt"/>
        <line num="90" count="0" type="stmt"/>
        <line num="92" count="46" type="stmt"/>
        <line num="93" count="46" type="stmt"/>
        <line num="94" count="46" type="stmt"/>
        <line num="95" count="46" type="stmt"/>
        <line num="96" count="0" type="stmt"/>
        <line num="98" count="46" type="stmt"/>
        <line num="100" count="46" type="stmt"/>
        <line num="102" count="46" type="stmt"/>
        <line num="104" count="46" type="stmt"/>
        <line num="106" count="46" type="stmt"/>
        <line num="108" count="46" type="stmt"/>
        <line num="110" count="46" type="stmt"/>
        <line num="111" count="46" type="stmt"/>
        <line num="112" count="46" type="stmt"/>
        <line num="113" count="46" type="stmt"/>
        <line num="114" count="46" type="stmt"/>
        <line num="115" count="46" type="stmt"/>
        <line num="117" count="46" type="stmt"/>
        <line num="118" count="86" type="stmt"/>
        <line num="119" count="86" type="stmt"/>
        <line num="122" count="86" type="stmt"/>
        <line num="123" count="217" type="stmt"/>
        <line num="124" count="86" type="stmt"/>
        <line num="126" count="86" type="stmt"/>
        <line num="128" count="86" type="stmt"/>
        <line num="129" count="84" type="cond" truecount="1" falsecount="1"/>
        <line num="130" count="84" type="stmt"/>
        <line num="134" count="86" type="stmt"/>
      </file>
      <file name="index.js" path="/home/pda/Make/front/client/app/index.js">
        <metrics statements="14" coveredstatements="14" conditionals="6" coveredconditionals="5" methods="7" coveredmethods="7"/>
        <line num="34" count="46" type="stmt"/>
        <line num="35" count="86" type="stmt"/>
        <line num="36" count="217" type="stmt"/>
        <line num="38" count="217" type="stmt"/>
        <line num="40" count="86" type="stmt"/>
        <line num="42" count="86" type="stmt"/>
        <line num="43" count="27" type="stmt"/>
        <line num="47" count="86" type="cond" truecount="2" falsecount="0"/>
        <line num="48" count="86" type="stmt"/>
        <line num="50" count="84" type="stmt"/>
        <line num="51" count="84" type="stmt"/>
        <line num="54" count="86" type="stmt"/>
        <line num="55" count="37" type="stmt"/>
        <line num="59" count="86" type="stmt"/>
      </file>
    </package>
    <package name="client.app.CanonicalUrl">
      <metrics statements="10" coveredstatements="7" conditionals="2" coveredconditionals="1" methods="1" coveredmethods="1"/>
      <file name="index.js" path="/home/pda/Make/front/client/app/CanonicalUrl/index.js">
        <metrics statements="10" coveredstatements="7" conditionals="2" coveredconditionals="1" methods="1" coveredmethods="1"/>
        <line num="7" count="46" type="stmt"/>
        <line num="8" count="86" type="stmt"/>
        <line num="9" count="86" type="stmt"/>
        <line num="10" count="86" type="stmt"/>
        <line num="11" count="86" type="stmt"/>
        <line num="14" count="86" type="cond" truecount="1" falsecount="1"/>
        <line num="15" count="0" type="stmt"/>
        <line num="16" count="0" type="stmt"/>
        <line num="17" count="0" type="stmt"/>
        <line num="20" count="86" type="stmt"/>
      </file>
    </package>
    <package name="client.app.CookieModal">
      <metrics statements="82" coveredstatements="45" conditionals="10" coveredconditionals="2" methods="19" coveredmethods="5"/>
      <file name="CookieSwitch.js" path="/home/pda/Make/front/client/app/CookieModal/CookieSwitch.js">
        <metrics statements="9" coveredstatements="1" conditionals="2" coveredconditionals="0" methods="4" coveredmethods="0"/>
        <line num="23" count="46" type="stmt"/>
        <line num="24" count="0" type="stmt"/>
        <line num="25" count="0" type="stmt"/>
        <line num="26" count="0" type="stmt"/>
        <line num="29" count="0" type="stmt"/>
        <line num="39" count="0" type="stmt"/>
        <line num="45" count="0" type="stmt"/>
        <line num="48" count="0" type="stmt"/>
        <line num="54" count="0" type="stmt"/>
      </file>
      <file name="FirstStep.js" path="/home/pda/Make/front/client/app/CookieModal/FirstStep.js">
        <metrics statements="4" coveredstatements="1" conditionals="0" coveredconditionals="0" methods="2" coveredmethods="0"/>
        <line num="28" count="46" type="stmt"/>
        <line num="29" count="0" type="stmt"/>
        <line num="30" count="0" type="stmt"/>
        <line num="33" count="0" type="stmt"/>
      </file>
      <file name="SecondStep.js" path="/home/pda/Make/front/client/app/CookieModal/SecondStep.js">
        <metrics statements="7" coveredstatements="1" conditionals="0" coveredconditionals="0" methods="3" coveredmethods="0"/>
        <line num="37" count="46" type="stmt"/>
        <line num="41" count="0" type="stmt"/>
        <line num="42" count="0" type="stmt"/>
        <line num="43" count="0" type="stmt"/>
        <line num="46" count="0" type="stmt"/>
        <line num="47" count="0" type="stmt"/>
        <line num="50" count="0" type="stmt"/>
      </file>
      <file name="index.js" path="/home/pda/Make/front/client/app/CookieModal/index.js">
        <metrics statements="42" coveredstatements="22" conditionals="8" coveredconditionals="2" methods="10" coveredmethods="5"/>
        <line num="42" count="46" type="stmt"/>
        <line num="43" count="46" type="stmt"/>
        <line num="58" count="46" type="stmt"/>
        <line num="59" count="86" type="stmt"/>
        <line num="60" count="86" type="stmt"/>
        <line num="61" count="217" type="stmt"/>
        <line num="63" count="86" type="stmt"/>
        <line num="64" count="217" type="stmt"/>
        <line num="66" count="86" type="stmt"/>
        <line num="67" count="86" type="stmt"/>
        <line num="68" count="86" type="stmt"/>
        <line num="72" count="86" type="stmt"/>
        <line num="73" count="0" type="stmt"/>
        <line num="74" count="0" type="stmt"/>
        <line num="75" count="0" type="stmt"/>
        <line num="76" count="0" type="stmt"/>
        <line num="77" count="0" type="stmt"/>
        <line num="80" count="86" type="stmt"/>
        <line num="81" count="0" type="stmt"/>
        <line num="82" count="0" type="stmt"/>
        <line num="83" count="0" type="stmt"/>
        <line num="84" count="0" type="stmt"/>
        <line num="85" count="0" type="stmt"/>
        <line num="88" count="86" type="stmt"/>
        <line num="89" count="0" type="stmt"/>
        <line num="92" count="86" type="stmt"/>
        <line num="93" count="0" type="stmt"/>
        <line num="94" count="0" type="stmt"/>
        <line num="97" count="86" type="stmt"/>
        <line num="98" count="0" type="stmt"/>
        <line num="99" count="0" type="stmt"/>
        <line num="100" count="0" type="stmt"/>
        <line num="101" count="0" type="stmt"/>
        <line num="102" count="0" type="stmt"/>
        <line num="105" count="86" type="stmt"/>
        <line num="106" count="37" type="stmt"/>
        <line num="115" count="86" type="stmt"/>
        <line num="116" count="84" type="cond" truecount="1" falsecount="1"/>
        <line num="117" count="0" type="stmt"/>
        <line num="121" count="86" type="cond" truecount="1" falsecount="1"/>
        <line num="122" count="86" type="stmt"/>
        <line num="125" count="0" type="stmt"/>
      </file>
      <file name="style.js" path="/home/pda/Make/front/client/app/CookieModal/style.js">
        <metrics statements="20" coveredstatements="20" conditionals="0" coveredconditionals="0" methods="0" coveredmethods="0"/>
        <line num="13" count="46" type="stmt"/>
        <line num="29" count="46" type="stmt"/>
        <line num="40" count="46" type="stmt"/>
        <line num="52" count="46" type="stmt"/>
        <line num="64" count="46" type="stmt"/>
        <line num="70" count="46" type="stmt"/>
        <line num="77" count="46" type="stmt"/>
        <line num="83" count="46" type="stmt"/>
        <line num="100" count="46" type="stmt"/>
        <line num="116" count="46" type="stmt"/>
        <line num="122" count="46" type="stmt"/>
        <line num="126" count="46" type="stmt"/>
        <line num="140" count="46" type="stmt"/>
        <line num="147" count="46" type="stmt"/>
        <line num="167" count="46" type="stmt"/>
        <line num="171" count="46" type="stmt"/>
        <line num="179" count="46" type="stmt"/>
        <line num="189" count="46" type="stmt"/>
        <line num="197" count="46" type="stmt"/>
        <line num="201" count="46" type="stmt"/>
      </file>
    </package>
    <package name="client.app.CountryListener">
      <metrics statements="11" coveredstatements="11" conditionals="6" coveredconditionals="4" methods="2" coveredmethods="2"/>
      <file name="index.js" path="/home/pda/Make/front/client/app/CountryListener/index.js">
        <metrics statements="11" coveredstatements="11" conditionals="6" coveredconditionals="4" methods="2" coveredmethods="2"/>
        <line num="11" count="46" type="stmt"/>
        <line num="12" count="41" type="cond" truecount="1" falsecount="1"/>
        <line num="17" count="41" type="stmt"/>
        <line num="18" count="41" type="cond" truecount="2" falsecount="0"/>
        <line num="19" count="41" type="stmt"/>
        <line num="20" count="41" type="stmt"/>
        <line num="21" count="41" type="stmt"/>
        <line num="23" count="41" type="stmt"/>
        <line num="25" count="41" type="cond" truecount="1" falsecount="1"/>
        <line num="26" count="41" type="stmt"/>
        <line num="40" count="41" type="stmt"/>
      </file>
    </package>
    <package name="client.app.Error">
      <metrics statements="20" coveredstatements="10" conditionals="10" coveredconditionals="1" methods="5" coveredmethods="3"/>
      <file name="index.js" path="/home/pda/Make/front/client/app/Error/index.js">
        <metrics statements="20" coveredstatements="10" conditionals="10" coveredconditionals="1" methods="5" coveredmethods="3"/>
        <line num="26" count="37" type="stmt"/>
        <line num="27" count="37" type="stmt"/>
        <line num="33" count="0" type="stmt"/>
        <line num="34" count="0" type="stmt"/>
        <line num="40" count="86" type="stmt"/>
        <line num="41" count="86" type="stmt"/>
        <line num="43" count="86" type="cond" truecount="1" falsecount="1"/>
        <line num="45" count="0" type="stmt"/>
        <line num="47" count="86" type="stmt"/>
        <line num="54" count="46" type="stmt"/>
        <line num="55" count="86" type="stmt"/>
        <line num="56" count="86" type="stmt"/>
        <line num="57" count="0" type="stmt"/>
        <line num="58" count="0" type="cond" truecount="0" falsecount="2"/>
        <line num="59" count="0" type="stmt"/>
        <line num="64" count="0" type="stmt"/>
        <line num="66" count="0" type="cond" truecount="0" falsecount="2"/>
        <line num="72" count="0" type="stmt"/>
        <line num="79" count="0" type="stmt"/>
        <line num="88" count="86" type="stmt"/>
      </file>
    </package>
    <package name="client.app.Expiration.Secure">
      <metrics statements="23" coveredstatements="16" conditionals="6" coveredconditionals="2" methods="5" coveredmethods="2"/>
      <file name="index.js" path="/home/pda/Make/front/client/app/Expiration/Secure/index.js">
        <metrics statements="23" coveredstatements="16" conditionals="6" coveredconditionals="2" methods="5" coveredmethods="2"/>
        <line num="14" count="46" type="stmt"/>
        <line num="16" count="46" type="stmt"/>
        <line num="17" count="86" type="stmt"/>
        <line num="18" count="86" type="stmt"/>
        <line num="19" count="86" type="stmt"/>
        <line num="22" count="86" type="stmt"/>
        <line num="23" count="86" type="stmt"/>
        <line num="24" count="86" type="stmt"/>
        <line num="26" count="86" type="stmt"/>
        <line num="28" count="86" type="stmt"/>
        <line num="29" count="37" type="stmt"/>
        <line num="30" count="37" type="stmt"/>
        <line num="32" count="37" type="stmt"/>
        <line num="36" count="37" type="cond" truecount="2" falsecount="2"/>
        <line num="37" count="37" type="stmt"/>
        <line num="40" count="0" type="stmt"/>
        <line num="41" count="0" type="cond" truecount="0" falsecount="2"/>
        <line num="42" count="0" type="stmt"/>
        <line num="44" count="0" type="stmt"/>
        <line num="45" count="0" type="stmt"/>
        <line num="46" count="0" type="stmt"/>
        <line num="50" count="0" type="stmt"/>
        <line num="54" count="86" type="stmt"/>
      </file>
    </package>
    <package name="client.app.Expiration.Session">
      <metrics statements="43" coveredstatements="33" conditionals="20" coveredconditionals="8" methods="13" coveredmethods="9"/>
      <file name="index.js" path="/home/pda/Make/front/client/app/Expiration/Session/index.js">
        <metrics statements="43" coveredstatements="33" conditionals="20" coveredconditionals="8" methods="13" coveredmethods="9"/>
        <line num="23" count="46" type="stmt"/>
        <line num="24" count="46" type="stmt"/>
        <line num="26" count="46" type="stmt"/>
        <line num="27" count="156" type="stmt"/>
        <line num="28" count="287" type="stmt"/>
        <line num="29" count="156" type="stmt"/>
        <line num="32" count="156" type="stmt"/>
        <line num="33" count="156" type="stmt"/>
        <line num="34" count="156" type="stmt"/>
        <line num="35" count="287" type="stmt"/>
        <line num="37" count="156" type="stmt"/>
        <line num="39" count="156" type="stmt"/>
        <line num="41" count="156" type="stmt"/>
        <line num="42" count="0" type="cond" truecount="0" falsecount="2"/>
        <line num="43" count="0" type="stmt"/>
        <line num="48" count="156" type="stmt"/>
        <line num="49" count="37" type="stmt"/>
        <line num="50" count="78" type="stmt"/>
        <line num="53" count="37" type="stmt"/>
        <line num="54" count="0" type="stmt"/>
        <line num="59" count="156" type="stmt"/>
        <line num="60" count="37" type="cond" truecount="1" falsecount="1"/>
        <line num="61" count="37" type="stmt"/>
        <line num="66" count="156" type="stmt"/>
        <line num="67" count="72" type="cond" truecount="1" falsecount="1"/>
        <line num="68" count="72" type="stmt"/>
        <line num="70" count="72" type="cond" truecount="2" falsecount="2"/>
        <line num="71" count="0" type="stmt"/>
        <line num="77" count="156" type="stmt"/>
        <line num="78" count="72" type="cond" truecount="2" falsecount="2"/>
        <line num="79" count="0" type="stmt"/>
        <line num="85" count="156" type="stmt"/>
        <line num="86" count="37" type="stmt"/>
        <line num="88" count="37" type="stmt"/>
        <line num="89" count="37" type="cond" truecount="2" falsecount="2"/>
        <line num="90" count="37" type="stmt"/>
        <line num="93" count="0" type="stmt"/>
        <line num="94" count="0" type="cond" truecount="0" falsecount="2"/>
        <line num="95" count="0" type="stmt"/>
        <line num="97" count="0" type="stmt"/>
        <line num="100" count="0" type="stmt"/>
        <line num="104" count="156" type="stmt"/>
        <line num="112" count="46" type="stmt"/>
      </file>
    </package>
    <package name="client.app.Expiration.Session.Modal">
      <metrics statements="17" coveredstatements="13" conditionals="2" coveredconditionals="1" methods="4" coveredmethods="3"/>
      <file name="index.js" path="/home/pda/Make/front/client/app/Expiration/Session/Modal/index.js">
        <metrics statements="13" coveredstatements="9" conditionals="2" coveredconditionals="1" methods="4" coveredmethods="3"/>
        <line num="21" count="46" type="stmt"/>
        <line num="23" count="46" type="stmt"/>
        <line num="24" count="121" type="stmt"/>
        <line num="25" count="121" type="stmt"/>
        <line num="26" count="252" type="stmt"/>
        <line num="29" count="121" type="stmt"/>
        <line num="30" count="37" type="cond" truecount="1" falsecount="1"/>
        <line num="31" count="0" type="stmt"/>
        <line num="35" count="121" type="stmt"/>
        <line num="36" count="0" type="stmt"/>
        <line num="37" count="0" type="stmt"/>
        <line num="38" count="0" type="stmt"/>
        <line num="41" count="121" type="stmt"/>
      </file>
      <file name="style.js" path="/home/pda/Make/front/client/app/Expiration/Session/Modal/style.js">
        <metrics statements="4" coveredstatements="4" conditionals="0" coveredconditionals="0" methods="0" coveredmethods="0"/>
        <line num="6" count="46" type="stmt"/>
        <line num="15" count="46" type="stmt"/>
        <line num="19" count="46" type="stmt"/>
        <line num="23" count="46" type="stmt"/>
      </file>
    </package>
    <package name="client.app.Footer">
      <metrics statements="24" coveredstatements="23" conditionals="3" coveredconditionals="2" methods="5" coveredmethods="5"/>
      <file name="CommonLinks.js" path="/home/pda/Make/front/client/app/Footer/CommonLinks.js">
        <metrics statements="4" coveredstatements="4" conditionals="0" coveredconditionals="0" methods="2" coveredmethods="2"/>
        <line num="14" count="46" type="stmt"/>
        <line num="15" count="86" type="stmt"/>
        <line num="16" count="221" type="stmt"/>
        <line num="19" count="86" type="stmt"/>
      </file>
      <file name="ExternalLink.js" path="/home/pda/Make/front/client/app/Footer/ExternalLink.js">
        <metrics statements="2" coveredstatements="2" conditionals="0" coveredconditionals="0" methods="1" coveredmethods="1"/>
        <line num="7" count="46" type="stmt"/>
        <line num="8" count="140" type="stmt"/>
      </file>
      <file name="index.js" path="/home/pda/Make/front/client/app/Footer/index.js">
        <metrics statements="6" coveredstatements="5" conditionals="3" coveredconditionals="2" methods="2" coveredmethods="2"/>
        <line num="12" count="46" type="stmt"/>
        <line num="13" count="217" type="stmt"/>
        <line num="15" count="86" type="cond" truecount="2" falsecount="1"/>
        <line num="17" count="70" type="stmt"/>
        <line num="19" count="0" type="stmt"/>
        <line num="21" count="16" type="stmt"/>
      </file>
      <file name="style.js" path="/home/pda/Make/front/client/app/Footer/style.js">
        <metrics statements="12" coveredstatements="12" conditionals="0" coveredconditionals="0" methods="0" coveredmethods="0"/>
        <line num="14" count="46" type="stmt"/>
        <line num="28" count="46" type="stmt"/>
        <line num="34" count="46" type="stmt"/>
        <line num="41" count="46" type="stmt"/>
        <line num="48" count="46" type="stmt"/>
        <line num="64" count="46" type="stmt"/>
        <line num="73" count="46" type="stmt"/>
        <line num="83" count="46" type="stmt"/>
        <line num="96" count="46" type="stmt"/>
        <line num="105" count="46" type="stmt"/>
        <line num="115" count="46" type="stmt"/>
        <line num="119" count="46" type="stmt"/>
      </file>
    </package>
    <package name="client.app.Footer.localized">
      <metrics statements="26" coveredstatements="17" conditionals="14" coveredconditionals="5" methods="10" coveredmethods="5"/>
      <file name="DE.js" path="/home/pda/Make/front/client/app/Footer/localized/DE.js">
        <metrics statements="8" coveredstatements="1" conditionals="4" coveredconditionals="0" methods="3" coveredmethods="0"/>
        <line num="38" count="46" type="stmt"/>
        <line num="39" count="0" type="stmt"/>
        <line num="40" count="0" type="stmt"/>
        <line num="41" count="0" type="stmt"/>
        <line num="42" count="0" type="stmt"/>
        <line num="44" count="0" type="stmt"/>
        <line num="46" count="0" type="cond" truecount="0" falsecount="2"/>
        <line num="80" count="0" type="stmt"/>
      </file>
      <file name="FR.js" path="/home/pda/Make/front/client/app/Footer/localized/FR.js">
        <metrics statements="10" coveredstatements="9" conditionals="6" coveredconditionals="3" methods="4" coveredmethods="3"/>
        <line num="48" count="46" type="stmt"/>
        <line num="49" count="70" type="stmt"/>
        <line num="50" count="70" type="stmt"/>
        <line num="51" count="70" type="stmt"/>
        <line num="52" count="181" type="stmt"/>
        <line num="54" count="70" type="stmt"/>
        <line num="55" count="70" type="stmt"/>
        <line num="57" count="70" type="stmt"/>
        <line num="75" count="0" type="stmt"/>
        <line num="161" count="4" type="stmt"/>
      </file>
      <file name="INT.js" path="/home/pda/Make/front/client/app/Footer/localized/INT.js">
        <metrics statements="8" coveredstatements="7" conditionals="4" coveredconditionals="2" methods="3" coveredmethods="2"/>
        <line num="34" count="46" type="stmt"/>
        <line num="35" count="16" type="stmt"/>
        <line num="36" count="16" type="stmt"/>
        <line num="37" count="16" type="stmt"/>
        <line num="38" count="40" type="stmt"/>
        <line num="40" count="16" type="stmt"/>
        <line num="42" count="16" type="cond" truecount="1" falsecount="1"/>
        <line num="68" count="0" type="stmt"/>
      </file>
    </package>
    <package name="client.app.Header">
      <metrics statements="12" coveredstatements="12" conditionals="13" coveredconditionals="8" methods="3" coveredmethods="2"/>
      <file name="index.js" path="/home/pda/Make/front/client/app/Header/index.js">
        <metrics statements="5" coveredstatements="5" conditionals="13" coveredconditionals="8" methods="3" coveredmethods="2"/>
        <line num="34" count="46" type="stmt"/>
        <line num="35" count="86" type="stmt"/>
        <line num="36" count="217" type="stmt"/>
        <line num="38" count="86" type="stmt"/>
        <line num="40" count="86" type="stmt"/>
      </file>
      <file name="style.js" path="/home/pda/Make/front/client/app/Header/style.js">
        <metrics statements="7" coveredstatements="7" conditionals="0" coveredconditionals="0" methods="0" coveredmethods="0"/>
        <line num="13" count="46" type="stmt"/>
        <line num="26" count="46" type="stmt"/>
        <line num="31" count="46" type="stmt"/>
        <line num="37" count="46" type="stmt"/>
        <line num="43" count="46" type="stmt"/>
        <line num="47" count="46" type="stmt"/>
        <line num="52" count="46" type="stmt"/>
      </file>
    </package>
    <package name="client.app.Hreflang">
      <metrics statements="12" coveredstatements="11" conditionals="4" coveredconditionals="2" methods="5" coveredmethods="5"/>
      <file name="index.js" path="/home/pda/Make/front/client/app/Hreflang/index.js">
        <metrics statements="12" coveredstatements="11" conditionals="4" coveredconditionals="2" methods="5" coveredmethods="5"/>
        <line num="10" count="46" type="stmt"/>
        <line num="16" count="46" type="stmt"/>
        <line num="17" count="86" type="stmt"/>
        <line num="18" count="86" type="stmt"/>
        <line num="19" count="217" type="stmt"/>
        <line num="22" count="86" type="cond" truecount="1" falsecount="1"/>
        <line num="23" count="0" type="stmt"/>
        <line num="26" count="86" type="cond" truecount="1" falsecount="1"/>
        <line num="28" count="2408" type="stmt"/>
        <line num="33" count="86" type="stmt"/>
        <line num="36" count="2408" type="stmt"/>
        <line num="48" count="258" type="stmt"/>
      </file>
    </package>
    <package name="client.app.LanguageListener">
      <metrics statements="8" coveredstatements="7" conditionals="2" coveredconditionals="1" methods="2" coveredmethods="2"/>
      <file name="index.js" path="/home/pda/Make/front/client/app/LanguageListener/index.js">
        <metrics statements="8" coveredstatements="7" conditionals="2" coveredconditionals="1" methods="2" coveredmethods="2"/>
        <line num="8" count="46" type="stmt"/>
        <line num="9" count="41" type="stmt"/>
        <line num="10" count="41" type="stmt"/>
        <line num="11" count="41" type="stmt"/>
        <line num="13" count="41" type="stmt"/>
        <line num="15" count="37" type="cond" truecount="1" falsecount="1"/>
        <line num="16" count="0" type="stmt"/>
        <line num="23" count="41" type="stmt"/>
      </file>
    </package>
    <package name="client.app.MetaTags">
      <metrics statements="4" coveredstatements="4" conditionals="18" coveredconditionals="18" methods="1" coveredmethods="1"/>
      <file name="index.js" path="/home/pda/Make/front/client/app/MetaTags/index.js">
        <metrics statements="4" coveredstatements="4" conditionals="18" coveredconditionals="18" methods="1" coveredmethods="1"/>
        <line num="16" count="46" type="stmt"/>
        <line num="17" count="94" type="stmt"/>
        <line num="19" count="94" type="stmt"/>
        <line num="56" count="46" type="stmt"/>
      </file>
    </package>
    <package name="client.app.Modal">
      <metrics statements="12" coveredstatements="10" conditionals="2" coveredconditionals="2" methods="3" coveredmethods="2"/>
      <file name="index.js" path="/home/pda/Make/front/client/app/Modal/index.js">
        <metrics statements="12" coveredstatements="10" conditionals="2" coveredconditionals="2" methods="3" coveredmethods="2"/>
        <line num="24" count="46" type="stmt"/>
        <line num="26" count="46" type="stmt"/>
        <line num="34" count="46" type="stmt"/>
        <line num="35" count="86" type="stmt"/>
        <line num="36" count="86" type="stmt"/>
        <line num="37" count="217" type="stmt"/>
        <line num="40" count="86" type="stmt"/>
        <line num="41" count="0" type="stmt"/>
        <line num="42" count="0" type="stmt"/>
        <line num="45" count="86" type="cond" truecount="2" falsecount="0"/>
        <line num="46" count="4" type="stmt"/>
        <line num="66" count="82" type="stmt"/>
      </file>
    </package>
    <package name="client.app.Notifications.Banner">
      <metrics statements="37" coveredstatements="13" conditionals="4" coveredconditionals="0" methods="17" coveredmethods="0"/>
      <file name="AccountActivationFailure.js" path="/home/pda/Make/front/client/app/Notifications/Banner/AccountActivationFailure.js">
        <metrics statements="2" coveredstatements="1" conditionals="0" coveredconditionals="0" methods="1" coveredmethods="0"/>
        <line num="5" count="46" type="stmt"/>
        <line num="6" count="0" type="stmt"/>
      </file>
      <file name="AccountActivationSuccess.js" path="/home/pda/Make/front/client/app/Notifications/Banner/AccountActivationSuccess.js">
        <metrics statements="2" coveredstatements="1" conditionals="0" coveredconditionals="0" methods="1" coveredmethods="0"/>
        <line num="5" count="46" type="stmt"/>
        <line num="6" count="0" type="stmt"/>
      </file>
      <file name="AccountDeletionSuccess.js" path="/home/pda/Make/front/client/app/Notifications/Banner/AccountDeletionSuccess.js">
        <metrics statements="2" coveredstatements="1" conditionals="0" coveredconditionals="0" methods="1" coveredmethods="0"/>
        <line num="5" count="46" type="stmt"/>
        <line num="6" count="0" type="stmt"/>
      </file>
      <file name="CookiesPreferencesUpdate.js" path="/home/pda/Make/front/client/app/Notifications/Banner/CookiesPreferencesUpdate.js">
        <metrics statements="2" coveredstatements="1" conditionals="0" coveredconditionals="0" methods="1" coveredmethods="0"/>
        <line num="4" count="46" type="stmt"/>
        <line num="5" count="0" type="stmt"/>
      </file>
      <file name="LoginSuccess.js" path="/home/pda/Make/front/client/app/Notifications/Banner/LoginSuccess.js">
        <metrics statements="2" coveredstatements="1" conditionals="0" coveredconditionals="0" methods="1" coveredmethods="0"/>
        <line num="5" count="46" type="stmt"/>
        <line num="6" count="0" type="stmt"/>
      </file>
      <file name="LogoutSuccess.js" path="/home/pda/Make/front/client/app/Notifications/Banner/LogoutSuccess.js">
        <metrics statements="2" coveredstatements="1" conditionals="0" coveredconditionals="0" methods="1" coveredmethods="0"/>
        <line num="5" count="46" type="stmt"/>
        <line num="6" count="0" type="stmt"/>
      </file>
      <file name="NetworkError.js" path="/home/pda/Make/front/client/app/Notifications/Banner/NetworkError.js">
        <metrics statements="2" coveredstatements="1" conditionals="0" coveredconditionals="0" methods="1" coveredmethods="0"/>
        <line num="4" count="46" type="stmt"/>
        <line num="5" count="0" type="stmt"/>
      </file>
      <file name="RegisterSuccess.js" path="/home/pda/Make/front/client/app/Notifications/Banner/RegisterSuccess.js">
        <metrics statements="2" coveredstatements="1" conditionals="0" coveredconditionals="0" methods="1" coveredmethods="0"/>
        <line num="5" count="46" type="stmt"/>
        <line num="6" count="0" type="stmt"/>
      </file>
      <file name="RegisterSuccessValidate.js" path="/home/pda/Make/front/client/app/Notifications/Banner/RegisterSuccessValidate.js">
        <metrics statements="2" coveredstatements="1" conditionals="0" coveredconditionals="0" methods="1" coveredmethods="0"/>
        <line num="9" count="46" type="stmt"/>
        <line num="10" count="0" type="stmt"/>
      </file>
      <file name="SecureExpired.js" path="/home/pda/Make/front/client/app/Notifications/Banner/SecureExpired.js">
        <metrics statements="2" coveredstatements="1" conditionals="0" coveredconditionals="0" methods="1" coveredmethods="0"/>
        <line num="7" count="46" type="stmt"/>
        <line num="8" count="0" type="stmt"/>
      </file>
      <file name="SocialMediaCookies.js" path="/home/pda/Make/front/client/app/Notifications/Banner/SocialMediaCookies.js">
        <metrics statements="5" coveredstatements="1" conditionals="0" coveredconditionals="0" methods="3" coveredmethods="0"/>
        <line num="10" count="46" type="stmt"/>
        <line num="11" count="0" type="stmt"/>
        <line num="12" count="0" type="stmt"/>
        <line num="14" count="0" type="stmt"/>
        <line num="19" count="0" type="stmt"/>
      </file>
      <file name="UnexpectedError.js" path="/home/pda/Make/front/client/app/Notifications/Banner/UnexpectedError.js">
        <metrics statements="2" coveredstatements="1" conditionals="0" coveredconditionals="0" methods="1" coveredmethods="0"/>
        <line num="4" count="46" type="stmt"/>
        <line num="5" count="0" type="stmt"/>
      </file>
      <file name="VoteOnly.js" path="/home/pda/Make/front/client/app/Notifications/Banner/VoteOnly.js">
        <metrics statements="10" coveredstatements="1" conditionals="4" coveredconditionals="0" methods="3" coveredmethods="0"/>
        <line num="18" count="46" type="stmt"/>
        <line num="19" count="0" type="stmt"/>
        <line num="20" count="0" type="stmt"/>
        <line num="22" count="0" type="stmt"/>
        <line num="24" count="0" type="stmt"/>
        <line num="25" count="0" type="cond" truecount="0" falsecount="2"/>
        <line num="26" count="0" type="stmt"/>
        <line num="30" count="0" type="cond" truecount="0" falsecount="2"/>
        <line num="31" count="0" type="stmt"/>
        <line num="33" count="0" type="stmt"/>
      </file>
    </package>
    <package name="client.app.Notifications.Message">
      <metrics statements="18" coveredstatements="1" conditionals="16" coveredconditionals="0" methods="1" coveredmethods="0"/>
      <file name="index.js" path="/home/pda/Make/front/client/app/Notifications/Message/index.js">
        <metrics statements="18" coveredstatements="1" conditionals="16" coveredconditionals="0" methods="1" coveredmethods="0"/>
        <line num="36" count="46" type="stmt"/>
        <line num="37" count="0" type="cond" truecount="0" falsecount="16"/>
        <line num="39" count="0" type="stmt"/>
        <line num="41" count="0" type="stmt"/>
        <line num="43" count="0" type="stmt"/>
        <line num="45" count="0" type="stmt"/>
        <line num="47" count="0" type="stmt"/>
        <line num="49" count="0" type="stmt"/>
        <line num="51" count="0" type="stmt"/>
        <line num="53" count="0" type="stmt"/>
        <line num="55" count="0" type="stmt"/>
        <line num="57" count="0" type="stmt"/>
        <line num="59" count="0" type="stmt"/>
        <line num="61" count="0" type="stmt"/>
        <line num="63" count="0" type="stmt"/>
        <line num="65" count="0" type="stmt"/>
        <line num="67" count="0" type="stmt"/>
        <line num="69" count="0" type="stmt"/>
      </file>
    </package>
    <package name="client.app.Notifications.Tip">
      <metrics statements="2" coveredstatements="1" conditionals="0" coveredconditionals="0" methods="1" coveredmethods="0"/>
      <file name="FirstVote.js" path="/home/pda/Make/front/client/app/Notifications/Tip/FirstVote.js">
        <metrics statements="2" coveredstatements="1" conditionals="0" coveredconditionals="0" methods="1" coveredmethods="0"/>
        <line num="5" count="46" type="stmt"/>
        <line num="6" count="0" type="stmt"/>
      </file>
    </package>
    <package name="client.app.Panel">
      <metrics statements="28" coveredstatements="21" conditionals="12" coveredconditionals="4" methods="6" coveredmethods="4"/>
      <file name="index.js" path="/home/pda/Make/front/client/app/Panel/index.js">
        <metrics statements="23" coveredstatements="16" conditionals="12" coveredconditionals="4" methods="6" coveredmethods="4"/>
        <line num="29" count="46" type="stmt"/>
        <line num="30" count="86" type="stmt"/>
        <line num="31" count="86" type="stmt"/>
        <line num="32" count="86" type="stmt"/>
        <line num="33" count="217" type="stmt"/>
        <line num="36" count="86" type="stmt"/>
        <line num="37" count="0" type="stmt"/>
        <line num="38" count="0" type="stmt"/>
        <line num="41" count="86" type="stmt"/>
        <line num="42" count="37" type="cond" truecount="1" falsecount="1"/>
        <line num="43" count="0" type="stmt"/>
        <line num="46" count="37" type="cond" truecount="1" falsecount="1"/>
        <line num="47" count="0" type="stmt"/>
        <line num="48" count="0" type="stmt"/>
        <line num="49" count="0" type="stmt"/>
        <line num="51" count="0" type="stmt"/>
        <line num="54" count="37" type="stmt"/>
        <line num="55" count="37" type="stmt"/>
        <line num="56" count="37" type="stmt"/>
        <line num="58" count="22" type="stmt"/>
        <line num="60" count="37" type="stmt"/>
        <line num="61" count="37" type="stmt"/>
        <line num="64" count="86" type="stmt"/>
      </file>
      <file name="style.js" path="/home/pda/Make/front/client/app/Panel/style.js">
        <metrics statements="5" coveredstatements="5" conditionals="0" coveredconditionals="0" methods="0" coveredmethods="0"/>
        <line num="9" count="46" type="stmt"/>
        <line num="23" count="46" type="stmt"/>
        <line num="43" count="46" type="stmt"/>
        <line num="65" count="46" type="stmt"/>
        <line num="73" count="46" type="stmt"/>
      </file>
    </package>
    <package name="client.app.PrivacyPolicyModal">
      <metrics statements="50" coveredstatements="9" conditionals="6" coveredconditionals="0" methods="17" coveredmethods="0"/>
      <file name="DataPolicy.js" path="/home/pda/Make/front/client/app/PrivacyPolicyModal/DataPolicy.js">
        <metrics statements="26" coveredstatements="1" conditionals="2" coveredconditionals="0" methods="9" coveredmethods="0"/>
        <line num="25" count="46" type="stmt"/>
        <line num="26" count="0" type="stmt"/>
        <line num="27" count="0" type="stmt"/>
        <line num="28" count="0" type="stmt"/>
        <line num="29" count="0" type="stmt"/>
        <line num="32" count="0" type="stmt"/>
        <line num="33" count="0" type="stmt"/>
        <line num="34" count="0" type="stmt"/>
        <line num="35" count="0" type="stmt"/>
        <line num="37" count="0" type="stmt"/>
        <line num="38" count="0" type="stmt"/>
        <line num="39" count="0" type="stmt"/>
        <line num="40" count="0" type="stmt"/>
        <line num="41" count="0" type="stmt"/>
        <line num="43" count="0" type="stmt"/>
        <line num="44" count="0" type="stmt"/>
        <line num="45" count="0" type="cond" truecount="0" falsecount="2"/>
        <line num="46" count="0" type="stmt"/>
        <line num="48" count="0" type="stmt"/>
        <line num="50" count="0" type="stmt"/>
        <line num="53" count="0" type="stmt"/>
        <line num="54" count="0" type="stmt"/>
        <line num="55" count="0" type="stmt"/>
        <line num="56" count="0" type="stmt"/>
        <line num="58" count="0" type="stmt"/>
        <line num="62" count="0" type="stmt"/>
      </file>
      <file name="RefusalConfirmation.js" path="/home/pda/Make/front/client/app/PrivacyPolicyModal/RefusalConfirmation.js">
        <metrics statements="9" coveredstatements="1" conditionals="0" coveredconditionals="0" methods="4" coveredmethods="0"/>
        <line num="26" count="46" type="stmt"/>
        <line num="27" count="0" type="stmt"/>
        <line num="28" count="0" type="stmt"/>
        <line num="29" count="0" type="stmt"/>
        <line num="31" count="0" type="stmt"/>
        <line num="32" count="0" type="stmt"/>
        <line num="34" count="0" type="stmt"/>
        <line num="35" count="0" type="stmt"/>
        <line num="38" count="0" type="stmt"/>
      </file>
      <file name="index.js" path="/home/pda/Make/front/client/app/PrivacyPolicyModal/index.js">
        <metrics statements="9" coveredstatements="2" conditionals="2" coveredconditionals="0" methods="3" coveredmethods="0"/>
        <line num="10" count="46" type="stmt"/>
        <line num="12" count="46" type="stmt"/>
        <line num="13" count="0" type="stmt"/>
        <line num="14" count="0" type="stmt"/>
        <line num="15" count="0" type="stmt"/>
        <line num="18" count="0" type="stmt"/>
        <line num="19" count="0" type="stmt"/>
        <line num="22" count="0" type="stmt"/>
        <line num="37" count="0" type="stmt"/>
      </file>
      <file name="style.js" path="/home/pda/Make/front/client/app/PrivacyPolicyModal/style.js">
        <metrics statements="6" coveredstatements="5" conditionals="2" coveredconditionals="0" methods="1" coveredmethods="0"/>
        <line num="9" count="46" type="stmt"/>
        <line num="24" count="46" type="stmt"/>
        <line num="34" count="46" type="stmt"/>
        <line num="39" count="0" type="cond" truecount="0" falsecount="2"/>
        <line num="49" count="46" type="stmt"/>
        <line num="55" count="46" type="stmt"/>
      </file>
    </package>
    <package name="client.app.SkipLinks">
      <metrics statements="4" coveredstatements="4" conditionals="0" coveredconditionals="0" methods="2" coveredmethods="2"/>
      <file name="Homepage.js" path="/home/pda/Make/front/client/app/SkipLinks/Homepage.js">
        <metrics statements="2" coveredstatements="2" conditionals="0" coveredconditionals="0" methods="1" coveredmethods="1"/>
        <line num="7" count="37" type="stmt"/>
        <line num="8" count="94" type="stmt"/>
      </file>
      <file name="Main.js" path="/home/pda/Make/front/client/app/SkipLinks/Main.js">
        <metrics statements="2" coveredstatements="2" conditionals="0" coveredconditionals="0" methods="1" coveredmethods="1"/>
        <line num="16" count="46" type="stmt"/>
        <line num="17" count="86" type="stmt"/>
      </file>
    </package>
    <package name="client.app.Styled">
      <metrics statements="7" coveredstatements="7" conditionals="0" coveredconditionals="0" methods="0" coveredmethods="0"/>
      <file name="MainElements.js" path="/home/pda/Make/front/client/app/Styled/MainElements.js">
        <metrics statements="7" coveredstatements="7" conditionals="0" coveredconditionals="0" methods="0" coveredmethods="0"/>
        <line num="17" count="46" type="stmt"/>
        <line num="26" count="46" type="stmt"/>
        <line num="35" count="46" type="stmt"/>
        <line num="49" count="46" type="stmt"/>
        <line num="58" count="46" type="stmt"/>
        <line num="62" count="46" type="stmt"/>
        <line num="74" count="46" type="stmt"/>
      </file>
    </package>
    <package name="client.app.SwitchCountry">
      <metrics statements="20" coveredstatements="19" conditionals="6" coveredconditionals="5" methods="7" coveredmethods="6"/>
      <file name="index.js" path="/home/pda/Make/front/client/app/SwitchCountry/index.js">
        <metrics statements="16" coveredstatements="15" conditionals="6" coveredconditionals="5" methods="7" coveredmethods="6"/>
        <line num="20" count="46" type="stmt"/>
        <line num="21" count="4" type="stmt"/>
        <line num="22" count="4" type="stmt"/>
        <line num="23" count="16" type="stmt"/>
        <line num="25" count="4" type="stmt"/>
        <line num="27" count="4" type="stmt"/>
        <line num="28" count="112" type="stmt"/>
        <line num="34" count="4" type="stmt"/>
        <line num="36" count="4" type="stmt"/>
        <line num="37" count="4" type="cond" truecount="1" falsecount="1"/>
        <line num="38" count="0" type="stmt"/>
        <line num="41" count="4" type="stmt"/>
        <line num="43" count="4" type="stmt"/>
        <line num="46" count="4" type="stmt"/>
        <line num="56" count="112" type="stmt"/>
        <line num="59" count="4" type="stmt"/>
      </file>
      <file name="style.js" path="/home/pda/Make/front/client/app/SwitchCountry/style.js">
        <metrics statements="4" coveredstatements="4" conditionals="0" coveredconditionals="0" methods="0" coveredmethods="0"/>
        <line num="10" count="46" type="stmt"/>
        <line num="21" count="46" type="stmt"/>
        <line num="34" count="46" type="stmt"/>
        <line num="50" count="46" type="stmt"/>
      </file>
    </package>
    <package name="client.app.assets.css-in-js">
      <metrics statements="4" coveredstatements="4" conditionals="0" coveredconditionals="0" methods="0" coveredmethods="0"/>
      <file name="DefaultStyle.js" path="/home/pda/Make/front/client/app/assets/css-in-js/DefaultStyle.js">
        <metrics statements="1" coveredstatements="1" conditionals="0" coveredconditionals="0" methods="0" coveredmethods="0"/>
        <line num="12" count="46" type="stmt"/>
      </file>
      <file name="FontFaces.js" path="/home/pda/Make/front/client/app/assets/css-in-js/FontFaces.js">
        <metrics statements="1" coveredstatements="1" conditionals="0" coveredconditionals="0" methods="0" coveredmethods="0"/>
        <line num="13" count="46" type="stmt"/>
      </file>
      <file name="ModernNormalize.js" path="/home/pda/Make/front/client/app/assets/css-in-js/ModernNormalize.js">
        <metrics statements="1" coveredstatements="1" conditionals="0" coveredconditionals="0" methods="0" coveredmethods="0"/>
        <line num="5" count="46" type="stmt"/>
      </file>
      <file name="UITheme.js" path="/home/pda/Make/front/client/app/assets/css-in-js/UITheme.js">
        <metrics statements="1" coveredstatements="1" conditionals="0" coveredconditionals="0" methods="0" coveredmethods="0"/>
        <line num="9" count="46" type="stmt"/>
      </file>
    </package>
    <package name="client.app.assets.vars">
      <metrics statements="19" coveredstatements="19" conditionals="0" coveredconditionals="0" methods="0" coveredmethods="0"/>
      <file name="Breakpoints.js" path="/home/pda/Make/front/client/app/assets/vars/Breakpoints.js">
        <metrics statements="3" coveredstatements="3" conditionals="0" coveredconditionals="0" methods="0" coveredmethods="0"/>
        <line num="3" count="46" type="stmt"/>
        <line num="10" count="46" type="stmt"/>
        <line num="15" count="46" type="stmt"/>
      </file>
      <file name="Colors.js" path="/home/pda/Make/front/client/app/assets/vars/Colors.js">
        <metrics statements="14" coveredstatements="14" conditionals="0" coveredconditionals="0" methods="0" coveredmethods="0"/>
        <line num="1" count="46" type="stmt"/>
        <line num="2" count="46" type="stmt"/>
        <line num="3" count="46" type="stmt"/>
        <line num="5" count="46" type="stmt"/>
        <line num="10" count="46" type="stmt"/>
        <line num="15" count="46" type="stmt"/>
        <line num="20" count="46" type="stmt"/>
        <line num="30" count="46" type="stmt"/>
        <line num="36" count="46" type="stmt"/>
        <line num="46" count="46" type="stmt"/>
        <line num="55" count="46" type="stmt"/>
        <line num="61" count="46" type="stmt"/>
        <line num="67" count="46" type="stmt"/>
        <line num="74" count="46" type="stmt"/>
      </file>
      <file name="Elements.js" path="/home/pda/Make/front/client/app/assets/vars/Elements.js">
        <metrics statements="1" coveredstatements="1" conditionals="0" coveredconditionals="0" methods="0" coveredmethods="0"/>
        <line num="1" count="46" type="stmt"/>
      </file>
      <file name="Fonts.js" path="/home/pda/Make/front/client/app/assets/vars/Fonts.js">
        <metrics statements="1" coveredstatements="1" conditionals="0" coveredconditionals="0" methods="0" coveredmethods="0"/>
        <line num="3" count="46" type="stmt"/>
      </file>
    </package>
    <package name="client.features.auth">
      <metrics statements="12" coveredstatements="12" conditionals="0" coveredconditionals="0" methods="0" coveredmethods="0"/>
      <file name="style.js" path="/home/pda/Make/front/client/features/auth/style.js">
        <metrics statements="12" coveredstatements="12" conditionals="0" coveredconditionals="0" methods="0" coveredmethods="0"/>
        <line num="15" count="46" type="stmt"/>
        <line num="28" count="46" type="stmt"/>
        <line num="32" count="46" type="stmt"/>
        <line num="40" count="46" type="stmt"/>
        <line num="49" count="46" type="stmt"/>
        <line num="54" count="46" type="stmt"/>
        <line num="58" count="46" type="stmt"/>
        <line num="63" count="46" type="stmt"/>
        <line num="67" count="46" type="stmt"/>
        <line num="73" count="46" type="stmt"/>
        <line num="80" count="46" type="stmt"/>
        <line num="95" count="46" type="stmt"/>
      </file>
    </package>
    <package name="client.features.auth.Header">
      <metrics statements="14" coveredstatements="10" conditionals="8" coveredconditionals="2" methods="4" coveredmethods="3"/>
      <file name="index.js" path="/home/pda/Make/front/client/features/auth/Header/index.js">
        <metrics statements="13" coveredstatements="9" conditionals="8" coveredconditionals="2" methods="4" coveredmethods="3"/>
        <line num="23" count="46" type="stmt"/>
        <line num="24" count="86" type="stmt"/>
        <line num="25" count="86" type="stmt"/>
        <line num="26" count="217" type="stmt"/>
        <line num="28" count="86" type="stmt"/>
        <line num="29" count="217" type="stmt"/>
        <line num="31" count="86" type="stmt"/>
        <line num="33" count="86" type="cond" truecount="1" falsecount="1"/>
        <line num="34" count="0" type="stmt"/>
        <line num="35" count="0" type="cond" truecount="0" falsecount="2"/>
        <line num="39" count="0" type="stmt"/>
        <line num="52" count="86" type="stmt"/>
        <line num="56" count="0" type="stmt"/>
      </file>
      <file name="style.js" path="/home/pda/Make/front/client/features/auth/Header/style.js">
        <metrics statements="1" coveredstatements="1" conditionals="0" coveredconditionals="0" methods="0" coveredmethods="0"/>
        <line num="8" count="46" type="stmt"/>
      </file>
    </package>
    <package name="client.features.auth.Login">
      <metrics statements="37" coveredstatements="2" conditionals="0" coveredconditionals="0" methods="13" coveredmethods="0"/>
      <file name="Form.js" path="/home/pda/Make/front/client/features/auth/Login/Form.js">
        <metrics statements="30" coveredstatements="1" conditionals="0" coveredconditionals="0" methods="10" coveredmethods="0"/>
        <line num="44" count="46" type="stmt"/>
        <line num="45" count="0" type="stmt"/>
        <line num="46" count="0" type="stmt"/>
        <line num="47" count="0" type="stmt"/>
        <line num="52" count="0" type="stmt"/>
        <line num="53" count="0" type="stmt"/>
        <line num="54" count="0" type="stmt"/>
        <line num="55" count="0" type="stmt"/>
        <line num="58" count="0" type="stmt"/>
        <line num="59" count="0" type="stmt"/>
        <line num="63" count="0" type="stmt"/>
        <line num="64" count="0" type="stmt"/>
        <line num="67" count="0" type="stmt"/>
        <line num="68" count="0" type="stmt"/>
        <line num="69" count="0" type="stmt"/>
        <line num="75" count="0" type="stmt"/>
        <line num="76" count="0" type="stmt"/>
        <line num="78" count="0" type="stmt"/>
        <line num="79" count="0" type="stmt"/>
        <line num="80" count="0" type="stmt"/>
        <line num="81" count="0" type="stmt"/>
        <line num="82" count="0" type="stmt"/>
        <line num="83" count="0" type="stmt"/>
        <line num="90" count="0" type="stmt"/>
        <line num="91" count="0" type="stmt"/>
        <line num="92" count="0" type="stmt"/>
        <line num="94" count="0" type="stmt"/>
        <line num="95" count="0" type="stmt"/>
        <line num="100" count="0" type="stmt"/>
        <line num="109" count="0" type="stmt"/>
      </file>
      <file name="index.js" path="/home/pda/Make/front/client/features/auth/Login/index.js">
        <metrics statements="7" coveredstatements="1" conditionals="0" coveredconditionals="0" methods="3" coveredmethods="0"/>
        <line num="27" count="46" type="stmt"/>
        <line num="28" count="0" type="stmt"/>
        <line num="30" count="0" type="stmt"/>
        <line num="31" count="0" type="stmt"/>
        <line num="34" count="0" type="stmt"/>
        <line num="35" count="0" type="stmt"/>
        <line num="38" count="0" type="stmt"/>
      </file>
    </package>
    <package name="client.features.auth.PasswordForgot">
      <metrics statements="24" coveredstatements="5" conditionals="2" coveredconditionals="0" methods="7" coveredmethods="0"/>
      <file name="Form.js" path="/home/pda/Make/front/client/features/auth/PasswordForgot/Form.js">
        <metrics statements="16" coveredstatements="1" conditionals="2" coveredconditionals="0" methods="5" coveredmethods="0"/>
        <line num="17" count="46" type="stmt"/>
        <line num="18" count="0" type="stmt"/>
        <line num="19" count="0" type="stmt"/>
        <line num="20" count="0" type="stmt"/>
        <line num="21" count="0" type="stmt"/>
        <line num="23" count="0" type="stmt"/>
        <line num="24" count="0" type="stmt"/>
        <line num="27" count="0" type="stmt"/>
        <line num="28" count="0" type="stmt"/>
        <line num="29" count="0" type="stmt"/>
        <line num="30" count="0" type="stmt"/>
        <line num="31" count="0" type="stmt"/>
        <line num="33" count="0" type="stmt"/>
        <line num="36" count="0" type="cond" truecount="0" falsecount="2"/>
        <line num="37" count="0" type="stmt"/>
        <line num="44" count="0" type="stmt"/>
      </file>
      <file name="index.js" path="/home/pda/Make/front/client/features/auth/PasswordForgot/index.js">
        <metrics statements="5" coveredstatements="1" conditionals="0" coveredconditionals="0" methods="2" coveredmethods="0"/>
        <line num="16" count="46" type="stmt"/>
        <line num="17" count="0" type="stmt"/>
        <line num="19" count="0" type="stmt"/>
        <line num="20" count="0" type="stmt"/>
        <line num="23" count="0" type="stmt"/>
      </file>
      <file name="style.js" path="/home/pda/Make/front/client/features/auth/PasswordForgot/style.js">
        <metrics statements="3" coveredstatements="3" conditionals="0" coveredconditionals="0" methods="0" coveredmethods="0"/>
        <line num="5" count="46" type="stmt"/>
        <line num="15" count="46" type="stmt"/>
        <line num="19" count="46" type="stmt"/>
      </file>
    </package>
    <package name="client.features.auth.PasswordRecovery">
      <metrics statements="2" coveredstatements="1" conditionals="0" coveredconditionals="0" methods="1" coveredmethods="0"/>
      <file name="Failure.js" path="/home/pda/Make/front/client/features/auth/PasswordRecovery/Failure.js">
        <metrics statements="2" coveredstatements="1" conditionals="0" coveredconditionals="0" methods="1" coveredmethods="0"/>
        <line num="5" count="46" type="stmt"/>
        <line num="6" count="0" type="stmt"/>
      </file>
    </package>
    <package name="client.features.auth.Register">
      <metrics statements="73" coveredstatements="3" conditionals="24" coveredconditionals="0" methods="23" coveredmethods="0"/>
      <file name="Form.js" path="/home/pda/Make/front/client/features/auth/Register/Form.js">
        <metrics statements="13" coveredstatements="1" conditionals="4" coveredconditionals="0" methods="3" coveredmethods="0"/>
        <line num="48" count="46" type="stmt"/>
        <line num="56" count="0" type="stmt"/>
        <line num="57" count="0" type="stmt"/>
        <line num="59" count="0" type="stmt"/>
        <line num="60" count="0" type="stmt"/>
        <line num="63" count="0" type="stmt"/>
        <line num="64" count="0" type="stmt"/>
        <line num="65" count="0" type="stmt"/>
        <line num="66" count="0" type="stmt"/>
        <line num="67" count="0" type="stmt"/>
        <line num="69" count="0" type="stmt"/>
        <line num="70" count="0" type="stmt"/>
        <line num="74" count="0" type="stmt"/>
      </file>
      <file name="LegalConsent.js" path="/home/pda/Make/front/client/features/auth/Register/LegalConsent.js">
        <metrics statements="12" coveredstatements="1" conditionals="6" coveredconditionals="0" methods="6" coveredmethods="0"/>
        <line num="29" count="46" type="stmt"/>
        <line num="35" count="0" type="stmt"/>
        <line num="36" count="0" type="stmt"/>
        <line num="37" count="0" type="cond" truecount="0" falsecount="2"/>
        <line num="39" count="0" type="stmt"/>
        <line num="40" count="0" type="cond" truecount="0" falsecount="2"/>
        <line num="41" count="0" type="stmt"/>
        <line num="45" count="0" type="stmt"/>
        <line num="68" count="0" type="stmt"/>
        <line num="70" count="0" type="stmt"/>
        <line num="82" count="0" type="stmt"/>
        <line num="84" count="0" type="stmt"/>
      </file>
      <file name="index.js" path="/home/pda/Make/front/client/features/auth/Register/index.js">
        <metrics statements="48" coveredstatements="1" conditionals="14" coveredconditionals="0" methods="14" coveredmethods="0"/>
        <line num="34" count="46" type="stmt"/>
        <line num="35" count="0" type="stmt"/>
        <line num="36" count="0" type="stmt"/>
        <line num="49" count="0" type="stmt"/>
        <line num="50" count="0" type="stmt"/>
        <line num="51" count="0" type="stmt"/>
        <line num="53" count="0" type="cond" truecount="0" falsecount="4"/>
        <line num="55" count="0" type="stmt"/>
        <line num="56" count="0" type="stmt"/>
        <line num="59" count="0" type="stmt"/>
        <line num="60" count="0" type="cond" truecount="0" falsecount="4"/>
        <line num="61" count="0" type="stmt"/>
        <line num="66" count="0" type="stmt"/>
        <line num="68" count="0" type="stmt"/>
        <line num="77" count="0" type="stmt"/>
        <line num="78" count="0" type="stmt"/>
        <line num="80" count="0" type="cond" truecount="0" falsecount="2"/>
        <line num="81" count="0" type="stmt"/>
        <line num="82" count="0" type="stmt"/>
        <line num="90" count="0" type="stmt"/>
        <line num="93" count="0" type="stmt"/>
        <line num="99" count="0" type="stmt"/>
        <line num="100" count="0" type="stmt"/>
        <line num="101" count="0" type="stmt"/>
        <line num="103" count="0" type="stmt"/>
        <line num="104" count="0" type="stmt"/>
        <line num="105" count="0" type="stmt"/>
        <line num="107" count="0" type="stmt"/>
        <line num="110" count="0" type="stmt"/>
        <line num="120" count="0" type="stmt"/>
        <line num="121" count="0" type="stmt"/>
        <line num="122" count="0" type="stmt"/>
        <line num="123" count="0" type="stmt"/>
        <line num="124" count="0" type="stmt"/>
        <line num="125" count="0" type="stmt"/>
        <line num="126" count="0" type="stmt"/>
        <line num="129" count="0" type="stmt"/>
        <line num="130" count="0" type="stmt"/>
        <line num="131" count="0" type="stmt"/>
        <line num="133" count="0" type="stmt"/>
        <line num="134" count="0" type="stmt"/>
        <line num="135" count="0" type="stmt"/>
        <line num="137" count="0" type="stmt"/>
        <line num="139" count="0" type="stmt"/>
        <line num="142" count="0" type="stmt"/>
        <line num="143" count="0" type="stmt"/>
        <line num="144" count="0" type="stmt"/>
        <line num="146" count="0" type="stmt"/>
      </file>
    </package>
    <package name="client.features.auth.Social">
      <metrics statements="56" coveredstatements="8" conditionals="17" coveredconditionals="0" methods="19" coveredmethods="0"/>
      <file name="FacebookAuthentication.js" path="/home/pda/Make/front/client/features/auth/Social/FacebookAuthentication.js">
        <metrics statements="29" coveredstatements="1" conditionals="15" coveredconditionals="0" methods="10" coveredmethods="0"/>
        <line num="32" count="46" type="stmt"/>
        <line num="33" count="0" type="stmt"/>
        <line num="34" count="0" type="stmt"/>
        <line num="36" count="0" type="stmt"/>
        <line num="37" count="0" type="stmt"/>
        <line num="38" count="0" type="stmt"/>
        <line num="39" count="0" type="cond" truecount="0" falsecount="4"/>
        <line num="40" count="0" type="stmt"/>
        <line num="46" count="0" type="stmt"/>
        <line num="48" count="0" type="cond" truecount="0" falsecount="2"/>
        <line num="49" count="0" type="stmt"/>
        <line num="53" count="0" type="stmt"/>
        <line num="59" count="0" type="stmt"/>
        <line num="62" count="0" type="stmt"/>
        <line num="63" count="0" type="stmt"/>
        <line num="64" count="0" type="stmt"/>
        <line num="67" count="0" type="stmt"/>
        <line num="68" count="0" type="stmt"/>
        <line num="70" count="0" type="stmt"/>
        <line num="72" count="0" type="stmt"/>
        <line num="77" count="0" type="stmt"/>
        <line num="89" count="0" type="stmt"/>
        <line num="93" count="0" type="cond" truecount="0" falsecount="3"/>
        <line num="94" count="0" type="cond" truecount="0" falsecount="4"/>
        <line num="95" count="0" type="stmt"/>
        <line num="99" count="0" type="cond" truecount="0" falsecount="2"/>
        <line num="100" count="0" type="stmt"/>
        <line num="109" count="0" type="stmt"/>
        <line num="117" count="0" type="stmt"/>
      </file>
      <file name="GoogleAuthentication.js" path="/home/pda/Make/front/client/features/auth/Social/GoogleAuthentication.js">
        <metrics statements="21" coveredstatements="1" conditionals="2" coveredconditionals="0" methods="9" coveredmethods="0"/>
        <line num="30" count="46" type="stmt"/>
        <line num="31" count="0" type="stmt"/>
        <line num="32" count="0" type="stmt"/>
        <line num="34" count="0" type="stmt"/>
        <line num="35" count="0" type="stmt"/>
        <line num="36" count="0" type="stmt"/>
        <line num="37" count="0" type="stmt"/>
        <line num="40" count="0" type="stmt"/>
        <line num="41" count="0" type="stmt"/>
        <line num="43" count="0" type="stmt"/>
        <line num="45" count="0" type="stmt"/>
        <line num="50" count="0" type="stmt"/>
        <line num="59" count="0" type="stmt"/>
        <line num="60" count="0" type="cond" truecount="0" falsecount="2"/>
        <line num="61" count="0" type="stmt"/>
        <line num="66" count="0" type="stmt"/>
        <line num="69" count="0" type="stmt"/>
        <line num="73" count="0" type="stmt"/>
        <line num="79" count="0" type="stmt"/>
        <line num="82" count="0" type="stmt"/>
        <line num="90" count="0" type="stmt"/>
      </file>
      <file name="style.js" path="/home/pda/Make/front/client/features/auth/Social/style.js">
        <metrics statements="6" coveredstatements="6" conditionals="0" coveredconditionals="0" methods="0" coveredmethods="0"/>
        <line num="8" count="46" type="stmt"/>
        <line num="14" count="46" type="stmt"/>
        <line num="27" count="46" type="stmt"/>
        <line num="35" count="46" type="stmt"/>
        <line num="40" count="46" type="stmt"/>
        <line num="44" count="46" type="stmt"/>
      </file>
    </package>
    <package name="client.features.consultation.Browse">
      <metrics statements="102" coveredstatements="68" conditionals="79" coveredconditionals="31" methods="13" coveredmethods="8"/>
      <file name="Item.js" path="/home/pda/Make/front/client/features/consultation/Browse/Item.js">
        <metrics statements="32" coveredstatements="21" conditionals="36" coveredconditionals="19" methods="3" coveredmethods="2"/>
        <line num="38" count="37" type="stmt"/>
        <line num="39" count="0" type="cond" truecount="0" falsecount="3"/>
        <line num="41" count="0" type="stmt"/>
        <line num="43" count="0" type="stmt"/>
        <line num="45" count="0" type="stmt"/>
        <line num="50" count="37" type="stmt"/>
        <line num="66" count="296" type="stmt"/>
        <line num="68" count="296" type="cond" truecount="1" falsecount="2"/>
        <line num="70" count="296" type="cond" truecount="1" falsecount="2"/>
        <line num="72" count="296" type="cond" truecount="1" falsecount="2"/>
        <line num="73" count="296" type="stmt"/>
        <line num="74" count="296" type="stmt"/>
        <line num="76" count="296" type="stmt"/>
        <line num="78" count="296" type="cond" truecount="1" falsecount="1"/>
        <line num="79" count="0" type="stmt"/>
        <line num="82" count="296" type="cond" truecount="1" falsecount="1"/>
        <line num="83" count="0" type="stmt"/>
        <line num="86" count="296" type="cond" truecount="3" falsecount="1"/>
        <line num="87" count="0" type="stmt"/>
        <line num="90" count="296" type="stmt"/>
        <line num="91" count="756" type="stmt"/>
        <line num="92" count="296" type="stmt"/>
        <line num="93" count="296" type="stmt"/>
        <line num="95" count="296" type="stmt"/>
        <line num="96" count="296" type="stmt"/>
        <line num="98" count="296" type="cond" truecount="1" falsecount="1"/>
        <line num="99" count="0" type="stmt"/>
        <line num="100" count="0" type="stmt"/>
        <line num="103" count="296" type="cond" truecount="2" falsecount="2"/>
        <line num="104" count="0" type="stmt"/>
        <line num="105" count="0" type="stmt"/>
        <line num="108" count="296" type="stmt"/>
      </file>
      <file name="Link.js" path="/home/pda/Make/front/client/features/consultation/Browse/Link.js">
        <metrics statements="18" coveredstatements="11" conditionals="22" coveredconditionals="4" methods="3" coveredmethods="2"/>
        <line num="26" count="37" type="stmt"/>
        <line num="27" count="756" type="stmt"/>
        <line num="28" count="296" type="stmt"/>
        <line num="29" count="296" type="stmt"/>
        <line num="31" count="296" type="stmt"/>
        <line num="32" count="296" type="cond" truecount="1" falsecount="1"/>
        <line num="34" count="296" type="cond" truecount="1" falsecount="2"/>
        <line num="36" count="296" type="cond" truecount="1" falsecount="2"/>
        <line num="38" count="296" type="stmt"/>
        <line num="39" count="0" type="cond" truecount="0" falsecount="2"/>
        <line num="40" count="0" type="stmt"/>
        <line num="42" count="0" type="stmt"/>
        <line num="44" count="0" type="stmt"/>
        <line num="47" count="296" type="cond" truecount="1" falsecount="1"/>
        <line num="48" count="296" type="stmt"/>
        <line num="60" count="0" type="cond" truecount="0" falsecount="4"/>
        <line num="61" count="0" type="stmt"/>
        <line num="81" count="0" type="stmt"/>
      </file>
      <file name="List.js" path="/home/pda/Make/front/client/features/consultation/Browse/List.js">
        <metrics statements="12" coveredstatements="9" conditionals="13" coveredconditionals="8" methods="2" coveredmethods="2"/>
        <line num="16" count="37" type="stmt"/>
        <line num="22" count="74" type="stmt"/>
        <line num="23" count="74" type="stmt"/>
        <line num="24" count="74" type="stmt"/>
        <line num="26" count="74" type="cond" truecount="1" falsecount="1"/>
        <line num="28" count="0" type="stmt"/>
        <line num="31" count="74" type="cond" truecount="3" falsecount="1"/>
        <line num="32" count="0" type="stmt"/>
        <line num="35" count="74" type="cond" truecount="1" falsecount="1"/>
        <line num="36" count="0" type="stmt"/>
        <line num="46" count="74" type="stmt"/>
        <line num="49" count="296" type="stmt"/>
      </file>
      <file name="RegistrationIncentive.js" path="/home/pda/Make/front/client/features/consultation/Browse/RegistrationIncentive.js">
        <metrics statements="15" coveredstatements="2" conditionals="8" coveredconditionals="0" methods="3" coveredmethods="0"/>
        <line num="20" count="37" type="stmt"/>
        <line num="24" count="0" type="stmt"/>
        <line num="26" count="0" type="cond" truecount="0" falsecount="4"/>
        <line num="27" count="0" type="stmt"/>
        <line num="30" count="0" type="cond" truecount="0" falsecount="2"/>
        <line num="31" count="0" type="stmt"/>
        <line num="34" count="0" type="cond" truecount="0" falsecount="2"/>
        <line num="35" count="0" type="stmt"/>
        <line num="38" count="0" type="stmt"/>
        <line num="41" count="37" type="stmt"/>
        <line num="45" count="0" type="stmt"/>
        <line num="47" count="0" type="stmt"/>
        <line num="48" count="0" type="stmt"/>
        <line num="49" count="0" type="stmt"/>
        <line num="52" count="0" type="stmt"/>
      </file>
      <file name="style.js" path="/home/pda/Make/front/client/features/consultation/Browse/style.js">
        <metrics statements="25" coveredstatements="25" conditionals="0" coveredconditionals="0" methods="2" coveredmethods="2"/>
        <line num="22" count="37" type="stmt"/>
        <line num="26" count="37" type="stmt"/>
        <line num="34" count="37" type="stmt"/>
        <line num="45" count="37" type="stmt"/>
        <line num="59" count="37" type="stmt"/>
        <line num="82" count="37" type="stmt"/>
        <line num="89" count="37" type="stmt"/>
        <line num="96" count="74" type="stmt"/>
        <line num="105" count="37" type="stmt"/>
        <line num="116" count="37" type="stmt"/>
        <line num="124" count="444" type="stmt"/>
        <line num="128" count="37" type="stmt"/>
        <line num="134" count="37" type="stmt"/>
        <line num="140" count="37" type="stmt"/>
        <line num="148" count="37" type="stmt"/>
        <line num="156" count="37" type="stmt"/>
        <line num="166" count="37" type="stmt"/>
        <line num="177" count="37" type="stmt"/>
        <line num="186" count="37" type="stmt"/>
        <line num="195" count="37" type="stmt"/>
        <line num="202" count="37" type="stmt"/>
        <line num="216" count="37" type="stmt"/>
        <line num="222" count="37" type="stmt"/>
        <line num="228" count="37" type="stmt"/>
        <line num="238" count="37" type="stmt"/>
      </file>
    </package>
    <package name="client.features.homepage.Featured">
      <metrics statements="2" coveredstatements="2" conditionals="0" coveredconditionals="0" methods="1" coveredmethods="1"/>
      <file name="index.js" path="/home/pda/Make/front/client/features/homepage/Featured/index.js">
        <metrics statements="2" coveredstatements="2" conditionals="0" coveredconditionals="0" methods="1" coveredmethods="1"/>
        <line num="22" count="37" type="stmt"/>
        <line num="23" count="74" type="stmt"/>
      </file>
    </package>
    <package name="client.features.homepage.Featured.Posts">
      <metrics statements="9" coveredstatements="6" conditionals="2" coveredconditionals="1" methods="4" coveredmethods="2"/>
      <file name="index.js" path="/home/pda/Make/front/client/features/homepage/Featured/Posts/index.js">
        <metrics statements="8" coveredstatements="5" conditionals="2" coveredconditionals="1" methods="4" coveredmethods="2"/>
        <line num="25" count="37" type="stmt"/>
        <line num="26" count="74" type="stmt"/>
        <line num="28" count="74" type="cond" truecount="1" falsecount="1"/>
        <line num="29" count="0" type="stmt"/>
        <line num="32" count="74" type="stmt"/>
        <line num="36" count="148" type="stmt"/>
        <line num="55" count="0" type="stmt"/>
        <line num="69" count="0" type="stmt"/>
      </file>
      <file name="style.js" path="/home/pda/Make/front/client/features/homepage/Featured/Posts/style.js">
        <metrics statements="1" coveredstatements="1" conditionals="0" coveredconditionals="0" methods="0" coveredmethods="0"/>
        <line num="4" count="37" type="stmt"/>
      </file>
    </package>
    <package name="client.features.homepage.Featured.Questions">
      <metrics statements="13" coveredstatements="13" conditionals="4" coveredconditionals="4" methods="5" coveredmethods="5"/>
      <file name="Link.js" path="/home/pda/Make/front/client/features/homepage/Featured/Questions/Link.js">
        <metrics statements="5" coveredstatements="5" conditionals="2" coveredconditionals="2" methods="2" coveredmethods="2"/>
        <line num="19" count="37" type="stmt"/>
        <line num="20" count="567" type="stmt"/>
        <line num="21" count="222" type="cond" truecount="2" falsecount="0"/>
        <line num="22" count="148" type="stmt"/>
        <line num="34" count="74" type="stmt"/>
      </file>
      <file name="index.js" path="/home/pda/Make/front/client/features/homepage/Featured/Questions/index.js">
        <metrics statements="5" coveredstatements="5" conditionals="2" coveredconditionals="2" methods="3" coveredmethods="3"/>
        <line num="13" count="37" type="stmt"/>
        <line num="14" count="74" type="stmt"/>
        <line num="15" count="222" type="cond" truecount="2" falsecount="0"/>
        <line num="17" count="74" type="stmt"/>
        <line num="21" count="222" type="stmt"/>
      </file>
      <file name="style.js" path="/home/pda/Make/front/client/features/homepage/Featured/Questions/style.js">
        <metrics statements="3" coveredstatements="3" conditionals="0" coveredconditionals="0" methods="0" coveredmethods="0"/>
        <line num="7" count="37" type="stmt"/>
        <line num="12" count="37" type="stmt"/>
        <line num="27" count="37" type="stmt"/>
      </file>
    </package>
    <package name="client.features.homepage.Hero">
      <metrics statements="41" coveredstatements="33" conditionals="18" coveredconditionals="12" methods="7" coveredmethods="5"/>
      <file name="Pictures.js" path="/home/pda/Make/front/client/features/homepage/Hero/Pictures.js">
        <metrics statements="20" coveredstatements="14" conditionals="10" coveredconditionals="5" methods="2" coveredmethods="2"/>
        <line num="8" count="37" type="stmt"/>
        <line num="9" count="86" type="stmt"/>
        <line num="10" count="217" type="stmt"/>
        <line num="12" count="86" type="stmt"/>
        <line num="13" count="86" type="stmt"/>
        <line num="14" count="86" type="stmt"/>
        <line num="16" count="86" type="stmt"/>
        <line num="17" count="86" type="stmt"/>
        <line num="19" count="86" type="cond" truecount="1" falsecount="1"/>
        <line num="20" count="0" type="stmt"/>
        <line num="21" count="0" type="stmt"/>
        <line num="24" count="86" type="stmt"/>
        <line num="25" count="86" type="stmt"/>
        <line num="27" count="86" type="cond" truecount="1" falsecount="1"/>
        <line num="28" count="0" type="stmt"/>
        <line num="29" count="0" type="stmt"/>
        <line num="32" count="86" type="cond" truecount="2" falsecount="2"/>
        <line num="33" count="0" type="stmt"/>
        <line num="34" count="0" type="stmt"/>
        <line num="37" count="86" type="stmt"/>
      </file>
      <file name="index.js" path="/home/pda/Make/front/client/features/homepage/Hero/index.js">
        <metrics statements="10" coveredstatements="8" conditionals="8" coveredconditionals="7" methods="5" coveredmethods="3"/>
        <line num="24" count="37" type="stmt"/>
        <line num="25" count="86" type="stmt"/>
        <line num="26" count="217" type="stmt"/>
        <line num="28" count="217" type="stmt"/>
        <line num="29" count="86" type="stmt"/>
        <line num="30" count="86" type="stmt"/>
        <line num="31" count="86" type="stmt"/>
        <line num="33" count="86" type="stmt"/>
        <line num="49" count="0" type="stmt"/>
        <line num="60" count="0" type="stmt"/>
      </file>
      <file name="style.js" path="/home/pda/Make/front/client/features/homepage/Hero/style.js">
        <metrics statements="11" coveredstatements="11" conditionals="0" coveredconditionals="0" methods="0" coveredmethods="0"/>
        <line num="21" count="37" type="stmt"/>
        <line num="25" count="37" type="stmt"/>
        <line num="39" count="37" type="stmt"/>
        <line num="46" count="37" type="stmt"/>
        <line num="52" count="37" type="stmt"/>
        <line num="66" count="37" type="stmt"/>
        <line num="78" count="37" type="stmt"/>
        <line num="91" count="37" type="stmt"/>
        <line num="104" count="37" type="stmt"/>
        <line num="108" count="37" type="stmt"/>
        <line num="112" count="37" type="stmt"/>
      </file>
    </package>
    <package name="client.features.homepage.Highlights">
[...]
        <metrics statements="14" coveredstatements="6" conditionals="3" coveredconditionals="1" methods="4" coveredmethods="4"/>
        <line num="15" count="46" type="stmt"/>
        <line num="16" count="37" type="stmt"/>
        <line num="20" count="46" type="stmt"/>
        <line num="21" count="94" type="stmt"/>
        <line num="23" count="94" type="cond" truecount="1" falsecount="2"/>
        <line num="25" count="0" type="stmt"/>
        <line num="30" count="0" type="stmt"/>
        <line num="31" count="0" type="stmt"/>
        <line num="32" count="0" type="stmt"/>
        <line num="36" count="0" type="stmt"/>
        <line num="40" count="0" type="stmt"/>
        <line num="41" count="0" type="stmt"/>
        <line num="42" count="0" type="stmt"/>
        <line num="46" count="94" type="stmt"/>
      </file>
    </package>
    <package name="shared.store.reducers">
      <metrics statements="1" coveredstatements="1" conditionals="0" coveredconditionals="0" methods="0" coveredmethods="0"/>
      <file name="index.js" path="/home/pda/Make/front/shared/store/reducers/index.js">
        <metrics statements="1" coveredstatements="1" conditionals="0" coveredconditionals="0" methods="0" coveredmethods="0"/>
        <line num="19" count="46" type="stmt"/>
      </file>
    </package>
    <package name="shared.store.reducers.appConfig">
      <metrics statements="6" coveredstatements="3" conditionals="6" coveredconditionals="3" methods="1" coveredmethods="1"/>
      <file name="index.js" path="/home/pda/Make/front/shared/store/reducers/appConfig/index.js">
        <metrics statements="6" coveredstatements="3" conditionals="6" coveredconditionals="3" methods="1" coveredmethods="1"/>
        <line num="18" count="223" type="cond" truecount="2" falsecount="3"/>
        <line num="20" count="0" type="stmt"/>
        <line num="29" count="45" type="stmt"/>
        <line num="39" count="0" type="stmt"/>
        <line num="44" count="0" type="stmt"/>
        <line num="49" count="178" type="stmt"/>
      </file>
    </package>
    <package name="shared.store.reducers.currentQuestion">
      <metrics statements="8" coveredstatements="6" conditionals="4" coveredconditionals="2" methods="3" coveredmethods="1"/>
      <file name="actions.js" path="/home/pda/Make/front/shared/store/reducers/currentQuestion/actions.js">
        <metrics statements="4" coveredstatements="4" conditionals="0" coveredconditionals="0" methods="2" coveredmethods="0"/>
        <line num="2" count="46" type="stmt"/>
        <line num="3" count="46" type="stmt"/>
        <line num="5" count="46" type="stmt"/>
        <line num="10" count="46" type="stmt"/>
      </file>
      <file name="index.js" path="/home/pda/Make/front/shared/store/reducers/currentQuestion/index.js">
        <metrics statements="4" coveredstatements="2" conditionals="4" coveredconditionals="2" methods="1" coveredmethods="1"/>
        <line num="9" count="223" type="cond" truecount="1" falsecount="2"/>
        <line num="11" count="0" type="stmt"/>
        <line num="13" count="0" type="stmt"/>
        <line num="15" count="223" type="stmt"/>
      </file>
    </package>
    <package name="shared.store.reducers.customData">
      <metrics statements="10" coveredstatements="4" conditionals="4" coveredconditionals="2" methods="3" coveredmethods="1"/>
      <file name="index.js" path="/home/pda/Make/front/shared/store/reducers/customData/index.js">
        <metrics statements="10" coveredstatements="4" conditionals="4" coveredconditionals="2" methods="3" coveredmethods="1"/>
        <line num="5" count="46" type="stmt"/>
        <line num="9" count="0" type="stmt"/>
        <line num="14" count="46" type="stmt"/>
        <line num="18" count="0" type="stmt"/>
        <line num="19" count="0" type="stmt"/>
        <line num="20" count="0" type="stmt"/>
        <line num="24" count="223" type="cond" truecount="1" falsecount="2"/>
        <line num="26" count="0" type="stmt"/>
        <line num="32" count="0" type="stmt"/>
        <line num="35" count="223" type="stmt"/>
      </file>
    </package>
    <package name="shared.store.reducers.modal">
      <metrics statements="16" coveredstatements="4" conditionals="16" coveredconditionals="4" methods="1" coveredmethods="1"/>
      <file name="index.js" path="/home/pda/Make/front/shared/store/reducers/modal/index.js">
        <metrics statements="16" coveredstatements="4" conditionals="16" coveredconditionals="4" methods="1" coveredmethods="1"/>
        <line num="30" count="223" type="cond" truecount="3" falsecount="12"/>
        <line num="32" count="0" type="stmt"/>
        <line num="37" count="0" type="stmt"/>
        <line num="42" count="0" type="stmt"/>
        <line num="48" count="0" type="stmt"/>
        <line num="54" count="0" type="stmt"/>
        <line num="60" count="0" type="stmt"/>
        <line num="66" count="4" type="stmt"/>
        <line num="73" count="0" type="stmt"/>
        <line num="79" count="4" type="stmt"/>
        <line num="85" count="0" type="stmt"/>
        <line num="91" count="0" type="stmt"/>
        <line num="97" count="0" type="stmt"/>
        <line num="109" count="0" type="stmt"/>
        <line num="122" count="0" type="stmt"/>
        <line num="129" count="215" type="stmt"/>
      </file>
    </package>
    <package name="shared.store.reducers.notifications">
      <metrics statements="8" coveredstatements="3" conditionals="17" coveredconditionals="2" methods="1" coveredmethods="1"/>
      <file name="index.js" path="/home/pda/Make/front/shared/store/reducers/notifications/index.js">
        <metrics statements="8" coveredstatements="3" conditionals="17" coveredconditionals="2" methods="1" coveredmethods="1"/>
        <line num="23" count="46" type="stmt"/>
        <line num="33" count="223" type="cond" truecount="1" falsecount="5"/>
        <line num="35" count="0" type="stmt"/>
        <line num="40" count="0" type="stmt"/>
        <line num="45" count="0" type="stmt"/>
        <line num="59" count="0" type="stmt"/>
        <line num="64" count="0" type="stmt"/>
        <line num="77" count="223" type="stmt"/>
      </file>
    </package>
    <package name="shared.store.reducers.panel">
      <metrics statements="14" coveredstatements="10" conditionals="6" coveredconditionals="2" methods="5" coveredmethods="1"/>
      <file name="actions.js" path="/home/pda/Make/front/shared/store/reducers/panel/actions.js">
        <metrics statements="8" coveredstatements="8" conditionals="0" coveredconditionals="0" methods="4" coveredmethods="0"/>
        <line num="2" count="46" type="stmt"/>
        <line num="3" count="46" type="stmt"/>
        <line num="4" count="46" type="stmt"/>
        <line num="5" count="46" type="stmt"/>
        <line num="7" count="46" type="stmt"/>
        <line num="11" count="46" type="stmt"/>
        <line num="15" count="46" type="stmt"/>
        <line num="20" count="46" type="stmt"/>
      </file>
      <file name="index.js" path="/home/pda/Make/front/shared/store/reducers/panel/index.js">
        <metrics statements="6" coveredstatements="2" conditionals="6" coveredconditionals="2" methods="1" coveredmethods="1"/>
        <line num="12" count="223" type="cond" truecount="1" falsecount="4"/>
        <line num="14" count="0" type="stmt"/>
        <line num="19" count="0" type="stmt"/>
        <line num="24" count="0" type="stmt"/>
        <line num="30" count="0" type="stmt"/>
        <line num="35" count="223" type="stmt"/>
      </file>
    </package>
    <package name="shared.store.reducers.partners">
      <metrics statements="21" coveredstatements="8" conditionals="12" coveredconditionals="2" methods="7" coveredmethods="1"/>
      <file name="actions.js" path="/home/pda/Make/front/shared/store/reducers/partners/actions.js">
        <metrics statements="17" coveredstatements="6" conditionals="8" coveredconditionals="0" methods="6" coveredmethods="0"/>
        <line num="8" count="46" type="stmt"/>
        <line num="10" count="46" type="stmt"/>
        <line num="12" count="46" type="stmt"/>
        <line num="16" count="46" type="stmt"/>
        <line num="22" count="46" type="stmt"/>
        <line num="30" count="0" type="stmt"/>
        <line num="31" count="0" type="stmt"/>
        <line num="32" count="0" type="stmt"/>
        <line num="39" count="0" type="cond" truecount="0" falsecount="2"/>
        <line num="40" count="0" type="stmt"/>
        <line num="45" count="46" type="stmt"/>
        <line num="53" count="0" type="stmt"/>
        <line num="54" count="0" type="stmt"/>
        <line num="55" count="0" type="stmt"/>
        <line num="56" count="0" type="stmt"/>
        <line num="63" count="0" type="cond" truecount="0" falsecount="2"/>
        <line num="64" count="0" type="stmt"/>
      </file>
      <file name="index.js" path="/home/pda/Make/front/shared/store/reducers/partners/index.js">
        <metrics statements="4" coveredstatements="2" conditionals="4" coveredconditionals="2" methods="1" coveredmethods="1"/>
        <line num="11" count="223" type="cond" truecount="1" falsecount="2"/>
        <line num="13" count="0" type="stmt"/>
        <line num="19" count="0" type="stmt"/>
        <line num="31" count="223" type="stmt"/>
      </file>
    </package>
    <package name="shared.store.reducers.proposal">
      <metrics statements="4" coveredstatements="2" conditionals="4" coveredconditionals="2" methods="1" coveredmethods="1"/>
      <file name="index.js" path="/home/pda/Make/front/shared/store/reducers/proposal/index.js">
        <metrics statements="4" coveredstatements="2" conditionals="4" coveredconditionals="2" methods="1" coveredmethods="1"/>
        <line num="12" count="223" type="cond" truecount="1" falsecount="2"/>
        <line num="14" count="0" type="stmt"/>
        <line num="19" count="0" type="stmt"/>
        <line num="24" count="223" type="stmt"/>
      </file>
    </package>
    <package name="shared.store.reducers.questions">
      <metrics statements="18" coveredstatements="9" conditionals="10" coveredconditionals="2" methods="6" coveredmethods="1"/>
      <file name="actions.js" path="/home/pda/Make/front/shared/store/reducers/questions/actions.js">
        <metrics statements="13" coveredstatements="7" conditionals="5" coveredconditionals="0" methods="5" coveredmethods="0"/>
        <line num="7" count="46" type="stmt"/>
        <line num="8" count="46" type="stmt"/>
        <line num="9" count="46" type="stmt"/>
        <line num="11" count="46" type="stmt"/>
        <line num="16" count="46" type="stmt"/>
        <line num="19" count="0" type="stmt"/>
        <line num="24" count="46" type="stmt"/>
        <line num="27" count="0" type="stmt"/>
        <line num="33" count="46" type="stmt"/>
        <line num="40" count="0" type="stmt"/>
        <line num="41" count="0" type="stmt"/>
        <line num="48" count="0" type="cond" truecount="0" falsecount="2"/>
        <line num="49" count="0" type="stmt"/>
      </file>
      <file name="index.js" path="/home/pda/Make/front/shared/store/reducers/questions/index.js">
        <metrics statements="5" coveredstatements="2" conditionals="5" coveredconditionals="2" methods="1" coveredmethods="1"/>
        <line num="15" count="223" type="cond" truecount="1" falsecount="3"/>
        <line num="17" count="0" type="stmt"/>
        <line num="25" count="0" type="stmt"/>
        <line num="33" count="0" type="stmt"/>
        <line num="41" count="223" type="stmt"/>
      </file>
    </package>
    <package name="shared.store.reducers.sequence">
      <metrics statements="21" coveredstatements="2" conditionals="19" coveredconditionals="2" methods="2" coveredmethods="1"/>
      <file name="index.js" path="/home/pda/Make/front/shared/store/reducers/sequence/index.js">
        <metrics statements="21" coveredstatements="2" conditionals="19" coveredconditionals="2" methods="2" coveredmethods="1"/>
        <line num="23" count="223" type="cond" truecount="1" falsecount="11"/>
        <line num="25" count="0" type="stmt"/>
        <line num="26" count="0" type="stmt"/>
        <line num="30" count="0" type="stmt"/>
        <line num="36" count="0" type="stmt"/>
        <line num="41" count="0" type="stmt"/>
        <line num="49" count="0" type="stmt"/>
        <line num="55" count="0" type="cond" truecount="0" falsecount="2"/>
        <line num="56" count="0" type="stmt"/>
        <line num="58" count="0" type="stmt"/>
        <line num="67" count="0" type="cond" truecount="0" falsecount="2"/>
        <line num="68" count="0" type="stmt"/>
        <line num="70" count="0" type="stmt"/>
        <line num="72" count="0" type="stmt"/>
        <line num="74" count="0" type="stmt"/>
        <line num="83" count="0" type="stmt"/>
        <line num="88" count="0" type="stmt"/>
        <line num="93" count="0" type="stmt"/>
        <line num="98" count="0" type="stmt"/>
        <line num="107" count="0" type="stmt"/>
        <line num="118" count="223" type="stmt"/>
      </file>
    </package>
    <package name="shared.store.reducers.session">
      <metrics statements="3" coveredstatements="2" conditionals="3" coveredconditionals="2" methods="1" coveredmethods="1"/>
      <file name="index.js" path="/home/pda/Make/front/shared/store/reducers/session/index.js">
        <metrics statements="3" coveredstatements="2" conditionals="3" coveredconditionals="2" methods="1" coveredmethods="1"/>
        <line num="11" count="223" type="cond" truecount="1" falsecount="1"/>
        <line num="13" count="0" type="stmt"/>
        <line num="18" count="223" type="stmt"/>
      </file>
    </package>
    <package name="shared.store.reducers.user">
      <metrics statements="1" coveredstatements="1" conditionals="0" coveredconditionals="0" methods="0" coveredmethods="0"/>
      <file name="index.js" path="/home/pda/Make/front/shared/store/reducers/user/index.js">
        <metrics statements="1" coveredstatements="1" conditionals="0" coveredconditionals="0" methods="0" coveredmethods="0"/>
        <line num="8" count="46" type="stmt"/>
      </file>
    </package>
    <package name="shared.store.reducers.user.authentication">
      <metrics statements="10" coveredstatements="2" conditionals="10" coveredconditionals="2" methods="1" coveredmethods="1"/>
      <file name="index.js" path="/home/pda/Make/front/shared/store/reducers/user/authentication/index.js">
        <metrics statements="10" coveredstatements="2" conditionals="10" coveredconditionals="2" methods="1" coveredmethods="1"/>
        <line num="10" count="315" type="cond" truecount="1" falsecount="8"/>
        <line num="12" count="0" type="stmt"/>
        <line num="17" count="0" type="stmt"/>
        <line num="24" count="0" type="stmt"/>
        <line num="29" count="0" type="stmt"/>
        <line num="36" count="0" type="stmt"/>
        <line num="41" count="0" type="stmt"/>
        <line num="48" count="0" type="stmt"/>
        <line num="53" count="0" type="stmt"/>
        <line num="61" count="315" type="stmt"/>
      </file>
    </package>
    <package name="shared.store.reducers.user.cookiesPreferences">
      <metrics statements="5" coveredstatements="3" conditionals="5" coveredconditionals="3" methods="1" coveredmethods="1"/>
      <file name="index.js" path="/home/pda/Make/front/shared/store/reducers/user/cookiesPreferences/index.js">
        <metrics statements="5" coveredstatements="3" conditionals="5" coveredconditionals="3" methods="1" coveredmethods="1"/>
        <line num="14" count="315" type="cond" truecount="2" falsecount="2"/>
        <line num="16" count="37" type="stmt"/>
        <line num="21" count="0" type="stmt"/>
        <line num="30" count="0" type="stmt"/>
        <line num="40" count="278" type="stmt"/>
      </file>
    </package>
    <package name="shared.store.reducers.user.passwordRecovery">
      <metrics statements="5" coveredstatements="2" conditionals="5" coveredconditionals="2" methods="1" coveredmethods="1"/>
      <file name="index.js" path="/home/pda/Make/front/shared/store/reducers/user/passwordRecovery/index.js">
        <metrics statements="5" coveredstatements="2" conditionals="5" coveredconditionals="2" methods="1" coveredmethods="1"/>
        <line num="10" count="315" type="cond" truecount="1" falsecount="3"/>
        <line num="12" count="0" type="stmt"/>
        <line num="21" count="0" type="stmt"/>
        <line num="28" count="0" type="stmt"/>
        <line num="34" count="315" type="stmt"/>
      </file>
    </package>
    <package name="shared.store.reducers.views">
      <metrics statements="6" coveredstatements="6" conditionals="3" coveredconditionals="3" methods="2" coveredmethods="2"/>
      <file name="actions.js" path="/home/pda/Make/front/shared/store/reducers/views/actions.js">
        <metrics statements="3" coveredstatements="3" conditionals="0" coveredconditionals="0" methods="1" coveredmethods="1"/>
        <line num="4" count="46" type="stmt"/>
        <line num="5" count="46" type="stmt"/>
        <line num="7" count="46" type="stmt"/>
      </file>
      <file name="index.js" path="/home/pda/Make/front/shared/store/reducers/views/index.js">
        <metrics statements="3" coveredstatements="3" conditionals="3" coveredconditionals="3" methods="1" coveredmethods="1"/>
        <line num="7" count="223" type="cond" truecount="2" falsecount="0"/>
        <line num="9" count="4" type="stmt"/>
        <line num="17" count="219" type="stmt"/>
      </file>
    </package>
    <package name="shared.store.selectors">
      <metrics statements="23" coveredstatements="9" conditionals="14" coveredconditionals="0" methods="8" coveredmethods="1"/>
      <file name="questions.selector.js" path="/home/pda/Make/front/shared/store/selectors/questions.selector.js">
        <metrics statements="18" coveredstatements="5" conditionals="14" coveredconditionals="0" methods="5" coveredmethods="0"/>
        <line num="8" count="46" type="stmt"/>
        <line num="9" count="0" type="cond" truecount="0" falsecount="2"/>
        <line num="10" count="0" type="stmt"/>
        <line num="13" count="0" type="stmt"/>
        <line num="20" count="46" type="stmt"/>
        <line num="21" count="0" type="stmt"/>
        <line num="23" count="0" type="cond" truecount="0" falsecount="2"/>
        <line num="30" count="46" type="stmt"/>
        <line num="31" count="0" type="stmt"/>
        <line num="32" count="0" type="stmt"/>
        <line num="38" count="46" type="stmt"/>
        <line num="39" count="0" type="cond" truecount="0" falsecount="2"/>
        <line num="40" count="0" type="stmt"/>
        <line num="42" count="0" type="cond" truecount="0" falsecount="3"/>
        <line num="49" count="46" type="stmt"/>
        <line num="53" count="0" type="cond" truecount="0" falsecount="2"/>
        <line num="54" count="0" type="stmt"/>
        <line num="56" count="0" type="stmt"/>
      </file>
      <file name="user.selector.js" path="/home/pda/Make/front/shared/store/selectors/user.selector.js">
        <metrics statements="5" coveredstatements="4" conditionals="0" coveredconditionals="0" methods="3" coveredmethods="1"/>
        <line num="6" count="46" type="stmt"/>
        <line num="7" count="217" type="stmt"/>
        <line num="13" count="46" type="stmt"/>
        <line num="19" count="46" type="stmt"/>
        <line num="20" count="0" type="stmt"/>
      </file>
    </package>
    <package name="shared.types">
      <metrics statements="2" coveredstatements="2" conditionals="0" coveredconditionals="0" methods="0" coveredmethods="0"/>
      <file name="image.js" path="/home/pda/Make/front/shared/types/image.js">
        <metrics statements="2" coveredstatements="2" conditionals="0" coveredconditionals="0" methods="0" coveredmethods="0"/>
        <line num="3" count="46" type="stmt"/>
        <line num="4" count="46" type="stmt"/>
      </file>
    </package>
  </project>
</coverage>
