{"total": {"lines":{"total":4099,"covered":2323,"skipped":0,"pct":56.67},"statements":{"total":4311,"covered":2407,"skipped":0,"pct":55.83},"functions":{"total":1155,"covered":361,"skipped":0,"pct":31.26},"branches":{"total":1613,"covered":532,"skipped":0,"pct":32.98}}
,"/home/pda/Make/front/client/index.js": {"lines":{"total":56,"covered":46,"skipped":0,"pct":82.14},"functions":{"total":6,"covered":5,"skipped":0,"pct":83.33},"statements":{"total":56,"covered":46,"skipped":0,"pct":82.14},"branches":{"total":28,"covered":12,"skipped":0,"pct":42.86}}
,"/home/pda/Make/front/client/app/Routes.js": {"lines":{"total":47,"covered":38,"skipped":0,"pct":80.85},"functions":{"total":30,"covered":3,"skipped":0,"pct":10},"statements":{"total":66,"covered":39,"skipped":0,"pct":59.09},"branches":{"total":4,"covered":2,"skipped":0,"pct":50}}
,"/home/pda/Make/front/client/app/index.js": {"lines":{"total":14,"covered":14,"skipped":0,"pct":100},"functions":{"total":7,"covered":7,"skipped":0,"pct":100},"statements":{"total":16,"covered":16,"skipped":0,"pct":100},"branches":{"total":6,"covered":5,"skipped":0,"pct":83.33}}
,"/home/pda/Make/front/client/app/CanonicalUrl/index.js": {"lines":{"total":10,"covered":7,"skipped":0,"pct":70},"functions":{"total":1,"covered":1,"skipped":0,"pct":100},"statements":{"total":10,"covered":7,"skipped":0,"pct":70},"branches":{"total":2,"covered":1,"skipped":0,"pct":50}}
,"/home/pda/Make/front/client/app/CookieModal/CookieSwitch.js": {"lines":{"total":9,"covered":1,"skipped":0,"pct":11.11},"functions":{"total":4,"covered":0,"skipped":0,"pct":0},"statements":{"total":9,"covered":1,"skipped":0,"pct":11.11},"branches":{"total":2,"covered":0,"skipped":0,"pct":0}}
,"/home/pda/Make/front/client/app/CookieModal/FirstStep.js": {"lines":{"total":4,"covered":1,"skipped":0,"pct":25},"functions":{"total":2,"covered":0,"skipped":0,"pct":0},"statements":{"total":4,"covered":1,"skipped":0,"pct":25},"branches":{"total":0,"covered":0,"skipped":0,"pct":100}}
,"/home/pda/Make/front/client/app/CookieModal/SecondStep.js": {"lines":{"total":7,"covered":1,"skipped":0,"pct":14.29},"functions":{"total":3,"covered":0,"skipped":0,"pct":0},"statements":{"total":7,"covered":1,"skipped":0,"pct":14.29},"branches":{"total":0,"covered":0,"skipped":0,"pct":100}}
,"/home/pda/Make/front/client/app/CookieModal/index.js": {"lines":{"total":42,"covered":22,"skipped":0,"pct":52.38},"functions":{"total":10,"covered":5,"skipped":0,"pct":50},"statements":{"total":42,"covered":22,"skipped":0,"pct":52.38},"branches":{"total":8,"covered":2,"skipped":0,"pct":25}}
,"/home/pda/Make/front/client/app/CookieModal/style.js": {"lines":{"total":20,"covered":20,"skipped":0,"pct":100},"functions":{"total":0,"covered":0,"skipped":0,"pct":100},"statements":{"total":20,"covered":20,"skipped":0,"pct":100},"branches":{"total":0,"covered":0,"skipped":0,"pct":100}}
,"/home/pda/Make/front/client/app/CountryListener/index.js": {"lines":{"total":11,"covered":11,"skipped":0,"pct":100},"functions":{"total":2,"covered":2,"skipped":0,"pct":100},"statements":{"total":11,"covered":11,"skipped":0,"pct":100},"branches":{"total":6,"covered":4,"skipped":0,"pct":66.67}}
,"/home/pda/Make/front/client/app/Error/index.js": {"lines":{"total":20,"covered":10,"skipped":0,"pct":50},"functions":{"total":5,"covered":3,"skipped":0,"pct":60},"statements":{"total":20,"covered":10,"skipped":0,"pct":50},"branches":{"total":10,"covered":1,"skipped":0,"pct":10}}
,"/home/pda/Make/front/client/app/Expiration/Secure/index.js": {"lines":{"total":23,"covered":16,"skipped":0,"pct":69.57},"functions":{"total":5,"covered":2,"skipped":0,"pct":40},"statements":{"total":24,"covered":16,"skipped":0,"pct":66.67},"branches":{"total":6,"covered":2,"skipped":0,"pct":33.33}}
,"/home/pda/Make/front/client/app/Expiration/Session/index.js": {"lines":{"total":43,"covered":33,"skipped":0,"pct":76.74},"functions":{"total":13,"covered":9,"skipped":0,"pct":69.23},"statements":{"total":45,"covered":34,"skipped":0,"pct":75.56},"branches":{"total":20,"covered":8,"skipped":0,"pct":40}}
,"/home/pda/Make/front/client/app/Expiration/Session/Modal/index.js": {"lines":{"total":13,"covered":9,"skipped":0,"pct":69.23},"functions":{"total":4,"covered":3,"skipped":0,"pct":75},"statements":{"total":13,"covered":9,"skipped":0,"pct":69.23},"branches":{"total":2,"covered":1,"skipped":0,"pct":50}}
,"/home/pda/Make/front/client/app/Expiration/Session/Modal/style.js": {"lines":{"total":4,"covered":4,"skipped":0,"pct":100},"functions":{"total":0,"covered":0,"skipped":0,"pct":100},"statements":{"total":4,"covered":4,"skipped":0,"pct":100},"branches":{"total":0,"covered":0,"skipped":0,"pct":100}}
,"/home/pda/Make/front/client/app/Footer/CommonLinks.js": {"lines":{"total":4,"covered":4,"skipped":0,"pct":100},"functions":{"total":2,"covered":2,"skipped":0,"pct":100},"statements":{"total":4,"covered":4,"skipped":0,"pct":100},"branches":{"total":0,"covered":0,"skipped":0,"pct":100}}
,"/home/pda/Make/front/client/app/Footer/ExternalLink.js": {"lines":{"total":2,"covered":2,"skipped":0,"pct":100},"functions":{"total":1,"covered":1,"skipped":0,"pct":100},"statements":{"total":2,"covered":2,"skipped":0,"pct":100},"branches":{"total":0,"covered":0,"skipped":0,"pct":100}}
,"/home/pda/Make/front/client/app/Footer/index.js": {"lines":{"total":6,"covered":5,"skipped":0,"pct":83.33},"functions":{"total":2,"covered":2,"skipped":0,"pct":100},"statements":{"total":7,"covered":6,"skipped":0,"pct":85.71},"branches":{"total":3,"covered":2,"skipped":0,"pct":66.67}}
,"/home/pda/Make/front/client/app/Footer/style.js": {"lines":{"total":12,"covered":12,"skipped":0,"pct":100},"functions":{"total":0,"covered":0,"skipped":0,"pct":100},"statements":{"total":12,"covered":12,"skipped":0,"pct":100},"branches":{"total":0,"covered":0,"skipped":0,"pct":100}}
,"/home/pda/Make/front/client/app/Footer/localized/DE.js": {"lines":{"total":8,"covered":1,"skipped":0,"pct":12.5},"functions":{"total":3,"covered":0,"skipped":0,"pct":0},"statements":{"total":8,"covered":1,"skipped":0,"pct":12.5},"branches":{"total":4,"covered":0,"skipped":0,"pct":0}}
,"/home/pda/Make/front/client/app/Footer/localized/FR.js": {"lines":{"total":10,"covered":9,"skipped":0,"pct":90},"functions":{"total":4,"covered":3,"skipped":0,"pct":75},"statements":{"total":10,"covered":9,"skipped":0,"pct":90},"branches":{"total":6,"covered":3,"skipped":0,"pct":50}}
,"/home/pda/Make/front/client/app/Footer/localized/INT.js": {"lines":{"total":8,"covered":7,"skipped":0,"pct":87.5},"functions":{"total":3,"covered":2,"skipped":0,"pct":66.67},"statements":{"total":8,"covered":7,"skipped":0,"pct":87.5},"branches":{"total":4,"covered":2,"skipped":0,"pct":50}}
,"/home/pda/Make/front/client/app/Header/index.js": {"lines":{"total":5,"covered":5,"skipped":0,"pct":100},"functions":{"total":3,"covered":2,"skipped":0,"pct":66.67},"statements":{"total":5,"covered":5,"skipped":0,"pct":100},"branches":{"total":13,"covered":8,"skipped":0,"pct":61.54}}
,"/home/pda/Make/front/client/app/Header/style.js": {"lines":{"total":7,"covered":7,"skipped":0,"pct":100},"functions":{"total":0,"covered":0,"skipped":0,"pct":100},"statements":{"total":7,"covered":7,"skipped":0,"pct":100},"branches":{"total":0,"covered":0,"skipped":0,"pct":100}}
,"/home/pda/Make/front/client/app/Hreflang/index.js": {"lines":{"total":12,"covered":11,"skipped":0,"pct":91.67},"functions":{"total":5,"covered":5,"skipped":0,"pct":100},"statements":{"total":13,"covered":12,"skipped":0,"pct":92.31},"branches":{"total":4,"covered":2,"skipped":0,"pct":50}}
,"/home/pda/Make/front/client/app/LanguageListener/index.js": {"lines":{"total":8,"covered":7,"skipped":0,"pct":87.5},"functions":{"total":2,"covered":2,"skipped":0,"pct":100},"statements":{"total":8,"covered":7,"skipped":0,"pct":87.5},"branches":{"total":2,"covered":1,"skipped":0,"pct":50}}
,"/home/pda/Make/front/client/app/MetaTags/index.js": {"lines":{"total":4,"covered":4,"skipped":0,"pct":100},"functions":{"total":1,"covered":1,"skipped":0,"pct":100},"statements":{"total":4,"covered":4,"skipped":0,"pct":100},"branches":{"total":18,"covered":18,"skipped":0,"pct":100}}
,"/home/pda/Make/front/client/app/Modal/index.js": {"lines":{"total":12,"covered":10,"skipped":0,"pct":83.33},"functions":{"total":3,"covered":2,"skipped":0,"pct":66.67},"statements":{"total":12,"covered":10,"skipped":0,"pct":83.33},"branches":{"total":2,"covered":2,"skipped":0,"pct":100}}
,"/home/pda/Make/front/client/app/Notifications/Banner/AccountActivationFailure.js": {"lines":{"total":2,"covered":1,"skipped":0,"pct":50},"functions":{"total":1,"covered":0,"skipped":0,"pct":0},"statements":{"total":2,"covered":1,"skipped":0,"pct":50},"branches":{"total":0,"covered":0,"skipped":0,"pct":100}}
,"/home/pda/Make/front/client/app/Notifications/Banner/AccountActivationSuccess.js": {"lines":{"total":2,"covered":1,"skipped":0,"pct":50},"functions":{"total":1,"covered":0,"skipped":0,"pct":0},"statements":{"total":2,"covered":1,"skipped":0,"pct":50},"branches":{"total":0,"covered":0,"skipped":0,"pct":100}}
,"/home/pda/Make/front/client/app/Notifications/Banner/AccountDeletionSuccess.js": {"lines":{"total":2,"covered":1,"skipped":0,"pct":50},"functions":{"total":1,"covered":0,"skipped":0,"pct":0},"statements":{"total":2,"covered":1,"skipped":0,"pct":50},"branches":{"total":0,"covered":0,"skipped":0,"pct":100}}
,"/home/pda/Make/front/client/app/Notifications/Banner/CookiesPreferencesUpdate.js": {"lines":{"total":2,"covered":1,"skipped":0,"pct":50},"functions":{"total":1,"covered":0,"skipped":0,"pct":0},"statements":{"total":2,"covered":1,"skipped":0,"pct":50},"branches":{"total":0,"covered":0,"skipped":0,"pct":100}}
,"/home/pda/Make/front/client/app/Notifications/Banner/LoginSuccess.js": {"lines":{"total":2,"covered":1,"skipped":0,"pct":50},"functions":{"total":1,"covered":0,"skipped":0,"pct":0},"statements":{"total":2,"covered":1,"skipped":0,"pct":50},"branches":{"total":0,"covered":0,"skipped":0,"pct":100}}
,"/home/pda/Make/front/client/app/Notifications/Banner/LogoutSuccess.js": {"lines":{"total":2,"covered":1,"skipped":0,"pct":50},"functions":{"total":1,"covered":0,"skipped":0,"pct":0},"statements":{"total":2,"covered":1,"skipped":0,"pct":50},"branches":{"total":0,"covered":0,"skipped":0,"pct":100}}
,"/home/pda/Make/front/client/app/Notifications/Banner/NetworkError.js": {"lines":{"total":2,"covered":1,"skipped":0,"pct":50},"functions":{"total":1,"covered":0,"skipped":0,"pct":0},"statements":{"total":2,"covered":1,"skipped":0,"pct":50},"branches":{"total":0,"covered":0,"skipped":0,"pct":100}}
,"/home/pda/Make/front/client/app/Notifications/Banner/RegisterSuccess.js": {"lines":{"total":2,"covered":1,"skipped":0,"pct":50},"functions":{"total":1,"covered":0,"skipped":0,"pct":0},"statements":{"total":2,"covered":1,"skipped":0,"pct":50},"branches":{"total":0,"covered":0,"skipped":0,"pct":100}}
,"/home/pda/Make/front/client/app/Notifications/Banner/RegisterSuccessValidate.js": {"lines":{"total":2,"covered":1,"skipped":0,"pct":50},"functions":{"total":1,"covered":0,"skipped":0,"pct":0},"statements":{"total":2,"covered":1,"skipped":0,"pct":50},"branches":{"total":0,"covered":0,"skipped":0,"pct":100}}
,"/home/pda/Make/front/client/app/Notifications/Banner/SecureExpired.js": {"lines":{"total":2,"covered":1,"skipped":0,"pct":50},"functions":{"total":1,"covered":0,"skipped":0,"pct":0},"statements":{"total":2,"covered":1,"skipped":0,"pct":50},"branches":{"total":0,"covered":0,"skipped":0,"pct":100}}
,"/home/pda/Make/front/client/app/Notifications/Banner/SocialMediaCookies.js": {"lines":{"total":5,"covered":1,"skipped":0,"pct":20},"functions":{"total":3,"covered":0,"skipped":0,"pct":0},"statements":{"total":6,"covered":1,"skipped":0,"pct":16.67},"branches":{"total":0,"covered":0,"skipped":0,"pct":100}}
,"/home/pda/Make/front/client/app/Notifications/Banner/UnexpectedError.js": {"lines":{"total":2,"covered":1,"skipped":0,"pct":50},"functions":{"total":1,"covered":0,"skipped":0,"pct":0},"statements":{"total":2,"covered":1,"skipped":0,"pct":50},"branches":{"total":0,"covered":0,"skipped":0,"pct":100}}
,"/home/pda/Make/front/client/app/Notifications/Banner/VoteOnly.js": {"lines":{"total":10,"covered":1,"skipped":0,"pct":10},"functions":{"total":3,"covered":0,"skipped":0,"pct":0},"statements":{"total":10,"covered":1,"skipped":0,"pct":10},"branches":{"total":4,"covered":0,"skipped":0,"pct":0}}
,"/home/pda/Make/front/client/app/Notifications/Message/index.js": {"lines":{"total":18,"covered":1,"skipped":0,"pct":5.56},"functions":{"total":1,"covered":0,"skipped":0,"pct":0},"statements":{"total":18,"covered":1,"skipped":0,"pct":5.56},"branches":{"total":16,"covered":0,"skipped":0,"pct":0}}
,"/home/pda/Make/front/client/app/Notifications/Tip/FirstVote.js": {"lines":{"total":2,"covered":1,"skipped":0,"pct":50},"functions":{"total":1,"covered":0,"skipped":0,"pct":0},"statements":{"total":2,"covered":1,"skipped":0,"pct":50},"branches":{"total":0,"covered":0,"skipped":0,"pct":100}}
,"/home/pda/Make/front/client/app/Panel/index.js": {"lines":{"total":23,"covered":16,"skipped":0,"pct":69.57},"functions":{"total":6,"covered":4,"skipped":0,"pct":66.67},"statements":{"total":24,"covered":16,"skipped":0,"pct":66.67},"branches":{"total":12,"covered":4,"skipped":0,"pct":33.33}}
,"/home/pda/Make/front/client/app/Panel/style.js": {"lines":{"total":5,"covered":5,"skipped":0,"pct":100},"functions":{"total":0,"covered":0,"skipped":0,"pct":100},"statements":{"total":5,"covered":5,"skipped":0,"pct":100},"branches":{"total":0,"covered":0,"skipped":0,"pct":100}}
,"/home/pda/Make/front/client/app/PrivacyPolicyModal/DataPolicy.js": {"lines":{"total":26,"covered":1,"skipped":0,"pct":3.85},"functions":{"total":9,"covered":0,"skipped":0,"pct":0},"statements":{"total":28,"covered":1,"skipped":0,"pct":3.57},"branches":{"total":2,"covered":0,"skipped":0,"pct":0}}
,"/home/pda/Make/front/client/app/PrivacyPolicyModal/RefusalConfirmation.js": {"lines":{"total":9,"covered":1,"skipped":0,"pct":11.11},"functions":{"total":4,"covered":0,"skipped":0,"pct":0},"statements":{"total":9,"covered":1,"skipped":0,"pct":11.11},"branches":{"total":0,"covered":0,"skipped":0,"pct":100}}
,"/home/pda/Make/front/client/app/PrivacyPolicyModal/index.js": {"lines":{"total":9,"covered":2,"skipped":0,"pct":22.22},"functions":{"total":3,"covered":0,"skipped":0,"pct":0},"statements":{"total":9,"covered":2,"skipped":0,"pct":22.22},"branches":{"total":2,"covered":0,"skipped":0,"pct":0}}
,"/home/pda/Make/front/client/app/PrivacyPolicyModal/style.js": {"lines":{"total":6,"covered":5,"skipped":0,"pct":83.33},"functions":{"total":1,"covered":0,"skipped":0,"pct":0},"statements":{"total":6,"covered":5,"skipped":0,"pct":83.33},"branches":{"total":2,"covered":0,"skipped":0,"pct":0}}
,"/home/pda/Make/front/client/app/SkipLinks/Homepage.js": {"lines":{"total":2,"covered":2,"skipped":0,"pct":100},"functions":{"total":1,"covered":1,"skipped":0,"pct":100},"statements":{"total":2,"covered":2,"skipped":0,"pct":100},"branches":{"total":0,"covered":0,"skipped":0,"pct":100}}
,"/home/pda/Make/front/client/app/SkipLinks/Main.js": {"lines":{"total":2,"covered":2,"skipped":0,"pct":100},"functions":{"total":1,"covered":1,"skipped":0,"pct":100},"statements":{"total":2,"covered":2,"skipped":0,"pct":100},"branches":{"total":0,"covered":0,"skipped":0,"pct":100}}
,"/home/pda/Make/front/client/app/Styled/MainElements.js": {"lines":{"total":7,"covered":7,"skipped":0,"pct":100},"functions":{"total":0,"covered":0,"skipped":0,"pct":100},"statements":{"total":7,"covered":7,"skipped":0,"pct":100},"branches":{"total":0,"covered":0,"skipped":0,"pct":100}}
,"/home/pda/Make/front/client/app/SwitchCountry/index.js": {"lines":{"total":16,"covered":15,"skipped":0,"pct":93.75},"functions":{"total":7,"covered":6,"skipped":0,"pct":85.71},"statements":{"total":16,"covered":15,"skipped":0,"pct":93.75},"branches":{"total":6,"covered":5,"skipped":0,"pct":83.33}}
,"/home/pda/Make/front/client/app/SwitchCountry/style.js": {"lines":{"total":4,"covered":4,"skipped":0,"pct":100},"functions":{"total":0,"covered":0,"skipped":0,"pct":100},"statements":{"total":4,"covered":4,"skipped":0,"pct":100},"branches":{"total":0,"covered":0,"skipped":0,"pct":100}}
,"/home/pda/Make/front/client/app/assets/css-in-js/DefaultStyle.js": {"lines":{"total":1,"covered":1,"skipped":0,"pct":100},"functions":{"total":0,"covered":0,"skipped":0,"pct":100},"statements":{"total":1,"covered":1,"skipped":0,"pct":100},"branches":{"total":0,"covered":0,"skipped":0,"pct":100}}
,"/home/pda/Make/front/client/app/assets/css-in-js/FontFaces.js": {"lines":{"total":1,"covered":1,"skipped":0,"pct":100},"functions":{"total":0,"covered":0,"skipped":0,"pct":100},"statements":{"total":1,"covered":1,"skipped":0,"pct":100},"branches":{"total":0,"covered":0,"skipped":0,"pct":100}}
,"/home/pda/Make/front/client/app/assets/css-in-js/ModernNormalize.js": {"lines":{"total":1,"covered":1,"skipped":0,"pct":100},"functions":{"total":0,"covered":0,"skipped":0,"pct":100},"statements":{"total":1,"covered":1,"skipped":0,"pct":100},"branches":{"total":0,"covered":0,"skipped":0,"pct":100}}
,"/home/pda/Make/front/client/app/assets/css-in-js/UITheme.js": {"lines":{"total":1,"covered":1,"skipped":0,"pct":100},"functions":{"total":0,"covered":0,"skipped":0,"pct":100},"statements":{"total":1,"covered":1,"skipped":0,"pct":100},"branches":{"total":0,"covered":0,"skipped":0,"pct":100}}
,"/home/pda/Make/front/client/app/assets/vars/Breakpoints.js": {"lines":{"total":3,"covered":3,"skipped":0,"pct":100},"functions":{"total":0,"covered":0,"skipped":0,"pct":100},"statements":{"total":3,"covered":3,"skipped":0,"pct":100},"branches":{"total":0,"covered":0,"skipped":0,"pct":100}}
,"/home/pda/Make/front/client/app/assets/vars/Colors.js": {"lines":{"total":14,"covered":14,"skipped":0,"pct":100},"functions":{"total":0,"covered":0,"skipped":0,"pct":100},"statements":{"total":14,"covered":14,"skipped":0,"pct":100},"branches":{"total":0,"covered":0,"skipped":0,"pct":100}}
,"/home/pda/Make/front/client/app/assets/vars/Elements.js": {"lines":{"total":1,"covered":1,"skipped":0,"pct":100},"functions":{"total":0,"covered":0,"skipped":0,"pct":100},"statements":{"total":1,"covered":1,"skipped":0,"pct":100},"branches":{"total":0,"covered":0,"skipped":0,"pct":100}}
,"/home/pda/Make/front/client/app/assets/vars/Fonts.js": {"lines":{"total":1,"covered":1,"skipped":0,"pct":100},"functions":{"total":0,"covered":0,"skipped":0,"pct":100},"statements":{"total":1,"covered":1,"skipped":0,"pct":100},"branches":{"total":0,"covered":0,"skipped":0,"pct":100}}
,"/home/pda/Make/front/client/features/auth/style.js": {"lines":{"total":12,"covered":12,"skipped":0,"pct":100},"functions":{"total":0,"covered":0,"skipped":0,"pct":100},"statements":{"total":12,"covered":12,"skipped":0,"pct":100},"branches":{"total":0,"covered":0,"skipped":0,"pct":100}}
,"/home/pda/Make/front/client/features/auth/Header/index.js": {"lines":{"total":13,"covered":9,"skipped":0,"pct":69.23},"functions":{"total":4,"covered":3,"skipped":0,"pct":75},"statements":{"total":13,"covered":9,"skipped":0,"pct":69.23},"branches":{"total":8,"covered":2,"skipped":0,"pct":25}}
,"/home/pda/Make/front/client/features/auth/Header/style.js": {"lines":{"total":1,"covered":1,"skipped":0,"pct":100},"functions":{"total":0,"covered":0,"skipped":0,"pct":100},"statements":{"total":1,"covered":1,"skipped":0,"pct":100},"branches":{"total":0,"covered":0,"skipped":0,"pct":100}}
,"/home/pda/Make/front/client/features/auth/Login/Form.js": {"lines":{"total":30,"covered":1,"skipped":0,"pct":3.33},"functions":{"total":10,"covered":0,"skipped":0,"pct":0},"statements":{"total":32,"covered":1,"skipped":0,"pct":3.13},"branches":{"total":0,"covered":0,"skipped":0,"pct":100}}
,"/home/pda/Make/front/client/features/auth/Login/index.js": {"lines":{"total":7,"covered":1,"skipped":0,"pct":14.29},"functions":{"total":3,"covered":0,"skipped":0,"pct":0},"statements":{"total":7,"covered":1,"skipped":0,"pct":14.29},"branches":{"total":0,"covered":0,"skipped":0,"pct":100}}
,"/home/pda/Make/front/client/features/auth/PasswordForgot/Form.js": {"lines":{"total":16,"covered":1,"skipped":0,"pct":6.25},"functions":{"total":5,"covered":0,"skipped":0,"pct":0},"statements":{"total":17,"covered":1,"skipped":0,"pct":5.88},"branches":{"total":2,"covered":0,"skipped":0,"pct":0}}
,"/home/pda/Make/front/client/features/auth/PasswordForgot/index.js": {"lines":{"total":5,"covered":1,"skipped":0,"pct":20},"functions":{"total":2,"covered":0,"skipped":0,"pct":0},"statements":{"total":5,"covered":1,"skipped":0,"pct":20},"branches":{"total":0,"covered":0,"skipped":0,"pct":100}}
,"/home/pda/Make/front/client/features/auth/PasswordForgot/style.js": {"lines":{"total":3,"covered":3,"skipped":0,"pct":100},"functions":{"total":0,"covered":0,"skipped":0,"pct":100},"statements":{"total":3,"covered":3,"skipped":0,"pct":100},"branches":{"total":0,"covered":0,"skipped":0,"pct":100}}
,"/home/pda/Make/front/client/features/auth/PasswordRecovery/Failure.js": {"lines":{"total":2,"covered":1,"skipped":0,"pct":50},"functions":{"total":1,"covered":0,"skipped":0,"pct":0},"statements":{"total":2,"covered":1,"skipped":0,"pct":50},"branches":{"total":0,"covered":0,"skipped":0,"pct":100}}
,"/home/pda/Make/front/client/features/auth/Register/Form.js": {"lines":{"total":13,"covered":1,"skipped":0,"pct":7.69},"functions":{"total":3,"covered":0,"skipped":0,"pct":0},"statements":{"total":13,"covered":1,"skipped":0,"pct":7.69},"branches":{"total":4,"covered":0,"skipped":0,"pct":0}}
,"/home/pda/Make/front/client/features/auth/Register/LegalConsent.js": {"lines":{"total":12,"covered":1,"skipped":0,"pct":8.33},"functions":{"total":6,"covered":0,"skipped":0,"pct":0},"statements":{"total":12,"covered":1,"skipped":0,"pct":8.33},"branches":{"total":6,"covered":0,"skipped":0,"pct":0}}
,"/home/pda/Make/front/client/features/auth/Register/index.js": {"lines":{"total":48,"covered":1,"skipped":0,"pct":2.08},"functions":{"total":14,"covered":0,"skipped":0,"pct":0},"statements":{"total":49,"covered":1,"skipped":0,"pct":2.04},"branches":{"total":14,"covered":0,"skipped":0,"pct":0}}
,"/home/pda/Make/front/client/features/auth/Social/FacebookAuthentication.js": {"lines":{"total":29,"covered":1,"skipped":0,"pct":3.45},"functions":{"total":10,"covered":0,"skipped":0,"pct":0},"statements":{"total":32,"covered":1,"skipped":0,"pct":3.13},"branches":{"total":15,"covered":0,"skipped":0,"pct":0}}
,"/home/pda/Make/front/client/features/auth/Social/GoogleAuthentication.js": {"lines":{"total":21,"covered":1,"skipped":0,"pct":4.76},"functions":{"total":9,"covered":0,"skipped":0,"pct":0},"statements":{"total":23,"covered":1,"skipped":0,"pct":4.35},"branches":{"total":2,"covered":0,"skipped":0,"pct":0}}
,"/home/pda/Make/front/client/features/auth/Social/style.js": {"lines":{"total":6,"covered":6,"skipped":0,"pct":100},"functions":{"total":0,"covered":0,"skipped":0,"pct":100},"statements":{"total":6,"covered":6,"skipped":0,"pct":100},"branches":{"total":0,"covered":0,"skipped":0,"pct":100}}
,"/home/pda/Make/front/client/features/consultation/Browse/Item.js": {"lines":{"total":32,"covered":21,"skipped":0,"pct":65.63},"functions":{"total":3,"covered":2,"skipped":0,"pct":66.67},"statements":{"total":33,"covered":22,"skipped":0,"pct":66.67},"branches":{"total":36,"covered":19,"skipped":0,"pct":52.78}}
,"/home/pda/Make/front/client/features/consultation/Browse/Link.js": {"lines":{"total":18,"covered":11,"skipped":0,"pct":61.11},"functions":{"total":3,"covered":2,"skipped":0,"pct":66.67},"statements":{"total":19,"covered":12,"skipped":0,"pct":63.16},"branches":{"total":22,"covered":4,"skipped":0,"pct":18.18}}
,"/home/pda/Make/front/client/features/consultation/Browse/List.js": {"lines":{"total":12,"covered":9,"skipped":0,"pct":75},"functions":{"total":2,"covered":2,"skipped":0,"pct":100},"statements":{"total":12,"covered":9,"skipped":0,"pct":75},"branches":{"total":13,"covered":8,"skipped":0,"pct":61.54}}
,"/home/pda/Make/front/client/features/consultation/Browse/RegistrationIncentive.js": {"lines":{"total":15,"covered":2,"skipped":0,"pct":13.33},"functions":{"total":3,"covered":0,"skipped":0,"pct":0},"statements":{"total":15,"covered":2,"skipped":0,"pct":13.33},"branches":{"total":8,"covered":0,"skipped":0,"pct":0}}
,"/home/pda/Make/front/client/features/consultation/Browse/style.js": {"lines":{"total":25,"covered":25,"skipped":0,"pct":100},"functions":{"total":2,"covered":2,"skipped":0,"pct":100},"statements":{"total":26,"covered":26,"skipped":0,"pct":100},"branches":{"total":0,"covered":0,"skipped":0,"pct":100}}
,"/home/pda/Make/front/client/features/homepage/Featured/index.js": {"lines":{"total":2,"covered":2,"skipped":0,"pct":100},"functions":{"total":1,"covered":1,"skipped":0,"pct":100},"statements":{"total":2,"covered":2,"skipped":0,"pct":100},"branches":{"total":0,"covered":0,"skipped":0,"pct":100}}
,"/home/pda/Make/front/client/features/homepage/Featured/Posts/index.js": {"lines":{"total":8,"covered":5,"skipped":0,"pct":62.5},"functions":{"total":4,"covered":2,"skipped":0,"pct":50},"statements":{"total":8,"covered":5,"skipped":0,"pct":62.5},"branches":{"total":2,"covered":1,"skipped":0,"pct":50}}
,"/home/pda/Make/front/client/features/homepage/Featured/Posts/style.js": {"lines":{"total":1,"covered":1,"skipped":0,"pct":100},"functions":{"total":0,"covered":0,"skipped":0,"pct":100},"statements":{"total":1,"covered":1,"skipped":0,"pct":100},"branches":{"total":0,"covered":0,"skipped":0,"pct":100}}
,"/home/pda/Make/front/client/features/homepage/Featured/Questions/Link.js": {"lines":{"total":5,"covered":5,"skipped":0,"pct":100},"functions":{"total":2,"covered":2,"skipped":0,"pct":100},"statements":{"total":6,"covered":6,"skipped":0,"pct":100},"branches":{"total":2,"covered":2,"skipped":0,"pct":100}}
,"/home/pda/Make/front/client/features/homepage/Featured/Questions/index.js": {"lines":{"total":5,"covered":5,"skipped":0,"pct":100},"functions":{"total":3,"covered":3,"skipped":0,"pct":100},"statements":{"total":5,"covered":5,"skipped":0,"pct":100},"branches":{"total":2,"covered":2,"skipped":0,"pct":100}}
,"/home/pda/Make/front/client/features/homepage/Featured/Questions/style.js": {"lines":{"total":3,"covered":3,"skipped":0,"pct":100},"functions":{"total":0,"covered":0,"skipped":0,"pct":100},"statements":{"total":3,"covered":3,"skipped":0,"pct":100},"branches":{"total":0,"covered":0,"skipped":0,"pct":100}}
,"/home/pda/Make/front/client/features/homepage/Hero/Pictures.js": {"lines":{"total":20,"covered":14,"skipped":0,"pct":70},"functions":{"total":2,"covered":2,"skipped":0,"pct":100},"statements":{"total":20,"covered":14,"skipped":0,"pct":70},"branches":{"total":10,"covered":5,"skipped":0,"pct":50}}
,"/home/pda/Make/front/client/features/homepage/Hero/index.js": {"lines":{"total":10,"covered":8,"skipped":0,"pct":80},"functions":{"total":5,"covered":3,"skipped":0,"pct":60},"statements":{"total":11,"covered":9,"skipped":0,"pct":81.82},"branches":{"total":8,"covered":7,"skipped":0,"pct":87.5}}
,"/home/pda/Make/front/client/features/homepage/Hero/style.js": {"lines":{"total":11,"covered":11,"skipped":0,"pct":100},"functions":{"total":0,"covered":0,"skipped":0,"pct":100},"statements":{"total":11,"covered":11,"skipped":0,"pct":100},"branches":{"total":0,"covered":0,"skipped":0,"pct":100}}
,"/home/pda/Make/front/client/features/homepage/Highlights/index.js": {"lines":{"total":4,"covered":4,"skipped":0,"pct":100},"functions":{"total":2,"covered":2,"skipped":0,"pct":100},"statements":{"total":5,"covered":5,"skipped":0,"pct":100},"branches":{"total":0,"covered":0,"skipped":0,"pct":100}}
,"/home/pda/Make/front/client/features/homepage/Highlights/style.js": {"lines":{"total":11,"covered":10,"skipped":0,"pct":90.91},"functions":{"total":1,"covered":0,"skipped":0,"pct":0},"statements":{"total":11,"covered":10,"skipped":0,"pct":90.91},"branches":{"total":0,"covered":0,"skipped":0,"pct":100}}
,"/home/pda/Make/front/client/features/homepage/International/index.js": {"lines":{"total":2,"covered":2,"skipped":0,"pct":100},"functions":{"total":1,"covered":1,"skipped":0,"pct":100},"statements":{"total":2,"covered":2,"skipped":0,"pct":100},"branches":{"total":0,"covered":0,"skipped":0,"pct":100}}
,"/home/pda/Make/front/client/features/homepage/Partnership/index.js": {"lines":{"total":3,"covered":3,"skipped":0,"pct":100},"functions":{"total":2,"covered":2,"skipped":0,"pct":100},"statements":{"total":4,"covered":4,"skipped":0,"pct":100},"branches":{"total":0,"covered":0,"skipped":0,"pct":100}}
,"/home/pda/Make/front/client/features/homepage/Partnership/style.js": {"lines":{"total":6,"covered":6,"skipped":0,"pct":100},"functions":{"total":0,"covered":0,"skipped":0,"pct":100},"statements":{"total":6,"covered":6,"skipped":0,"pct":100},"branches":{"total":0,"covered":0,"skipped":0,"pct":100}}
,"/home/pda/Make/front/client/features/homepage/Questions/index.js": {"lines":{"total":14,"covered":10,"skipped":0,"pct":71.43},"functions":{"total":3,"covered":2,"skipped":0,"pct":66.67},"statements":{"total":15,"covered":11,"skipped":0,"pct":73.33},"branches":{"total":6,"covered":2,"skipped":0,"pct":33.33}}
,"/home/pda/Make/front/client/features/homepage/Questions/style.js": {"lines":{"total":1,"covered":1,"skipped":0,"pct":100},"functions":{"total":0,"covered":0,"skipped":0,"pct":100},"statements":{"total":1,"covered":1,"skipped":0,"pct":100},"branches":{"total":0,"covered":0,"skipped":0,"pct":100}}
,"/home/pda/Make/front/client/features/navigation/Menu/Desktop.js": {"lines":{"total":12,"covered":1,"skipped":0,"pct":8.33},"functions":{"total":3,"covered":0,"skipped":0,"pct":0},"statements":{"total":12,"covered":1,"skipped":0,"pct":8.33},"branches":{"total":6,"covered":0,"skipped":0,"pct":0}}
,"/home/pda/Make/front/client/features/navigation/Menu/Mobile.js": {"lines":{"total":14,"covered":4,"skipped":0,"pct":28.57},"functions":{"total":2,"covered":1,"skipped":0,"pct":50},"statements":{"total":14,"covered":4,"skipped":0,"pct":28.57},"branches":{"total":2,"covered":0,"skipped":0,"pct":0}}
,"/home/pda/Make/front/client/features/navigation/Menu/Panel.js": {"lines":{"total":14,"covered":12,"skipped":0,"pct":85.71},"functions":{"total":3,"covered":2,"skipped":0,"pct":66.67},"statements":{"total":14,"covered":12,"skipped":0,"pct":85.71},"branches":{"total":19,"covered":16,"skipped":0,"pct":84.21}}
,"/home/pda/Make/front/client/features/navigation/Menu/style.js": {"lines":{"total":18,"covered":18,"skipped":0,"pct":100},"functions":{"total":0,"covered":0,"skipped":0,"pct":100},"statements":{"total":18,"covered":18,"skipped":0,"pct":100},"branches":{"total":0,"covered":0,"skipped":0,"pct":100}}
,"/home/pda/Make/front/client/features/proposal/Submit/Success.js": {"lines":{"total":8,"covered":1,"skipped":0,"pct":12.5},"functions":{"total":3,"covered":0,"skipped":0,"pct":0},"statements":{"total":8,"covered":1,"skipped":0,"pct":12.5},"branches":{"total":2,"covered":0,"skipped":0,"pct":0}}
,"/home/pda/Make/front/client/features/proposal/Submit/style.js": {"lines":{"total":22,"covered":22,"skipped":0,"pct":100},"functions":{"total":0,"covered":0,"skipped":0,"pct":100},"statements":{"total":22,"covered":22,"skipped":0,"pct":100},"branches":{"total":0,"covered":0,"skipped":0,"pct":100}}
,"/home/pda/Make/front/client/features/search/Form/Animation.js": {"lines":{"total":30,"covered":2,"skipped":0,"pct":6.67},"functions":{"total":9,"covered":0,"skipped":0,"pct":0},"statements":{"total":31,"covered":2,"skipped":0,"pct":6.45},"branches":{"total":12,"covered":0,"skipped":0,"pct":0}}
,"/home/pda/Make/front/client/features/search/Form/Desktop.js": {"lines":{"total":9,"covered":1,"skipped":0,"pct":11.11},"functions":{"total":3,"covered":0,"skipped":0,"pct":0},"statements":{"total":9,"covered":1,"skipped":0,"pct":11.11},"branches":{"total":2,"covered":0,"skipped":0,"pct":0}}
,"/home/pda/Make/front/client/features/search/Form/Form.js": {"lines":{"total":33,"covered":20,"skipped":0,"pct":60.61},"functions":{"total":7,"covered":4,"skipped":0,"pct":57.14},"statements":{"total":34,"covered":21,"skipped":0,"pct":61.76},"branches":{"total":16,"covered":7,"skipped":0,"pct":43.75}}
,"/home/pda/Make/front/client/features/search/Form/Mobile.js": {"lines":{"total":12,"covered":4,"skipped":0,"pct":33.33},"functions":{"total":2,"covered":1,"skipped":0,"pct":50},"statements":{"total":12,"covered":4,"skipped":0,"pct":33.33},"branches":{"total":6,"covered":3,"skipped":0,"pct":50}}
,"/home/pda/Make/front/client/features/search/Form/style.js": {"lines":{"total":8,"covered":8,"skipped":0,"pct":100},"functions":{"total":0,"covered":0,"skipped":0,"pct":100},"statements":{"total":8,"covered":8,"skipped":0,"pct":100},"branches":{"total":0,"covered":0,"skipped":0,"pct":100}}
,"/home/pda/Make/front/client/helper/cookieDetect.js": {"lines":{"total":10,"covered":6,"skipped":0,"pct":60},"functions":{"total":2,"covered":2,"skipped":0,"pct":100},"statements":{"total":10,"covered":6,"skipped":0,"pct":60},"branches":{"total":6,"covered":2,"skipped":0,"pct":33.33}}
,"/home/pda/Make/front/client/helper/cookies.js": {"lines":{"total":23,"covered":18,"skipped":0,"pct":78.26},"functions":{"total":3,"covered":1,"skipped":0,"pct":33.33},"statements":{"total":23,"covered":18,"skipped":0,"pct":78.26},"branches":{"total":16,"covered":6,"skipped":0,"pct":37.5}}
,"/home/pda/Make/front/client/helper/customData.js": {"lines":{"total":31,"covered":21,"skipped":0,"pct":67.74},"functions":{"total":8,"covered":5,"skipped":0,"pct":62.5},"statements":{"total":31,"covered":21,"skipped":0,"pct":67.74},"branches":{"total":19,"covered":6,"skipped":0,"pct":31.58}}
,"/home/pda/Make/front/client/helper/updateDeviceInState.js": {"lines":{"total":13,"covered":9,"skipped":0,"pct":69.23},"functions":{"total":2,"covered":2,"skipped":0,"pct":100},"statements":{"total":13,"covered":9,"skipped":0,"pct":69.23},"branches":{"total":10,"covered":6,"skipped":0,"pct":60}}
,"/home/pda/Make/front/client/hooks/useFieldValidation.js": {"lines":{"total":31,"covered":1,"skipped":0,"pct":3.23},"functions":{"total":2,"covered":0,"skipped":0,"pct":0},"statements":{"total":31,"covered":1,"skipped":0,"pct":3.23},"branches":{"total":22,"covered":0,"skipped":0,"pct":0}}
,"/home/pda/Make/front/client/hooks/useMedia.js": {"lines":{"total":45,"covered":36,"skipped":0,"pct":80},"functions":{"total":14,"covered":9,"skipped":0,"pct":64.29},"statements":{"total":46,"covered":36,"skipped":0,"pct":78.26},"branches":{"total":14,"covered":6,"skipped":0,"pct":42.86}}
,"/home/pda/Make/front/client/hooks/usePageBackgroundColor.js": {"lines":{"total":9,"covered":7,"skipped":0,"pct":77.78},"functions":{"total":2,"covered":2,"skipped":0,"pct":100},"statements":{"total":9,"covered":7,"skipped":0,"pct":77.78},"branches":{"total":8,"covered":3,"skipped":0,"pct":37.5}}
,"/home/pda/Make/front/client/pages/Consultation/QuestionWrapper.js": {"lines":{"total":32,"covered":1,"skipped":0,"pct":3.13},"functions":{"total":9,"covered":0,"skipped":0,"pct":0},"statements":{"total":34,"covered":1,"skipped":0,"pct":2.94},"branches":{"total":18,"covered":0,"skipped":0,"pct":0}}
,"/home/pda/Make/front/client/pages/Home/index.js": {"lines":{"total":23,"covered":23,"skipped":0,"pct":100},"functions":{"total":5,"covered":5,"skipped":0,"pct":100},"statements":{"total":25,"covered":25,"skipped":0,"pct":100},"branches":{"total":26,"covered":24,"skipped":0,"pct":92.31}}
,"/home/pda/Make/front/client/pages/Home/style.js": {"lines":{"total":4,"covered":4,"skipped":0,"pct":100},"functions":{"total":0,"covered":0,"skipped":0,"pct":100},"statements":{"total":4,"covered":4,"skipped":0,"pct":100},"branches":{"total":0,"covered":0,"skipped":0,"pct":100}}
,"/home/pda/Make/front/client/pages/NotFound/index.js": {"lines":{"total":2,"covered":1,"skipped":0,"pct":50},"functions":{"total":1,"covered":0,"skipped":0,"pct":0},"statements":{"total":2,"covered":1,"skipped":0,"pct":50},"branches":{"total":0,"covered":0,"skipped":0,"pct":100}}
,"/home/pda/Make/front/client/pages/NotFound/Styled/index.js": {"lines":{"total":4,"covered":4,"skipped":0,"pct":100},"functions":{"total":0,"covered":0,"skipped":0,"pct":100},"statements":{"total":4,"covered":4,"skipped":0,"pct":100},"branches":{"total":0,"covered":0,"skipped":0,"pct":100}}
,"/home/pda/Make/front/client/pages/Static/NoCookies.js": {"lines":{"total":2,"covered":1,"skipped":0,"pct":50},"functions":{"total":1,"covered":0,"skipped":0,"pct":0},"statements":{"total":2,"covered":1,"skipped":0,"pct":50},"branches":{"total":0,"covered":0,"skipped":0,"pct":100}}
,"/home/pda/Make/front/client/pages/Static/style.js": {"lines":{"total":28,"covered":28,"skipped":0,"pct":100},"functions":{"total":0,"covered":0,"skipped":0,"pct":100},"statements":{"total":28,"covered":28,"skipped":0,"pct":100},"branches":{"total":0,"covered":0,"skipped":0,"pct":100}}
,"/home/pda/Make/front/client/ui/Avatar/index.js": {"lines":{"total":4,"covered":2,"skipped":0,"pct":50},"functions":{"total":2,"covered":0,"skipped":0,"pct":0},"statements":{"total":4,"covered":2,"skipped":0,"pct":50},"branches":{"total":5,"covered":0,"skipped":0,"pct":0}}
,"/home/pda/Make/front/client/ui/Avatar/style.js": {"lines":{"total":18,"covered":5,"skipped":0,"pct":27.78},"functions":{"total":13,"covered":0,"skipped":0,"pct":0},"statements":{"total":18,"covered":5,"skipped":0,"pct":27.78},"branches":{"total":14,"covered":0,"skipped":0,"pct":0}}
,"/home/pda/Make/front/client/ui/Elements/AccessibilityElements.js": {"lines":{"total":1,"covered":1,"skipped":0,"pct":100},"functions":{"total":0,"covered":0,"skipped":0,"pct":100},"statements":{"total":1,"covered":1,"skipped":0,"pct":100},"branches":{"total":0,"covered":0,"skipped":0,"pct":100}}
,"/home/pda/Make/front/client/ui/Elements/FlexElements.js": {"lines":{"total":13,"covered":13,"skipped":0,"pct":100},"functions":{"total":0,"covered":0,"skipped":0,"pct":100},"statements":{"total":13,"covered":13,"skipped":0,"pct":100},"branches":{"total":0,"covered":0,"skipped":0,"pct":100}}
,"/home/pda/Make/front/client/ui/Elements/LinkElements.js": {"lines":{"total":6,"covered":6,"skipped":0,"pct":100},"functions":{"total":1,"covered":1,"skipped":0,"pct":100},"statements":{"total":7,"covered":7,"skipped":0,"pct":100},"branches":{"total":0,"covered":0,"skipped":0,"pct":100}}
,"/home/pda/Make/front/client/ui/Elements/ListElements.js": {"lines":{"total":1,"covered":1,"skipped":0,"pct":100},"functions":{"total":0,"covered":0,"skipped":0,"pct":100},"statements":{"total":1,"covered":1,"skipped":0,"pct":100},"branches":{"total":0,"covered":0,"skipped":0,"pct":100}}
,"/home/pda/Make/front/client/ui/Elements/ParagraphElements.js": {"lines":{"total":3,"covered":3,"skipped":0,"pct":100},"functions":{"total":0,"covered":0,"skipped":0,"pct":100},"statements":{"total":3,"covered":3,"skipped":0,"pct":100},"branches":{"total":0,"covered":0,"skipped":0,"pct":100}}
,"/home/pda/Make/front/client/ui/Elements/Separators.js": {"lines":{"total":6,"covered":6,"skipped":0,"pct":100},"functions":{"total":0,"covered":0,"skipped":0,"pct":100},"statements":{"total":6,"covered":6,"skipped":0,"pct":100},"branches":{"total":0,"covered":0,"skipped":0,"pct":100}}
,"/home/pda/Make/front/client/ui/Elements/Buttons/style.js": {"lines":{"total":43,"covered":36,"skipped":0,"pct":83.72},"functions":{"total":25,"covered":2,"skipped":0,"pct":8},"statements":{"total":61,"covered":38,"skipped":0,"pct":62.3},"branches":{"total":0,"covered":0,"skipped":0,"pct":100}}
,"/home/pda/Make/front/client/ui/Elements/Buttons/Switch/index.js": {"lines":{"total":10,"covered":1,"skipped":0,"pct":10},"functions":{"total":5,"covered":0,"skipped":0,"pct":0},"statements":{"total":10,"covered":1,"skipped":0,"pct":10},"branches":{"total":7,"covered":0,"skipped":0,"pct":0}}
,"/home/pda/Make/front/client/ui/Elements/Buttons/Switch/style.js": {"lines":{"total":6,"covered":3,"skipped":0,"pct":50},"functions":{"total":3,"covered":0,"skipped":0,"pct":0},"statements":{"total":6,"covered":3,"skipped":0,"pct":50},"branches":{"total":6,"covered":0,"skipped":0,"pct":0}}
,"/home/pda/Make/front/client/ui/Elements/Buttons/V2/style.js": {"lines":{"total":15,"covered":15,"skipped":0,"pct":100},"functions":{"total":3,"covered":0,"skipped":0,"pct":0},"statements":{"total":18,"covered":15,"skipped":0,"pct":83.33},"branches":{"total":0,"covered":0,"skipped":0,"pct":100}}
,"/home/pda/Make/front/client/ui/Elements/Form/CheckBox/RegisterCheckbox.js": {"lines":{"total":8,"covered":1,"skipped":0,"pct":12.5},"functions":{"total":3,"covered":0,"skipped":0,"pct":0},"statements":{"total":8,"covered":1,"skipped":0,"pct":12.5},"branches":{"total":1,"covered":0,"skipped":0,"pct":0}}
,"/home/pda/Make/front/client/ui/Elements/Form/CheckBox/index.js": {"lines":{"total":5,"covered":1,"skipped":0,"pct":20},"functions":{"total":3,"covered":0,"skipped":0,"pct":0},"statements":{"total":5,"covered":1,"skipped":0,"pct":20},"branches":{"total":9,"covered":0,"skipped":0,"pct":0}}
,"/home/pda/Make/front/client/ui/Elements/Form/CustomPatternInput/index.js": {"lines":{"total":4,"covered":1,"skipped":0,"pct":25},"functions":{"total":1,"covered":0,"skipped":0,"pct":0},"statements":{"total":4,"covered":1,"skipped":0,"pct":25},"branches":{"total":4,"covered":0,"skipped":0,"pct":0}}
,"/home/pda/Make/front/client/ui/Elements/Form/Errors/index.js": {"lines":{"total":9,"covered":1,"skipped":0,"pct":11.11},"functions":{"total":3,"covered":0,"skipped":0,"pct":0},"statements":{"total":9,"covered":1,"skipped":0,"pct":11.11},"branches":{"total":6,"covered":0,"skipped":0,"pct":0}}
,"/home/pda/Make/front/client/ui/Elements/Form/Errors/Message/index.js": {"lines":{"total":6,"covered":3,"skipped":0,"pct":50},"functions":{"total":3,"covered":0,"skipped":0,"pct":0},"statements":{"total":6,"covered":3,"skipped":0,"pct":50},"branches":{"total":0,"covered":0,"skipped":0,"pct":100}}
,"/home/pda/Make/front/client/ui/Elements/Form/Errors/Message/Password/index.js": {"lines":{"total":4,"covered":1,"skipped":0,"pct":25},"functions":{"total":2,"covered":0,"skipped":0,"pct":0},"statements":{"total":4,"covered":1,"skipped":0,"pct":25},"branches":{"total":2,"covered":0,"skipped":0,"pct":0}}
,"/home/pda/Make/front/client/ui/Elements/Form/NumberInput/index.js": {"lines":{"total":4,"covered":1,"skipped":0,"pct":25},"functions":{"total":1,"covered":0,"skipped":0,"pct":0},"statements":{"total":4,"covered":1,"skipped":0,"pct":25},"branches":{"total":4,"covered":0,"skipped":0,"pct":0}}
,"/home/pda/Make/front/client/ui/Elements/Form/PasswordInput/index.js": {"lines":{"total":6,"covered":1,"skipped":0,"pct":16.67},"functions":{"total":2,"covered":0,"skipped":0,"pct":0},"statements":{"total":6,"covered":1,"skipped":0,"pct":16.67},"branches":{"total":4,"covered":0,"skipped":0,"pct":0}}
,"/home/pda/Make/front/client/ui/Elements/Form/PasswordInput/Button/index.js": {"lines":{"total":3,"covered":1,"skipped":0,"pct":33.33},"functions":{"total":1,"covered":0,"skipped":0,"pct":0},"statements":{"total":3,"covered":1,"skipped":0,"pct":33.33},"branches":{"total":6,"covered":0,"skipped":0,"pct":0}}
,"/home/pda/Make/front/client/ui/Elements/Form/Styled/CheckBox.js": {"lines":{"total":11,"covered":8,"skipped":0,"pct":72.73},"functions":{"total":3,"covered":0,"skipped":0,"pct":0},"statements":{"total":11,"covered":8,"skipped":0,"pct":72.73},"branches":{"total":6,"covered":0,"skipped":0,"pct":0}}
,"/home/pda/Make/front/client/ui/Elements/Form/Styled/Content.js": {"lines":{"total":13,"covered":12,"skipped":0,"pct":92.31},"functions":{"total":1,"covered":0,"skipped":0,"pct":0},"statements":{"total":13,"covered":12,"skipped":0,"pct":92.31},"branches":{"total":2,"covered":0,"skipped":0,"pct":0}}
,"/home/pda/Make/front/client/ui/Elements/Form/Styled/Errors.js": {"lines":{"total":4,"covered":4,"skipped":0,"pct":100},"functions":{"total":0,"covered":0,"skipped":0,"pct":100},"statements":{"total":4,"covered":4,"skipped":0,"pct":100},"branches":{"total":0,"covered":0,"skipped":0,"pct":100}}
,"/home/pda/Make/front/client/ui/Elements/Form/Styled/Icons.js": {"lines":{"total":4,"covered":4,"skipped":0,"pct":100},"functions":{"total":0,"covered":0,"skipped":0,"pct":100},"statements":{"total":4,"covered":4,"skipped":0,"pct":100},"branches":{"total":0,"covered":0,"skipped":0,"pct":100}}
,"/home/pda/Make/front/client/ui/Elements/Form/Styled/Input.js": {"lines":{"total":1,"covered":1,"skipped":0,"pct":100},"functions":{"total":0,"covered":0,"skipped":0,"pct":100},"statements":{"total":1,"covered":1,"skipped":0,"pct":100},"branches":{"total":0,"covered":0,"skipped":0,"pct":100}}
,"/home/pda/Make/front/client/ui/Elements/Form/SubmitButton/index.js": {"lines":{"total":3,"covered":2,"skipped":0,"pct":66.67},"functions":{"total":1,"covered":0,"skipped":0,"pct":0},"statements":{"total":3,"covered":2,"skipped":0,"pct":66.67},"branches":{"total":0,"covered":0,"skipped":0,"pct":100}}
,"/home/pda/Make/front/client/ui/Elements/Form/UntypedInput/index.js": {"lines":{"total":4,"covered":1,"skipped":0,"pct":25},"functions":{"total":1,"covered":0,"skipped":0,"pct":0},"statements":{"total":4,"covered":1,"skipped":0,"pct":25},"branches":{"total":2,"covered":0,"skipped":0,"pct":0}}
,"/home/pda/Make/front/client/ui/Elements/Loading/Spinner/index.js": {"lines":{"total":2,"covered":2,"skipped":0,"pct":100},"functions":{"total":1,"covered":1,"skipped":0,"pct":100},"statements":{"total":2,"covered":2,"skipped":0,"pct":100},"branches":{"total":0,"covered":0,"skipped":0,"pct":100}}
,"/home/pda/Make/front/client/ui/Elements/Loading/Spinner/Styled/index.js": {"lines":{"total":7,"covered":7,"skipped":0,"pct":100},"functions":{"total":0,"covered":0,"skipped":0,"pct":100},"statements":{"total":7,"covered":7,"skipped":0,"pct":100},"branches":{"total":0,"covered":0,"skipped":0,"pct":100}}
,"/home/pda/Make/front/client/ui/Elements/Notifications/Icon.js": {"lines":{"total":7,"covered":1,"skipped":0,"pct":14.29},"functions":{"total":1,"covered":0,"skipped":0,"pct":0},"statements":{"total":7,"covered":1,"skipped":0,"pct":14.29},"branches":{"total":6,"covered":0,"skipped":0,"pct":0}}
,"/home/pda/Make/front/client/ui/Elements/Notifications/style.js": {"lines":{"total":3,"covered":3,"skipped":0,"pct":100},"functions":{"total":0,"covered":0,"skipped":0,"pct":100},"statements":{"total":3,"covered":3,"skipped":0,"pct":100},"branches":{"total":0,"covered":0,"skipped":0,"pct":100}}
,"/home/pda/Make/front/client/ui/Elements/Notifications/Banner/index.js": {"lines":{"total":20,"covered":12,"skipped":0,"pct":60},"functions":{"total":6,"covered":4,"skipped":0,"pct":66.67},"statements":{"total":22,"covered":14,"skipped":0,"pct":63.64},"branches":{"total":10,"covered":3,"skipped":0,"pct":30}}
,"/home/pda/Make/front/client/ui/Elements/Notifications/Banner/style.js": {"lines":{"total":9,"covered":9,"skipped":0,"pct":100},"functions":{"total":0,"covered":0,"skipped":0,"pct":100},"statements":{"total":9,"covered":9,"skipped":0,"pct":100},"branches":{"total":0,"covered":0,"skipped":0,"pct":100}}
,"/home/pda/Make/front/client/ui/Elements/TitleElements/index.js": {"lines":{"total":0,"covered":0,"skipped":0,"pct":0},"functions":{"total":0,"covered":0,"skipped":0,"pct":0},"statements":{"total":0,"covered":0,"skipped":0,"pct":0},"branches":{"total":0,"covered":0,"skipped":0,"pct":0}}
,"/home/pda/Make/front/client/ui/Elements/TitleElements/Styled/index.js": {"lines":{"total":4,"covered":4,"skipped":0,"pct":100},"functions":{"total":0,"covered":0,"skipped":0,"pct":100},"statements":{"total":4,"covered":4,"skipped":0,"pct":100},"branches":{"total":0,"covered":0,"skipped":0,"pct":100}}
,"/home/pda/Make/front/client/ui/Image/index.js": {"lines":{"total":55,"covered":50,"skipped":0,"pct":90.91},"functions":{"total":15,"covered":15,"skipped":0,"pct":100},"statements":{"total":57,"covered":52,"skipped":0,"pct":91.23},"branches":{"total":54,"covered":37,"skipped":0,"pct":68.52}}
,"/home/pda/Make/front/client/ui/Svg/elements/Alert.js": {"lines":{"total":2,"covered":1,"skipped":0,"pct":50},"functions":{"total":1,"covered":0,"skipped":0,"pct":0},"statements":{"total":2,"covered":1,"skipped":0,"pct":50},"branches":{"total":0,"covered":0,"skipped":0,"pct":100}}
,"/home/pda/Make/front/client/ui/Svg/elements/AngleArrowBottom.js": {"lines":{"total":2,"covered":1,"skipped":0,"pct":50},"functions":{"total":1,"covered":0,"skipped":0,"pct":0},"statements":{"total":2,"covered":1,"skipped":0,"pct":50},"branches":{"total":0,"covered":0,"skipped":0,"pct":100}}
,"/home/pda/Make/front/client/ui/Svg/elements/AngleArrowLeft.js": {"lines":{"total":2,"covered":1,"skipped":0,"pct":50},"functions":{"total":1,"covered":0,"skipped":0,"pct":0},"statements":{"total":2,"covered":1,"skipped":0,"pct":50},"branches":{"total":0,"covered":0,"skipped":0,"pct":100}}
,"/home/pda/Make/front/client/ui/Svg/elements/AngleArrowRight.js": {"lines":{"total":2,"covered":2,"skipped":0,"pct":100},"functions":{"total":1,"covered":1,"skipped":0,"pct":100},"statements":{"total":2,"covered":2,"skipped":0,"pct":100},"branches":{"total":0,"covered":0,"skipped":0,"pct":100}}
,"/home/pda/Make/front/client/ui/Svg/elements/AngleArrowTop.js": {"lines":{"total":2,"covered":1,"skipped":0,"pct":50},"functions":{"total":1,"covered":0,"skipped":0,"pct":0},"statements":{"total":2,"covered":1,"skipped":0,"pct":50},"branches":{"total":0,"covered":0,"skipped":0,"pct":100}}
,"/home/pda/Make/front/client/ui/Svg/elements/ArrowBottom.js": {"lines":{"total":2,"covered":1,"skipped":0,"pct":50},"functions":{"total":1,"covered":0,"skipped":0,"pct":0},"statements":{"total":2,"covered":1,"skipped":0,"pct":50},"branches":{"total":0,"covered":0,"skipped":0,"pct":100}}
,"/home/pda/Make/front/client/ui/Svg/elements/ArrowDown.js": {"lines":{"total":2,"covered":1,"skipped":0,"pct":50},"functions":{"total":1,"covered":0,"skipped":0,"pct":0},"statements":{"total":2,"covered":1,"skipped":0,"pct":50},"branches":{"total":0,"covered":0,"skipped":0,"pct":100}}
,"/home/pda/Make/front/client/ui/Svg/elements/ArrowLeft.js": {"lines":{"total":2,"covered":1,"skipped":0,"pct":50},"functions":{"total":1,"covered":0,"skipped":0,"pct":0},"statements":{"total":2,"covered":1,"skipped":0,"pct":50},"branches":{"total":0,"covered":0,"skipped":0,"pct":100}}
,"/home/pda/Make/front/client/ui/Svg/elements/ArrowReturn.js": {"lines":{"total":2,"covered":1,"skipped":0,"pct":50},"functions":{"total":1,"covered":0,"skipped":0,"pct":0},"statements":{"total":2,"covered":1,"skipped":0,"pct":50},"branches":{"total":0,"covered":0,"skipped":0,"pct":100}}
,"/home/pda/Make/front/client/ui/Svg/elements/ArrowRight.js": {"lines":{"total":2,"covered":1,"skipped":0,"pct":50},"functions":{"total":1,"covered":0,"skipped":0,"pct":0},"statements":{"total":2,"covered":1,"skipped":0,"pct":50},"branches":{"total":0,"covered":0,"skipped":0,"pct":100}}
,"/home/pda/Make/front/client/ui/Svg/elements/ArrowTop.js": {"lines":{"total":2,"covered":1,"skipped":0,"pct":50},"functions":{"total":1,"covered":0,"skipped":0,"pct":0},"statements":{"total":2,"covered":1,"skipped":0,"pct":50},"branches":{"total":0,"covered":0,"skipped":0,"pct":100}}
,"/home/pda/Make/front/client/ui/Svg/elements/ArrowUp.js": {"lines":{"total":2,"covered":1,"skipped":0,"pct":50},"functions":{"total":1,"covered":0,"skipped":0,"pct":0},"statements":{"total":2,"covered":1,"skipped":0,"pct":50},"branches":{"total":0,"covered":0,"skipped":0,"pct":100}}
,"/home/pda/Make/front/client/ui/Svg/elements/BigArrowRight.js": {"lines":{"total":2,"covered":1,"skipped":0,"pct":50},"functions":{"total":1,"covered":0,"skipped":0,"pct":0},"statements":{"total":2,"covered":1,"skipped":0,"pct":50},"branches":{"total":0,"covered":0,"skipped":0,"pct":100}}
,"/home/pda/Make/front/client/ui/Svg/elements/BigCheck.js": {"lines":{"total":2,"covered":1,"skipped":0,"pct":50},"functions":{"total":1,"covered":0,"skipped":0,"pct":0},"statements":{"total":2,"covered":1,"skipped":0,"pct":50},"branches":{"total":0,"covered":0,"skipped":0,"pct":100}}
,"/home/pda/Make/front/client/ui/Svg/elements/BlackArrowDown.js": {"lines":{"total":2,"covered":2,"skipped":0,"pct":100},"functions":{"total":1,"covered":1,"skipped":0,"pct":100},"statements":{"total":2,"covered":2,"skipped":0,"pct":100},"branches":{"total":0,"covered":0,"skipped":0,"pct":100}}
,"/home/pda/Make/front/client/ui/Svg/elements/Calculator.js": {"lines":{"total":2,"covered":1,"skipped":0,"pct":50},"functions":{"total":1,"covered":0,"skipped":0,"pct":0},"statements":{"total":2,"covered":1,"skipped":0,"pct":50},"branches":{"total":0,"covered":0,"skipped":0,"pct":100}}
,"/home/pda/Make/front/client/ui/Svg/elements/Chat.js": {"lines":{"total":2,"covered":1,"skipped":0,"pct":50},"functions":{"total":1,"covered":0,"skipped":0,"pct":0},"statements":{"total":2,"covered":1,"skipped":0,"pct":50},"branches":{"total":0,"covered":0,"skipped":0,"pct":100}}
,"/home/pda/Make/front/client/ui/Svg/elements/Check.js": {"lines":{"total":2,"covered":2,"skipped":0,"pct":100},"functions":{"total":1,"covered":1,"skipped":0,"pct":100},"statements":{"total":2,"covered":2,"skipped":0,"pct":100},"branches":{"total":0,"covered":0,"skipped":0,"pct":100}}
,"/home/pda/Make/front/client/ui/Svg/elements/CheckedLightBulb.js": {"lines":{"total":2,"covered":1,"skipped":0,"pct":50},"functions":{"total":1,"covered":0,"skipped":0,"pct":0},"statements":{"total":2,"covered":1,"skipped":0,"pct":50},"branches":{"total":0,"covered":0,"skipped":0,"pct":100}}
,"/home/pda/Make/front/client/ui/Svg/elements/CheckedSymbol.js": {"lines":{"total":2,"covered":1,"skipped":0,"pct":50},"functions":{"total":1,"covered":0,"skipped":0,"pct":0},"statements":{"total":2,"covered":1,"skipped":0,"pct":50},"branches":{"total":0,"covered":0,"skipped":0,"pct":100}}
,"/home/pda/Make/front/client/ui/Svg/elements/ChevronArrowLeft.js": {"lines":{"total":2,"covered":1,"skipped":0,"pct":50},"functions":{"total":1,"covered":0,"skipped":0,"pct":0},"statements":{"total":2,"covered":1,"skipped":0,"pct":50},"branches":{"total":0,"covered":0,"skipped":0,"pct":100}}
,"/home/pda/Make/front/client/ui/Svg/elements/ChevronArrowRight.js": {"lines":{"total":2,"covered":1,"skipped":0,"pct":50},"functions":{"total":1,"covered":0,"skipped":0,"pct":0},"statements":{"total":2,"covered":1,"skipped":0,"pct":50},"branches":{"total":0,"covered":0,"skipped":0,"pct":100}}
,"/home/pda/Make/front/client/ui/Svg/elements/Child.js": {"lines":{"total":2,"covered":1,"skipped":0,"pct":50},"functions":{"total":1,"covered":0,"skipped":0,"pct":0},"statements":{"total":2,"covered":1,"skipped":0,"pct":50},"branches":{"total":0,"covered":0,"skipped":0,"pct":100}}
,"/home/pda/Make/front/client/ui/Svg/elements/Clapping.js": {"lines":{"total":2,"covered":1,"skipped":0,"pct":50},"functions":{"total":1,"covered":0,"skipped":0,"pct":0},"statements":{"total":2,"covered":1,"skipped":0,"pct":50},"branches":{"total":0,"covered":0,"skipped":0,"pct":100}}
,"/home/pda/Make/front/client/ui/Svg/elements/Clock.js": {"lines":{"total":2,"covered":2,"skipped":0,"pct":100},"functions":{"total":1,"covered":1,"skipped":0,"pct":100},"statements":{"total":2,"covered":2,"skipped":0,"pct":100},"branches":{"total":0,"covered":0,"skipped":0,"pct":100}}
,"/home/pda/Make/front/client/ui/Svg/elements/Close.js": {"lines":{"total":2,"covered":2,"skipped":0,"pct":100},"functions":{"total":1,"covered":1,"skipped":0,"pct":100},"statements":{"total":2,"covered":2,"skipped":0,"pct":100},"branches":{"total":0,"covered":0,"skipped":0,"pct":100}}
,"/home/pda/Make/front/client/ui/Svg/elements/Cookie.js": {"lines":{"total":2,"covered":1,"skipped":0,"pct":50},"functions":{"total":1,"covered":0,"skipped":0,"pct":0},"statements":{"total":2,"covered":1,"skipped":0,"pct":50},"branches":{"total":0,"covered":0,"skipped":0,"pct":100}}
,"/home/pda/Make/front/client/ui/Svg/elements/Disconnect.js": {"lines":{"total":2,"covered":1,"skipped":0,"pct":50},"functions":{"total":1,"covered":0,"skipped":0,"pct":0},"statements":{"total":2,"covered":1,"skipped":0,"pct":50},"branches":{"total":0,"covered":0,"skipped":0,"pct":100}}
,"/home/pda/Make/front/client/ui/Svg/elements/EmptyAvatar.js": {"lines":{"total":2,"covered":1,"skipped":0,"pct":50},"functions":{"total":1,"covered":0,"skipped":0,"pct":0},"statements":{"total":2,"covered":1,"skipped":0,"pct":50},"branches":{"total":0,"covered":0,"skipped":0,"pct":100}}
,"/home/pda/Make/front/client/ui/Svg/elements/Envelope.js": {"lines":{"total":2,"covered":1,"skipped":0,"pct":50},"functions":{"total":1,"covered":0,"skipped":0,"pct":0},"statements":{"total":2,"covered":1,"skipped":0,"pct":50},"branches":{"total":0,"covered":0,"skipped":0,"pct":100}}
,"/home/pda/Make/front/client/ui/Svg/elements/ExternalLink.js": {"lines":{"total":2,"covered":2,"skipped":0,"pct":100},"functions":{"total":1,"covered":1,"skipped":0,"pct":100},"statements":{"total":2,"covered":2,"skipped":0,"pct":100},"branches":{"total":0,"covered":0,"skipped":0,"pct":100}}
,"/home/pda/Make/front/client/ui/Svg/elements/ExternalLinkPlain.js": {"lines":{"total":2,"covered":2,"skipped":0,"pct":100},"functions":{"total":1,"covered":1,"skipped":0,"pct":100},"statements":{"total":2,"covered":2,"skipped":0,"pct":100},"branches":{"total":0,"covered":0,"skipped":0,"pct":100}}
,"/home/pda/Make/front/client/ui/Svg/elements/Eye.js": {"lines":{"total":2,"covered":1,"skipped":0,"pct":50},"functions":{"total":1,"covered":0,"skipped":0,"pct":0},"statements":{"total":2,"covered":1,"skipped":0,"pct":50},"branches":{"total":0,"covered":0,"skipped":0,"pct":100}}
,"/home/pda/Make/front/client/ui/Svg/elements/EyeSlash.js": {"lines":{"total":2,"covered":1,"skipped":0,"pct":50},"functions":{"total":1,"covered":0,"skipped":0,"pct":0},"statements":{"total":2,"covered":1,"skipped":0,"pct":50},"branches":{"total":0,"covered":0,"skipped":0,"pct":100}}
,"/home/pda/Make/front/client/ui/Svg/elements/FacebookLogo.js": {"lines":{"total":2,"covered":1,"skipped":0,"pct":50},"functions":{"total":1,"covered":0,"skipped":0,"pct":0},"statements":{"total":2,"covered":1,"skipped":0,"pct":50},"branches":{"total":0,"covered":0,"skipped":0,"pct":100}}
,"/home/pda/Make/front/client/ui/Svg/elements/FacebookLogoF.js": {"lines":{"total":2,"covered":1,"skipped":0,"pct":50},"functions":{"total":1,"covered":0,"skipped":0,"pct":0},"statements":{"total":2,"covered":1,"skipped":0,"pct":50},"branches":{"total":0,"covered":0,"skipped":0,"pct":100}}
,"/home/pda/Make/front/client/ui/Svg/elements/FastForward.js": {"lines":{"total":2,"covered":1,"skipped":0,"pct":50},"functions":{"total":1,"covered":0,"skipped":0,"pct":0},"statements":{"total":2,"covered":1,"skipped":0,"pct":50},"branches":{"total":0,"covered":0,"skipped":0,"pct":100}}
,"/home/pda/Make/front/client/ui/Svg/elements/Fist.js": {"lines":{"total":2,"covered":1,"skipped":0,"pct":50},"functions":{"total":1,"covered":0,"skipped":0,"pct":0},"statements":{"total":2,"covered":1,"skipped":0,"pct":50},"branches":{"total":0,"covered":0,"skipped":0,"pct":100}}
,"/home/pda/Make/front/client/ui/Svg/elements/GoogleLogoG.js": {"lines":{"total":2,"covered":1,"skipped":0,"pct":50},"functions":{"total":1,"covered":0,"skipped":0,"pct":0},"statements":{"total":2,"covered":1,"skipped":0,"pct":50},"branches":{"total":0,"covered":0,"skipped":0,"pct":100}}
,"/home/pda/Make/front/client/ui/Svg/elements/HandHeart.js": {"lines":{"total":2,"covered":2,"skipped":0,"pct":100},"functions":{"total":1,"covered":1,"skipped":0,"pct":100},"statements":{"total":2,"covered":2,"skipped":0,"pct":100},"branches":{"total":0,"covered":0,"skipped":0,"pct":100}}
,"/home/pda/Make/front/client/ui/Svg/elements/House.js": {"lines":{"total":2,"covered":1,"skipped":0,"pct":50},"functions":{"total":1,"covered":0,"skipped":0,"pct":0},"statements":{"total":2,"covered":1,"skipped":0,"pct":50},"branches":{"total":0,"covered":0,"skipped":0,"pct":100}}
,"/home/pda/Make/front/client/ui/Svg/elements/Idea.js": {"lines":{"total":2,"covered":1,"skipped":0,"pct":50},"functions":{"total":1,"covered":0,"skipped":0,"pct":0},"statements":{"total":2,"covered":1,"skipped":0,"pct":50},"branches":{"total":0,"covered":0,"skipped":0,"pct":100}}
,"/home/pda/Make/front/client/ui/Svg/elements/Infos.js": {"lines":{"total":2,"covered":1,"skipped":0,"pct":50},"functions":{"total":1,"covered":0,"skipped":0,"pct":0},"statements":{"total":2,"covered":1,"skipped":0,"pct":50},"branches":{"total":0,"covered":0,"skipped":0,"pct":100}}
,"/home/pda/Make/front/client/ui/Svg/elements/InstagramLogo.js": {"lines":{"total":2,"covered":1,"skipped":0,"pct":50},"functions":{"total":1,"covered":0,"skipped":0,"pct":0},"statements":{"total":2,"covered":1,"skipped":0,"pct":50},"branches":{"total":0,"covered":0,"skipped":0,"pct":100}}
,"/home/pda/Make/front/client/ui/Svg/elements/LegalConsent.js": {"lines":{"total":2,"covered":1,"skipped":0,"pct":50},"functions":{"total":1,"covered":0,"skipped":0,"pct":0},"statements":{"total":2,"covered":1,"skipped":0,"pct":50},"branches":{"total":0,"covered":0,"skipped":0,"pct":100}}
,"/home/pda/Make/front/client/ui/Svg/elements/Light.js": {"lines":{"total":2,"covered":2,"skipped":0,"pct":100},"functions":{"total":1,"covered":1,"skipped":0,"pct":100},"statements":{"total":2,"covered":2,"skipped":0,"pct":100},"branches":{"total":0,"covered":0,"skipped":0,"pct":100}}
,"/home/pda/Make/front/client/ui/Svg/elements/LightBulb.js": {"lines":{"total":2,"covered":2,"skipped":0,"pct":100},"functions":{"total":1,"covered":1,"skipped":0,"pct":100},"statements":{"total":2,"covered":2,"skipped":0,"pct":100},"branches":{"total":0,"covered":0,"skipped":0,"pct":100}}
,"/home/pda/Make/front/client/ui/Svg/elements/Lightning.js": {"lines":{"total":2,"covered":1,"skipped":0,"pct":50},"functions":{"total":1,"covered":0,"skipped":0,"pct":0},"statements":{"total":2,"covered":1,"skipped":0,"pct":50},"branches":{"total":0,"covered":0,"skipped":0,"pct":100}}
,"/home/pda/Make/front/client/ui/Svg/elements/Like.js": {"lines":{"total":2,"covered":1,"skipped":0,"pct":50},"functions":{"total":1,"covered":0,"skipped":0,"pct":0},"statements":{"total":2,"covered":1,"skipped":0,"pct":50},"branches":{"total":0,"covered":0,"skipped":0,"pct":100}}
,"/home/pda/Make/front/client/ui/Svg/elements/Link.js": {"lines":{"total":2,"covered":1,"skipped":0,"pct":50},"functions":{"total":1,"covered":0,"skipped":0,"pct":0},"statements":{"total":2,"covered":1,"skipped":0,"pct":50},"branches":{"total":0,"covered":0,"skipped":0,"pct":100}}
,"/home/pda/Make/front/client/ui/Svg/elements/LinkedinLogoIn.js": {"lines":{"total":2,"covered":1,"skipped":0,"pct":50},"functions":{"total":1,"covered":0,"skipped":0,"pct":0},"statements":{"total":2,"covered":1,"skipped":0,"pct":50},"branches":{"total":0,"covered":0,"skipped":0,"pct":100}}
,"/home/pda/Make/front/client/ui/Svg/elements/Lock.js": {"lines":{"total":2,"covered":1,"skipped":0,"pct":50},"functions":{"total":1,"covered":0,"skipped":0,"pct":0},"statements":{"total":2,"covered":1,"skipped":0,"pct":50},"branches":{"total":0,"covered":0,"skipped":0,"pct":100}}
,"/home/pda/Make/front/client/ui/Svg/elements/Logo.js": {"lines":{"total":3,"covered":3,"skipped":0,"pct":100},"functions":{"total":1,"covered":1,"skipped":0,"pct":100},"statements":{"total":3,"covered":3,"skipped":0,"pct":100},"branches":{"total":4,"covered":4,"skipped":0,"pct":100}}
,"/home/pda/Make/front/client/ui/Svg/elements/LogoBlack.js": {"lines":{"total":2,"covered":2,"skipped":0,"pct":100},"functions":{"total":1,"covered":1,"skipped":0,"pct":100},"statements":{"total":2,"covered":2,"skipped":0,"pct":100},"branches":{"total":0,"covered":0,"skipped":0,"pct":100}}
,"/home/pda/Make/front/client/ui/Svg/elements/LoudSpeaker.js": {"lines":{"total":2,"covered":1,"skipped":0,"pct":50},"functions":{"total":1,"covered":0,"skipped":0,"pct":0},"statements":{"total":2,"covered":1,"skipped":0,"pct":50},"branches":{"total":0,"covered":0,"skipped":0,"pct":100}}
,"/home/pda/Make/front/client/ui/Svg/elements/Mail.js": {"lines":{"total":2,"covered":1,"skipped":0,"pct":50},"functions":{"total":1,"covered":0,"skipped":0,"pct":0},"statements":{"total":2,"covered":1,"skipped":0,"pct":50},"branches":{"total":0,"covered":0,"skipped":0,"pct":100}}
,"/home/pda/Make/front/client/ui/Svg/elements/MailPlain.js": {"lines":{"total":2,"covered":2,"skipped":0,"pct":100},"functions":{"total":1,"covered":1,"skipped":0,"pct":100},"statements":{"total":2,"covered":2,"skipped":0,"pct":100},"branches":{"total":0,"covered":0,"skipped":0,"pct":100}}
,"/home/pda/Make/front/client/ui/Svg/elements/Map.js": {"lines":{"total":2,"covered":1,"skipped":0,"pct":50},"functions":{"total":1,"covered":0,"skipped":0,"pct":0},"statements":{"total":2,"covered":1,"skipped":0,"pct":50},"branches":{"total":0,"covered":0,"skipped":0,"pct":100}}
,"/home/pda/Make/front/client/ui/Svg/elements/MapMarker.js": {"lines":{"total":2,"covered":1,"skipped":0,"pct":50},"functions":{"total":1,"covered":0,"skipped":0,"pct":0},"statements":{"total":2,"covered":1,"skipped":0,"pct":50},"branches":{"total":0,"covered":0,"skipped":0,"pct":100}}
,"/home/pda/Make/front/client/ui/Svg/elements/Megaphone.js": {"lines":{"total":2,"covered":1,"skipped":0,"pct":50},"functions":{"total":1,"covered":0,"skipped":0,"pct":0},"statements":{"total":2,"covered":1,"skipped":0,"pct":50},"branches":{"total":0,"covered":0,"skipped":0,"pct":100}}
,"/home/pda/Make/front/client/ui/Svg/elements/NextArrow.js": {"lines":{"total":2,"covered":1,"skipped":0,"pct":50},"functions":{"total":1,"covered":0,"skipped":0,"pct":0},"statements":{"total":2,"covered":1,"skipped":0,"pct":50},"branches":{"total":0,"covered":0,"skipped":0,"pct":100}}
,"/home/pda/Make/front/client/ui/Svg/elements/PaperPlane.js": {"lines":{"total":2,"covered":1,"skipped":0,"pct":50},"functions":{"total":1,"covered":0,"skipped":0,"pct":0},"statements":{"total":2,"covered":1,"skipped":0,"pct":50},"branches":{"total":0,"covered":0,"skipped":0,"pct":100}}
,"/home/pda/Make/front/client/ui/Svg/elements/Pencil.js": {"lines":{"total":2,"covered":1,"skipped":0,"pct":50},"functions":{"total":1,"covered":0,"skipped":0,"pct":0},"statements":{"total":2,"covered":1,"skipped":0,"pct":50},"branches":{"total":0,"covered":0,"skipped":0,"pct":100}}
,"/home/pda/Make/front/client/ui/Svg/elements/People.js": {"lines":{"total":2,"covered":2,"skipped":0,"pct":100},"functions":{"total":1,"covered":1,"skipped":0,"pct":100},"statements":{"total":2,"covered":2,"skipped":0,"pct":100},"branches":{"total":0,"covered":0,"skipped":0,"pct":100}}
,"/home/pda/Make/front/client/ui/Svg/elements/PlayButton.js": {"lines":{"total":2,"covered":1,"skipped":0,"pct":50},"functions":{"total":1,"covered":0,"skipped":0,"pct":0},"statements":{"total":2,"covered":1,"skipped":0,"pct":50},"branches":{"total":0,"covered":0,"skipped":0,"pct":100}}
,"/home/pda/Make/front/client/ui/Svg/elements/PreviousArrow.js": {"lines":{"total":2,"covered":1,"skipped":0,"pct":50},"functions":{"total":1,"covered":0,"skipped":0,"pct":0},"statements":{"total":2,"covered":1,"skipped":0,"pct":50},"branches":{"total":0,"covered":0,"skipped":0,"pct":100}}
,"/home/pda/Make/front/client/ui/Svg/elements/PreviousArrowLeft.js": {"lines":{"total":2,"covered":1,"skipped":0,"pct":50},"functions":{"total":1,"covered":0,"skipped":0,"pct":0},"statements":{"total":2,"covered":1,"skipped":0,"pct":50},"branches":{"total":0,"covered":0,"skipped":0,"pct":100}}
,"/home/pda/Make/front/client/ui/Svg/elements/SadEmoji.js": {"lines":{"total":2,"covered":1,"skipped":0,"pct":50},"functions":{"total":1,"covered":0,"skipped":0,"pct":0},"statements":{"total":2,"covered":1,"skipped":0,"pct":50},"branches":{"total":0,"covered":0,"skipped":0,"pct":100}}
,"/home/pda/Make/front/client/ui/Svg/elements/SaveFileOption.js": {"lines":{"total":2,"covered":1,"skipped":0,"pct":50},"functions":{"total":1,"covered":0,"skipped":0,"pct":0},"statements":{"total":2,"covered":1,"skipped":0,"pct":50},"branches":{"total":0,"covered":0,"skipped":0,"pct":100}}
,"/home/pda/Make/front/client/ui/Svg/elements/Search.js": {"lines":{"total":2,"covered":2,"skipped":0,"pct":100},"functions":{"total":1,"covered":1,"skipped":0,"pct":100},"statements":{"total":2,"covered":2,"skipped":0,"pct":100},"branches":{"total":0,"covered":0,"skipped":0,"pct":100}}
,"/home/pda/Make/front/client/ui/Svg/elements/SelectArrow.js": {"lines":{"total":2,"covered":1,"skipped":0,"pct":50},"functions":{"total":1,"covered":0,"skipped":0,"pct":0},"statements":{"total":2,"covered":1,"skipped":0,"pct":50},"branches":{"total":0,"covered":0,"skipped":0,"pct":100}}
,"/home/pda/Make/front/client/ui/Svg/elements/Settings.js": {"lines":{"total":2,"covered":1,"skipped":0,"pct":50},"functions":{"total":1,"covered":0,"skipped":0,"pct":0},"statements":{"total":2,"covered":1,"skipped":0,"pct":50},"branches":{"total":0,"covered":0,"skipped":0,"pct":100}}
,"/home/pda/Make/front/client/ui/Svg/elements/Share.js": {"lines":{"total":2,"covered":1,"skipped":0,"pct":50},"functions":{"total":1,"covered":0,"skipped":0,"pct":0},"statements":{"total":2,"covered":1,"skipped":0,"pct":50},"branches":{"total":0,"covered":0,"skipped":0,"pct":100}}
,"/home/pda/Make/front/client/ui/Svg/elements/SignOut.js": {"lines":{"total":2,"covered":1,"skipped":0,"pct":50},"functions":{"total":1,"covered":0,"skipped":0,"pct":0},"statements":{"total":2,"covered":1,"skipped":0,"pct":50},"branches":{"total":0,"covered":0,"skipped":0,"pct":100}}
,"/home/pda/Make/front/client/ui/Svg/elements/Smiley.js": {"lines":{"total":2,"covered":1,"skipped":0,"pct":50},"functions":{"total":1,"covered":0,"skipped":0,"pct":0},"statements":{"total":2,"covered":1,"skipped":0,"pct":50},"branches":{"total":0,"covered":0,"skipped":0,"pct":100}}
,"/home/pda/Make/front/client/ui/Svg/elements/Stats.js": {"lines":{"total":2,"covered":1,"skipped":0,"pct":50},"functions":{"total":1,"covered":0,"skipped":0,"pct":0},"statements":{"total":2,"covered":1,"skipped":0,"pct":50},"branches":{"total":0,"covered":0,"skipped":0,"pct":100}}
,"/home/pda/Make/front/client/ui/Svg/elements/StepForward.js": {"lines":{"total":2,"covered":1,"skipped":0,"pct":50},"functions":{"total":1,"covered":0,"skipped":0,"pct":0},"statements":{"total":2,"covered":1,"skipped":0,"pct":50},"branches":{"total":0,"covered":0,"skipped":0,"pct":100}}
,"/home/pda/Make/front/client/ui/Svg/elements/Suitcase.js": {"lines":{"total":2,"covered":1,"skipped":0,"pct":50},"functions":{"total":1,"covered":0,"skipped":0,"pct":0},"statements":{"total":2,"covered":1,"skipped":0,"pct":50},"branches":{"total":0,"covered":0,"skipped":0,"pct":100}}
,"/home/pda/Make/front/client/ui/Svg/elements/SwitchLabelChecked.js": {"lines":{"total":2,"covered":1,"skipped":0,"pct":50},"functions":{"total":1,"covered":0,"skipped":0,"pct":0},"statements":{"total":2,"covered":1,"skipped":0,"pct":50},"branches":{"total":0,"covered":0,"skipped":0,"pct":100}}
,"/home/pda/Make/front/client/ui/Svg/elements/SwitchLabelCross.js": {"lines":{"total":2,"covered":1,"skipped":0,"pct":50},"functions":{"total":1,"covered":0,"skipped":0,"pct":0},"statements":{"total":2,"covered":1,"skipped":0,"pct":50},"branches":{"total":0,"covered":0,"skipped":0,"pct":100}}
,"/home/pda/Make/front/client/ui/Svg/elements/ThumbsUp.js": {"lines":{"total":2,"covered":1,"skipped":0,"pct":50},"functions":{"total":1,"covered":0,"skipped":0,"pct":0},"statements":{"total":2,"covered":1,"skipped":0,"pct":50},"branches":{"total":0,"covered":0,"skipped":0,"pct":100}}
,"/home/pda/Make/front/client/ui/Svg/elements/Trending.js": {"lines":{"total":2,"covered":1,"skipped":0,"pct":50},"functions":{"total":1,"covered":0,"skipped":0,"pct":0},"statements":{"total":2,"covered":1,"skipped":0,"pct":50},"branches":{"total":0,"covered":0,"skipped":0,"pct":100}}
,"/home/pda/Make/front/client/ui/Svg/elements/TwitterLogo.js": {"lines":{"total":2,"covered":1,"skipped":0,"pct":50},"functions":{"total":1,"covered":0,"skipped":0,"pct":0},"statements":{"total":2,"covered":1,"skipped":0,"pct":50},"branches":{"total":0,"covered":0,"skipped":0,"pct":100}}
,"/home/pda/Make/front/client/ui/Svg/elements/User.js": {"lines":{"total":2,"covered":2,"skipped":0,"pct":100},"functions":{"total":1,"covered":1,"skipped":0,"pct":100},"statements":{"total":2,"covered":2,"skipped":0,"pct":100},"branches":{"total":0,"covered":0,"skipped":0,"pct":100}}
,"/home/pda/Make/front/client/ui/Svg/elements/Users.js": {"lines":{"total":2,"covered":1,"skipped":0,"pct":50},"functions":{"total":1,"covered":0,"skipped":0,"pct":0},"statements":{"total":2,"covered":1,"skipped":0,"pct":50},"branches":{"total":0,"covered":0,"skipped":0,"pct":100}}
,"/home/pda/Make/front/client/ui/Svg/elements/WhiteArrowDown.js": {"lines":{"total":2,"covered":2,"skipped":0,"pct":100},"functions":{"total":1,"covered":1,"skipped":0,"pct":100},"statements":{"total":2,"covered":2,"skipped":0,"pct":100},"branches":{"total":0,"covered":0,"skipped":0,"pct":100}}
,"/home/pda/Make/front/client/ui/Svg/elements/WorldMap.js": {"lines":{"total":2,"covered":2,"skipped":0,"pct":100},"functions":{"total":1,"covered":1,"skipped":0,"pct":100},"statements":{"total":2,"covered":2,"skipped":0,"pct":100},"branches":{"total":0,"covered":0,"skipped":0,"pct":100}}
,"/home/pda/Make/front/client/ui/Svg/elements/index.js": {"lines":{"total":0,"covered":0,"skipped":0,"pct":0},"functions":{"total":0,"covered":0,"skipped":0,"pct":0},"statements":{"total":0,"covered":0,"skipped":0,"pct":0},"branches":{"total":0,"covered":0,"skipped":0,"pct":0}}
,"/home/pda/Make/front/client/validator/postCode.js": {"lines":{"total":11,"covered":6,"skipped":0,"pct":54.55},"functions":{"total":4,"covered":0,"skipped":0,"pct":0},"statements":{"total":12,"covered":6,"skipped":0,"pct":50},"branches":{"total":4,"covered":0,"skipped":0,"pct":0}}
,"/home/pda/Make/front/shared/env.js": {"lines":{"total":22,"covered":20,"skipped":0,"pct":90.91},"functions":{"total":16,"covered":6,"skipped":0,"pct":37.5},"statements":{"total":35,"covered":25,"skipped":0,"pct":71.43},"branches":{"total":30,"covered":16,"skipped":0,"pct":53.33}}
,"/home/pda/Make/front/shared/routes.js": {"lines":{"total":112,"covered":89,"skipped":0,"pct":79.46},"functions":{"total":28,"covered":5,"skipped":0,"pct":17.86},"statements":{"total":112,"covered":89,"skipped":0,"pct":79.46},"branches":{"total":20,"covered":8,"skipped":0,"pct":40}}
,"/home/pda/Make/front/shared/api/OrganisationApiService.js": {"lines":{"total":10,"covered":4,"skipped":0,"pct":40},"functions":{"total":6,"covered":0,"skipped":0,"pct":0},"statements":{"total":10,"covered":4,"skipped":0,"pct":40},"branches":{"total":6,"covered":0,"skipped":0,"pct":0}}
,"/home/pda/Make/front/shared/api/PersonalityApiService.js": {"lines":{"total":9,"covered":4,"skipped":0,"pct":44.44},"functions":{"total":5,"covered":0,"skipped":0,"pct":0},"statements":{"total":9,"covered":4,"skipped":0,"pct":44.44},"branches":{"total":3,"covered":0,"skipped":0,"pct":0}}
,"/home/pda/Make/front/shared/api/QuestionApiService.js": {"lines":{"total":33,"covered":12,"skipped":0,"pct":36.36},"functions":{"total":14,"covered":0,"skipped":0,"pct":0},"statements":{"total":33,"covered":12,"skipped":0,"pct":36.36},"branches":{"total":30,"covered":0,"skipped":0,"pct":0}}
,"/home/pda/Make/front/shared/api/TrackingApiService.js": {"lines":{"total":5,"covered":4,"skipped":0,"pct":80},"functions":{"total":2,"covered":1,"skipped":0,"pct":50},"statements":{"total":5,"covered":4,"skipped":0,"pct":80},"branches":{"total":1,"covered":0,"skipped":0,"pct":0}}
,"/home/pda/Make/front/shared/api/UserApiService.js": {"lines":{"total":44,"covered":21,"skipped":0,"pct":47.73},"functions":{"total":19,"covered":1,"skipped":0,"pct":5.26},"statements":{"total":44,"covered":21,"skipped":0,"pct":47.73},"branches":{"total":11,"covered":0,"skipped":0,"pct":0}}
,"/home/pda/Make/front/shared/api/ViewsApiService.js": {"lines":{"total":9,"covered":7,"skipped":0,"pct":77.78},"functions":{"total":3,"covered":1,"skipped":0,"pct":33.33},"statements":{"total":9,"covered":7,"skipped":0,"pct":77.78},"branches":{"total":5,"covered":1,"skipped":0,"pct":20}}
,"/home/pda/Make/front/shared/api/ApiService/ApiService.client.js": {"lines":{"total":46,"covered":33,"skipped":0,"pct":71.74},"functions":{"total":25,"covered":15,"skipped":0,"pct":60},"statements":{"total":47,"covered":34,"skipped":0,"pct":72.34},"branches":{"total":15,"covered":10,"skipped":0,"pct":66.67}}
,"/home/pda/Make/front/shared/api/ApiService/ApiService.shared.js": {"lines":{"total":47,"covered":27,"skipped":0,"pct":57.45},"functions":{"total":5,"covered":3,"skipped":0,"pct":60},"statements":{"total":47,"covered":27,"skipped":0,"pct":57.45},"branches":{"total":45,"covered":24,"skipped":0,"pct":53.33}}
,"/home/pda/Make/front/shared/api/ApiService/ApiServiceError.js": {"lines":{"total":15,"covered":13,"skipped":0,"pct":86.67},"functions":{"total":2,"covered":1,"skipped":0,"pct":50},"statements":{"total":15,"covered":13,"skipped":0,"pct":86.67},"branches":{"total":6,"covered":4,"skipped":0,"pct":66.67}}
,"/home/pda/Make/front/shared/api/ApiService/getLocationContext.js": {"lines":{"total":9,"covered":9,"skipped":0,"pct":100},"functions":{"total":3,"covered":3,"skipped":0,"pct":100},"statements":{"total":9,"covered":9,"skipped":0,"pct":100},"branches":{"total":6,"covered":5,"skipped":0,"pct":83.33}}
,"/home/pda/Make/front/shared/api/ApiService/index.js": {"lines":{"total":10,"covered":5,"skipped":0,"pct":50},"functions":{"total":8,"covered":3,"skipped":0,"pct":37.5},"statements":{"total":11,"covered":5,"skipped":0,"pct":45.45},"branches":{"total":3,"covered":1,"skipped":0,"pct":33.33}}
,"/home/pda/Make/front/shared/constants/a11y.js": {"lines":{"total":10,"covered":10,"skipped":0,"pct":100},"functions":{"total":0,"covered":0,"skipped":0,"pct":100},"statements":{"total":10,"covered":10,"skipped":0,"pct":100},"branches":{"total":0,"covered":0,"skipped":0,"pct":100}}
,"/home/pda/Make/front/shared/constants/config.js": {"lines":{"total":30,"covered":30,"skipped":0,"pct":100},"functions":{"total":0,"covered":0,"skipped":0,"pct":100},"statements":{"total":30,"covered":30,"skipped":0,"pct":100},"branches":{"total":0,"covered":0,"skipped":0,"pct":100}}
,"/home/pda/Make/front/shared/constants/cookies.js": {"lines":{"total":4,"covered":4,"skipped":0,"pct":100},"functions":{"total":0,"covered":0,"skipped":0,"pct":100},"statements":{"total":4,"covered":4,"skipped":0,"pct":100},"branches":{"total":0,"covered":0,"skipped":0,"pct":100}}
,"/home/pda/Make/front/shared/constants/date.js": {"lines":{"total":6,"covered":6,"skipped":0,"pct":100},"functions":{"total":0,"covered":0,"skipped":0,"pct":100},"statements":{"total":6,"covered":6,"skipped":0,"pct":100},"branches":{"total":0,"covered":0,"skipped":0,"pct":100}}
,"/home/pda/Make/front/shared/constants/form.js": {"lines":{"total":13,"covered":13,"skipped":0,"pct":100},"functions":{"total":0,"covered":0,"skipped":0,"pct":100},"statements":{"total":13,"covered":13,"skipped":0,"pct":100},"branches":{"total":0,"covered":0,"skipped":0,"pct":100}}
,"/home/pda/Make/front/shared/constants/icons.js": {"lines":{"total":11,"covered":11,"skipped":0,"pct":100},"functions":{"total":0,"covered":0,"skipped":0,"pct":100},"statements":{"total":11,"covered":11,"skipped":0,"pct":100},"branches":{"total":0,"covered":0,"skipped":0,"pct":100}}
,"/home/pda/Make/front/shared/constants/ids.js": {"lines":{"total":21,"covered":21,"skipped":0,"pct":100},"functions":{"total":0,"covered":0,"skipped":0,"pct":100},"statements":{"total":21,"covered":21,"skipped":0,"pct":100},"branches":{"total":0,"covered":0,"skipped":0,"pct":100}}
,"/home/pda/Make/front/shared/constants/languages.js": {"lines":{"total":2,"covered":2,"skipped":0,"pct":100},"functions":{"total":0,"covered":0,"skipped":0,"pct":100},"statements":{"total":2,"covered":2,"skipped":0,"pct":100},"branches":{"total":0,"covered":0,"skipped":0,"pct":100}}
,"/home/pda/Make/front/shared/constants/modal.js": {"lines":{"total":6,"covered":6,"skipped":0,"pct":100},"functions":{"total":0,"covered":0,"skipped":0,"pct":100},"statements":{"total":6,"covered":6,"skipped":0,"pct":100},"branches":{"total":0,"covered":0,"skipped":0,"pct":100}}
[...]
,"/home/pda/Make/front/shared/helpers/countries.js": {"lines":{"total":79,"covered":35,"skipped":0,"pct":44.3},"functions":{"total":14,"covered":12,"skipped":0,"pct":85.71},"statements":{"total":79,"covered":35,"skipped":0,"pct":44.3},"branches":{"total":66,"covered":20,"skipped":0,"pct":30.3}}
,"/home/pda/Make/front/shared/helpers/date.js": {"lines":{"total":87,"covered":34,"skipped":0,"pct":39.08},"functions":{"total":12,"covered":6,"skipped":0,"pct":50},"statements":{"total":87,"covered":34,"skipped":0,"pct":39.08},"branches":{"total":62,"covered":15,"skipped":0,"pct":24.19}}
,"/home/pda/Make/front/shared/helpers/form.js": {"lines":{"total":32,"covered":7,"skipped":0,"pct":21.88},"functions":{"total":9,"covered":0,"skipped":0,"pct":0},"statements":{"total":33,"covered":7,"skipped":0,"pct":21.21},"branches":{"total":16,"covered":0,"skipped":0,"pct":0}}
,"/home/pda/Make/front/shared/helpers/numberFormatter.js": {"lines":{"total":13,"covered":7,"skipped":0,"pct":53.85},"functions":{"total":2,"covered":1,"skipped":0,"pct":50},"statements":{"total":13,"covered":7,"skipped":0,"pct":53.85},"branches":{"total":6,"covered":2,"skipped":0,"pct":33.33}}
,"/home/pda/Make/front/shared/helpers/question.js": {"lines":{"total":18,"covered":4,"skipped":0,"pct":22.22},"functions":{"total":4,"covered":0,"skipped":0,"pct":0},"statements":{"total":18,"covered":4,"skipped":0,"pct":22.22},"branches":{"total":10,"covered":0,"skipped":0,"pct":0}}
,"/home/pda/Make/front/shared/helpers/stringFormatter.js": {"lines":{"total":15,"covered":5,"skipped":0,"pct":33.33},"functions":{"total":7,"covered":0,"skipped":0,"pct":0},"statements":{"total":15,"covered":5,"skipped":0,"pct":33.33},"branches":{"total":5,"covered":0,"skipped":0,"pct":0}}
,"/home/pda/Make/front/shared/helpers/styled.js": {"lines":{"total":43,"covered":23,"skipped":0,"pct":53.49},"functions":{"total":13,"covered":7,"skipped":0,"pct":53.85},"statements":{"total":46,"covered":26,"skipped":0,"pct":56.52},"branches":{"total":13,"covered":4,"skipped":0,"pct":30.77}}
,"/home/pda/Make/front/shared/helpers/throttle.js": {"lines":{"total":14,"covered":4,"skipped":0,"pct":28.57},"functions":{"total":4,"covered":1,"skipped":0,"pct":25},"statements":{"total":14,"covered":4,"skipped":0,"pct":28.57},"branches":{"total":12,"covered":4,"skipped":0,"pct":33.33}}
,"/home/pda/Make/front/shared/helpers/timers.js": {"lines":{"total":7,"covered":7,"skipped":0,"pct":100},"functions":{"total":3,"covered":3,"skipped":0,"pct":100},"statements":{"total":7,"covered":7,"skipped":0,"pct":100},"branches":{"total":0,"covered":0,"skipped":0,"pct":100}}
,"/home/pda/Make/front/shared/helpers/url.js": {"lines":{"total":62,"covered":44,"skipped":0,"pct":70.97},"functions":{"total":30,"covered":12,"skipped":0,"pct":40},"statements":{"total":63,"covered":44,"skipped":0,"pct":69.84},"branches":{"total":28,"covered":5,"skipped":0,"pct":17.86}}
,"/home/pda/Make/front/shared/i18n/constants.js": {"lines":{"total":1,"covered":1,"skipped":0,"pct":100},"functions":{"total":0,"covered":0,"skipped":0,"pct":100},"statements":{"total":1,"covered":1,"skipped":0,"pct":100},"branches":{"total":0,"covered":0,"skipped":0,"pct":100}}
,"/home/pda/Make/front/shared/i18n/index.js": {"lines":{"total":9,"covered":6,"skipped":0,"pct":66.67},"functions":{"total":7,"covered":4,"skipped":0,"pct":57.14},"statements":{"total":9,"covered":6,"skipped":0,"pct":66.67},"branches":{"total":0,"covered":0,"skipped":0,"pct":100}}
,"/home/pda/Make/front/shared/services/ApiErrors.js": {"lines":{"total":11,"covered":1,"skipped":0,"pct":9.09},"functions":{"total":3,"covered":0,"skipped":0,"pct":0},"statements":{"total":11,"covered":1,"skipped":0,"pct":9.09},"branches":{"total":4,"covered":0,"skipped":0,"pct":0}}
,"/home/pda/Make/front/shared/services/DefaultErrorHandler.js": {"lines":{"total":10,"covered":4,"skipped":0,"pct":40},"functions":{"total":3,"covered":1,"skipped":0,"pct":33.33},"statements":{"total":10,"covered":4,"skipped":0,"pct":40},"branches":{"total":2,"covered":0,"skipped":0,"pct":0}}
,"/home/pda/Make/front/shared/services/Logger.js": {"lines":{"total":47,"covered":29,"skipped":0,"pct":61.7},"functions":{"total":11,"covered":5,"skipped":0,"pct":45.45},"statements":{"total":49,"covered":29,"skipped":0,"pct":59.18},"branches":{"total":32,"covered":18,"skipped":0,"pct":56.25}}
,"/home/pda/Make/front/shared/services/Organisation.js": {"lines":{"total":56,"covered":7,"skipped":0,"pct":12.5},"functions":{"total":10,"covered":0,"skipped":0,"pct":0},"statements":{"total":57,"covered":7,"skipped":0,"pct":12.28},"branches":{"total":10,"covered":0,"skipped":0,"pct":0}}
,"/home/pda/Make/front/shared/services/Personality.js": {"lines":{"total":36,"covered":6,"skipped":0,"pct":16.67},"functions":{"total":5,"covered":0,"skipped":0,"pct":0},"statements":{"total":36,"covered":6,"skipped":0,"pct":16.67},"branches":{"total":4,"covered":0,"skipped":0,"pct":0}}
,"/home/pda/Make/front/shared/services/Question.js": {"lines":{"total":56,"covered":9,"skipped":0,"pct":16.07},"functions":{"total":9,"covered":0,"skipped":0,"pct":0},"statements":{"total":56,"covered":9,"skipped":0,"pct":16.07},"branches":{"total":19,"covered":0,"skipped":0,"pct":0}}
,"/home/pda/Make/front/shared/services/Tracking.js": {"lines":{"total":198,"covered":94,"skipped":0,"pct":47.47},"functions":{"total":92,"covered":1,"skipped":0,"pct":1.09},"statements":{"total":198,"covered":94,"skipped":0,"pct":47.47},"branches":{"total":8,"covered":0,"skipped":0,"pct":0}}
,"/home/pda/Make/front/shared/services/TrackingParamsService.js": {"lines":{"total":50,"covered":40,"skipped":0,"pct":80},"functions":{"total":14,"covered":11,"skipped":0,"pct":78.57},"statements":{"total":51,"covered":41,"skipped":0,"pct":80.39},"branches":{"total":27,"covered":15,"skipped":0,"pct":55.56}}
,"/home/pda/Make/front/shared/services/TrackingService.js": {"lines":{"total":47,"covered":34,"skipped":0,"pct":72.34},"functions":{"total":14,"covered":10,"skipped":0,"pct":71.43},"statements":{"total":50,"covered":37,"skipped":0,"pct":74},"branches":{"total":32,"covered":19,"skipped":0,"pct":59.38}}
,"/home/pda/Make/front/shared/services/User.js": {"lines":{"total":154,"covered":23,"skipped":0,"pct":14.94},"functions":{"total":35,"covered":2,"skipped":0,"pct":5.71},"statements":{"total":154,"covered":23,"skipped":0,"pct":14.94},"branches":{"total":74,"covered":2,"skipped":0,"pct":2.7}}
,"/home/pda/Make/front/shared/services/Views.js": {"lines":{"total":13,"covered":6,"skipped":0,"pct":46.15},"functions":{"total":2,"covered":1,"skipped":0,"pct":50},"statements":{"total":13,"covered":6,"skipped":0,"pct":46.15},"branches":{"total":3,"covered":0,"skipped":0,"pct":0}}
,"/home/pda/Make/front/shared/services/Trackers/FacebookTracking.js": {"lines":{"total":24,"covered":15,"skipped":0,"pct":62.5},"functions":{"total":5,"covered":4,"skipped":0,"pct":80},"statements":{"total":24,"covered":15,"skipped":0,"pct":62.5},"branches":{"total":12,"covered":5,"skipped":0,"pct":41.67}}
,"/home/pda/Make/front/shared/services/Trackers/MixpanelTracking.js": {"lines":{"total":24,"covered":17,"skipped":0,"pct":70.83},"functions":{"total":15,"covered":9,"skipped":0,"pct":60},"statements":{"total":64,"covered":42,"skipped":0,"pct":65.63},"branches":{"total":26,"covered":15,"skipped":0,"pct":57.69}}
,"/home/pda/Make/front/shared/services/Trackers/TwitterTracking.js": {"lines":{"total":25,"covered":12,"skipped":0,"pct":48},"functions":{"total":6,"covered":5,"skipped":0,"pct":83.33},"statements":{"total":27,"covered":14,"skipped":0,"pct":51.85},"branches":{"total":20,"covered":11,"skipped":0,"pct":55}}
,"/home/pda/Make/front/shared/services/Trackers/fbq.js": {"lines":{"total":9,"covered":9,"skipped":0,"pct":100},"functions":{"total":4,"covered":4,"skipped":0,"pct":100},"statements":{"total":18,"covered":17,"skipped":0,"pct":94.44},"branches":{"total":6,"covered":4,"skipped":0,"pct":66.67}}
,"/home/pda/Make/front/shared/services/Trackers/twttr.js": {"lines":{"total":4,"covered":3,"skipped":0,"pct":75},"functions":{"total":2,"covered":1,"skipped":0,"pct":50},"statements":{"total":4,"covered":3,"skipped":0,"pct":75},"branches":{"total":2,"covered":2,"skipped":0,"pct":100}}
,"/home/pda/Make/front/shared/store/actionTypes.js": {"lines":{"total":61,"covered":61,"skipped":0,"pct":100},"functions":{"total":0,"covered":0,"skipped":0,"pct":100},"statements":{"total":61,"covered":61,"skipped":0,"pct":100},"branches":{"total":0,"covered":0,"skipped":0,"pct":100}}
,"/home/pda/Make/front/shared/store/index.js": {"lines":{"total":7,"covered":7,"skipped":0,"pct":100},"functions":{"total":2,"covered":2,"skipped":0,"pct":100},"statements":{"total":7,"covered":7,"skipped":0,"pct":100},"branches":{"total":10,"covered":7,"skipped":0,"pct":70}}
,"/home/pda/Make/front/shared/store/initialState.js": {"lines":{"total":3,"covered":2,"skipped":0,"pct":66.67},"functions":{"total":1,"covered":0,"skipped":0,"pct":0},"statements":{"total":3,"covered":2,"skipped":0,"pct":66.67},"branches":{"total":0,"covered":0,"skipped":0,"pct":100}}
,"/home/pda/Make/front/shared/store/types.js": {"lines":{"total":0,"covered":0,"skipped":0,"pct":0},"functions":{"total":0,"covered":0,"skipped":0,"pct":0},"statements":{"total":0,"covered":0,"skipped":0,"pct":0},"branches":{"total":0,"covered":0,"skipped":0,"pct":0}}
,"/home/pda/Make/front/shared/store/actions/appConfig/index.js": {"lines":{"total":4,"covered":4,"skipped":0,"pct":100},"functions":{"total":4,"covered":1,"skipped":0,"pct":25},"statements":{"total":8,"covered":5,"skipped":0,"pct":62.5},"branches":{"total":0,"covered":0,"skipped":0,"pct":100}}
,"/home/pda/Make/front/shared/store/actions/authentication/index.js": {"lines":{"total":65,"covered":12,"skipped":0,"pct":18.46},"functions":{"total":22,"covered":0,"skipped":0,"pct":0},"statements":{"total":73,"covered":12,"skipped":0,"pct":16.44},"branches":{"total":22,"covered":0,"skipped":0,"pct":0}}
,"/home/pda/Make/front/shared/store/actions/modal/index.js": {"lines":{"total":26,"covered":15,"skipped":0,"pct":57.69},"functions":{"total":23,"covered":3,"skipped":0,"pct":13.04},"statements":{"total":40,"covered":17,"skipped":0,"pct":42.5},"branches":{"total":0,"covered":0,"skipped":0,"pct":100}}
,"/home/pda/Make/front/shared/store/actions/notifications/index.js": {"lines":{"total":7,"covered":5,"skipped":0,"pct":71.43},"functions":{"total":5,"covered":0,"skipped":0,"pct":0},"statements":{"total":10,"covered":5,"skipped":0,"pct":50},"branches":{"total":0,"covered":0,"skipped":0,"pct":100}}
,"/home/pda/Make/front/shared/store/actions/session/index.js": {"lines":{"total":4,"covered":2,"skipped":0,"pct":50},"functions":{"total":4,"covered":0,"skipped":0,"pct":0},"statements":{"total":6,"covered":2,"skipped":0,"pct":33.33},"branches":{"total":0,"covered":0,"skipped":0,"pct":100}}
,"/home/pda/Make/front/shared/store/actions/user/cookiesPreferences/index.js": {"lines":{"total":4,"covered":4,"skipped":0,"pct":100},"functions":{"total":3,"covered":1,"skipped":0,"pct":33.33},"statements":{"total":6,"covered":4,"skipped":0,"pct":66.67},"branches":{"total":0,"covered":0,"skipped":0,"pct":100}}
,"/home/pda/Make/front/shared/store/middleware/index.js": {"lines":{"total":1,"covered":1,"skipped":0,"pct":100},"functions":{"total":0,"covered":0,"skipped":0,"pct":100},"statements":{"total":1,"covered":1,"skipped":0,"pct":100},"branches":{"total":0,"covered":0,"skipped":0,"pct":100}}
,"/home/pda/Make/front/shared/store/middleware/countryLanguage/index.js": {"lines":{"total":11,"covered":9,"skipped":0,"pct":81.82},"functions":{"total":6,"covered":6,"skipped":0,"pct":100},"statements":{"total":15,"covered":13,"skipped":0,"pct":86.67},"branches":{"total":10,"covered":6,"skipped":0,"pct":60}}
,"/home/pda/Make/front/shared/store/middleware/question/index.js": {"lines":{"total":12,"covered":5,"skipped":0,"pct":41.67},"functions":{"total":5,"covered":3,"skipped":0,"pct":60},"statements":{"total":14,"covered":7,"skipped":0,"pct":50},"branches":{"total":4,"covered":1,"skipped":0,"pct":25}}
,"/home/pda/Make/front/shared/store/middleware/requestContext/index.js": {"lines":{"total":14,"covered":6,"skipped":0,"pct":42.86},"functions":{"total":4,"covered":4,"skipped":0,"pct":100},"statements":{"total":16,"covered":8,"skipped":0,"pct":50},"branches":{"total":3,"covered":1,"skipped":0,"pct":33.33}}
,"/home/pda/Make/front/shared/store/reducers/index.js": {"lines":{"total":1,"covered":1,"skipped":0,"pct":100},"functions":{"total":0,"covered":0,"skipped":0,"pct":100},"statements":{"total":1,"covered":1,"skipped":0,"pct":100},"branches":{"total":0,"covered":0,"skipped":0,"pct":100}}
,"/home/pda/Make/front/shared/store/reducers/appConfig/index.js": {"lines":{"total":6,"covered":3,"skipped":0,"pct":50},"functions":{"total":1,"covered":1,"skipped":0,"pct":100},"statements":{"total":6,"covered":3,"skipped":0,"pct":50},"branches":{"total":6,"covered":3,"skipped":0,"pct":50}}
,"/home/pda/Make/front/shared/store/reducers/currentQuestion/actions.js": {"lines":{"total":4,"covered":4,"skipped":0,"pct":100},"functions":{"total":2,"covered":0,"skipped":0,"pct":0},"statements":{"total":6,"covered":4,"skipped":0,"pct":66.67},"branches":{"total":0,"covered":0,"skipped":0,"pct":100}}
,"/home/pda/Make/front/shared/store/reducers/currentQuestion/index.js": {"lines":{"total":4,"covered":2,"skipped":0,"pct":50},"functions":{"total":1,"covered":1,"skipped":0,"pct":100},"statements":{"total":4,"covered":2,"skipped":0,"pct":50},"branches":{"total":4,"covered":2,"skipped":0,"pct":50}}
,"/home/pda/Make/front/shared/store/reducers/customData/index.js": {"lines":{"total":10,"covered":4,"skipped":0,"pct":40},"functions":{"total":3,"covered":1,"skipped":0,"pct":33.33},"statements":{"total":10,"covered":4,"skipped":0,"pct":40},"branches":{"total":4,"covered":2,"skipped":0,"pct":50}}
,"/home/pda/Make/front/shared/store/reducers/modal/index.js": {"lines":{"total":16,"covered":4,"skipped":0,"pct":25},"functions":{"total":1,"covered":1,"skipped":0,"pct":100},"statements":{"total":16,"covered":4,"skipped":0,"pct":25},"branches":{"total":16,"covered":4,"skipped":0,"pct":25}}
,"/home/pda/Make/front/shared/store/reducers/notifications/index.js": {"lines":{"total":8,"covered":3,"skipped":0,"pct":37.5},"functions":{"total":1,"covered":1,"skipped":0,"pct":100},"statements":{"total":8,"covered":3,"skipped":0,"pct":37.5},"branches":{"total":17,"covered":2,"skipped":0,"pct":11.76}}
,"/home/pda/Make/front/shared/store/reducers/panel/actions.js": {"lines":{"total":8,"covered":8,"skipped":0,"pct":100},"functions":{"total":4,"covered":0,"skipped":0,"pct":0},"statements":{"total":12,"covered":8,"skipped":0,"pct":66.67},"branches":{"total":0,"covered":0,"skipped":0,"pct":100}}
,"/home/pda/Make/front/shared/store/reducers/panel/index.js": {"lines":{"total":6,"covered":2,"skipped":0,"pct":33.33},"functions":{"total":1,"covered":1,"skipped":0,"pct":100},"statements":{"total":6,"covered":2,"skipped":0,"pct":33.33},"branches":{"total":6,"covered":2,"skipped":0,"pct":33.33}}
,"/home/pda/Make/front/shared/store/reducers/partners/actions.js": {"lines":{"total":17,"covered":6,"skipped":0,"pct":35.29},"functions":{"total":6,"covered":0,"skipped":0,"pct":0},"statements":{"total":19,"covered":6,"skipped":0,"pct":31.58},"branches":{"total":8,"covered":0,"skipped":0,"pct":0}}
,"/home/pda/Make/front/shared/store/reducers/partners/index.js": {"lines":{"total":4,"covered":2,"skipped":0,"pct":50},"functions":{"total":1,"covered":1,"skipped":0,"pct":100},"statements":{"total":4,"covered":2,"skipped":0,"pct":50},"branches":{"total":4,"covered":2,"skipped":0,"pct":50}}
,"/home/pda/Make/front/shared/store/reducers/proposal/index.js": {"lines":{"total":4,"covered":2,"skipped":0,"pct":50},"functions":{"total":1,"covered":1,"skipped":0,"pct":100},"statements":{"total":4,"covered":2,"skipped":0,"pct":50},"branches":{"total":4,"covered":2,"skipped":0,"pct":50}}
,"/home/pda/Make/front/shared/store/reducers/questions/actions.js": {"lines":{"total":13,"covered":7,"skipped":0,"pct":53.85},"functions":{"total":5,"covered":0,"skipped":0,"pct":0},"statements":{"total":14,"covered":7,"skipped":0,"pct":50},"branches":{"total":5,"covered":0,"skipped":0,"pct":0}}
,"/home/pda/Make/front/shared/store/reducers/questions/index.js": {"lines":{"total":5,"covered":2,"skipped":0,"pct":40},"functions":{"total":1,"covered":1,"skipped":0,"pct":100},"statements":{"total":5,"covered":2,"skipped":0,"pct":40},"branches":{"total":5,"covered":2,"skipped":0,"pct":40}}
,"/home/pda/Make/front/shared/store/reducers/sequence/index.js": {"lines":{"total":21,"covered":2,"skipped":0,"pct":9.52},"functions":{"total":2,"covered":1,"skipped":0,"pct":50},"statements":{"total":21,"covered":2,"skipped":0,"pct":9.52},"branches":{"total":19,"covered":2,"skipped":0,"pct":10.53}}
,"/home/pda/Make/front/shared/store/reducers/session/index.js": {"lines":{"total":3,"covered":2,"skipped":0,"pct":66.67},"functions":{"total":1,"covered":1,"skipped":0,"pct":100},"statements":{"total":3,"covered":2,"skipped":0,"pct":66.67},"branches":{"total":3,"covered":2,"skipped":0,"pct":66.67}}
,"/home/pda/Make/front/shared/store/reducers/user/index.js": {"lines":{"total":1,"covered":1,"skipped":0,"pct":100},"functions":{"total":0,"covered":0,"skipped":0,"pct":100},"statements":{"total":1,"covered":1,"skipped":0,"pct":100},"branches":{"total":0,"covered":0,"skipped":0,"pct":100}}
,"/home/pda/Make/front/shared/store/reducers/user/authentication/index.js": {"lines":{"total":10,"covered":2,"skipped":0,"pct":20},"functions":{"total":1,"covered":1,"skipped":0,"pct":100},"statements":{"total":10,"covered":2,"skipped":0,"pct":20},"branches":{"total":10,"covered":2,"skipped":0,"pct":20}}
,"/home/pda/Make/front/shared/store/reducers/user/cookiesPreferences/index.js": {"lines":{"total":5,"covered":3,"skipped":0,"pct":60},"functions":{"total":1,"covered":1,"skipped":0,"pct":100},"statements":{"total":5,"covered":3,"skipped":0,"pct":60},"branches":{"total":5,"covered":3,"skipped":0,"pct":60}}
,"/home/pda/Make/front/shared/store/reducers/user/passwordRecovery/index.js": {"lines":{"total":5,"covered":2,"skipped":0,"pct":40},"functions":{"total":1,"covered":1,"skipped":0,"pct":100},"statements":{"total":5,"covered":2,"skipped":0,"pct":40},"branches":{"total":5,"covered":2,"skipped":0,"pct":40}}
,"/home/pda/Make/front/shared/store/reducers/views/actions.js": {"lines":{"total":3,"covered":3,"skipped":0,"pct":100},"functions":{"total":1,"covered":1,"skipped":0,"pct":100},"statements":{"total":4,"covered":4,"skipped":0,"pct":100},"branches":{"total":0,"covered":0,"skipped":0,"pct":100}}
,"/home/pda/Make/front/shared/store/reducers/views/index.js": {"lines":{"total":3,"covered":3,"skipped":0,"pct":100},"functions":{"total":1,"covered":1,"skipped":0,"pct":100},"statements":{"total":3,"covered":3,"skipped":0,"pct":100},"branches":{"total":3,"covered":3,"skipped":0,"pct":100}}
,"/home/pda/Make/front/shared/store/selectors/questions.selector.js": {"lines":{"total":18,"covered":5,"skipped":0,"pct":27.78},"functions":{"total":5,"covered":0,"skipped":0,"pct":0},"statements":{"total":18,"covered":5,"skipped":0,"pct":27.78},"branches":{"total":14,"covered":0,"skipped":0,"pct":0}}
,"/home/pda/Make/front/shared/store/selectors/user.selector.js": {"lines":{"total":5,"covered":4,"skipped":0,"pct":80},"functions":{"total":3,"covered":1,"skipped":0,"pct":33.33},"statements":{"total":6,"covered":4,"skipped":0,"pct":66.67},"branches":{"total":0,"covered":0,"skipped":0,"pct":100}}
,"/home/pda/Make/front/shared/types/image.js": {"lines":{"total":2,"covered":2,"skipped":0,"pct":100},"functions":{"total":0,"covered":0,"skipped":0,"pct":100},"statements":{"total":2,"covered":2,"skipped":0,"pct":100},"branches":{"total":0,"covered":0,"skipped":0,"pct":100}}
}
