{"/home/pda/Make/front/client/index.js": {"path":"/home/pda/Make/front/client/index.js","statementMap":{"0":{"start":{"line":37,"column":0},"end":{"line":50,"column":2}},"1":{"start":{"line":38,"column":2},"end":{"line":47,"column":3}},"2":{"start":{"line":39,"column":22},"end":{"line":39,"column":27}},"3":{"start":{"line":40,"column":4},"end":{"line":46,"column":7}},"4":{"start":{"line":49,"column":2},"end":{"line":49,"column":15}},"5":{"start":{"line":52,"column":19},"end":{"line":52,"column":39}},"6":{"start":{"line":54,"column":0},"end":{"line":56,"column":1}},"7":{"start":{"line":55,"column":2},"end":{"line":55,"column":78}},"8":{"start":{"line":58,"column":0},"end":{"line":58,"column":32}},"9":{"start":{"line":60,"column":25},"end":{"line":72,"column":1}},"10":{"start":{"line":61,"column":2},"end":{"line":67,"column":5}},"11":{"start":{"line":68,"column":2},"end":{"line":71,"column":5}},"12":{"start":{"line":74,"column":16},"end":{"line":205,"column":1}},"13":{"start":{"line":75,"column":53},"end":{"line":75,"column":68}},"14":{"start":{"line":79,"column":2},"end":{"line":82,"column":5}},"15":{"start":{"line":80,"column":4},"end":{"line":81,"column":65}},"16":{"start":{"line":83,"column":34},"end":{"line":83,"column":61}},"17":{"start":{"line":86,"column":2},"end":{"line":86,"column":55}},"18":{"start":{"line":88,"column":16},"end":{"line":99,"column":4}},"19":{"start":{"line":102,"column":2},"end":{"line":109,"column":5}},"20":{"start":{"line":112,"column":18},"end":{"line":112,"column":31}},"21":{"start":{"line":113,"column":28},"end":{"line":113,"column":64}},"22":{"start":{"line":114,"column":2},"end":{"line":114,"column":49}},"23":{"start":{"line":117,"column":2},"end":{"line":117,"column":33}},"24":{"start":{"line":120,"column":2},"end":{"line":130,"column":5}},"25":{"start":{"line":122,"column":6},"end":{"line":122,"column":39}},"26":{"start":{"line":123,"column":6},"end":{"line":123,"column":41}},"27":{"start":{"line":124,"column":6},"end":{"line":124,"column":43}},"28":{"start":{"line":125,"column":6},"end":{"line":125,"column":43}},"29":{"start":{"line":126,"column":6},"end":{"line":126,"column":33}},"30":{"start":{"line":127,"column":6},"end":{"line":127,"column":43}},"31":{"start":{"line":128,"column":6},"end":{"line":128,"column":47}},"32":{"start":{"line":133,"column":2},"end":{"line":133,"column":40}},"33":{"start":{"line":134,"column":2},"end":{"line":134,"column":42}},"34":{"start":{"line":135,"column":2},"end":{"line":135,"column":44}},"35":{"start":{"line":137,"column":53},"end":{"line":137,"column":69}},"36":{"start":{"line":138,"column":2},"end":{"line":140,"column":3}},"37":{"start":{"line":139,"column":4},"end":{"line":139,"column":69}},"38":{"start":{"line":142,"column":2},"end":{"line":144,"column":3}},"39":{"start":{"line":143,"column":4},"end":{"line":143,"column":47}},"40":{"start":{"line":147,"column":2},"end":{"line":149,"column":3}},"41":{"start":{"line":148,"column":4},"end":{"line":148,"column":43}},"42":{"start":{"line":150,"column":2},"end":{"line":152,"column":3}},"43":{"start":{"line":151,"column":4},"end":{"line":151,"column":43}},"44":{"start":{"line":153,"column":41},"end":{"line":153,"column":69}},"45":{"start":{"line":154,"column":2},"end":{"line":156,"column":3}},"46":{"start":{"line":155,"column":4},"end":{"line":155,"column":49}},"47":{"start":{"line":158,"column":2},"end":{"line":204,"column":5}},"48":{"start":{"line":159,"column":19},"end":{"line":159,"column":49}},"49":{"start":{"line":160,"column":25},"end":{"line":160,"column":72}},"50":{"start":{"line":162,"column":4},"end":{"line":186,"column":5}},"51":{"start":{"line":163,"column":6},"end":{"line":185,"column":8}},"52":{"start":{"line":188,"column":4},"end":{"line":203,"column":6}},"53":{"start":{"line":207,"column":0},"end":{"line":207,"column":22}},"54":{"start":{"line":209,"column":0},"end":{"line":211,"column":1}},"55":{"start":{"line":210,"column":2},"end":{"line":210,"column":22}}},"fnMap":{"0":{"name":"(anonymous_0)","decl":{"start":{"line":37,"column":17},"end":{"line":37,"column":18}},"loc":{"start":{"line":37,"column":71},"end":{"line":50,"column":1}},"line":37},"1":{"name":"(anonymous_1)","decl":{"start":{"line":60,"column":25},"end":{"line":60,"column":26}},"loc":{"start":{"line":60,"column":48},"end":{"line":72,"column":1}},"line":60},"2":{"name":"(anonymous_2)","decl":{"start":{"line":74,"column":16},"end":{"line":74,"column":17}},"loc":{"start":{"line":74,"column":31},"end":{"line":205,"column":1}},"line":74},"3":{"name":"(anonymous_3)","decl":{"start":{"line":79,"column":58},"end":{"line":79,"column":59}},"loc":{"start":{"line":79,"column":69},"end":{"line":82,"column":3}},"line":79},"4":{"name":"(anonymous_4)","decl":{"start":{"line":121,"column":22},"end":{"line":121,"column":23}},"loc":{"start":{"line":121,"column":32},"end":{"line":129,"column":5}},"line":121},"5":{"name":"(anonymous_5)","decl":{"start":{"line":158,"column":16},"end":{"line":158,"column":17}},"loc":{"start":{"line":158,"column":22},"end":{"line":204,"column":3}},"line":158}},"branchMap":{"0":{"loc":{"start":{"line":38,"column":2},"end":{"line":47,"column":3}},"type":"if","locations":[{"start":{"line":38,"column":2},"end":{"line":47,"column":3}},{"start":{"line":38,"column":2},"end":{"line":47,"column":3}}],"line":38},"1":{"loc":{"start":{"line":38,"column":6},"end":{"line":38,"column":26}},"type":"binary-expr","locations":[{"start":{"line":38,"column":6},"end":{"line":38,"column":11}},{"start":{"line":38,"column":15},"end":{"line":38,"column":26}}],"line":38},"2":{"loc":{"start":{"line":54,"column":0},"end":{"line":56,"column":1}},"type":"if","locations":[{"start":{"line":54,"column":0},"end":{"line":56,"column":1}},{"start":{"line":54,"column":0},"end":{"line":56,"column":1}}],"line":54},"3":{"loc":{"start":{"line":81,"column":6},"end":{"line":81,"column":64}},"type":"binary-expr","locations":[{"start":{"line":81,"column":6},"end":{"line":81,"column":29}},{"start":{"line":81,"column":33},"end":{"line":81,"column":64}}],"line":81},"4":{"loc":{"start":{"line":107,"column":9},"end":{"line":107,"column":37}},"type":"binary-expr","locations":[{"start":{"line":107,"column":9},"end":{"line":107,"column":17}},{"start":{"line":107,"column":21},"end":{"line":107,"column":37}}],"line":107},"5":{"loc":{"start":{"line":138,"column":2},"end":{"line":140,"column":3}},"type":"if","locations":[{"start":{"line":138,"column":2},"end":{"line":140,"column":3}},{"start":{"line":138,"column":2},"end":{"line":140,"column":3}}],"line":138},"6":{"loc":{"start":{"line":138,"column":6},"end":{"line":138,"column":51}},"type":"binary-expr","locations":[{"start":{"line":138,"column":6},"end":{"line":138,"column":21}},{"start":{"line":138,"column":25},"end":{"line":138,"column":51}}],"line":138},"7":{"loc":{"start":{"line":142,"column":2},"end":{"line":144,"column":3}},"type":"if","locations":[{"start":{"line":142,"column":2},"end":{"line":144,"column":3}},{"start":{"line":142,"column":2},"end":{"line":144,"column":3}}],"line":142},"8":{"loc":{"start":{"line":147,"column":2},"end":{"line":149,"column":3}},"type":"if","locations":[{"start":{"line":147,"column":2},"end":{"line":149,"column":3}},{"start":{"line":147,"column":2},"end":{"line":149,"column":3}}],"line":147},"9":{"loc":{"start":{"line":150,"column":2},"end":{"line":152,"column":3}},"type":"if","locations":[{"start":{"line":150,"column":2},"end":{"line":152,"column":3}},{"start":{"line":150,"column":2},"end":{"line":152,"column":3}}],"line":150},"10":{"loc":{"start":{"line":154,"column":2},"end":{"line":156,"column":3}},"type":"if","locations":[{"start":{"line":154,"column":2},"end":{"line":156,"column":3}},{"start":{"line":154,"column":2},"end":{"line":156,"column":3}}],"line":154},"11":{"loc":{"start":{"line":160,"column":25},"end":{"line":160,"column":72}},"type":"cond-expr","locations":[{"start":{"line":160,"column":38},"end":{"line":160,"column":53}},{"start":{"line":160,"column":56},"end":{"line":160,"column":72}}],"line":160},"12":{"loc":{"start":{"line":162,"column":4},"end":{"line":186,"column":5}},"type":"if","locations":[{"start":{"line":162,"column":4},"end":{"line":186,"column":5}},{"start":{"line":162,"column":4},"end":{"line":186,"column":5}}],"line":162},"13":{"loc":{"start":{"line":209,"column":0},"end":{"line":211,"column":1}},"type":"if","locations":[{"start":{"line":209,"column":0},"end":{"line":211,"column":1}},{"start":{"line":209,"column":0},"end":{"line":211,"column":1}}],"line":209}},"s":{"0":46,"1":0,"2":0,"3":0,"4":0,"5":46,"6":46,"7":0,"8":46,"9":46,"10":37,"11":37,"12":46,"13":46,"14":46,"15":115,"16":46,"17":37,"18":37,"19":37,"20":37,"21":37,"22":37,"23":37,"24":37,"25":238,"26":238,"27":238,"28":238,"29":238,"30":238,"31":238,"32":37,"33":37,"34":37,"35":37,"36":37,"37":0,"38":37,"39":37,"40":37,"41":0,"42":37,"43":0,"44":37,"45":37,"46":37,"47":37,"48":37,"49":37,"50":37,"51":0,"52":37,"53":46,"54":46,"55":0},"f":{"0":0,"1":37,"2":46,"3":115,"4":238,"5":37},"b":{"0":[0,0],"1":[0,0],"2":[0,46],"3":[115,0],"4":[37,0],"5":[0,37],"6":[37,0],"7":[37,0],"8":[0,37],"9":[0,37],"10":[37,0],"11":[0,37],"12":[0,37],"13":[0,46]},"_coverageSchema":"1a1c01bbd47fc00a2c39e90264f33305004495a9","hash":"c2ac6d5e15d665ae8601049b00e62bd0527be33f"}
,"/home/pda/Make/front/client/app/Routes.js": {"path":"/home/pda/Make/front/client/app/Routes.js","statementMap":{"0":{"start":{"line":65,"column":19},"end":{"line":65,"column":60}},"1":{"start":{"line":65,"column":34},"end":{"line":65,"column":59}},"2":{"start":{"line":66,"column":24},"end":{"line":68,"column":1}},"3":{"start":{"line":67,"column":2},"end":{"line":67,"column":45}},"4":{"start":{"line":69,"column":20},"end":{"line":69,"column":75}},"5":{"start":{"line":69,"column":35},"end":{"line":69,"column":74}},"6":{"start":{"line":70,"column":27},"end":{"line":72,"column":1}},"7":{"start":{"line":71,"column":2},"end":{"line":71,"column":41}},"8":{"start":{"line":73,"column":21},"end":{"line":73,"column":77}},"9":{"start":{"line":73,"column":36},"end":{"line":73,"column":76}},"10":{"start":{"line":74,"column":27},"end":{"line":76,"column":1}},"11":{"start":{"line":75,"column":2},"end":{"line":75,"column":48}},"12":{"start":{"line":77,"column":29},"end":{"line":79,"column":1}},"13":{"start":{"line":78,"column":2},"end":{"line":78,"column":50}},"14":{"start":{"line":80,"column":28},"end":{"line":82,"column":1}},"15":{"start":{"line":81,"column":2},"end":{"line":81,"column":49}},"16":{"start":{"line":83,"column":34},"end":{"line":85,"column":1}},"17":{"start":{"line":84,"column":2},"end":{"line":84,"column":53}},"18":{"start":{"line":86,"column":28},"end":{"line":88,"column":1}},"19":{"start":{"line":87,"column":2},"end":{"line":87,"column":49}},"20":{"start":{"line":89,"column":29},"end":{"line":91,"column":1}},"21":{"start":{"line":90,"column":2},"end":{"line":90,"column":37}},"22":{"start":{"line":92,"column":21},"end":{"line":92,"column":64}},"23":{"start":{"line":92,"column":36},"end":{"line":92,"column":63}},"24":{"start":{"line":93,"column":17},"end":{"line":93,"column":56}},"25":{"start":{"line":93,"column":32},"end":{"line":93,"column":55}},"26":{"start":{"line":94,"column":21},"end":{"line":94,"column":64}},"27":{"start":{"line":94,"column":36},"end":{"line":94,"column":63}},"28":{"start":{"line":95,"column":30},"end":{"line":97,"column":1}},"29":{"start":{"line":96,"column":2},"end":{"line":96,"column":38}},"30":{"start":{"line":98,"column":24},"end":{"line":98,"column":71}},"31":{"start":{"line":98,"column":39},"end":{"line":98,"column":70}},"32":{"start":{"line":100,"column":20},"end":{"line":100,"column":62}},"33":{"start":{"line":100,"column":35},"end":{"line":100,"column":61}},"34":{"start":{"line":102,"column":28},"end":{"line":102,"column":79}},"35":{"start":{"line":102,"column":43},"end":{"line":102,"column":78}},"36":{"start":{"line":104,"column":25},"end":{"line":104,"column":72}},"37":{"start":{"line":104,"column":40},"end":{"line":104,"column":71}},"38":{"start":{"line":106,"column":24},"end":{"line":106,"column":70}},"39":{"start":{"line":106,"column":39},"end":{"line":106,"column":69}},"40":{"start":{"line":108,"column":19},"end":{"line":108,"column":60}},"41":{"start":{"line":108,"column":34},"end":{"line":108,"column":59}},"42":{"start":{"line":110,"column":18},"end":{"line":110,"column":65}},"43":{"start":{"line":110,"column":33},"end":{"line":110,"column":64}},"44":{"start":{"line":111,"column":19},"end":{"line":111,"column":71}},"45":{"start":{"line":111,"column":34},"end":{"line":111,"column":70}},"46":{"start":{"line":112,"column":13},"end":{"line":112,"column":59}},"47":{"start":{"line":112,"column":28},"end":{"line":112,"column":58}},"48":{"start":{"line":113,"column":16},"end":{"line":113,"column":65}},"49":{"start":{"line":113,"column":31},"end":{"line":113,"column":64}},"50":{"start":{"line":114,"column":22},"end":{"line":114,"column":68}},"51":{"start":{"line":114,"column":37},"end":{"line":114,"column":67}},"52":{"start":{"line":115,"column":20},"end":{"line":115,"column":69}},"53":{"start":{"line":115,"column":35},"end":{"line":115,"column":68}},"54":{"start":{"line":117,"column":22},"end":{"line":242,"column":1}},"55":{"start":{"line":118,"column":18},"end":{"line":118,"column":31}},"56":{"start":{"line":119,"column":58},"end":{"line":121,"column":3}},"57":{"start":{"line":122,"column":19},"end":{"line":122,"column":32}},"58":{"start":{"line":123,"column":22},"end":{"line":123,"column":72}},"59":{"start":{"line":123,"column":56},"end":{"line":123,"column":71}},"60":{"start":{"line":124,"column":23},"end":{"line":124,"column":31}},"61":{"start":{"line":126,"column":2},"end":{"line":126,"column":34}},"62":{"start":{"line":128,"column":2},"end":{"line":132,"column":46}},"63":{"start":{"line":129,"column":4},"end":{"line":131,"column":5}},"64":{"start":{"line":130,"column":6},"end":{"line":130,"column":37}},"65":{"start":{"line":134,"column":2},"end":{"line":241,"column":4}}},"fnMap":{"0":{"name":"(anonymous_0)","decl":{"start":{"line":65,"column":28},"end":{"line":65,"column":29}},"loc":{"start":{"line":65,"column":34},"end":{"line":65,"column":59}},"line":65},"1":{"name":"(anonymous_1)","decl":{"start":{"line":66,"column":33},"end":{"line":66,"column":34}},"loc":{"start":{"line":67,"column":2},"end":{"line":67,"column":45}},"line":67},"2":{"name":"(anonymous_2)","decl":{"start":{"line":69,"column":29},"end":{"line":69,"column":30}},"loc":{"start":{"line":69,"column":35},"end":{"line":69,"column":74}},"line":69},"3":{"name":"(anonymous_3)","decl":{"start":{"line":70,"column":36},"end":{"line":70,"column":37}},"loc":{"start":{"line":71,"column":2},"end":{"line":71,"column":41}},"line":71},"4":{"name":"(anonymous_4)","decl":{"start":{"line":73,"column":30},"end":{"line":73,"column":31}},"loc":{"start":{"line":73,"column":36},"end":{"line":73,"column":76}},"line":73},"5":{"name":"(anonymous_5)","decl":{"start":{"line":74,"column":36},"end":{"line":74,"column":37}},"loc":{"start":{"line":75,"column":2},"end":{"line":75,"column":48}},"line":75},"6":{"name":"(anonymous_6)","decl":{"start":{"line":77,"column":38},"end":{"line":77,"column":39}},"loc":{"start":{"line":78,"column":2},"end":{"line":78,"column":50}},"line":78},"7":{"name":"(anonymous_7)","decl":{"start":{"line":80,"column":37},"end":{"line":80,"column":38}},"loc":{"start":{"line":81,"column":2},"end":{"line":81,"column":49}},"line":81},"8":{"name":"(anonymous_8)","decl":{"start":{"line":83,"column":43},"end":{"line":83,"column":44}},"loc":{"start":{"line":84,"column":2},"end":{"line":84,"column":53}},"line":84},"9":{"name":"(anonymous_9)","decl":{"start":{"line":86,"column":37},"end":{"line":86,"column":38}},"loc":{"start":{"line":87,"column":2},"end":{"line":87,"column":49}},"line":87},"10":{"name":"(anonymous_10)","decl":{"start":{"line":89,"column":38},"end":{"line":89,"column":39}},"loc":{"start":{"line":90,"column":2},"end":{"line":90,"column":37}},"line":90},"11":{"name":"(anonymous_11)","decl":{"start":{"line":92,"column":30},"end":{"line":92,"column":31}},"loc":{"start":{"line":92,"column":36},"end":{"line":92,"column":63}},"line":92},"12":{"name":"(anonymous_12)","decl":{"start":{"line":93,"column":26},"end":{"line":93,"column":27}},"loc":{"start":{"line":93,"column":32},"end":{"line":93,"column":55}},"line":93},"13":{"name":"(anonymous_13)","decl":{"start":{"line":94,"column":30},"end":{"line":94,"column":31}},"loc":{"start":{"line":94,"column":36},"end":{"line":94,"column":63}},"line":94},"14":{"name":"(anonymous_14)","decl":{"start":{"line":95,"column":39},"end":{"line":95,"column":40}},"loc":{"start":{"line":96,"column":2},"end":{"line":96,"column":38}},"line":96},"15":{"name":"(anonymous_15)","decl":{"start":{"line":98,"column":33},"end":{"line":98,"column":34}},"loc":{"start":{"line":98,"column":39},"end":{"line":98,"column":70}},"line":98},"16":{"name":"(anonymous_16)","decl":{"start":{"line":100,"column":29},"end":{"line":100,"column":30}},"loc":{"start":{"line":100,"column":35},"end":{"line":100,"column":61}},"line":100},"17":{"name":"(anonymous_17)","decl":{"start":{"line":102,"column":37},"end":{"line":102,"column":38}},"loc":{"start":{"line":102,"column":43},"end":{"line":102,"column":78}},"line":102},"18":{"name":"(anonymous_18)","decl":{"start":{"line":104,"column":34},"end":{"line":104,"column":35}},"loc":{"start":{"line":104,"column":40},"end":{"line":104,"column":71}},"line":104},"19":{"name":"(anonymous_19)","decl":{"start":{"line":106,"column":33},"end":{"line":106,"column":34}},"loc":{"start":{"line":106,"column":39},"end":{"line":106,"column":69}},"line":106},"20":{"name":"(anonymous_20)","decl":{"start":{"line":108,"column":28},"end":{"line":108,"column":29}},"loc":{"start":{"line":108,"column":34},"end":{"line":108,"column":59}},"line":108},"21":{"name":"(anonymous_21)","decl":{"start":{"line":110,"column":27},"end":{"line":110,"column":28}},"loc":{"start":{"line":110,"column":33},"end":{"line":110,"column":64}},"line":110},"22":{"name":"(anonymous_22)","decl":{"start":{"line":111,"column":28},"end":{"line":111,"column":29}},"loc":{"start":{"line":111,"column":34},"end":{"line":111,"column":70}},"line":111},"23":{"name":"(anonymous_23)","decl":{"start":{"line":112,"column":22},"end":{"line":112,"column":23}},"loc":{"start":{"line":112,"column":28},"end":{"line":112,"column":58}},"line":112},"24":{"name":"(anonymous_24)","decl":{"start":{"line":113,"column":25},"end":{"line":113,"column":26}},"loc":{"start":{"line":113,"column":31},"end":{"line":113,"column":64}},"line":113},"25":{"name":"(anonymous_25)","decl":{"start":{"line":114,"column":31},"end":{"line":114,"column":32}},"loc":{"start":{"line":114,"column":37},"end":{"line":114,"column":67}},"line":114},"26":{"name":"(anonymous_26)","decl":{"start":{"line":115,"column":29},"end":{"line":115,"column":30}},"loc":{"start":{"line":115,"column":35},"end":{"line":115,"column":68}},"line":115},"27":{"name":"(anonymous_27)","decl":{"start":{"line":117,"column":22},"end":{"line":117,"column":23}},"loc":{"start":{"line":117,"column":28},"end":{"line":242,"column":1}},"line":117},"28":{"name":"(anonymous_28)","decl":{"start":{"line":123,"column":34},"end":{"line":123,"column":35}},"loc":{"start":{"line":123,"column":56},"end":{"line":123,"column":71}},"line":123},"29":{"name":"(anonymous_29)","decl":{"start":{"line":128,"column":18},"end":{"line":128,"column":19}},"loc":{"start":{"line":128,"column":24},"end":{"line":132,"column":3}},"line":128}},"branchMap":{"0":{"loc":{"start":{"line":129,"column":4},"end":{"line":131,"column":5}},"type":"if","locations":[{"start":{"line":129,"column":4},"end":{"line":131,"column":5}},{"start":{"line":129,"column":4},"end":{"line":131,"column":5}}],"line":129},"1":{"loc":{"start":{"line":236,"column":47},"end":{"line":236,"column":73}},"type":"binary-expr","locations":[{"start":{"line":236,"column":47},"end":{"line":236,"column":54}},{"start":{"line":236,"column":58},"end":{"line":236,"column":73}}],"line":236}},"s":{"0":46,"1":0,"2":46,"3":0,"4":46,"5":0,"6":46,"7":0,"8":46,"9":0,"10":46,"11":0,"12":46,"13":0,"14":46,"15":0,"16":46,"17":0,"18":46,"19":0,"20":46,"21":0,"22":46,"23":0,"24":46,"25":0,"26":46,"27":0,"28":46,"29":0,"30":46,"31":0,"32":46,"33":0,"34":46,"35":0,"36":46,"37":0,"38":46,"39":0,"40":46,"41":0,"42":46,"43":0,"44":46,"45":0,"46":46,"47":0,"48":46,"49":0,"50":46,"51":0,"52":46,"53":0,"54":46,"55":86,"56":86,"57":86,"58":86,"59":217,"60":86,"61":86,"62":86,"63":84,"64":84,"65":86},"f":{"0":0,"1":0,"2":0,"3":0,"4":0,"5":0,"6":0,"7":0,"8":0,"9":0,"10":0,"11":0,"12":0,"13":0,"14":0,"15":0,"16":0,"17":0,"18":0,"19":0,"20":0,"21":0,"22":0,"23":0,"24":0,"25":0,"26":0,"27":86,"28":217,"29":84},"b":{"0":[84,0],"1":[86,0]},"_coverageSchema":"1a1c01bbd47fc00a2c39e90264f33305004495a9","hash":"b378f766610bba5c2db8464c92138f2d1137ebca"}
,"/home/pda/Make/front/client/app/index.js": {"path":"/home/pda/Make/front/client/app/index.js","statementMap":{"0":{"start":{"line":34,"column":28},"end":{"line":93,"column":1}},"1":{"start":{"line":35,"column":30},"end":{"line":37,"column":3}},"2":{"start":{"line":36,"column":26},"end":{"line":36,"column":41}},"3":{"start":{"line":38,"column":29},"end":{"line":38,"column":75}},"4":{"start":{"line":38,"column":63},"end":{"line":38,"column":74}},"5":{"start":{"line":40,"column":19},"end":{"line":40,"column":32}},"6":{"start":{"line":42,"column":29},"end":{"line":45,"column":3}},"7":{"start":{"line":43,"column":10},"end":{"line":43,"column":47}},"8":{"start":{"line":47,"column":21},"end":{"line":47,"column":48}},"9":{"start":{"line":48,"column":2},"end":{"line":52,"column":27}},"10":{"start":{"line":50,"column":4},"end":{"line":50,"column":58}},"11":{"start":{"line":51,"column":4},"end":{"line":51,"column":74}},"12":{"start":{"line":51,"column":17},"end":{"line":51,"column":73}},"13":{"start":{"line":54,"column":2},"end":{"line":57,"column":9}},"14":{"start":{"line":55,"column":4},"end":{"line":55,"column":25}},"15":{"start":{"line":59,"column":2},"end":{"line":92,"column":4}}},"fnMap":{"0":{"name":"(anonymous_0)","decl":{"start":{"line":34,"column":28},"end":{"line":34,"column":29}},"loc":{"start":{"line":34,"column":34},"end":{"line":93,"column":1}},"line":34},"1":{"name":"(anonymous_1)","decl":{"start":{"line":36,"column":4},"end":{"line":36,"column":5}},"loc":{"start":{"line":36,"column":26},"end":{"line":36,"column":41}},"line":36},"2":{"name":"(anonymous_2)","decl":{"start":{"line":38,"column":41},"end":{"line":38,"column":42}},"loc":{"start":{"line":38,"column":63},"end":{"line":38,"column":74}},"line":38},"3":{"name":"(anonymous_3)","decl":{"start":{"line":43,"column":4},"end":{"line":43,"column":5}},"loc":{"start":{"line":43,"column":10},"end":{"line":43,"column":47}},"line":43},"4":{"name":"(anonymous_4)","decl":{"start":{"line":48,"column":12},"end":{"line":48,"column":13}},"loc":{"start":{"line":48,"column":18},"end":{"line":52,"column":3}},"line":48},"5":{"name":"(anonymous_5)","decl":{"start":{"line":51,"column":11},"end":{"line":51,"column":12}},"loc":{"start":{"line":51,"column":17},"end":{"line":51,"column":73}},"line":51},"6":{"name":"(anonymous_6)","decl":{"start":{"line":54,"column":12},"end":{"line":54,"column":13}},"loc":{"start":{"line":54,"column":18},"end":{"line":57,"column":3}},"line":54}},"branchMap":{"0":{"loc":{"start":{"line":47,"column":21},"end":{"line":47,"column":48}},"type":"binary-expr","locations":[{"start":{"line":47,"column":21},"end":{"line":47,"column":28}},{"start":{"line":47,"column":32},"end":{"line":47,"column":48}}],"line":47},"1":{"loc":{"start":{"line":62,"column":9},"end":{"line":62,"column":38}},"type":"binary-expr","locations":[{"start":{"line":62,"column":9},"end":{"line":62,"column":19}},{"start":{"line":62,"column":23},"end":{"line":62,"column":38}}],"line":62},"2":{"loc":{"start":{"line":63,"column":9},"end":{"line":63,"column":49}},"type":"binary-expr","locations":[{"start":{"line":63,"column":9},"end":{"line":63,"column":23}},{"start":{"line":63,"column":27},"end":{"line":63,"column":49}}],"line":63}},"s":{"0":46,"1":86,"2":217,"3":86,"4":217,"5":86,"6":86,"7":27,"8":86,"9":86,"10":84,"11":84,"12":47,"13":86,"14":37,"15":86},"f":{"0":86,"1":217,"2":217,"3":27,"4":84,"5":47,"6":37},"b":{"0":[86,86],"1":[86,86],"2":[86,0]},"_coverageSchema":"1a1c01bbd47fc00a2c39e90264f33305004495a9","hash":"7a86e783bf4661ffc56420c634488282ca56e3b1"}
,"/home/pda/Make/front/client/app/CanonicalUrl/index.js": {"path":"/home/pda/Make/front/client/app/CanonicalUrl/index.js","statementMap":{"0":{"start":{"line":7,"column":28},"end":{"line":27,"column":1}},"1":{"start":{"line":8,"column":31},"end":{"line":8,"column":44}},"2":{"start":{"line":9,"column":20},"end":{"line":9,"column":47}},"3":{"start":{"line":10,"column":29},"end":{"line":10,"column":50}},"4":{"start":{"line":11,"column":24},"end":{"line":11,"column":26}},"5":{"start":{"line":14,"column":2},"end":{"line":18,"column":3}},"6":{"start":{"line":15,"column":18},"end":{"line":15,"column":40}},"7":{"start":{"line":16,"column":4},"end":{"line":16,"column":46}},"8":{"start":{"line":17,"column":4},"end":{"line":17,"column":58}},"9":{"start":{"line":20,"column":2},"end":{"line":26,"column":4}}},"fnMap":{"0":{"name":"(anonymous_0)","decl":{"start":{"line":7,"column":28},"end":{"line":7,"column":29}},"loc":{"start":{"line":7,"column":34},"end":{"line":27,"column":1}},"line":7}},"branchMap":{"0":{"loc":{"start":{"line":14,"column":2},"end":{"line":18,"column":3}},"type":"if","locations":[{"start":{"line":14,"column":2},"end":{"line":18,"column":3}},{"start":{"line":14,"column":2},"end":{"line":18,"column":3}}],"line":14}},"s":{"0":46,"1":86,"2":86,"3":86,"4":86,"5":86,"6":0,"7":0,"8":0,"9":86},"f":{"0":86},"b":{"0":[0,86]},"_coverageSchema":"1a1c01bbd47fc00a2c39e90264f33305004495a9","hash":"ef1ae46a2a6d4cdeb0dd53958d6866bfc0185d95"}
,"/home/pda/Make/front/client/app/CookieModal/CookieSwitch.js": {"path":"/home/pda/Make/front/client/app/CookieModal/CookieSwitch.js","statementMap":{"0":{"start":{"line":23,"column":28},"end":{"line":61,"column":1}},"1":{"start":{"line":24,"column":19},"end":{"line":24,"column":32}},"2":{"start":{"line":25,"column":62},"end":{"line":27,"column":3}},"3":{"start":{"line":26,"column":26},"end":{"line":26,"column":36}},"4":{"start":{"line":29,"column":2},"end":{"line":60,"column":4}},"5":{"start":{"line":39,"column":14},"end":{"line":44,"column":16}},"6":{"start":{"line":45,"column":14},"end":{"line":45,"column":50}},"7":{"start":{"line":48,"column":14},"end":{"line":53,"column":16}},"8":{"start":{"line":54,"column":14},"end":{"line":54,"column":50}}},"fnMap":{"0":{"name":"(anonymous_0)","decl":{"start":{"line":23,"column":28},"end":{"line":23,"column":29}},"loc":{"start":{"line":23,"column":77},"end":{"line":61,"column":1}},"line":23},"1":{"name":"(anonymous_1)","decl":{"start":{"line":26,"column":4},"end":{"line":26,"column":5}},"loc":{"start":{"line":26,"column":26},"end":{"line":26,"column":36}},"line":26},"2":{"name":"(anonymous_2)","decl":{"start":{"line":38,"column":24},"end":{"line":38,"column":25}},"loc":{"start":{"line":38,"column":30},"end":{"line":46,"column":13}},"line":38},"3":{"name":"(anonymous_3)","decl":{"start":{"line":47,"column":25},"end":{"line":47,"column":26}},"loc":{"start":{"line":47,"column":31},"end":{"line":55,"column":13}},"line":47}},"branchMap":{"0":{"loc":{"start":{"line":32,"column":19},"end":{"line":32,"column":48}},"type":"binary-expr","locations":[{"start":{"line":32,"column":19},"end":{"line":32,"column":31}},{"start":{"line":32,"column":35},"end":{"line":32,"column":48}}],"line":32}},"s":{"0":46,"1":0,"2":0,"3":0,"4":0,"5":0,"6":0,"7":0,"8":0},"f":{"0":0,"1":0,"2":0,"3":0},"b":{"0":[0,0]},"_coverageSchema":"1a1c01bbd47fc00a2c39e90264f33305004495a9","hash":"c0cdf41267cc40d8c67fa470ec7fdcded158e633"}
,"/home/pda/Make/front/client/app/CookieModal/FirstStep.js": {"path":"/home/pda/Make/front/client/app/CookieModal/FirstStep.js","statementMap":{"0":{"start":{"line":28,"column":31},"end":{"line":93,"column":1}},"1":{"start":{"line":29,"column":2},"end":{"line":31,"column":9}},"2":{"start":{"line":30,"column":4},"end":{"line":30,"column":39}},"3":{"start":{"line":33,"column":2},"end":{"line":92,"column":4}}},"fnMap":{"0":{"name":"(anonymous_0)","decl":{"start":{"line":28,"column":31},"end":{"line":28,"column":32}},"loc":{"start":{"line":28,"column":63},"end":{"line":93,"column":1}},"line":28},"1":{"name":"(anonymous_1)","decl":{"start":{"line":29,"column":12},"end":{"line":29,"column":13}},"loc":{"start":{"line":29,"column":18},"end":{"line":31,"column":3}},"line":29}},"branchMap":{},"s":{"0":46,"1":0,"2":0,"3":0},"f":{"0":0,"1":0},"b":{},"_coverageSchema":"1a1c01bbd47fc00a2c39e90264f33305004495a9","hash":"3510f6440a9b61c04ce999348ba890d028bd7a9e"}
,"/home/pda/Make/front/client/app/CookieModal/SecondStep.js": {"path":"/home/pda/Make/front/client/app/CookieModal/SecondStep.js","statementMap":{"0":{"start":{"line":37,"column":32},"end":{"line":184,"column":1}},"1":{"start":{"line":41,"column":21},"end":{"line":44,"column":3}},"2":{"start":{"line":42,"column":4},"end":{"line":42,"column":32}},"3":{"start":{"line":43,"column":4},"end":{"line":43,"column":26}},"4":{"start":{"line":46,"column":2},"end":{"line":48,"column":9}},"5":{"start":{"line":47,"column":4},"end":{"line":47,"column":40}},"6":{"start":{"line":50,"column":2},"end":{"line":183,"column":4}}},"fnMap":{"0":{"name":"(anonymous_0)","decl":{"start":{"line":37,"column":32},"end":{"line":37,"column":33}},"loc":{"start":{"line":40,"column":13},"end":{"line":184,"column":1}},"line":40},"1":{"name":"(anonymous_1)","decl":{"start":{"line":41,"column":21},"end":{"line":41,"column":22}},"loc":{"start":{"line":41,"column":27},"end":{"line":44,"column":3}},"line":41},"2":{"name":"(anonymous_2)","decl":{"start":{"line":46,"column":12},"end":{"line":46,"column":13}},"loc":{"start":{"line":46,"column":18},"end":{"line":48,"column":3}},"line":46}},"branchMap":{},"s":{"0":46,"1":0,"2":0,"3":0,"4":0,"5":0,"6":0},"f":{"0":0,"1":0,"2":0},"b":{},"_coverageSchema":"1a1c01bbd47fc00a2c39e90264f33305004495a9","hash":"577e1eea4f8da042c533e4c01f0d18226882448d"}
,"/home/pda/Make/front/client/app/CookieModal/index.js": {"path":"/home/pda/Make/front/client/app/CookieModal/index.js","statementMap":{"0":{"start":{"line":42,"column":0},"end":{"line":42,"column":33}},"1":{"start":{"line":43,"column":21},"end":{"line":56,"column":1}},"2":{"start":{"line":58,"column":27},"end":{"line":162,"column":1}},"3":{"start":{"line":59,"column":19},"end":{"line":59,"column":32}},"4":{"start":{"line":60,"column":35},"end":{"line":62,"column":3}},"5":{"start":{"line":61,"column":26},"end":{"line":61,"column":37}},"6":{"start":{"line":63,"column":62},"end":{"line":65,"column":3}},"7":{"start":{"line":64,"column":26},"end":{"line":64,"column":36}},"8":{"start":{"line":66,"column":47},"end":{"line":66,"column":62}},"9":{"start":{"line":67,"column":18},"end":{"line":67,"column":31}},"10":{"start":{"line":68,"column":57},"end":{"line":70,"column":3}},"11":{"start":{"line":72,"column":26},"end":{"line":78,"column":3}},"12":{"start":{"line":73,"column":4},"end":{"line":73,"column":44}},"13":{"start":{"line":74,"column":4},"end":{"line":74,"column":52}},"14":{"start":{"line":75,"column":4},"end":{"line":75,"column":34}},"15":{"start":{"line":76,"column":4},"end":{"line":76,"column":49}},"16":{"start":{"line":77,"column":4},"end":{"line":77,"column":56}},"17":{"start":{"line":80,"column":26},"end":{"line":86,"column":3}},"18":{"start":{"line":81,"column":4},"end":{"line":81,"column":44}},"19":{"start":{"line":82,"column":4},"end":{"line":82,"column":34}},"20":{"start":{"line":83,"column":4},"end":{"line":83,"column":34}},"21":{"start":{"line":84,"column":4},"end":{"line":84,"column":48}},"22":{"start":{"line":85,"column":4},"end":{"line":85,"column":57}},"23":{"start":{"line":88,"column":30},"end":{"line":90,"column":3}},"24":{"start":{"line":89,"column":4},"end":{"line":89,"column":40}},"25":{"start":{"line":92,"column":28},"end":{"line":95,"column":3}},"26":{"start":{"line":93,"column":4},"end":{"line":93,"column":26}},"27":{"start":{"line":94,"column":4},"end":{"line":94,"column":39}},"28":{"start":{"line":97,"column":28},"end":{"line":103,"column":3}},"29":{"start":{"line":98,"column":4},"end":{"line":98,"column":60}},"30":{"start":{"line":99,"column":4},"end":{"line":99,"column":34}},"31":{"start":{"line":100,"column":4},"end":{"line":100,"column":45}},"32":{"start":{"line":101,"column":4},"end":{"line":101,"column":54}},"33":{"start":{"line":102,"column":4},"end":{"line":102,"column":52}},"34":{"start":{"line":105,"column":2},"end":{"line":113,"column":9}},"35":{"start":{"line":106,"column":4},"end":{"line":111,"column":6}},"36":{"start":{"line":115,"column":2},"end":{"line":119,"column":36}},"37":{"start":{"line":116,"column":4},"end":{"line":118,"column":5}},"38":{"start":{"line":117,"column":6},"end":{"line":117,"column":35}},"39":{"start":{"line":121,"column":2},"end":{"line":123,"column":3}},"40":{"start":{"line":122,"column":4},"end":{"line":122,"column":16}},"41":{"start":{"line":125,"column":2},"end":{"line":161,"column":4}}},"fnMap":{"0":{"name":"(anonymous_0)","decl":{"start":{"line":58,"column":27},"end":{"line":58,"column":28}},"loc":{"start":{"line":58,"column":33},"end":{"line":162,"column":1}},"line":58},"1":{"name":"(anonymous_1)","decl":{"start":{"line":61,"column":4},"end":{"line":61,"column":5}},"loc":{"start":{"line":61,"column":26},"end":{"line":61,"column":37}},"line":61},"2":{"name":"(anonymous_2)","decl":{"start":{"line":64,"column":4},"end":{"line":64,"column":5}},"loc":{"start":{"line":64,"column":26},"end":{"line":64,"column":36}},"line":64},"3":{"name":"(anonymous_3)","decl":{"start":{"line":72,"column":26},"end":{"line":72,"column":27}},"loc":{"start":{"line":72,"column":38},"end":{"line":78,"column":3}},"line":72},"4":{"name":"(anonymous_4)","decl":{"start":{"line":80,"column":26},"end":{"line":80,"column":27}},"loc":{"start":{"line":80,"column":32},"end":{"line":86,"column":3}},"line":80},"5":{"name":"(anonymous_5)","decl":{"start":{"line":88,"column":30},"end":{"line":88,"column":31}},"loc":{"start":{"line":88,"column":36},"end":{"line":90,"column":3}},"line":88},"6":{"name":"(anonymous_6)","decl":{"start":{"line":92,"column":28},"end":{"line":92,"column":29}},"loc":{"start":{"line":92,"column":34},"end":{"line":95,"column":3}},"line":92},"7":{"name":"(anonymous_7)","decl":{"start":{"line":97,"column":28},"end":{"line":97,"column":29}},"loc":{"start":{"line":97,"column":34},"end":{"line":103,"column":3}},"line":97},"8":{"name":"(anonymous_8)","decl":{"start":{"line":105,"column":12},"end":{"line":105,"column":13}},"loc":{"start":{"line":105,"column":18},"end":{"line":113,"column":3}},"line":105},"9":{"name":"(anonymous_9)","decl":{"start":{"line":115,"column":12},"end":{"line":115,"column":13}},"loc":{"start":{"line":115,"column":18},"end":{"line":119,"column":3}},"line":115}},"branchMap":{"0":{"loc":{"start":{"line":116,"column":4},"end":{"line":118,"column":5}},"type":"if","locations":[{"start":{"line":116,"column":4},"end":{"line":118,"column":5}},{"start":{"line":116,"column":4},"end":{"line":118,"column":5}}],"line":116},"1":{"loc":{"start":{"line":121,"column":2},"end":{"line":123,"column":3}},"type":"if","locations":[{"start":{"line":121,"column":2},"end":{"line":123,"column":3}},{"start":{"line":121,"column":2},"end":{"line":123,"column":3}}],"line":121},"2":{"loc":{"start":{"line":132,"column":7},"end":{"line":139,"column":7}},"type":"cond-expr","locations":[{"start":{"line":133,"column":8},"end":{"line":136,"column":10}},{"start":{"line":138,"column":8},"end":{"line":138,"column":61}}],"line":132},"3":{"loc":{"start":{"line":142,"column":9},"end":{"line":158,"column":9}},"type":"cond-expr","locations":[{"start":{"line":143,"column":10},"end":{"line":145,"column":38}},{"start":{"line":147,"column":10},"end":{"line":157,"column":13}}],"line":142}},"s":{"0":46,"1":46,"2":46,"3":86,"4":86,"5":217,"6":86,"7":217,"8":86,"9":86,"10":86,"11":86,"12":0,"13":0,"14":0,"15":0,"16":0,"17":86,"18":0,"19":0,"20":0,"21":0,"22":0,"23":86,"24":0,"25":86,"26":0,"27":0,"28":86,"29":0,"30":0,"31":0,"32":0,"33":0,"34":86,"35":37,"36":86,"37":84,"38":0,"39":86,"40":86,"41":0},"f":{"0":86,"1":217,"2":217,"3":0,"4":0,"5":0,"6":0,"7":0,"8":37,"9":84},"b":{"0":[0,84],"1":[86,0],"2":[0,0],"3":[0,0]},"_coverageSchema":"1a1c01bbd47fc00a2c39e90264f33305004495a9","hash":"5c388d1fa017d96d3afabd2bed19e8851d616541"}
,"/home/pda/Make/front/client/app/CookieModal/style.js": {"path":"/home/pda/Make/front/client/app/CookieModal/style.js","statementMap":{"0":{"start":{"line":13,"column":39},"end":{"line":27,"column":1}},"1":{"start":{"line":29,"column":44},"end":{"line":38,"column":1}},"2":{"start":{"line":40,"column":46},"end":{"line":50,"column":1}},"3":{"start":{"line":52,"column":37},"end":{"line":62,"column":1}},"4":{"start":{"line":64,"column":41},"end":{"line":68,"column":1}},"5":{"start":{"line":70,"column":46},"end":{"line":75,"column":1}},"6":{"start":{"line":77,"column":44},"end":{"line":81,"column":1}},"7":{"start":{"line":83,"column":45},"end":{"line":98,"column":1}},"8":{"start":{"line":100,"column":39},"end":{"line":114,"column":1}},"9":{"start":{"line":116,"column":30},"end":{"line":120,"column":1}},"10":{"start":{"line":122,"column":41},"end":{"line":124,"column":1}},"11":{"start":{"line":126,"column":30},"end":{"line":138,"column":1}},"12":{"start":{"line":140,"column":45},"end":{"line":145,"column":1}},"13":{"start":{"line":147,"column":53},"end":{"line":165,"column":1}},"14":{"start":{"line":167,"column":52},"end":{"line":169,"column":1}},"15":{"start":{"line":171,"column":40},"end":{"line":177,"column":1}},"16":{"start":{"line":179,"column":42},"end":{"line":187,"column":1}},"17":{"start":{"line":189,"column":41},"end":{"line":195,"column":1}},"18":{"start":{"line":197,"column":38},"end":{"line":199,"column":1}},"19":{"start":{"line":201,"column":32},"end":{"line":219,"column":1}}},"fnMap":{},"branchMap":{},"s":{"0":46,"1":46,"2":46,"3":46,"4":46,"5":46,"6":46,"7":46,"8":46,"9":46,"10":46,"11":46,"12":46,"13":46,"14":46,"15":46,"16":46,"17":46,"18":46,"19":46},"f":{},"b":{},"_coverageSchema":"1a1c01bbd47fc00a2c39e90264f33305004495a9","hash":"def9b382a8e37ded7cfa8fbb6c7f40a2d3b302bd"}
,"/home/pda/Make/front/client/app/CountryListener/index.js": {"path":"/home/pda/Make/front/client/app/CountryListener/index.js","statementMap":{"0":{"start":{"line":11,"column":31},"end":{"line":41,"column":1}},"1":{"start":{"line":12,"column":21},"end":{"line":16,"column":3}},"2":{"start":{"line":17,"column":22},"end":{"line":17,"column":28}},"3":{"start":{"line":18,"column":23},"end":{"line":18,"column":55}},"4":{"start":{"line":19,"column":16},"end":{"line":19,"column":57}},"5":{"start":{"line":20,"column":19},"end":{"line":20,"column":36}},"6":{"start":{"line":21,"column":19},"end":{"line":21,"column":32}},"7":{"start":{"line":23,"column":2},"end":{"line":38,"column":4}},"8":{"start":{"line":25,"column":6},"end":{"line":34,"column":7}},"9":{"start":{"line":26,"column":8},"end":{"line":31,"column":10}},"10":{"start":{"line":40,"column":2},"end":{"line":40,"column":14}}},"fnMap":{"0":{"name":"(anonymous_0)","decl":{"start":{"line":11,"column":31},"end":{"line":11,"column":32}},"loc":{"start":{"line":11,"column":37},"end":{"line":41,"column":1}},"line":11},"1":{"name":"(anonymous_1)","decl":{"start":{"line":24,"column":4},"end":{"line":24,"column":5}},"loc":{"start":{"line":24,"column":10},"end":{"line":35,"column":5}},"line":24}},"branchMap":{"0":{"loc":{"start":{"line":12,"column":21},"end":{"line":16,"column":3}},"type":"binary-expr","locations":[{"start":{"line":12,"column":21},"end":{"line":14,"column":4}},{"start":{"line":14,"column":8},"end":{"line":16,"column":3}}],"line":12},"1":{"loc":{"start":{"line":18,"column":23},"end":{"line":18,"column":55}},"type":"binary-expr","locations":[{"start":{"line":18,"column":23},"end":{"line":18,"column":30}},{"start":{"line":18,"column":34},"end":{"line":18,"column":55}}],"line":18},"2":{"loc":{"start":{"line":25,"column":6},"end":{"line":34,"column":7}},"type":"if","locations":[{"start":{"line":25,"column":6},"end":{"line":34,"column":7}},{"start":{"line":25,"column":6},"end":{"line":34,"column":7}}],"line":25}},"s":{"0":46,"1":41,"2":41,"3":41,"4":41,"5":41,"6":41,"7":41,"8":41,"9":41,"10":41},"f":{"0":41,"1":41},"b":{"0":[41,0],"1":[41,41],"2":[41,0]},"_coverageSchema":"1a1c01bbd47fc00a2c39e90264f33305004495a9","hash":"4e3651e8472f38b387f0442cbd1f7db73d31f016"}
,"/home/pda/Make/front/client/app/Error/index.js": {"path":"/home/pda/Make/front/client/app/Error/index.js","statementMap":{"0":{"start":{"line":26,"column":4},"end":{"line":26,"column":17}},"1":{"start":{"line":27,"column":4},"end":{"line":29,"column":6}},"2":{"start":{"line":33,"column":4},"end":{"line":33,"column":38}},"3":{"start":{"line":34,"column":4},"end":{"line":34,"column":27}},"4":{"start":{"line":40,"column":25},"end":{"line":40,"column":35}},"5":{"start":{"line":41,"column":25},"end":{"line":41,"column":35}},"6":{"start":{"line":43,"column":4},"end":{"line":46,"column":5}},"7":{"start":{"line":45,"column":6},"end":{"line":45,"column":47}},"8":{"start":{"line":47,"column":4},"end":{"line":47,"column":20}},"9":{"start":{"line":54,"column":35},"end":{"line":89,"column":1}},"10":{"start":{"line":55,"column":19},"end":{"line":55,"column":32}},"11":{"start":{"line":56,"column":2},"end":{"line":86,"column":5}},"12":{"start":{"line":57,"column":4},"end":{"line":65,"column":5}},"13":{"start":{"line":58,"column":6},"end":{"line":62,"column":7}},"14":{"start":{"line":59,"column":8},"end":{"line":61,"column":10}},"15":{"start":{"line":64,"column":6},"end":{"line":64,"column":25}},"16":{"start":{"line":66,"column":4},"end":{"line":85,"column":5}},"17":{"start":{"line":72,"column":6},"end":{"line":77,"column":8}},"18":{"start":{"line":79,"column":6},"end":{"line":84,"column":8}},"19":{"start":{"line":88,"column":2},"end":{"line":88,"column":24}}},"fnMap":{"0":{"name":"(anonymous_0)","decl":{"start":{"line":25,"column":2},"end":{"line":25,"column":3}},"loc":{"start":{"line":25,"column":28},"end":{"line":30,"column":3}},"line":25},"1":{"name":"(anonymous_1)","decl":{"start":{"line":32,"column":2},"end":{"line":32,"column":3}},"loc":{"start":{"line":32,"column":34},"end":{"line":35,"column":3}},"line":32},"2":{"name":"(anonymous_2)","decl":{"start":{"line":37,"column":2},"end":{"line":37,"column":3}},"loc":{"start":{"line":37,"column":11},"end":{"line":48,"column":3}},"line":37},"3":{"name":"(anonymous_3)","decl":{"start":{"line":54,"column":35},"end":{"line":54,"column":36}},"loc":{"start":{"line":54,"column":54},"end":{"line":89,"column":1}},"line":54},"4":{"name":"(anonymous_4)","decl":{"start":{"line":56,"column":21},"end":{"line":56,"column":22}},"loc":{"start":{"line":56,"column":30},"end":{"line":86,"column":3}},"line":56}},"branchMap":{"0":{"loc":{"start":{"line":43,"column":4},"end":{"line":46,"column":5}},"type":"if","locations":[{"start":{"line":43,"column":4},"end":{"line":46,"column":5}},{"start":{"line":43,"column":4},"end":{"line":46,"column":5}}],"line":43},"1":{"loc":{"start":{"line":58,"column":6},"end":{"line":62,"column":7}},"type":"if","locations":[{"start":{"line":58,"column":6},"end":{"line":62,"column":7}},{"start":{"line":58,"column":6},"end":{"line":62,"column":7}}],"line":58},"2":{"loc":{"start":{"line":66,"column":4},"end":{"line":85,"column":5}},"type":"if","locations":[{"start":{"line":66,"column":4},"end":{"line":85,"column":5}},{"start":{"line":66,"column":4},"end":{"line":85,"column":5}}],"line":66},"3":{"loc":{"start":{"line":67,"column":6},"end":{"line":70,"column":39}},"type":"binary-expr","locations":[{"start":{"line":67,"column":6},"end":{"line":67,"column":35}},{"start":{"line":68,"column":6},"end":{"line":68,"column":12}},{"start":{"line":69,"column":6},"end":{"line":69,"column":22}},{"start":{"line":70,"column":6},"end":{"line":70,"column":39}}],"line":67}},"s":{"0":37,"1":37,"2":0,"3":0,"4":86,"5":86,"6":86,"7":0,"8":86,"9":46,"10":86,"11":86,"12":0,"13":0,"14":0,"15":0,"16":0,"17":0,"18":0,"19":86},"f":{"0":37,"1":0,"2":86,"3":86,"4":0},"b":{"0":[0,86],"1":[0,0],"2":[0,0],"3":[0,0,0,0]},"_coverageSchema":"1a1c01bbd47fc00a2c39e90264f33305004495a9","hash":"2b89ff80b327551fe3f5474fdfacbf6eadec37f7"}
,"/home/pda/Make/front/client/app/Expiration/Secure/index.js": {"path":"/home/pda/Make/front/client/app/Expiration/Secure/index.js","statementMap":{"0":{"start":{"line":14,"column":47},"end":{"line":14,"column":71}},"1":{"start":{"line":16,"column":32},"end":{"line":55,"column":1}},"2":{"start":{"line":17,"column":19},"end":{"line":17,"column":32}},"3":{"start":{"line":18,"column":20},"end":{"line":18,"column":64}},"4":{"start":{"line":19,"column":38},"end":{"line":21,"column":3}},"5":{"start":{"line":22,"column":31},"end":{"line":22,"column":51}},"6":{"start":{"line":23,"column":24},"end":{"line":23,"column":42}},"7":{"start":{"line":24,"column":19},"end":{"line":24,"column":32}},"8":{"start":{"line":26,"column":2},"end":{"line":26,"column":37}},"9":{"start":{"line":28,"column":2},"end":{"line":52,"column":30}},"10":{"start":{"line":29,"column":24},"end":{"line":29,"column":34}},"11":{"start":{"line":30,"column":38},"end":{"line":30,"column":51}},"12":{"start":{"line":32,"column":6},"end":{"line":34,"column":31}},"13":{"start":{"line":36,"column":4},"end":{"line":38,"column":5}},"14":{"start":{"line":37,"column":6},"end":{"line":37,"column":23}},"15":{"start":{"line":40,"column":18},"end":{"line":49,"column":24}},"16":{"start":{"line":41,"column":6},"end":{"line":48,"column":7}},"17":{"start":{"line":42,"column":8},"end":{"line":42,"column":63}},"18":{"start":{"line":44,"column":8},"end":{"line":47,"column":11}},"19":{"start":{"line":45,"column":10},"end":{"line":45,"column":37}},"20":{"start":{"line":46,"column":10},"end":{"line":46,"column":70}},"21":{"start":{"line":50,"column":4},"end":{"line":50,"column":37}},"22":{"start":{"line":50,"column":17},"end":{"line":50,"column":36}},"23":{"start":{"line":54,"column":2},"end":{"line":54,"column":18}}},"fnMap":{"0":{"name":"(anonymous_0)","decl":{"start":{"line":16,"column":32},"end":{"line":16,"column":33}},"loc":{"start":{"line":16,"column":57},"end":{"line":55,"column":1}},"line":16},"1":{"name":"(anonymous_1)","decl":{"start":{"line":28,"column":12},"end":{"line":28,"column":13}},"loc":{"start":{"line":28,"column":18},"end":{"line":52,"column":3}},"line":28},"2":{"name":"(anonymous_2)","decl":{"start":{"line":40,"column":29},"end":{"line":40,"column":30}},"loc":{"start":{"line":40,"column":41},"end":{"line":49,"column":5}},"line":40},"3":{"name":"(anonymous_3)","decl":{"start":{"line":44,"column":27},"end":{"line":44,"column":28}},"loc":{"start":{"line":44,"column":33},"end":{"line":47,"column":9}},"line":44},"4":{"name":"(anonymous_4)","decl":{"start":{"line":50,"column":11},"end":{"line":50,"column":12}},"loc":{"start":{"line":50,"column":17},"end":{"line":50,"column":36}},"line":50}},"branchMap":{"0":{"loc":{"start":{"line":36,"column":4},"end":{"line":38,"column":5}},"type":"if","locations":[{"start":{"line":36,"column":4},"end":{"line":38,"column":5}},{"start":{"line":36,"column":4},"end":{"line":38,"column":5}}],"line":36},"1":{"loc":{"start":{"line":36,"column":8},"end":{"line":36,"column":62}},"type":"binary-expr","locations":[{"start":{"line":36,"column":8},"end":{"line":36,"column":38}},{"start":{"line":36,"column":42},"end":{"line":36,"column":62}}],"line":36},"2":{"loc":{"start":{"line":41,"column":6},"end":{"line":48,"column":7}},"type":"if","locations":[{"start":{"line":41,"column":6},"end":{"line":48,"column":7}},{"start":{"line":41,"column":6},"end":{"line":48,"column":7}}],"line":41}},"s":{"0":46,"1":46,"2":86,"3":86,"4":86,"5":86,"6":86,"7":86,"8":86,"9":86,"10":37,"11":37,"12":37,"13":37,"14":37,"15":0,"16":0,"17":0,"18":0,"19":0,"20":0,"21":0,"22":0,"23":86},"f":{"0":86,"1":37,"2":0,"3":0,"4":0},"b":{"0":[37,0],"1":[37,0],"2":[0,0]},"_coverageSchema":"1a1c01bbd47fc00a2c39e90264f33305004495a9","hash":"4fc3f50b9f4cb8b43ffb9c25a453e107d5465dc3"}
,"/home/pda/Make/front/client/app/Expiration/Session/index.js": {"path":"/home/pda/Make/front/client/app/Expiration/Session/index.js","statementMap":{"0":{"start":{"line":23,"column":48},"end":{"line":23,"column":76}},"1":{"start":{"line":24,"column":38},"end":{"line":24,"column":57}},"2":{"start":{"line":26,"column":33},"end":{"line":110,"column":1}},"3":{"start":{"line":27,"column":19},"end":{"line":27,"column":32}},"4":{"start":{"line":28,"column":24},"end":{"line":28,"column":72}},"5":{"start":{"line":28,"column":58},"end":{"line":28,"column":71}},"6":{"start":{"line":29,"column":38},"end":{"line":31,"column":3}},"7":{"start":{"line":32,"column":32},"end":{"line":32,"column":52}},"8":{"start":{"line":33,"column":24},"end":{"line":33,"column":42}},"9":{"start":{"line":34,"column":40},"end":{"line":36,"column":3}},"10":{"start":{"line":35,"column":26},"end":{"line":35,"column":59}},"11":{"start":{"line":37,"column":42},"end":{"line":37,"column":54}},"12":{"start":{"line":39,"column":2},"end":{"line":39,"column":37}},"13":{"start":{"line":41,"column":20},"end":{"line":45,"column":3}},"14":{"start":{"line":42,"column":4},"end":{"line":44,"column":5}},"15":{"start":{"line":43,"column":6},"end":{"line":43,"column":45}},"16":{"start":{"line":48,"column":2},"end":{"line":56,"column":9}},"17":{"start":{"line":49,"column":4},"end":{"line":51,"column":7}},"18":{"start":{"line":50,"column":6},"end":{"line":50,"column":47}},"19":{"start":{"line":53,"column":4},"end":{"line":55,"column":6}},"20":{"start":{"line":54,"column":6},"end":{"line":54,"column":61}},"21":{"start":{"line":59,"column":2},"end":{"line":63,"column":18}},"22":{"start":{"line":60,"column":4},"end":{"line":62,"column":5}},"23":{"start":{"line":61,"column":6},"end":{"line":61,"column":26}},"24":{"start":{"line":66,"column":2},"end":{"line":74,"column":21}},"25":{"start":{"line":67,"column":32},"end":{"line":67,"column":76}},"26":{"start":{"line":68,"column":26},"end":{"line":68,"column":36}},"27":{"start":{"line":70,"column":4},"end":{"line":72,"column":5}},"28":{"start":{"line":71,"column":6},"end":{"line":71,"column":18}},"29":{"start":{"line":77,"column":2},"end":{"line":82,"column":21}},"30":{"start":{"line":78,"column":4},"end":{"line":80,"column":5}},"31":{"start":{"line":79,"column":6},"end":{"line":79,"column":46}},"32":{"start":{"line":85,"column":2},"end":{"line":102,"column":30}},"33":{"start":{"line":86,"column":24},"end":{"line":86,"column":34}},"34":{"start":{"line":88,"column":6},"end":{"line":88,"column":61}},"35":{"start":{"line":89,"column":4},"end":{"line":91,"column":5}},"36":{"start":{"line":90,"column":6},"end":{"line":90,"column":23}},"37":{"start":{"line":93,"column":18},"end":{"line":99,"column":24}},"38":{"start":{"line":94,"column":6},"end":{"line":98,"column":7}},"39":{"start":{"line":95,"column":8},"end":{"line":95,"column":68}},"40":{"start":{"line":97,"column":8},"end":{"line":97,"column":20}},"41":{"start":{"line":100,"column":4},"end":{"line":100,"column":37}},"42":{"start":{"line":100,"column":17},"end":{"line":100,"column":36}},"43":{"start":{"line":104,"column":2},"end":{"line":109,"column":4}},"44":{"start":{"line":112,"column":33},"end":{"line":112,"column":70}}},"fnMap":{"0":{"name":"(anonymous_0)","decl":{"start":{"line":26,"column":33},"end":{"line":26,"column":34}},"loc":{"start":{"line":26,"column":67},"end":{"line":110,"column":1}},"line":26},"1":{"name":"(anonymous_1)","decl":{"start":{"line":28,"column":36},"end":{"line":28,"column":37}},"loc":{"start":{"line":28,"column":58},"end":{"line":28,"column":71}},"line":28},"2":{"name":"(anonymous_2)","decl":{"start":{"line":35,"column":4},"end":{"line":35,"column":5}},"loc":{"start":{"line":35,"column":26},"end":{"line":35,"column":59}},"line":35},"3":{"name":"(anonymous_3)","decl":{"start":{"line":41,"column":20},"end":{"line":41,"column":21}},"loc":{"start":{"line":41,"column":26},"end":{"line":45,"column":3}},"line":41},"4":{"name":"(anonymous_4)","decl":{"start":{"line":48,"column":12},"end":{"line":48,"column":13}},"loc":{"start":{"line":48,"column":18},"end":{"line":56,"column":3}},"line":48},"5":{"name":"(anonymous_5)","decl":{"start":{"line":49,"column":56},"end":{"line":49,"column":57}},"loc":{"start":{"line":49,"column":67},"end":{"line":51,"column":5}},"line":49},"6":{"name":"(anonymous_6)","decl":{"start":{"line":53,"column":11},"end":{"line":53,"column":12}},"loc":{"start":{"line":53,"column":17},"end":{"line":55,"column":5}},"line":53},"7":{"name":"(anonymous_7)","decl":{"start":{"line":59,"column":12},"end":{"line":59,"column":13}},"loc":{"start":{"line":59,"column":18},"end":{"line":63,"column":3}},"line":59},"8":{"name":"(anonymous_8)","decl":{"start":{"line":66,"column":12},"end":{"line":66,"column":13}},"loc":{"start":{"line":66,"column":18},"end":{"line":74,"column":3}},"line":66},"9":{"name":"(anonymous_9)","decl":{"start":{"line":77,"column":12},"end":{"line":77,"column":13}},"loc":{"start":{"line":77,"column":18},"end":{"line":82,"column":3}},"line":77},"10":{"name":"(anonymous_10)","decl":{"start":{"line":85,"column":12},"end":{"line":85,"column":13}},"loc":{"start":{"line":85,"column":18},"end":{"line":102,"column":3}},"line":85},"11":{"name":"(anonymous_11)","decl":{"start":{"line":93,"column":29},"end":{"line":93,"column":30}},"loc":{"start":{"line":93,"column":35},"end":{"line":99,"column":5}},"line":93},"12":{"name":"(anonymous_12)","decl":{"start":{"line":100,"column":11},"end":{"line":100,"column":12}},"loc":{"start":{"line":100,"column":17},"end":{"line":100,"column":36}},"line":100}},"branchMap":{"0":{"loc":{"start":{"line":42,"column":4},"end":{"line":44,"column":5}},"type":"if","locations":[{"start":{"line":42,"column":4},"end":{"line":44,"column":5}},{"start":{"line":42,"column":4},"end":{"line":44,"column":5}}],"line":42},"1":{"loc":{"start":{"line":60,"column":4},"end":{"line":62,"column":5}},"type":"if","locations":[{"start":{"line":60,"column":4},"end":{"line":62,"column":5}},{"start":{"line":60,"column":4},"end":{"line":62,"column":5}}],"line":60},"2":{"loc":{"start":{"line":67,"column":32},"end":{"line":67,"column":76}},"type":"binary-expr","locations":[{"start":{"line":67,"column":32},"end":{"line":67,"column":46}},{"start":{"line":67,"column":50},"end":{"line":67,"column":76}}],"line":67},"3":{"loc":{"start":{"line":70,"column":4},"end":{"line":72,"column":5}},"type":"if","locations":[{"start":{"line":70,"column":4},"end":{"line":72,"column":5}},{"start":{"line":70,"column":4},"end":{"line":72,"column":5}}],"line":70},"4":{"loc":{"start":{"line":70,"column":8},"end":{"line":70,"column":45}},"type":"binary-expr","locations":[{"start":{"line":70,"column":8},"end":{"line":70,"column":22}},{"start":{"line":70,"column":26},"end":{"line":70,"column":45}}],"line":70},"5":{"loc":{"start":{"line":78,"column":4},"end":{"line":80,"column":5}},"type":"if","locations":[{"start":{"line":78,"column":4},"end":{"line":80,"column":5}},{"start":{"line":78,"column":4},"end":{"line":80,"column":5}}],"line":78},"6":{"loc":{"start":{"line":78,"column":8},"end":{"line":78,"column":50}},"type":"binary-expr","locations":[{"start":{"line":78,"column":8},"end":{"line":78,"column":20}},{"start":{"line":78,"column":24},"end":{"line":78,"column":50}}],"line":78},"7":{"loc":{"start":{"line":89,"column":4},"end":{"line":91,"column":5}},"type":"if","locations":[{"start":{"line":89,"column":4},"end":{"line":91,"column":5}},{"start":{"line":89,"column":4},"end":{"line":91,"column":5}}],"line":89},"8":{"loc":{"start":{"line":89,"column":8},"end":{"line":89,"column":62}},"type":"binary-expr","locations":[{"start":{"line":89,"column":8},"end":{"line":89,"column":38}},{"start":{"line":89,"column":42},"end":{"line":89,"column":62}}],"line":89},"9":{"loc":{"start":{"line":94,"column":6},"end":{"line":98,"column":7}},"type":"if","locations":[{"start":{"line":94,"column":6},"end":{"line":98,"column":7}},{"start":{"line":94,"column":6},"end":{"line":98,"column":7}}],"line":94}},"s":{"0":46,"1":46,"2":46,"3":156,"4":156,"5":287,"6":156,"7":156,"8":156,"9":156,"10":287,"11":156,"12":156,"13":156,"14":0,"15":0,"16":156,"17":37,"18":78,"19":37,"20":0,"21":156,"22":37,"23":37,"24":156,"25":72,"26":72,"27":72,"28":0,"29":156,"30":72,"31":0,"32":156,"33":37,"34":37,"35":37,"36":37,"37":0,"38":0,"39":0,"40":0,"41":0,"42":0,"43":156,"44":46},"f":{"0":156,"1":287,"2":287,"3":0,"4":37,"5":78,"6":0,"7":37,"8":72,"9":72,"10":37,"11":0,"12":0},"b":{"0":[0,0],"1":[37,0],"2":[72,0],"3":[0,72],"4":[72,0],"5":[0,72],"6":[72,0],"7":[37,0],"8":[37,0],"9":[0,0]},"_coverageSchema":"1a1c01bbd47fc00a2c39e90264f33305004495a9","hash":"9102bee668d9b65f776839e67cc65ac444e82d9b"}
,"/home/pda/Make/front/client/app/Expiration/Session/Modal/index.js": {"path":"/home/pda/Make/front/client/app/Expiration/Session/Modal/index.js","statementMap":{"0":{"start":{"line":21,"column":0},"end":{"line":21,"column":33}},"1":{"start":{"line":23,"column":38},"end":{"line":67,"column":1}},"2":{"start":{"line":24,"column":19},"end":{"line":24,"column":32}},"3":{"start":{"line":25,"column":40},"end":{"line":27,"column":3}},"4":{"start":{"line":26,"column":26},"end":{"line":26,"column":59}},"5":{"start":{"line":29,"column":2},"end":{"line":33,"column":30}},"6":{"start":{"line":30,"column":4},"end":{"line":32,"column":5}},"7":{"start":{"line":31,"column":6},"end":{"line":31,"column":35}},"8":{"start":{"line":35,"column":22},"end":{"line":39,"column":3}},"9":{"start":{"line":36,"column":4},"end":{"line":36,"column":27}},"10":{"start":{"line":37,"column":4},"end":{"line":37,"column":44}},"11":{"start":{"line":38,"column":4},"end":{"line":38,"column":29}},"12":{"start":{"line":41,"column":2},"end":{"line":66,"column":4}}},"fnMap":{"0":{"name":"(anonymous_0)","decl":{"start":{"line":23,"column":38},"end":{"line":23,"column":39}},"loc":{"start":{"line":23,"column":44},"end":{"line":67,"column":1}},"line":23},"1":{"name":"(anonymous_1)","decl":{"start":{"line":26,"column":4},"end":{"line":26,"column":5}},"loc":{"start":{"line":26,"column":26},"end":{"line":26,"column":59}},"line":26},"2":{"name":"(anonymous_2)","decl":{"start":{"line":29,"column":12},"end":{"line":29,"column":13}},"loc":{"start":{"line":29,"column":18},"end":{"line":33,"column":3}},"line":29},"3":{"name":"(anonymous_3)","decl":{"start":{"line":35,"column":22},"end":{"line":35,"column":23}},"loc":{"start":{"line":35,"column":68},"end":{"line":39,"column":3}},"line":35}},"branchMap":{"0":{"loc":{"start":{"line":30,"column":4},"end":{"line":32,"column":5}},"type":"if","locations":[{"start":{"line":30,"column":4},"end":{"line":32,"column":5}},{"start":{"line":30,"column":4},"end":{"line":32,"column":5}}],"line":30}},"s":{"0":46,"1":46,"2":121,"3":121,"4":252,"5":121,"6":37,"7":0,"8":121,"9":0,"10":0,"11":0,"12":121},"f":{"0":121,"1":252,"2":37,"3":0},"b":{"0":[0,37]},"_coverageSchema":"1a1c01bbd47fc00a2c39e90264f33305004495a9","hash":"fa4678c92689fe2ad592dabb5ab691f10f6e1bc6"}
,"/home/pda/Make/front/client/app/Expiration/Session/Modal/style.js": {"path":"/home/pda/Make/front/client/app/Expiration/Session/Modal/style.js","statementMap":{"0":{"start":{"line":6,"column":50},"end":{"line":13,"column":1}},"1":{"start":{"line":15,"column":33},"end":{"line":17,"column":1}},"2":{"start":{"line":19,"column":42},"end":{"line":21,"column":1}},"3":{"start":{"line":23,"column":44},"end":{"line":26,"column":1}}},"fnMap":{},"branchMap":{},"s":{"0":46,"1":46,"2":46,"3":46},"f":{},"b":{},"_coverageSchema":"1a1c01bbd47fc00a2c39e90264f33305004495a9","hash":"22e7e513d7eeac112be670671a0c0f5a9e4f108c"}
,"/home/pda/Make/front/client/app/Footer/CommonLinks.js": {"path":"/home/pda/Make/front/client/app/Footer/CommonLinks.js","statementMap":{"0":{"start":{"line":14,"column":33},"end":{"line":47,"column":1}},"1":{"start":{"line":15,"column":32},"end":{"line":17,"column":3}},"2":{"start":{"line":16,"column":26},"end":{"line":16,"column":41}},"3":{"start":{"line":19,"column":2},"end":{"line":46,"column":4}}},"fnMap":{"0":{"name":"(anonymous_0)","decl":{"start":{"line":14,"column":33},"end":{"line":14,"column":34}},"loc":{"start":{"line":14,"column":39},"end":{"line":47,"column":1}},"line":14},"1":{"name":"(anonymous_1)","decl":{"start":{"line":16,"column":4},"end":{"line":16,"column":5}},"loc":{"start":{"line":16,"column":26},"end":{"line":16,"column":41}},"line":16}},"branchMap":{},"s":{"0":46,"1":86,"2":221,"3":86},"f":{"0":86,"1":221},"b":{},"_coverageSchema":"1a1c01bbd47fc00a2c39e90264f33305004495a9","hash":"36b2c691916f764886fbb93dd2ef501ddee23326"}
,"/home/pda/Make/front/client/app/Footer/ExternalLink.js": {"path":"/home/pda/Make/front/client/app/Footer/ExternalLink.js","statementMap":{"0":{"start":{"line":7,"column":34},"end":{"line":15,"column":1}},"1":{"start":{"line":8,"column":2},"end":{"line":14,"column":5}}},"fnMap":{"0":{"name":"(anonymous_0)","decl":{"start":{"line":7,"column":34},"end":{"line":7,"column":35}},"loc":{"start":{"line":8,"column":2},"end":{"line":14,"column":5}},"line":8}},"branchMap":{},"s":{"0":46,"1":140},"f":{"0":140},"b":{},"_coverageSchema":"1a1c01bbd47fc00a2c39e90264f33305004495a9","hash":"c29a4d02fbd37b1ed4214b3e4027b9a6f5e7013b"}
,"/home/pda/Make/front/client/app/Footer/index.js": {"path":"/home/pda/Make/front/client/app/Footer/index.js","statementMap":{"0":{"start":{"line":12,"column":22},"end":{"line":23,"column":1}},"1":{"start":{"line":13,"column":23},"end":{"line":13,"column":73}},"2":{"start":{"line":13,"column":57},"end":{"line":13,"column":72}},"3":{"start":{"line":15,"column":2},"end":{"line":22,"column":3}},"4":{"start":{"line":17,"column":6},"end":{"line":17,"column":26}},"5":{"start":{"line":19,"column":6},"end":{"line":19,"column":26}},"6":{"start":{"line":21,"column":6},"end":{"line":21,"column":27}}},"fnMap":{"0":{"name":"(anonymous_0)","decl":{"start":{"line":12,"column":22},"end":{"line":12,"column":23}},"loc":{"start":{"line":12,"column":28},"end":{"line":23,"column":1}},"line":12},"1":{"name":"(anonymous_1)","decl":{"start":{"line":13,"column":35},"end":{"line":13,"column":36}},"loc":{"start":{"line":13,"column":57},"end":{"line":13,"column":72}},"line":13}},"branchMap":{"0":{"loc":{"start":{"line":15,"column":2},"end":{"line":22,"column":3}},"type":"switch","locations":[{"start":{"line":16,"column":4},"end":{"line":17,"column":26}},{"start":{"line":18,"column":4},"end":{"line":19,"column":26}},{"start":{"line":20,"column":4},"end":{"line":21,"column":27}}],"line":15}},"s":{"0":46,"1":86,"2":217,"3":86,"4":70,"5":0,"6":16},"f":{"0":86,"1":217},"b":{"0":[70,0,16]},"_coverageSchema":"1a1c01bbd47fc00a2c39e90264f33305004495a9","hash":"3629930707ed99e1511259892a99ce93ebd62463"}
,"/home/pda/Make/front/client/app/Footer/style.js": {"path":"/home/pda/Make/front/client/app/Footer/style.js","statementMap":{"0":{"start":{"line":14,"column":27},"end":{"line":26,"column":1}},"1":{"start":{"line":28,"column":30},"end":{"line":32,"column":1}},"2":{"start":{"line":34,"column":43},"end":{"line":39,"column":1}},"3":{"start":{"line":41,"column":44},"end":{"line":46,"column":1}},"4":{"start":{"line":48,"column":31},"end":{"line":62,"column":1}},"5":{"start":{"line":64,"column":35},"end":{"line":71,"column":1}},"6":{"start":{"line":73,"column":38},"end":{"line":81,"column":1}},"7":{"start":{"line":83,"column":35},"end":{"line":94,"column":1}},"8":{"start":{"line":96,"column":36},"end":{"line":103,"column":1}},"9":{"start":{"line":105,"column":43},"end":{"line":113,"column":1}},"10":{"start":{"line":115,"column":38},"end":{"line":117,"column":1}},"11":{"start":{"line":119,"column":38},"end":{"line":121,"column":1}}},"fnMap":{},"branchMap":{},"s":{"0":46,"1":46,"2":46,"3":46,"4":46,"5":46,"6":46,"7":46,"8":46,"9":46,"10":46,"11":46},"f":{},"b":{},"_coverageSchema":"1a1c01bbd47fc00a2c39e90264f33305004495a9","hash":"bdea09537a85b65bd2c3aedc448369325dabbee1"}
,"/home/pda/Make/front/client/app/Footer/localized/DE.js": {"path":"/home/pda/Make/front/client/app/Footer/localized/DE.js","statementMap":{"0":{"start":{"line":38,"column":24},"end":{"line":106,"column":1}},"1":{"start":{"line":39,"column":19},"end":{"line":39,"column":32}},"2":{"start":{"line":40,"column":19},"end":{"line":40,"column":32}},"3":{"start":{"line":41,"column":32},"end":{"line":43,"column":3}},"4":{"start":{"line":42,"column":26},"end":{"line":42,"column":41}},"5":{"start":{"line":44,"column":25},"end":{"line":44,"column":61}},"6":{"start":{"line":46,"column":2},"end":{"line":105,"column":4}},"7":{"start":{"line":80,"column":31},"end":{"line":80,"column":66}}},"fnMap":{"0":{"name":"(anonymous_0)","decl":{"start":{"line":38,"column":24},"end":{"line":38,"column":25}},"loc":{"start":{"line":38,"column":30},"end":{"line":106,"column":1}},"line":38},"1":{"name":"(anonymous_1)","decl":{"start":{"line":42,"column":4},"end":{"line":42,"column":5}},"loc":{"start":{"line":42,"column":26},"end":{"line":42,"column":41}},"line":42},"2":{"name":"(anonymous_2)","decl":{"start":{"line":80,"column":25},"end":{"line":80,"column":26}},"loc":{"start":{"line":80,"column":31},"end":{"line":80,"column":66}},"line":80}},"branchMap":{"0":{"loc":{"start":{"line":46,"column":9},"end":{"line":105,"column":3}},"type":"cond-expr","locations":[{"start":{"line":47,"column":4},"end":{"line":102,"column":18}},{"start":{"line":104,"column":4},"end":{"line":104,"column":9}}],"line":46},"1":{"loc":{"start":{"line":50,"column":8},"end":{"line":50,"column":55}},"type":"binary-expr","locations":[{"start":{"line":50,"column":8},"end":{"line":50,"column":22}},{"start":{"line":50,"column":26},"end":{"line":50,"column":55}}],"line":50}},"s":{"0":46,"1":0,"2":0,"3":0,"4":0,"5":0,"6":0,"7":0},"f":{"0":0,"1":0,"2":0},"b":{"0":[0,0],"1":[0,0]},"_coverageSchema":"1a1c01bbd47fc00a2c39e90264f33305004495a9","hash":"938dedc93b89920b42e90fe686a2a86bb1d08587"}
,"/home/pda/Make/front/client/app/Footer/localized/FR.js": {"path":"/home/pda/Make/front/client/app/Footer/localized/FR.js","statementMap":{"0":{"start":{"line":48,"column":24},"end":{"line":175,"column":1}},"1":{"start":{"line":49,"column":19},"end":{"line":49,"column":32}},"2":{"start":{"line":50,"column":19},"end":{"line":50,"column":32}},"3":{"start":{"line":51,"column":40},"end":{"line":53,"column":3}},"4":{"start":{"line":52,"column":26},"end":{"line":52,"column":41}},"5":{"start":{"line":54,"column":20},"end":{"line":54,"column":46}},"6":{"start":{"line":55,"column":25},"end":{"line":55,"column":61}},"7":{"start":{"line":57,"column":2},"end":{"line":174,"column":4}},"8":{"start":{"line":75,"column":33},"end":{"line":75,"column":60}},"9":{"start":{"line":161,"column":31},"end":{"line":161,"column":66}}},"fnMap":{"0":{"name":"(anonymous_0)","decl":{"start":{"line":48,"column":24},"end":{"line":48,"column":25}},"loc":{"start":{"line":48,"column":30},"end":{"line":175,"column":1}},"line":48},"1":{"name":"(anonymous_1)","decl":{"start":{"line":52,"column":4},"end":{"line":52,"column":5}},"loc":{"start":{"line":52,"column":26},"end":{"line":52,"column":41}},"line":52},"2":{"name":"(anonymous_2)","decl":{"start":{"line":75,"column":27},"end":{"line":75,"column":28}},"loc":{"start":{"line":75,"column":33},"end":{"line":75,"column":60}},"line":75},"3":{"name":"(anonymous_3)","decl":{"start":{"line":161,"column":25},"end":{"line":161,"column":26}},"loc":{"start":{"line":161,"column":31},"end":{"line":161,"column":66}},"line":161}},"branchMap":{"0":{"loc":{"start":{"line":61,"column":8},"end":{"line":61,"column":55}},"type":"binary-expr","locations":[{"start":{"line":61,"column":8},"end":{"line":61,"column":22}},{"start":{"line":61,"column":26},"end":{"line":61,"column":55}}],"line":61},"1":{"loc":{"start":{"line":68,"column":13},"end":{"line":82,"column":13}},"type":"binary-expr","locations":[{"start":{"line":68,"column":13},"end":{"line":68,"column":22}},{"start":{"line":69,"column":14},"end":{"line":81,"column":32}}],"line":68},"2":{"loc":{"start":{"line":95,"column":13},"end":{"line":108,"column":13}},"type":"binary-expr","locations":[{"start":{"line":95,"column":13},"end":{"line":95,"column":22}},{"start":{"line":96,"column":14},"end":{"line":107,"column":32}}],"line":95}},"s":{"0":46,"1":70,"2":70,"3":70,"4":181,"5":70,"6":70,"7":70,"8":0,"9":4},"f":{"0":70,"1":181,"2":0,"3":4},"b":{"0":[70,0],"1":[70,0],"2":[70,0]},"_coverageSchema":"1a1c01bbd47fc00a2c39e90264f33305004495a9","hash":"186f8d11bc3d69739dcf64f02acd397f0593cd8f"}
,"/home/pda/Make/front/client/app/Footer/localized/INT.js": {"path":"/home/pda/Make/front/client/app/Footer/localized/INT.js","statementMap":{"0":{"start":{"line":34,"column":25},"end":{"line":94,"column":1}},"1":{"start":{"line":35,"column":19},"end":{"line":35,"column":32}},"2":{"start":{"line":36,"column":19},"end":{"line":36,"column":32}},"3":{"start":{"line":37,"column":32},"end":{"line":39,"column":3}},"4":{"start":{"line":38,"column":26},"end":{"line":38,"column":41}},"5":{"start":{"line":40,"column":25},"end":{"line":40,"column":61}},"6":{"start":{"line":42,"column":2},"end":{"line":93,"column":4}},"7":{"start":{"line":68,"column":31},"end":{"line":68,"column":66}}},"fnMap":{"0":{"name":"(anonymous_0)","decl":{"start":{"line":34,"column":25},"end":{"line":34,"column":26}},"loc":{"start":{"line":34,"column":31},"end":{"line":94,"column":1}},"line":34},"1":{"name":"(anonymous_1)","decl":{"start":{"line":38,"column":4},"end":{"line":38,"column":5}},"loc":{"start":{"line":38,"column":26},"end":{"line":38,"column":41}},"line":38},"2":{"name":"(anonymous_2)","decl":{"start":{"line":68,"column":25},"end":{"line":68,"column":26}},"loc":{"start":{"line":68,"column":31},"end":{"line":68,"column":66}},"line":68}},"branchMap":{"0":{"loc":{"start":{"line":42,"column":9},"end":{"line":93,"column":3}},"type":"cond-expr","locations":[{"start":{"line":43,"column":4},"end":{"line":90,"column":18}},{"start":{"line":92,"column":4},"end":{"line":92,"column":9}}],"line":42},"1":{"loc":{"start":{"line":46,"column":8},"end":{"line":46,"column":55}},"type":"binary-expr","locations":[{"start":{"line":46,"column":8},"end":{"line":46,"column":22}},{"start":{"line":46,"column":26},"end":{"line":46,"column":55}}],"line":46}},"s":{"0":46,"1":16,"2":16,"3":16,"4":40,"5":16,"6":16,"7":0},"f":{"0":16,"1":40,"2":0},"b":{"0":[16,0],"1":[16,0]},"_coverageSchema":"1a1c01bbd47fc00a2c39e90264f33305004495a9","hash":"946fbefb33811f3f688ce39e58953eca4c699b7e"}
,"/home/pda/Make/front/client/app/Header/index.js": {"path":"/home/pda/Make/front/client/app/Header/index.js","statementMap":{"0":{"start":{"line":34,"column":22},"end":{"line":75,"column":1}},"1":{"start":{"line":35,"column":30},"end":{"line":37,"column":3}},"2":{"start":{"line":36,"column":26},"end":{"line":36,"column":41}},"3":{"start":{"line":38,"column":20},"end":{"line":38,"column":46}},"4":{"start":{"line":40,"column":2},"end":{"line":74,"column":4}}},"fnMap":{"0":{"name":"(anonymous_0)","decl":{"start":{"line":34,"column":22},"end":{"line":34,"column":23}},"loc":{"start":{"line":34,"column":28},"end":{"line":75,"column":1}},"line":34},"1":{"name":"(anonymous_1)","decl":{"start":{"line":36,"column":4},"end":{"line":36,"column":5}},"loc":{"start":{"line":36,"column":26},"end":{"line":36,"column":41}},"line":36},"2":{"name":"(anonymous_2)","decl":{"start":{"line":54,"column":54},"end":{"line":54,"column":55}},"loc":{"start":{"line":54,"column":60},"end":{"line":54,"column":62}},"line":54}},"branchMap":{"0":{"loc":{"start":{"line":47,"column":9},"end":{"line":47,"column":37}},"type":"binary-expr","locations":[{"start":{"line":47,"column":9},"end":{"line":47,"column":19}},{"start":{"line":47,"column":23},"end":{"line":47,"column":37}}],"line":47},"1":{"loc":{"start":{"line":54,"column":23},"end":{"line":54,"column":62}},"type":"cond-expr","locations":[{"start":{"line":54,"column":33},"end":{"line":54,"column":51}},{"start":{"line":54,"column":54},"end":{"line":54,"column":62}}],"line":54},"2":{"loc":{"start":{"line":63,"column":11},"end":{"line":63,"column":52}},"type":"binary-expr","locations":[{"start":{"line":63,"column":11},"end":{"line":63,"column":20}},{"start":{"line":63,"column":24},"end":{"line":63,"column":33}},{"start":{"line":63,"column":37},"end":{"line":63,"column":52}}],"line":63},"3":{"loc":{"start":{"line":65,"column":9},"end":{"line":71,"column":9}},"type":"binary-expr","locations":[{"start":{"line":65,"column":9},"end":{"line":65,"column":18}},{"start":{"line":66,"column":10},"end":{"line":70,"column":33}}],"line":65},"4":{"loc":{"start":{"line":67,"column":13},"end":{"line":67,"column":72}},"type":"cond-expr","locations":[{"start":{"line":67,"column":26},"end":{"line":67,"column":47}},{"start":{"line":67,"column":50},"end":{"line":67,"column":72}}],"line":67},"5":{"loc":{"start":{"line":68,"column":13},"end":{"line":68,"column":50}},"type":"binary-expr","locations":[{"start":{"line":68,"column":13},"end":{"line":68,"column":22}},{"start":{"line":68,"column":26},"end":{"line":68,"column":50}}],"line":68}},"s":{"0":46,"1":86,"2":217,"3":86,"4":86},"f":{"0":86,"1":217,"2":0},"b":{"0":[86,86],"1":[86,0],"2":[86,0,0],"3":[86,86],"4":[86,0],"5":[86,0]},"_coverageSchema":"1a1c01bbd47fc00a2c39e90264f33305004495a9","hash":"cbd9bff4a10867a957ec59b7320461eef55ed124"}
,"/home/pda/Make/front/client/app/Header/style.js": {"path":"/home/pda/Make/front/client/app/Header/style.js","statementMap":{"0":{"start":{"line":13,"column":27},"end":{"line":24,"column":1}},"1":{"start":{"line":26,"column":32},"end":{"line":29,"column":1}},"2":{"start":{"line":31,"column":35},"end":{"line":35,"column":1}},"3":{"start":{"line":37,"column":36},"end":{"line":41,"column":1}},"4":{"start":{"line":43,"column":35},"end":{"line":45,"column":1}},"5":{"start":{"line":47,"column":31},"end":{"line":50,"column":1}},"6":{"start":{"line":52,"column":36},"end":{"line":57,"column":1}}},"fnMap":{},"branchMap":{},"s":{"0":46,"1":46,"2":46,"3":46,"4":46,"5":46,"6":46},"f":{},"b":{},"_coverageSchema":"1a1c01bbd47fc00a2c39e90264f33305004495a9","hash":"1b5296841160bc7059bf51f44d6429f97b7477c4"}
,"/home/pda/Make/front/client/app/Hreflang/index.js": {"path":"/home/pda/Make/front/client/app/Hreflang/index.js","statementMap":{"0":{"start":{"line":10,"column":40},"end":{"line":14,"column":1}},"1":{"start":{"line":16,"column":24},"end":{"line":57,"column":1}},"2":{"start":{"line":17,"column":23},"end":{"line":17,"column":36}},"3":{"start":{"line":18,"column":41},"end":{"line":20,"column":3}},"4":{"start":{"line":19,"column":26},"end":{"line":19,"column":41}},"5":{"start":{"line":22,"column":2},"end":{"line":24,"column":3}},"6":{"start":{"line":23,"column":4},"end":{"line":23,"column":16}},"7":{"start":{"line":26,"column":30},"end":{"line":26,"column":62}},"8":{"start":{"line":28,"column":30},"end":{"line":31,"column":5}},"9":{"start":{"line":28,"column":73},"end":{"line":31,"column":3}},"10":{"start":{"line":33,"column":2},"end":{"line":56,"column":4}},"11":{"start":{"line":36,"column":8},"end":{"line":45,"column":10}},"12":{"start":{"line":48,"column":8},"end":{"line":53,"column":10}}},"fnMap":{"0":{"name":"(anonymous_0)","decl":{"start":{"line":16,"column":24},"end":{"line":16,"column":25}},"loc":{"start":{"line":16,"column":30},"end":{"line":57,"column":1}},"line":16},"1":{"name":"(anonymous_1)","decl":{"start":{"line":19,"column":4},"end":{"line":19,"column":5}},"loc":{"start":{"line":19,"column":26},"end":{"line":19,"column":41}},"line":19},"2":{"name":"(anonymous_2)","decl":{"start":{"line":28,"column":44},"end":{"line":28,"column":45}},"loc":{"start":{"line":28,"column":73},"end":{"line":31,"column":3}},"line":28},"3":{"name":"(anonymous_3)","decl":{"start":{"line":35,"column":31},"end":{"line":35,"column":32}},"loc":{"start":{"line":36,"column":8},"end":{"line":45,"column":10}},"line":36},"4":{"name":"(anonymous_4)","decl":{"start":{"line":47,"column":36},"end":{"line":47,"column":37}},"loc":{"start":{"line":48,"column":8},"end":{"line":53,"column":10}},"line":48}},"branchMap":{"0":{"loc":{"start":{"line":22,"column":2},"end":{"line":24,"column":3}},"type":"if","locations":[{"start":{"line":22,"column":2},"end":{"line":24,"column":3}},{"start":{"line":22,"column":2},"end":{"line":24,"column":3}}],"line":22},"1":{"loc":{"start":{"line":26,"column":30},"end":{"line":26,"column":62}},"type":"binary-expr","locations":[{"start":{"line":26,"column":30},"end":{"line":26,"column":56}},{"start":{"line":26,"column":60},"end":{"line":26,"column":62}}],"line":26}},"s":{"0":46,"1":46,"2":86,"3":86,"4":217,"5":86,"6":0,"7":86,"8":86,"9":2408,"10":86,"11":2408,"12":258},"f":{"0":86,"1":217,"2":2408,"3":2408,"4":258},"b":{"0":[0,86],"1":[86,0]},"_coverageSchema":"1a1c01bbd47fc00a2c39e90264f33305004495a9","hash":"812f2c1ed0c360685d33de7fb15bc483441f1eb6"}
,"/home/pda/Make/front/client/app/LanguageListener/index.js": {"path":"/home/pda/Make/front/client/app/LanguageListener/index.js","statementMap":{"0":{"start":{"line":8,"column":32},"end":{"line":24,"column":1}},"1":{"start":{"line":9,"column":16},"end":{"line":9,"column":57}},"2":{"start":{"line":10,"column":19},"end":{"line":10,"column":36}},"3":{"start":{"line":11,"column":19},"end":{"line":11,"column":32}},"4":{"start":{"line":13,"column":2},"end":{"line":21,"column":4}},"5":{"start":{"line":15,"column":6},"end":{"line":17,"column":7}},"6":{"start":{"line":16,"column":8},"end":{"line":16,"column":44}},"7":{"start":{"line":23,"column":2},"end":{"line":23,"column":14}}},"fnMap":{"0":{"name":"(anonymous_0)","decl":{"start":{"line":8,"column":32},"end":{"line":8,"column":33}},"loc":{"start":{"line":8,"column":38},"end":{"line":24,"column":1}},"line":8},"1":{"name":"(anonymous_1)","decl":{"start":{"line":14,"column":4},"end":{"line":14,"column":5}},"loc":{"start":{"line":14,"column":10},"end":{"line":18,"column":5}},"line":14}},"branchMap":{"0":{"loc":{"start":{"line":15,"column":6},"end":{"line":17,"column":7}},"type":"if","locations":[{"start":{"line":15,"column":6},"end":{"line":17,"column":7}},{"start":{"line":15,"column":6},"end":{"line":17,"column":7}}],"line":15}},"s":{"0":46,"1":41,"2":41,"3":41,"4":41,"5":37,"6":0,"7":41},"f":{"0":41,"1":37},"b":{"0":[0,37]},"_coverageSchema":"1a1c01bbd47fc00a2c39e90264f33305004495a9","hash":"26513d27a39d52f05f5a3a862e577345b910cbb8"}
[...]
,"/home/pda/Make/front/shared/store/reducers/questions/index.js": {"path":"/home/pda/Make/front/shared/store/reducers/questions/index.js","statementMap":{"0":{"start":{"line":15,"column":2},"end":{"line":42,"column":3}},"1":{"start":{"line":17,"column":6},"end":{"line":23,"column":8}},"2":{"start":{"line":25,"column":6},"end":{"line":31,"column":8}},"3":{"start":{"line":33,"column":6},"end":{"line":39,"column":8}},"4":{"start":{"line":41,"column":6},"end":{"line":41,"column":19}}},"fnMap":{"0":{"name":"questions","decl":{"start":{"line":11,"column":16},"end":{"line":11,"column":25}},"loc":{"start":{"line":14,"column":2},"end":{"line":43,"column":1}},"line":14}},"branchMap":{"0":{"loc":{"start":{"line":12,"column":2},"end":{"line":12,"column":48}},"type":"default-arg","locations":[{"start":{"line":12,"column":26},"end":{"line":12,"column":48}}],"line":12},"1":{"loc":{"start":{"line":15,"column":2},"end":{"line":42,"column":3}},"type":"switch","locations":[{"start":{"line":16,"column":4},"end":{"line":23,"column":8}},{"start":{"line":24,"column":4},"end":{"line":31,"column":8}},{"start":{"line":32,"column":4},"end":{"line":39,"column":8}},{"start":{"line":40,"column":4},"end":{"line":41,"column":19}}],"line":15}},"s":{"0":223,"1":0,"2":0,"3":0,"4":223},"f":{"0":223},"b":{"0":[92],"1":[0,0,0,223]},"_coverageSchema":"1a1c01bbd47fc00a2c39e90264f33305004495a9","hash":"c7209a0ae939d8bd1f7df959f4cb0a3971ec1974"}
,"/home/pda/Make/front/shared/store/reducers/sequence/index.js": {"path":"/home/pda/Make/front/shared/store/reducers/sequence/index.js","statementMap":{"0":{"start":{"line":23,"column":2},"end":{"line":119,"column":3}},"1":{"start":{"line":25,"column":24},"end":{"line":25,"column":29}},"2":{"start":{"line":26,"column":6},"end":{"line":29,"column":8}},"3":{"start":{"line":30,"column":6},"end":{"line":33,"column":8}},"4":{"start":{"line":36,"column":6},"end":{"line":39,"column":8}},"5":{"start":{"line":41,"column":6},"end":{"line":47,"column":8}},"6":{"start":{"line":49,"column":6},"end":{"line":52,"column":8}},"7":{"start":{"line":55,"column":8},"end":{"line":55,"column":65}},"8":{"start":{"line":56,"column":30},"end":{"line":56,"column":77}},"9":{"start":{"line":58,"column":6},"end":{"line":64,"column":8}},"10":{"start":{"line":67,"column":6},"end":{"line":69,"column":7}},"11":{"start":{"line":68,"column":8},"end":{"line":68,"column":21}},"12":{"start":{"line":70,"column":30},"end":{"line":72,"column":58}},"13":{"start":{"line":72,"column":23},"end":{"line":72,"column":57}},"14":{"start":{"line":74,"column":6},"end":{"line":80,"column":8}},"15":{"start":{"line":83,"column":6},"end":{"line":86,"column":8}},"16":{"start":{"line":88,"column":6},"end":{"line":91,"column":8}},"17":{"start":{"line":93,"column":6},"end":{"line":96,"column":8}},"18":{"start":{"line":98,"column":6},"end":{"line":105,"column":8}},"19":{"start":{"line":107,"column":6},"end":{"line":116,"column":8}},"20":{"start":{"line":118,"column":6},"end":{"line":118,"column":19}}},"fnMap":{"0":{"name":"sequence","decl":{"start":{"line":19,"column":16},"end":{"line":19,"column":24}},"loc":{"start":{"line":22,"column":2},"end":{"line":120,"column":1}},"line":22},"1":{"name":"(anonymous_1)","decl":{"start":{"line":72,"column":15},"end":{"line":72,"column":16}},"loc":{"start":{"line":72,"column":23},"end":{"line":72,"column":57}},"line":72}},"branchMap":{"0":{"loc":{"start":{"line":20,"column":2},"end":{"line":20,"column":46}},"type":"default-arg","locations":[{"start":{"line":20,"column":25},"end":{"line":20,"column":46}}],"line":20},"1":{"loc":{"start":{"line":23,"column":2},"end":{"line":119,"column":3}},"type":"switch","locations":[{"start":{"line":24,"column":4},"end":{"line":34,"column":5}},{"start":{"line":35,"column":4},"end":{"line":39,"column":8}},{"start":{"line":40,"column":4},"end":{"line":47,"column":8}},{"start":{"line":48,"column":4},"end":{"line":52,"column":8}},{"start":{"line":53,"column":4},"end":{"line":65,"column":5}},{"start":{"line":66,"column":4},"end":{"line":81,"column":5}},{"start":{"line":82,"column":4},"end":{"line":86,"column":8}},{"start":{"line":87,"column":4},"end":{"line":91,"column":8}},{"start":{"line":92,"column":4},"end":{"line":96,"column":8}},{"start":{"line":97,"column":4},"end":{"line":105,"column":8}},{"start":{"line":106,"column":4},"end":{"line":116,"column":8}},{"start":{"line":117,"column":4},"end":{"line":118,"column":19}}],"line":23},"2":{"loc":{"start":{"line":55,"column":8},"end":{"line":55,"column":65}},"type":"binary-expr","locations":[{"start":{"line":55,"column":8},"end":{"line":55,"column":59}},{"start":{"line":55,"column":63},"end":{"line":55,"column":65}}],"line":55},"3":{"loc":{"start":{"line":67,"column":6},"end":{"line":69,"column":7}},"type":"if","locations":[{"start":{"line":67,"column":6},"end":{"line":69,"column":7}},{"start":{"line":67,"column":6},"end":{"line":69,"column":7}}],"line":67},"4":{"loc":{"start":{"line":85,"column":22},"end":{"line":85,"column":47}},"type":"binary-expr","locations":[{"start":{"line":85,"column":22},"end":{"line":85,"column":42}},{"start":{"line":85,"column":46},"end":{"line":85,"column":47}}],"line":85}},"s":{"0":223,"1":0,"2":0,"3":0,"4":0,"5":0,"6":0,"7":0,"8":0,"9":0,"10":0,"11":0,"12":0,"13":0,"14":0,"15":0,"16":0,"17":0,"18":0,"19":0,"20":223},"f":{"0":223,"1":0},"b":{"0":[92],"1":[0,0,0,0,0,0,0,0,0,0,0,223],"2":[0,0],"3":[0,0],"4":[0,0]},"_coverageSchema":"1a1c01bbd47fc00a2c39e90264f33305004495a9","hash":"d657f1449392f1bebce13f677866be485bba14e5"}
,"/home/pda/Make/front/shared/store/reducers/session/index.js": {"path":"/home/pda/Make/front/shared/store/reducers/session/index.js","statementMap":{"0":{"start":{"line":11,"column":2},"end":{"line":19,"column":3}},"1":{"start":{"line":13,"column":6},"end":{"line":16,"column":8}},"2":{"start":{"line":18,"column":6},"end":{"line":18,"column":19}}},"fnMap":{"0":{"name":"session","decl":{"start":{"line":7,"column":16},"end":{"line":7,"column":23}},"loc":{"start":{"line":10,"column":2},"end":{"line":20,"column":1}},"line":10}},"branchMap":{"0":{"loc":{"start":{"line":8,"column":2},"end":{"line":8,"column":44}},"type":"default-arg","locations":[{"start":{"line":8,"column":24},"end":{"line":8,"column":44}}],"line":8},"1":{"loc":{"start":{"line":11,"column":2},"end":{"line":19,"column":3}},"type":"switch","locations":[{"start":{"line":12,"column":4},"end":{"line":16,"column":8}},{"start":{"line":17,"column":4},"end":{"line":18,"column":19}}],"line":11}},"s":{"0":223,"1":0,"2":223},"f":{"0":223},"b":{"0":[92],"1":[0,223]},"_coverageSchema":"1a1c01bbd47fc00a2c39e90264f33305004495a9","hash":"3746c70d2ecaa24d6e804337e756def2f9c2eb52"}
,"/home/pda/Make/front/shared/store/reducers/user/index.js": {"path":"/home/pda/Make/front/shared/store/reducers/user/index.js","statementMap":{"0":{"start":{"line":8,"column":20},"end":{"line":12,"column":2}}},"fnMap":{},"branchMap":{},"s":{"0":46},"f":{},"b":{},"_coverageSchema":"1a1c01bbd47fc00a2c39e90264f33305004495a9","hash":"409b937cae8171202be82ca04670b20cde6a012d"}
,"/home/pda/Make/front/shared/store/reducers/user/authentication/index.js": {"path":"/home/pda/Make/front/shared/store/reducers/user/authentication/index.js","statementMap":{"0":{"start":{"line":10,"column":2},"end":{"line":62,"column":3}},"1":{"start":{"line":12,"column":6},"end":{"line":15,"column":8}},"2":{"start":{"line":17,"column":6},"end":{"line":21,"column":8}},"3":{"start":{"line":24,"column":6},"end":{"line":27,"column":8}},"4":{"start":{"line":29,"column":6},"end":{"line":33,"column":8}},"5":{"start":{"line":36,"column":6},"end":{"line":39,"column":8}},"6":{"start":{"line":41,"column":6},"end":{"line":45,"column":8}},"7":{"start":{"line":48,"column":6},"end":{"line":51,"column":8}},"8":{"start":{"line":53,"column":6},"end":{"line":58,"column":8}},"9":{"start":{"line":61,"column":6},"end":{"line":61,"column":19}}},"fnMap":{"0":{"name":"authentication","decl":{"start":{"line":6,"column":16},"end":{"line":6,"column":30}},"loc":{"start":{"line":9,"column":2},"end":{"line":63,"column":1}},"line":9}},"branchMap":{"0":{"loc":{"start":{"line":7,"column":2},"end":{"line":7,"column":63}},"type":"default-arg","locations":[{"start":{"line":7,"column":31},"end":{"line":7,"column":63}}],"line":7},"1":{"loc":{"start":{"line":10,"column":2},"end":{"line":62,"column":3}},"type":"switch","locations":[{"start":{"line":11,"column":4},"end":{"line":15,"column":8}},{"start":{"line":16,"column":4},"end":{"line":22,"column":5}},{"start":{"line":23,"column":4},"end":{"line":27,"column":8}},{"start":{"line":28,"column":4},"end":{"line":34,"column":5}},{"start":{"line":35,"column":4},"end":{"line":39,"column":8}},{"start":{"line":40,"column":4},"end":{"line":46,"column":5}},{"start":{"line":47,"column":4},"end":{"line":51,"column":8}},{"start":{"line":52,"column":4},"end":{"line":59,"column":5}},{"start":{"line":60,"column":4},"end":{"line":61,"column":19}}],"line":10}},"s":{"0":315,"1":0,"2":0,"3":0,"4":0,"5":0,"6":0,"7":0,"8":0,"9":315},"f":{"0":315},"b":{"0":[184],"1":[0,0,0,0,0,0,0,0,315]},"_coverageSchema":"1a1c01bbd47fc00a2c39e90264f33305004495a9","hash":"df8c44863a5a2fb188df95dcbda26ad02132e17b"}
,"/home/pda/Make/front/shared/store/reducers/user/cookiesPreferences/index.js": {"path":"/home/pda/Make/front/shared/store/reducers/user/cookiesPreferences/index.js","statementMap":{"0":{"start":{"line":14,"column":2},"end":{"line":41,"column":3}},"1":{"start":{"line":16,"column":6},"end":{"line":19,"column":8}},"2":{"start":{"line":21,"column":6},"end":{"line":28,"column":8}},"3":{"start":{"line":30,"column":6},"end":{"line":37,"column":8}},"4":{"start":{"line":40,"column":6},"end":{"line":40,"column":19}}},"fnMap":{"0":{"name":"cookiesPreferences","decl":{"start":{"line":10,"column":16},"end":{"line":10,"column":34}},"loc":{"start":{"line":13,"column":2},"end":{"line":42,"column":1}},"line":13}},"branchMap":{"0":{"loc":{"start":{"line":11,"column":2},"end":{"line":11,"column":75}},"type":"default-arg","locations":[{"start":{"line":11,"column":39},"end":{"line":11,"column":75}}],"line":11},"1":{"loc":{"start":{"line":14,"column":2},"end":{"line":41,"column":3}},"type":"switch","locations":[{"start":{"line":15,"column":4},"end":{"line":19,"column":8}},{"start":{"line":20,"column":4},"end":{"line":28,"column":8}},{"start":{"line":29,"column":4},"end":{"line":37,"column":8}},{"start":{"line":39,"column":4},"end":{"line":40,"column":19}}],"line":14}},"s":{"0":315,"1":37,"2":0,"3":0,"4":278},"f":{"0":315},"b":{"0":[184],"1":[37,0,0,278]},"_coverageSchema":"1a1c01bbd47fc00a2c39e90264f33305004495a9","hash":"3efdaf36ca77bba7d8c6c61e1a0dae80539969b3"}
,"/home/pda/Make/front/shared/store/reducers/user/passwordRecovery/index.js": {"path":"/home/pda/Make/front/shared/store/reducers/user/passwordRecovery/index.js","statementMap":{"0":{"start":{"line":10,"column":2},"end":{"line":35,"column":3}},"1":{"start":{"line":12,"column":6},"end":{"line":19,"column":8}},"2":{"start":{"line":21,"column":6},"end":{"line":26,"column":8}},"3":{"start":{"line":28,"column":6},"end":{"line":32,"column":8}},"4":{"start":{"line":34,"column":6},"end":{"line":34,"column":19}}},"fnMap":{"0":{"name":"passwordRecovery","decl":{"start":{"line":6,"column":16},"end":{"line":6,"column":32}},"loc":{"start":{"line":9,"column":2},"end":{"line":36,"column":1}},"line":9}},"branchMap":{"0":{"loc":{"start":{"line":7,"column":2},"end":{"line":7,"column":71}},"type":"default-arg","locations":[{"start":{"line":7,"column":37},"end":{"line":7,"column":71}}],"line":7},"1":{"loc":{"start":{"line":10,"column":2},"end":{"line":35,"column":3}},"type":"switch","locations":[{"start":{"line":11,"column":4},"end":{"line":19,"column":8}},{"start":{"line":20,"column":4},"end":{"line":26,"column":8}},{"start":{"line":27,"column":4},"end":{"line":32,"column":8}},{"start":{"line":33,"column":4},"end":{"line":34,"column":19}}],"line":10}},"s":{"0":315,"1":0,"2":0,"3":0,"4":315},"f":{"0":315},"b":{"0":[184],"1":[0,0,0,315]},"_coverageSchema":"1a1c01bbd47fc00a2c39e90264f33305004495a9","hash":"778fb38da6ba4cd94e93cfdcd5b7258258b1efdd"}
,"/home/pda/Make/front/shared/store/reducers/views/actions.js": {"path":"/home/pda/Make/front/shared/store/reducers/views/actions.js","statementMap":{"0":{"start":{"line":4,"column":29},"end":{"line":4,"column":44}},"1":{"start":{"line":5,"column":30},"end":{"line":5,"column":46}},"2":{"start":{"line":7,"column":28},"end":{"line":10,"column":2}},"3":{"start":{"line":7,"column":74},"end":{"line":10,"column":1}}},"fnMap":{"0":{"name":"(anonymous_0)","decl":{"start":{"line":7,"column":28},"end":{"line":7,"column":29}},"loc":{"start":{"line":7,"column":74},"end":{"line":10,"column":1}},"line":7}},"branchMap":{},"s":{"0":46,"1":46,"2":46,"3":4},"f":{"0":4},"b":{},"_coverageSchema":"1a1c01bbd47fc00a2c39e90264f33305004495a9","hash":"573be8b39ec328370df04165bcbf24bef5929597"}
,"/home/pda/Make/front/shared/store/reducers/views/index.js": {"path":"/home/pda/Make/front/shared/store/reducers/views/index.js","statementMap":{"0":{"start":{"line":7,"column":2},"end":{"line":18,"column":3}},"1":{"start":{"line":9,"column":6},"end":{"line":15,"column":8}},"2":{"start":{"line":17,"column":6},"end":{"line":17,"column":19}}},"fnMap":{"0":{"name":"views","decl":{"start":{"line":6,"column":16},"end":{"line":6,"column":21}},"loc":{"start":{"line":6,"column":78},"end":{"line":19,"column":1}},"line":6}},"branchMap":{"0":{"loc":{"start":{"line":6,"column":22},"end":{"line":6,"column":60}},"type":"default-arg","locations":[{"start":{"line":6,"column":42},"end":{"line":6,"column":60}}],"line":6},"1":{"loc":{"start":{"line":7,"column":2},"end":{"line":18,"column":3}},"type":"switch","locations":[{"start":{"line":8,"column":4},"end":{"line":15,"column":8}},{"start":{"line":16,"column":4},"end":{"line":17,"column":19}}],"line":7}},"s":{"0":223,"1":4,"2":219},"f":{"0":223},"b":{"0":[92],"1":[4,219]},"_coverageSchema":"1a1c01bbd47fc00a2c39e90264f33305004495a9","hash":"4f2be2c3e4a474d1bc3a61784ad558e4aeb2bd71"}
,"/home/pda/Make/front/shared/store/selectors/questions.selector.js": {"path":"/home/pda/Make/front/shared/store/selectors/questions.selector.js","statementMap":{"0":{"start":{"line":8,"column":34},"end":{"line":14,"column":1}},"1":{"start":{"line":9,"column":2},"end":{"line":11,"column":3}},"2":{"start":{"line":10,"column":4},"end":{"line":10,"column":16}},"3":{"start":{"line":13,"column":2},"end":{"line":13,"column":39}},"4":{"start":{"line":20,"column":30},"end":{"line":24,"column":1}},"5":{"start":{"line":21,"column":15},"end":{"line":21,"column":54}},"6":{"start":{"line":23,"column":2},"end":{"line":23,"column":31}},"7":{"start":{"line":30,"column":37},"end":{"line":33,"column":1}},"8":{"start":{"line":31,"column":23},"end":{"line":31,"column":44}},"9":{"start":{"line":32,"column":2},"end":{"line":32,"column":45}},"10":{"start":{"line":38,"column":38},"end":{"line":43,"column":1}},"11":{"start":{"line":39,"column":2},"end":{"line":41,"column":3}},"12":{"start":{"line":40,"column":4},"end":{"line":40,"column":16}},"13":{"start":{"line":42,"column":2},"end":{"line":42,"column":70}},"14":{"start":{"line":49,"column":41},"end":{"line":61,"column":1}},"15":{"start":{"line":53,"column":2},"end":{"line":55,"column":3}},"16":{"start":{"line":54,"column":4},"end":{"line":54,"column":16}},"17":{"start":{"line":56,"column":2},"end":{"line":60,"column":4}}},"fnMap":{"0":{"name":"(anonymous_0)","decl":{"start":{"line":8,"column":34},"end":{"line":8,"column":35}},"loc":{"start":{"line":8,"column":79},"end":{"line":14,"column":1}},"line":8},"1":{"name":"(anonymous_1)","decl":{"start":{"line":20,"column":30},"end":{"line":20,"column":31}},"loc":{"start":{"line":20,"column":75},"end":{"line":24,"column":1}},"line":20},"2":{"name":"(anonymous_2)","decl":{"start":{"line":30,"column":37},"end":{"line":30,"column":38}},"loc":{"start":{"line":30,"column":59},"end":{"line":33,"column":1}},"line":30},"3":{"name":"(anonymous_3)","decl":{"start":{"line":38,"column":38},"end":{"line":38,"column":39}},"loc":{"start":{"line":38,"column":74},"end":{"line":43,"column":1}},"line":38},"4":{"name":"(anonymous_4)","decl":{"start":{"line":49,"column":41},"end":{"line":49,"column":42}},"loc":{"start":{"line":52,"column":5},"end":{"line":61,"column":1}},"line":52}},"branchMap":{"0":{"loc":{"start":{"line":9,"column":2},"end":{"line":11,"column":3}},"type":"if","locations":[{"start":{"line":9,"column":2},"end":{"line":11,"column":3}},{"start":{"line":9,"column":2},"end":{"line":11,"column":3}}],"line":9},"1":{"loc":{"start":{"line":23,"column":9},"end":{"line":23,"column":30}},"type":"binary-expr","locations":[{"start":{"line":23,"column":9},"end":{"line":23,"column":13}},{"start":{"line":23,"column":17},"end":{"line":23,"column":30}}],"line":23},"2":{"loc":{"start":{"line":39,"column":2},"end":{"line":41,"column":3}},"type":"if","locations":[{"start":{"line":39,"column":2},"end":{"line":41,"column":3}},{"start":{"line":39,"column":2},"end":{"line":41,"column":3}}],"line":39},"3":{"loc":{"start":{"line":42,"column":9},"end":{"line":42,"column":69}},"type":"binary-expr","locations":[{"start":{"line":42,"column":9},"end":{"line":42,"column":14}},{"start":{"line":42,"column":18},"end":{"line":42,"column":38}},{"start":{"line":42,"column":42},"end":{"line":42,"column":69}}],"line":42},"4":{"loc":{"start":{"line":53,"column":2},"end":{"line":55,"column":3}},"type":"if","locations":[{"start":{"line":53,"column":2},"end":{"line":55,"column":3}},{"start":{"line":53,"column":2},"end":{"line":55,"column":3}}],"line":53},"5":{"loc":{"start":{"line":57,"column":4},"end":{"line":59,"column":45}},"type":"binary-expr","locations":[{"start":{"line":57,"column":4},"end":{"line":57,"column":9}},{"start":{"line":58,"column":4},"end":{"line":58,"column":33}},{"start":{"line":59,"column":4},"end":{"line":59,"column":45}}],"line":57}},"s":{"0":46,"1":0,"2":0,"3":0,"4":46,"5":0,"6":0,"7":46,"8":0,"9":0,"10":46,"11":0,"12":0,"13":0,"14":46,"15":0,"16":0,"17":0},"f":{"0":0,"1":0,"2":0,"3":0,"4":0},"b":{"0":[0,0],"1":[0,0],"2":[0,0],"3":[0,0,0],"4":[0,0],"5":[0,0,0]},"_coverageSchema":"1a1c01bbd47fc00a2c39e90264f33305004495a9","hash":"7fa189d771b099a99d865988a642377a1322a417"}
,"/home/pda/Make/front/shared/store/selectors/user.selector.js": {"path":"/home/pda/Make/front/shared/store/selectors/user.selector.js","statementMap":{"0":{"start":{"line":6,"column":36},"end":{"line":7,"column":27}},"1":{"start":{"line":7,"column":2},"end":{"line":7,"column":27}},"2":{"start":{"line":13,"column":34},"end":{"line":13,"column":79}},"3":{"start":{"line":13,"column":56},"end":{"line":13,"column":79}},"4":{"start":{"line":19,"column":38},"end":{"line":20,"column":29}},"5":{"start":{"line":20,"column":2},"end":{"line":20,"column":29}}},"fnMap":{"0":{"name":"(anonymous_0)","decl":{"start":{"line":6,"column":36},"end":{"line":6,"column":37}},"loc":{"start":{"line":7,"column":2},"end":{"line":7,"column":27}},"line":7},"1":{"name":"(anonymous_1)","decl":{"start":{"line":13,"column":34},"end":{"line":13,"column":35}},"loc":{"start":{"line":13,"column":56},"end":{"line":13,"column":79}},"line":13},"2":{"name":"(anonymous_2)","decl":{"start":{"line":19,"column":38},"end":{"line":19,"column":39}},"loc":{"start":{"line":20,"column":2},"end":{"line":20,"column":29}},"line":20}},"branchMap":{},"s":{"0":46,"1":217,"2":46,"3":0,"4":46,"5":0},"f":{"0":217,"1":0,"2":0},"b":{},"_coverageSchema":"1a1c01bbd47fc00a2c39e90264f33305004495a9","hash":"57fc4e9ce8db5f33351ba6f3b312d739bdf14d8b"}
,"/home/pda/Make/front/shared/types/image.js": {"path":"/home/pda/Make/front/shared/types/image.js","statementMap":{"0":{"start":{"line":3,"column":37},"end":{"line":3,"column":47}},"1":{"start":{"line":4,"column":37},"end":{"line":4,"column":47}}},"fnMap":{},"branchMap":{},"s":{"0":46,"1":46},"f":{},"b":{},"_coverageSchema":"1a1c01bbd47fc00a2c39e90264f33305004495a9","hash":"579ab394ec243cb11c38e1abe0766a950ba60d3c"}
}
