TN:
SF:client/index.js
FN:37,(anonymous_0)
FN:60,(anonymous_1)
FN:74,(anonymous_2)
FN:79,(anonymous_3)
FN:121,(anonymous_4)
FN:158,(anonymous_5)
FNF:6
FNH:5
FNDA:0,(anonymous_0)
FNDA:37,(anonymous_1)
FNDA:46,(anonymous_2)
FNDA:115,(anonymous_3)
FNDA:238,(anonymous_4)
FNDA:37,(anonymous_5)
DA:37,46
DA:38,0
DA:39,0
DA:40,0
DA:49,0
DA:52,46
DA:54,46
DA:55,0
DA:58,46
DA:60,46
DA:61,37
DA:68,37
DA:74,46
DA:75,46
DA:79,46
DA:80,115
DA:83,46
DA:86,37
DA:88,37
DA:102,37
DA:112,37
DA:113,37
DA:114,37
DA:117,37
DA:120,37
DA:122,238
DA:123,238
DA:124,238
DA:125,238
DA:126,238
DA:127,238
DA:128,238
DA:133,37
DA:134,37
DA:135,37
DA:137,37
DA:138,37
DA:139,0
DA:142,37
DA:143,37
DA:147,37
DA:148,0
DA:150,37
DA:151,0
DA:153,37
DA:154,37
DA:155,37
DA:158,37
DA:159,37
DA:160,37
DA:162,37
DA:163,0
DA:188,37
DA:207,46
DA:209,46
DA:210,0
LF:56
LH:46
BRDA:38,0,0,0
BRDA:38,0,1,0
BRDA:38,1,0,0
BRDA:38,1,1,0
BRDA:54,2,0,0
BRDA:54,2,1,46
BRDA:81,3,0,115
BRDA:81,3,1,0
BRDA:107,4,0,37
BRDA:107,4,1,0
BRDA:138,5,0,0
BRDA:138,5,1,37
BRDA:138,6,0,37
BRDA:138,6,1,0
BRDA:142,7,0,37
BRDA:142,7,1,0
BRDA:147,8,0,0
BRDA:147,8,1,37
BRDA:150,9,0,0
BRDA:150,9,1,37
BRDA:154,10,0,37
BRDA:154,10,1,0
BRDA:160,11,0,0
BRDA:160,11,1,37
BRDA:162,12,0,0
BRDA:162,12,1,37
BRDA:209,13,0,0
BRDA:209,13,1,46
BRF:28
BRH:12
end_of_record
TN:
SF:client/app/Routes.js
FN:65,(anonymous_0)
FN:66,(anonymous_1)
FN:69,(anonymous_2)
FN:70,(anonymous_3)
FN:73,(anonymous_4)
FN:74,(anonymous_5)
FN:77,(anonymous_6)
FN:80,(anonymous_7)
FN:83,(anonymous_8)
FN:86,(anonymous_9)
FN:89,(anonymous_10)
FN:92,(anonymous_11)
FN:93,(anonymous_12)
FN:94,(anonymous_13)
FN:95,(anonymous_14)
FN:98,(anonymous_15)
FN:100,(anonymous_16)
FN:102,(anonymous_17)
FN:104,(anonymous_18)
FN:106,(anonymous_19)
FN:108,(anonymous_20)
FN:110,(anonymous_21)
FN:111,(anonymous_22)
FN:112,(anonymous_23)
FN:113,(anonymous_24)
FN:114,(anonymous_25)
FN:115,(anonymous_26)
FN:117,(anonymous_27)
FN:123,(anonymous_28)
FN:128,(anonymous_29)
FNF:30
FNH:3
FNDA:0,(anonymous_0)
FNDA:0,(anonymous_1)
FNDA:0,(anonymous_2)
FNDA:0,(anonymous_3)
FNDA:0,(anonymous_4)
FNDA:0,(anonymous_5)
FNDA:0,(anonymous_6)
FNDA:0,(anonymous_7)
FNDA:0,(anonymous_8)
FNDA:0,(anonymous_9)
FNDA:0,(anonymous_10)
FNDA:0,(anonymous_11)
FNDA:0,(anonymous_12)
FNDA:0,(anonymous_13)
FNDA:0,(anonymous_14)
FNDA:0,(anonymous_15)
FNDA:0,(anonymous_16)
FNDA:0,(anonymous_17)
FNDA:0,(anonymous_18)
FNDA:0,(anonymous_19)
FNDA:0,(anonymous_20)
FNDA:0,(anonymous_21)
FNDA:0,(anonymous_22)
FNDA:0,(anonymous_23)
FNDA:0,(anonymous_24)
FNDA:0,(anonymous_25)
FNDA:0,(anonymous_26)
FNDA:86,(anonymous_27)
FNDA:217,(anonymous_28)
FNDA:84,(anonymous_29)
DA:65,46
DA:66,46
DA:67,0
DA:69,46
DA:70,46
DA:71,0
DA:73,46
DA:74,46
DA:75,0
DA:77,46
DA:78,0
DA:80,46
DA:81,0
DA:83,46
DA:84,0
DA:86,46
DA:87,0
DA:89,46
DA:90,0
DA:92,46
DA:93,46
DA:94,46
DA:95,46
DA:96,0
DA:98,46
DA:100,46
DA:102,46
DA:104,46
DA:106,46
DA:108,46
DA:110,46
DA:111,46
DA:112,46
DA:113,46
DA:114,46
DA:115,46
DA:117,46
DA:118,86
DA:119,86
DA:122,86
DA:123,217
DA:124,86
DA:126,86
DA:128,86
DA:129,84
DA:130,84
DA:134,86
LF:47
LH:38
BRDA:129,0,0,84
BRDA:129,0,1,0
BRDA:236,1,0,86
BRDA:236,1,1,0
BRF:4
BRH:2
end_of_record
TN:
SF:client/app/index.js
FN:34,(anonymous_0)
FN:36,(anonymous_1)
FN:38,(anonymous_2)
FN:43,(anonymous_3)
FN:48,(anonymous_4)
FN:51,(anonymous_5)
FN:54,(anonymous_6)
FNF:7
FNH:7
FNDA:86,(anonymous_0)
FNDA:217,(anonymous_1)
FNDA:217,(anonymous_2)
FNDA:27,(anonymous_3)
FNDA:84,(anonymous_4)
FNDA:47,(anonymous_5)
FNDA:37,(anonymous_6)
DA:34,46
DA:35,86
DA:36,217
DA:38,217
DA:40,86
DA:42,86
DA:43,27
DA:47,86
DA:48,86
DA:50,84
DA:51,84
DA:54,86
DA:55,37
DA:59,86
LF:14
LH:14
BRDA:47,0,0,86
BRDA:47,0,1,86
BRDA:62,1,0,86
BRDA:62,1,1,86
BRDA:63,2,0,86
BRDA:63,2,1,0
BRF:6
BRH:5
end_of_record
TN:
SF:client/app/CanonicalUrl/index.js
FN:7,(anonymous_0)
FNF:1
FNH:1
FNDA:86,(anonymous_0)
DA:7,46
DA:8,86
DA:9,86
DA:10,86
DA:11,86
DA:14,86
DA:15,0
DA:16,0
DA:17,0
DA:20,86
LF:10
LH:7
BRDA:14,0,0,0
BRDA:14,0,1,86
BRF:2
BRH:1
end_of_record
TN:
SF:client/app/CookieModal/CookieSwitch.js
FN:23,(anonymous_0)
FN:26,(anonymous_1)
FN:38,(anonymous_2)
FN:47,(anonymous_3)
FNF:4
FNH:0
FNDA:0,(anonymous_0)
FNDA:0,(anonymous_1)
FNDA:0,(anonymous_2)
FNDA:0,(anonymous_3)
DA:23,46
DA:24,0
DA:25,0
DA:26,0
DA:29,0
DA:39,0
DA:45,0
DA:48,0
DA:54,0
LF:9
LH:1
BRDA:32,0,0,0
BRDA:32,0,1,0
BRF:2
BRH:0
end_of_record
TN:
SF:client/app/CookieModal/FirstStep.js
FN:28,(anonymous_0)
FN:29,(anonymous_1)
FNF:2
FNH:0
FNDA:0,(anonymous_0)
FNDA:0,(anonymous_1)
DA:28,46
DA:29,0
DA:30,0
DA:33,0
LF:4
LH:1
BRF:0
BRH:0
end_of_record
TN:
SF:client/app/CookieModal/SecondStep.js
FN:37,(anonymous_0)
FN:41,(anonymous_1)
FN:46,(anonymous_2)
FNF:3
FNH:0
FNDA:0,(anonymous_0)
FNDA:0,(anonymous_1)
FNDA:0,(anonymous_2)
DA:37,46
DA:41,0
DA:42,0
DA:43,0
DA:46,0
DA:47,0
DA:50,0
LF:7
LH:1
BRF:0
BRH:0
end_of_record
TN:
SF:client/app/CookieModal/index.js
FN:58,(anonymous_0)
FN:61,(anonymous_1)
FN:64,(anonymous_2)
FN:72,(anonymous_3)
FN:80,(anonymous_4)
FN:88,(anonymous_5)
FN:92,(anonymous_6)
FN:97,(anonymous_7)
FN:105,(anonymous_8)
FN:115,(anonymous_9)
FNF:10
FNH:5
FNDA:86,(anonymous_0)
FNDA:217,(anonymous_1)
FNDA:217,(anonymous_2)
FNDA:0,(anonymous_3)
FNDA:0,(anonymous_4)
FNDA:0,(anonymous_5)
FNDA:0,(anonymous_6)
FNDA:0,(anonymous_7)
FNDA:37,(anonymous_8)
FNDA:84,(anonymous_9)
DA:42,46
DA:43,46
DA:58,46
DA:59,86
DA:60,86
DA:61,217
DA:63,86
DA:64,217
DA:66,86
DA:67,86
DA:68,86
DA:72,86
DA:73,0
DA:74,0
DA:75,0
DA:76,0
DA:77,0
DA:80,86
DA:81,0
DA:82,0
DA:83,0
DA:84,0
DA:85,0
DA:88,86
DA:89,0
DA:92,86
DA:93,0
DA:94,0
DA:97,86
DA:98,0
DA:99,0
DA:100,0
DA:101,0
DA:102,0
DA:105,86
DA:106,37
DA:115,86
DA:116,84
DA:117,0
DA:121,86
DA:122,86
DA:125,0
LF:42
LH:22
BRDA:116,0,0,0
BRDA:116,0,1,84
BRDA:121,1,0,86
BRDA:121,1,1,0
BRDA:132,2,0,0
BRDA:132,2,1,0
BRDA:142,3,0,0
BRDA:142,3,1,0
BRF:8
BRH:2
end_of_record
TN:
SF:client/app/CookieModal/style.js
FNF:0
FNH:0
DA:13,46
DA:29,46
DA:40,46
DA:52,46
DA:64,46
DA:70,46
DA:77,46
DA:83,46
DA:100,46
DA:116,46
DA:122,46
DA:126,46
DA:140,46
DA:147,46
DA:167,46
DA:171,46
DA:179,46
DA:189,46
DA:197,46
DA:201,46
LF:20
LH:20
BRF:0
BRH:0
end_of_record
TN:
SF:client/app/CountryListener/index.js
FN:11,(anonymous_0)
FN:24,(anonymous_1)
FNF:2
FNH:2
FNDA:41,(anonymous_0)
FNDA:41,(anonymous_1)
DA:11,46
DA:12,41
DA:17,41
DA:18,41
DA:19,41
DA:20,41
DA:21,41
DA:23,41
DA:25,41
DA:26,41
DA:40,41
LF:11
LH:11
BRDA:12,0,0,41
BRDA:12,0,1,0
BRDA:18,1,0,41
BRDA:18,1,1,41
BRDA:25,2,0,41
BRDA:25,2,1,0
BRF:6
BRH:4
end_of_record
TN:
SF:client/app/Error/index.js
FN:25,(anonymous_0)
FN:32,(anonymous_1)
FN:37,(anonymous_2)
FN:54,(anonymous_3)
FN:56,(anonymous_4)
FNF:5
FNH:3
FNDA:37,(anonymous_0)
FNDA:0,(anonymous_1)
FNDA:86,(anonymous_2)
FNDA:86,(anonymous_3)
FNDA:0,(anonymous_4)
DA:26,37
DA:27,37
DA:33,0
DA:34,0
DA:40,86
DA:41,86
DA:43,86
DA:45,0
DA:47,86
DA:54,46
DA:55,86
DA:56,86
DA:57,0
DA:58,0
DA:59,0
DA:64,0
DA:66,0
DA:72,0
DA:79,0
DA:88,86
LF:20
LH:10
BRDA:43,0,0,0
BRDA:43,0,1,86
BRDA:58,1,0,0
BRDA:58,1,1,0
BRDA:66,2,0,0
BRDA:66,2,1,0
BRDA:67,3,0,0
BRDA:67,3,1,0
BRDA:67,3,2,0
BRDA:67,3,3,0
BRF:10
BRH:1
end_of_record
TN:
SF:client/app/Expiration/Secure/index.js
FN:16,(anonymous_0)
FN:28,(anonymous_1)
FN:40,(anonymous_2)
FN:44,(anonymous_3)
FN:50,(anonymous_4)
FNF:5
FNH:2
FNDA:86,(anonymous_0)
FNDA:37,(anonymous_1)
FNDA:0,(anonymous_2)
FNDA:0,(anonymous_3)
FNDA:0,(anonymous_4)
DA:14,46
DA:16,46
DA:17,86
DA:18,86
DA:19,86
DA:22,86
DA:23,86
DA:24,86
DA:26,86
DA:28,86
DA:29,37
DA:30,37
DA:32,37
DA:36,37
DA:37,37
DA:40,0
DA:41,0
DA:42,0
DA:44,0
DA:45,0
DA:46,0
DA:50,0
DA:54,86
LF:23
LH:16
BRDA:36,0,0,37
BRDA:36,0,1,0
BRDA:36,1,0,37
BRDA:36,1,1,0
BRDA:41,2,0,0
BRDA:41,2,1,0
BRF:6
BRH:2
end_of_record
TN:
SF:client/app/Expiration/Session/index.js
FN:26,(anonymous_0)
FN:28,(anonymous_1)
FN:35,(anonymous_2)
FN:41,(anonymous_3)
FN:48,(anonymous_4)
FN:49,(anonymous_5)
FN:53,(anonymous_6)
FN:59,(anonymous_7)
FN:66,(anonymous_8)
FN:77,(anonymous_9)
FN:85,(anonymous_10)
FN:93,(anonymous_11)
FN:100,(anonymous_12)
FNF:13
FNH:9
FNDA:156,(anonymous_0)
FNDA:287,(anonymous_1)
FNDA:287,(anonymous_2)
FNDA:0,(anonymous_3)
FNDA:37,(anonymous_4)
FNDA:78,(anonymous_5)
FNDA:0,(anonymous_6)
FNDA:37,(anonymous_7)
FNDA:72,(anonymous_8)
FNDA:72,(anonymous_9)
FNDA:37,(anonymous_10)
FNDA:0,(anonymous_11)
FNDA:0,(anonymous_12)
DA:23,46
DA:24,46
DA:26,46
DA:27,156
DA:28,287
DA:29,156
DA:32,156
DA:33,156
DA:34,156
DA:35,287
DA:37,156
DA:39,156
DA:41,156
DA:42,0
DA:43,0
DA:48,156
DA:49,37
DA:50,78
DA:53,37
DA:54,0
DA:59,156
DA:60,37
DA:61,37
DA:66,156
DA:67,72
DA:68,72
DA:70,72
DA:71,0
DA:77,156
DA:78,72
DA:79,0
DA:85,156
DA:86,37
DA:88,37
DA:89,37
DA:90,37
DA:93,0
DA:94,0
DA:95,0
DA:97,0
DA:100,0
DA:104,156
DA:112,46
LF:43
LH:33
BRDA:42,0,0,0
BRDA:42,0,1,0
BRDA:60,1,0,37
BRDA:60,1,1,0
BRDA:67,2,0,72
BRDA:67,2,1,0
BRDA:70,3,0,0
BRDA:70,3,1,72
BRDA:70,4,0,72
BRDA:70,4,1,0
BRDA:78,5,0,0
BRDA:78,5,1,72
BRDA:78,6,0,72
BRDA:78,6,1,0
BRDA:89,7,0,37
BRDA:89,7,1,0
BRDA:89,8,0,37
BRDA:89,8,1,0
BRDA:94,9,0,0
BRDA:94,9,1,0
BRF:20
BRH:8
end_of_record
TN:
SF:client/app/Expiration/Session/Modal/index.js
FN:23,(anonymous_0)
FN:26,(anonymous_1)
FN:29,(anonymous_2)
FN:35,(anonymous_3)
FNF:4
FNH:3
FNDA:121,(anonymous_0)
FNDA:252,(anonymous_1)
FNDA:37,(anonymous_2)
FNDA:0,(anonymous_3)
DA:21,46
DA:23,46
DA:24,121
DA:25,121
DA:26,252
DA:29,121
DA:30,37
DA:31,0
DA:35,121
DA:36,0
DA:37,0
DA:38,0
DA:41,121
LF:13
LH:9
BRDA:30,0,0,0
BRDA:30,0,1,37
BRF:2
BRH:1
end_of_record
TN:
SF:client/app/Expiration/Session/Modal/style.js
FNF:0
FNH:0
DA:6,46
DA:15,46
DA:19,46
DA:23,46
LF:4
LH:4
BRF:0
BRH:0
end_of_record
TN:
SF:client/app/Footer/CommonLinks.js
FN:14,(anonymous_0)
FN:16,(anonymous_1)
FNF:2
FNH:2
FNDA:86,(anonymous_0)
FNDA:221,(anonymous_1)
DA:14,46
DA:15,86
DA:16,221
DA:19,86
LF:4
LH:4
BRF:0
BRH:0
end_of_record
TN:
SF:client/app/Footer/ExternalLink.js
FN:7,(anonymous_0)
FNF:1
FNH:1
FNDA:140,(anonymous_0)
DA:7,46
DA:8,140
LF:2
LH:2
BRF:0
BRH:0
end_of_record
TN:
SF:client/app/Footer/index.js
FN:12,(anonymous_0)
FN:13,(anonymous_1)
FNF:2
FNH:2
FNDA:86,(anonymous_0)
FNDA:217,(anonymous_1)
DA:12,46
DA:13,217
DA:15,86
DA:17,70
DA:19,0
DA:21,16
LF:6
LH:5
BRDA:15,0,0,70
BRDA:15,0,1,0
BRDA:15,0,2,16
BRF:3
BRH:2
end_of_record
TN:
SF:client/app/Footer/style.js
FNF:0
FNH:0
DA:14,46
DA:28,46
DA:34,46
DA:41,46
DA:48,46
DA:64,46
DA:73,46
DA:83,46
DA:96,46
DA:105,46
DA:115,46
DA:119,46
LF:12
LH:12
BRF:0
BRH:0
end_of_record
TN:
SF:client/app/Footer/localized/DE.js
FN:38,(anonymous_0)
FN:42,(anonymous_1)
FN:80,(anonymous_2)
FNF:3
FNH:0
FNDA:0,(anonymous_0)
FNDA:0,(anonymous_1)
FNDA:0,(anonymous_2)
DA:38,46
DA:39,0
DA:40,0
DA:41,0
DA:42,0
DA:44,0
DA:46,0
DA:80,0
LF:8
LH:1
BRDA:46,0,0,0
BRDA:46,0,1,0
BRDA:50,1,0,0
BRDA:50,1,1,0
BRF:4
BRH:0
end_of_record
TN:
SF:client/app/Footer/localized/FR.js
FN:48,(anonymous_0)
FN:52,(anonymous_1)
FN:75,(anonymous_2)
FN:161,(anonymous_3)
FNF:4
FNH:3
FNDA:70,(anonymous_0)
FNDA:181,(anonymous_1)
FNDA:0,(anonymous_2)
FNDA:4,(anonymous_3)
DA:48,46
DA:49,70
DA:50,70
DA:51,70
DA:52,181
DA:54,70
DA:55,70
DA:57,70
DA:75,0
DA:161,4
LF:10
LH:9
BRDA:61,0,0,70
BRDA:61,0,1,0
BRDA:68,1,0,70
BRDA:68,1,1,0
BRDA:95,2,0,70
BRDA:95,2,1,0
BRF:6
BRH:3
end_of_record
TN:
SF:client/app/Footer/localized/INT.js
FN:34,(anonymous_0)
FN:38,(anonymous_1)
FN:68,(anonymous_2)
FNF:3
FNH:2
FNDA:16,(anonymous_0)
FNDA:40,(anonymous_1)
FNDA:0,(anonymous_2)
DA:34,46
DA:35,16
DA:36,16
DA:37,16
DA:38,40
DA:40,16
DA:42,16
DA:68,0
LF:8
LH:7
BRDA:42,0,0,16
BRDA:42,0,1,0
BRDA:46,1,0,16
BRDA:46,1,1,0
BRF:4
BRH:2
end_of_record
TN:
SF:client/app/Header/index.js
FN:34,(anonymous_0)
FN:36,(anonymous_1)
FN:54,(anonymous_2)
FNF:3
FNH:2
FNDA:86,(anonymous_0)
FNDA:217,(anonymous_1)
FNDA:0,(anonymous_2)
DA:34,46
DA:35,86
DA:36,217
DA:38,86
DA:40,86
LF:5
LH:5
BRDA:47,0,0,86
BRDA:47,0,1,86
BRDA:54,1,0,86
BRDA:54,1,1,0
BRDA:63,2,0,86
BRDA:63,2,1,0
BRDA:63,2,2,0
BRDA:65,3,0,86
BRDA:65,3,1,86
BRDA:67,4,0,86
BRDA:67,4,1,0
BRDA:68,5,0,86
BRDA:68,5,1,0
BRF:13
BRH:8
end_of_record
TN:
SF:client/app/Header/style.js
FNF:0
FNH:0
DA:13,46
DA:26,46
DA:31,46
DA:37,46
DA:43,46
DA:47,46
DA:52,46
LF:7
LH:7
BRF:0
BRH:0
end_of_record
TN:
SF:client/app/Hreflang/index.js
FN:16,(anonymous_0)
FN:19,(anonymous_1)
FN:28,(anonymous_2)
FN:35,(anonymous_3)
FN:47,(anonymous_4)
FNF:5
FNH:5
FNDA:86,(anonymous_0)
FNDA:217,(anonymous_1)
FNDA:2408,(anonymous_2)
FNDA:2408,(anonymous_3)
FNDA:258,(anonymous_4)
DA:10,46
DA:16,46
DA:17,86
DA:18,86
DA:19,217
DA:22,86
DA:23,0
DA:26,86
DA:28,2408
DA:33,86
DA:36,2408
DA:48,258
LF:12
LH:11
BRDA:22,0,0,0
BRDA:22,0,1,86
BRDA:26,1,0,86
BRDA:26,1,1,0
BRF:4
BRH:2
end_of_record
TN:
SF:client/app/LanguageListener/index.js
FN:8,(anonymous_0)
FN:14,(anonymous_1)
FNF:2
FNH:2
FNDA:41,(anonymous_0)
FNDA:37,(anonymous_1)
DA:8,46
DA:9,41
DA:10,41
DA:11,41
DA:13,41
DA:15,37
DA:16,0
DA:23,41
LF:8
LH:7
BRDA:15,0,0,0
BRDA:15,0,1,37
BRF:2
BRH:1
end_of_record
TN:
SF:client/app/MetaTags/index.js
FN:16,(anonymous_0)
FNF:1
FNH:1
FNDA:94,(anonymous_0)
DA:16,46
DA:17,94
DA:19,94
DA:56,46
LF:4
LH:4
BRDA:21,0,0,94
BRDA:21,0,1,94
BRDA:24,1,0,94
BRDA:24,1,1,94
BRDA:26,2,0,94
BRDA:26,2,1,94
BRDA:29,3,0,94
BRDA:29,3,1,94
BRDA:33,4,0,94
BRDA:33,4,1,94
BRDA:37,5,0,94
BRDA:37,5,1,94
BRDA:42,6,0,94
BRDA:42,6,1,94
BRDA:46,7,0,94
BRDA:46,7,1,94
BRDA:50,8,0,94
BRDA:50,8,1,94
BRF:18
BRH:18
end_of_record
TN:
SF:client/app/Modal/index.js
FN:34,(anonymous_0)
FN:37,(anonymous_1)
FN:40,(anonymous_2)
FNF:3
FNH:2
FNDA:86,(anonymous_0)
FNDA:217,(anonymous_1)
FNDA:0,(anonymous_2)
DA:24,46
DA:26,46
DA:34,46
DA:35,86
DA:36,86
DA:37,217
DA:40,86
DA:41,0
DA:42,0
DA:45,86
DA:46,4
DA:66,82
LF:12
LH:10
BRDA:45,0,0,4
BRDA:45,0,1,82
BRF:2
BRH:2
end_of_record
TN:
SF:client/app/Notifications/Banner/AccountActivationFailure.js
FN:5,(anonymous_0)
FNF:1
FNH:0
FNDA:0,(anonymous_0)
DA:5,46
DA:6,0
LF:2
LH:1
BRF:0
BRH:0
end_of_record
TN:
SF:client/app/Notifications/Banner/AccountActivationSuccess.js
FN:5,(anonymous_0)
FNF:1
FNH:0
FNDA:0,(anonymous_0)
DA:5,46
DA:6,0
LF:2
LH:1
BRF:0
BRH:0
end_of_record
TN:
SF:client/app/Notifications/Banner/AccountDeletionSuccess.js
FN:5,(anonymous_0)
FNF:1
FNH:0
FNDA:0,(anonymous_0)
DA:5,46
DA:6,0
LF:2
LH:1
BRF:0
BRH:0
end_of_record
TN:
SF:client/app/Notifications/Banner/CookiesPreferencesUpdate.js
FN:4,(anonymous_0)
FNF:1
FNH:0
FNDA:0,(anonymous_0)
DA:4,46
DA:5,0
LF:2
LH:1
BRF:0
BRH:0
end_of_record
TN:
SF:client/app/Notifications/Banner/LoginSuccess.js
FN:5,(anonymous_0)
FNF:1
FNH:0
FNDA:0,(anonymous_0)
DA:5,46
DA:6,0
LF:2
LH:1
BRF:0
BRH:0
end_of_record
TN:
SF:client/app/Notifications/Banner/LogoutSuccess.js
FN:5,(anonymous_0)
FNF:1
FNH:0
FNDA:0,(anonymous_0)
DA:5,46
DA:6,0
LF:2
LH:1
BRF:0
BRH:0
end_of_record
TN:
SF:client/app/Notifications/Banner/NetworkError.js
FN:4,(anonymous_0)
FNF:1
FNH:0
FNDA:0,(anonymous_0)
DA:4,46
DA:5,0
LF:2
LH:1
BRF:0
BRH:0
end_of_record
TN:
SF:client/app/Notifications/Banner/RegisterSuccess.js
FN:5,(anonymous_0)
FNF:1
FNH:0
FNDA:0,(anonymous_0)
DA:5,46
DA:6,0
LF:2
LH:1
BRF:0
BRH:0
end_of_record
TN:
SF:client/app/Notifications/Banner/RegisterSuccessValidate.js
FN:9,(anonymous_0)
FNF:1
FNH:0
FNDA:0,(anonymous_0)
DA:9,46
DA:10,0
LF:2
LH:1
BRF:0
BRH:0
end_of_record
TN:
SF:client/app/Notifications/Banner/SecureExpired.js
FN:7,(anonymous_0)
FNF:1
FNH:0
FNDA:0,(anonymous_0)
DA:7,46
DA:8,0
LF:2
LH:1
BRF:0
BRH:0
end_of_record
TN:
SF:client/app/Notifications/Banner/SocialMediaCookies.js
FN:10,(anonymous_0)
FN:12,(anonymous_1)
FN:19,(anonymous_2)
FNF:3
FNH:0
FNDA:0,(anonymous_0)
FNDA:0,(anonymous_1)
FNDA:0,(anonymous_2)
DA:10,46
DA:11,0
DA:12,0
DA:14,0
DA:19,0
LF:5
LH:1
BRF:0
BRH:0
end_of_record
TN:
SF:client/app/Notifications/Banner/UnexpectedError.js
FN:4,(anonymous_0)
FNF:1
FNH:0
FNDA:0,(anonymous_0)
DA:4,46
DA:5,0
LF:2
LH:1
BRF:0
BRH:0
end_of_record
TN:
SF:client/app/Notifications/Banner/VoteOnly.js
FN:18,(anonymous_0)
FN:19,(anonymous_1)
FN:24,(anonymous_2)
FNF:3
FNH:0
FNDA:0,(anonymous_0)
FNDA:0,(anonymous_1)
FNDA:0,(anonymous_2)
DA:18,46
DA:19,0
DA:20,0
DA:22,0
DA:24,0
DA:25,0
DA:26,0
DA:30,0
DA:31,0
DA:33,0
LF:10
LH:1
BRDA:25,0,0,0
BRDA:25,0,1,0
BRDA:30,1,0,0
BRDA:30,1,1,0
BRF:4
BRH:0
end_of_record
TN:
SF:client/app/Notifications/Message/index.js
FN:36,(anonymous_0)
FNF:1
FNH:0
FNDA:0,(anonymous_0)
DA:36,46
DA:37,0
DA:39,0
DA:41,0
DA:43,0
DA:45,0
DA:47,0
DA:49,0
DA:51,0
DA:53,0
DA:55,0
DA:57,0
DA:59,0
DA:61,0
DA:63,0
DA:65,0
DA:67,0
DA:69,0
LF:18
LH:1
BRDA:37,0,0,0
BRDA:37,0,1,0
BRDA:37,0,2,0
BRDA:37,0,3,0
BRDA:37,0,4,0
BRDA:37,0,5,0
BRDA:37,0,6,0
BRDA:37,0,7,0
BRDA:37,0,8,0
BRDA:37,0,9,0
BRDA:37,0,10,0
BRDA:37,0,11,0
BRDA:37,0,12,0
BRDA:37,0,13,0
BRDA:37,0,14,0
BRDA:37,0,15,0
BRF:16
BRH:0
end_of_record
TN:
SF:client/app/Notifications/Tip/FirstVote.js
FN:5,(anonymous_0)
FNF:1
FNH:0
FNDA:0,(anonymous_0)
DA:5,46
DA:6,0
LF:2
LH:1
BRF:0
BRH:0
end_of_record
TN:
SF:client/app/Panel/index.js
FN:29,(anonymous_0)
FN:33,(anonymous_1)
FN:36,(anonymous_2)
FN:41,(anonymous_3)
FN:56,(anonymous_4)
FN:61,(anonymous_5)
FNF:6
FNH:4
FNDA:86,(anonymous_0)
FNDA:217,(anonymous_1)
FNDA:0,(anonymous_2)
FNDA:37,(anonymous_3)
FNDA:22,(anonymous_4)
FNDA:0,(anonymous_5)
DA:29,46
DA:30,86
DA:31,86
DA:32,86
DA:33,217
DA:36,86
DA:37,0
DA:38,0
DA:41,86
DA:42,37
DA:43,0
DA:46,37
DA:47,0
DA:48,0
DA:49,0
DA:51,0
DA:54,37
DA:55,37
DA:56,37
DA:58,22
DA:60,37
DA:61,37
DA:64,86
LF:23
LH:16
BRDA:42,0,0,0
BRDA:42,0,1,37
BRDA:46,1,0,0
BRDA:46,1,1,37
BRDA:66,2,0,86
BRDA:66,2,1,0
BRDA:70,3,0,0
BRDA:70,3,1,0
BRDA:76,4,0,0
BRDA:76,4,1,0
BRDA:84,5,0,86
BRDA:84,5,1,0
BRF:12
BRH:4
end_of_record
TN:
SF:client/app/Panel/style.js
FNF:0
FNH:0
DA:9,46
DA:23,46
DA:43,46
DA:65,46
DA:73,46
LF:5
LH:5
BRF:0
BRH:0
end_of_record
TN:
SF:client/app/PrivacyPolicyModal/DataPolicy.js
FN:25,(anonymous_0)
FN:27,(anonymous_1)
FN:29,(anonymous_2)
FN:35,(anonymous_3)
FN:38,(anonymous_4)
FN:43,(anonymous_5)
FN:53,(anonymous_6)
FN:55,(anonymous_7)
FN:58,(anonymous_8)
FNF:9
FNH:0
FNDA:0,(anonymous_0)
FNDA:0,(anonymous_1)
FNDA:0,(anonymous_2)
FNDA:0,(anonymous_3)
FNDA:0,(anonymous_4)
FNDA:0,(anonymous_5)
FNDA:0,(anonymous_6)
FNDA:0,(anonymous_7)
FNDA:0,(anonymous_8)
DA:25,46
DA:26,0
DA:27,0
DA:28,0
DA:29,0
DA:32,0
DA:33,0
DA:34,0
DA:35,0
DA:37,0
DA:38,0
DA:39,0
DA:40,0
DA:41,0
DA:43,0
DA:44,0
DA:45,0
DA:46,0
DA:48,0
DA:50,0
DA:53,0
DA:54,0
DA:55,0
DA:56,0
DA:58,0
DA:62,0
LF:26
LH:1
BRDA:45,0,0,0
BRDA:45,0,1,0
BRF:2
BRH:0
end_of_record
TN:
SF:client/app/PrivacyPolicyModal/RefusalConfirmation.js
FN:26,(anonymous_0)
FN:29,(anonymous_1)
FN:31,(anonymous_2)
FN:34,(anonymous_3)
FNF:4
FNH:0
FNDA:0,(anonymous_0)
FNDA:0,(anonymous_1)
FNDA:0,(anonymous_2)
FNDA:0,(anonymous_3)
DA:26,46
DA:27,0
DA:28,0
DA:29,0
DA:31,0
DA:32,0
DA:34,0
DA:35,0
DA:38,0
LF:9
LH:1
BRF:0
BRH:0
end_of_record
TN:
SF:client/app/PrivacyPolicyModal/index.js
FN:12,(anonymous_0)
FN:14,(anonymous_1)
FN:18,(anonymous_2)
FNF:3
FNH:0
FNDA:0,(anonymous_0)
FNDA:0,(anonymous_1)
FNDA:0,(anonymous_2)
DA:10,46
DA:12,46
DA:13,0
DA:14,0
DA:15,0
DA:18,0
DA:19,0
DA:22,0
DA:37,0
LF:9
LH:2
BRDA:52,0,0,0
BRDA:52,0,1,0
BRF:2
BRH:0
end_of_record
TN:
SF:client/app/PrivacyPolicyModal/style.js
FN:39,(anonymous_0)
FNF:1
FNH:0
FNDA:0,(anonymous_0)
DA:9,46
DA:24,46
DA:34,46
DA:39,0
DA:49,46
DA:55,46
LF:6
LH:5
BRDA:39,0,0,0
BRDA:39,0,1,0
BRF:2
BRH:0
end_of_record
TN:
SF:client/app/SkipLinks/Homepage.js
FN:7,(anonymous_0)
FNF:1
FNH:1
FNDA:94,(anonymous_0)
DA:7,37
DA:8,94
LF:2
LH:2
BRF:0
BRH:0
end_of_record
TN:
SF:client/app/SkipLinks/Main.js
FN:16,(anonymous_0)
FNF:1
FNH:1
FNDA:86,(anonymous_0)
DA:16,46
DA:17,86
LF:2
LH:2
BRF:0
BRH:0
end_of_record
TN:
SF:client/app/Styled/MainElements.js
FNF:0
FNH:0
DA:17,46
DA:26,46
DA:35,46
DA:49,46
DA:58,46
DA:62,46
DA:74,46
LF:7
LH:7
BRF:0
BRH:0
end_of_record
TN:
SF:client/app/SwitchCountry/index.js
FN:20,(anonymous_0)
FN:23,(anonymous_1)
FN:27,(anonymous_2)
FN:36,(anonymous_3)
FN:38,(anonymous_4)
FN:55,(anonymous_5)
FN:59,(anonymous_6)
FNF:7
FNH:6
FNDA:4,(anonymous_0)
FNDA:16,(anonymous_1)
FNDA:112,(anonymous_2)
FNDA:4,(anonymous_3)
FNDA:0,(anonymous_4)
FNDA:112,(anonymous_5)
FNDA:4,(anonymous_6)
DA:20,46
DA:21,4
DA:22,4
DA:23,16
DA:25,4
DA:27,4
DA:28,112
DA:34,4
DA:36,4
DA:37,4
DA:38,0
DA:41,4
DA:43,4
DA:46,4
DA:56,112
DA:59,4
LF:16
LH:15
BRDA:37,0,0,0
BRDA:37,0,1,4
BRDA:60,1,0,112
BRDA:60,1,1,4
BRDA:65,2,0,112
BRDA:65,2,1,4
BRF:6
BRH:5
end_of_record
TN:
SF:client/app/SwitchCountry/style.js
FNF:0
FNH:0
DA:10,46
DA:21,46
DA:34,46
DA:50,46
LF:4
LH:4
BRF:0
BRH:0
end_of_record
TN:
SF:client/app/assets/css-in-js/DefaultStyle.js
FNF:0
FNH:0
DA:12,46
LF:1
LH:1
BRF:0
BRH:0
end_of_record
TN:
SF:client/app/assets/css-in-js/FontFaces.js
FNF:0
FNH:0
DA:13,46
LF:1
LH:1
BRF:0
BRH:0
end_of_record
TN:
SF:client/app/assets/css-in-js/ModernNormalize.js
FNF:0
FNH:0
DA:5,46
LF:1
LH:1
BRF:0
BRH:0
end_of_record
TN:
SF:client/app/assets/css-in-js/UITheme.js
FNF:0
FNH:0
DA:9,46
LF:1
LH:1
BRF:0
BRH:0
end_of_record
TN:
SF:client/app/assets/vars/Breakpoints.js
FNF:0
FNH:0
DA:3,46
DA:10,46
DA:15,46
LF:3
LH:3
BRF:0
BRH:0
end_of_record
TN:
SF:client/app/assets/vars/Colors.js
FNF:0
FNH:0
DA:1,46
DA:2,46
DA:3,46
DA:5,46
DA:10,46
DA:15,46
DA:20,46
DA:30,46
DA:36,46
DA:46,46
DA:55,46
DA:61,46
DA:67,46
DA:74,46
LF:14
LH:14
BRF:0
BRH:0
end_of_record
TN:
SF:client/app/assets/vars/Elements.js
FNF:0
FNH:0
DA:1,46
LF:1
LH:1
BRF:0
BRH:0
end_of_record
TN:
SF:client/app/assets/vars/Fonts.js
FNF:0
FNH:0
DA:3,46
LF:1
LH:1
BRF:0
BRH:0
end_of_record
TN:
SF:client/features/auth/style.js
FNF:0
FNH:0
DA:15,46
DA:28,46
DA:32,46
DA:40,46
DA:49,46
DA:54,46
DA:58,46
DA:63,46
DA:67,46
DA:73,46
DA:80,46
DA:95,46
LF:12
LH:12
BRF:0
BRH:0
end_of_record
TN:
SF:client/features/auth/Header/index.js
FN:23,(anonymous_0)
FN:25,(anonymous_1)
FN:29,(anonymous_2)
FN:56,(anonymous_3)
FNF:4
FNH:3
FNDA:86,(anonymous_0)
FNDA:217,(anonymous_1)
FNDA:217,(anonymous_2)
FNDA:0,(anonymous_3)
DA:23,46
DA:24,86
DA:25,86
DA:26,217
DA:28,86
DA:29,217
DA:31,86
DA:33,86
DA:34,0
DA:35,0
DA:39,0
DA:52,86
DA:56,0
LF:13
LH:9
BRDA:33,0,0,0
BRDA:33,0,1,86
BRDA:35,1,0,0
BRDA:35,1,1,0
BRDA:47,2,0,0
BRDA:47,2,1,0
BRDA:60,3,0,86
BRDA:60,3,1,0
BRF:8
BRH:2
end_of_record
TN:
SF:client/features/auth/Header/style.js
FNF:0
FNH:0
DA:8,46
LF:1
LH:1
BRF:0
BRH:0
end_of_record
TN:
SF:client/features/auth/Login/Form.js
FN:44,(anonymous_0)
FN:46,(anonymous_1)
FN:58,(anonymous_2)
FN:63,(anonymous_3)
FN:67,(anonymous_4)
FN:75,(anonymous_5)
FN:78,(anonymous_6)
FN:90,(anonymous_7)
FN:94,(anonymous_8)
FN:99,(anonymous_9)
FNF:10
FNH:0
FNDA:0,(anonymous_0)
FNDA:0,(anonymous_1)
FNDA:0,(anonymous_2)
FNDA:0,(anonymous_3)
FNDA:0,(anonymous_4)
FNDA:0,(anonymous_5)
FNDA:0,(anonymous_6)
FNDA:0,(anonymous_7)
FNDA:0,(anonymous_8)
FNDA:0,(anonymous_9)
DA:44,46
DA:45,0
DA:46,0
DA:47,0
DA:52,0
DA:53,0
DA:54,0
DA:55,0
DA:58,0
DA:59,0
DA:63,0
DA:64,0
DA:67,0
DA:68,0
DA:69,0
DA:75,0
DA:76,0
DA:78,0
DA:79,0
DA:80,0
DA:81,0
DA:82,0
DA:83,0
DA:90,0
DA:91,0
DA:92,0
DA:94,0
DA:95,0
DA:100,0
DA:109,0
LF:30
LH:1
BRF:0
BRH:0
end_of_record
TN:
SF:client/features/auth/Login/index.js
FN:27,(anonymous_0)
FN:30,(anonymous_1)
FN:34,(anonymous_2)
FNF:3
FNH:0
FNDA:0,(anonymous_0)
FNDA:0,(anonymous_1)
FNDA:0,(anonymous_2)
DA:27,46
DA:28,0
DA:30,0
DA:31,0
DA:34,0
DA:35,0
DA:38,0
LF:7
LH:1
BRF:0
BRH:0
end_of_record
TN:
SF:client/features/auth/PasswordForgot/Form.js
FN:17,(anonymous_0)
FN:23,(anonymous_1)
FN:27,(anonymous_2)
FN:29,(anonymous_3)
FN:30,(anonymous_4)
FNF:5
FNH:0
FNDA:0,(anonymous_0)
FNDA:0,(anonymous_1)
FNDA:0,(anonymous_2)
FNDA:0,(anonymous_3)
FNDA:0,(anonymous_4)
DA:17,46
DA:18,0
DA:19,0
DA:20,0
DA:21,0
DA:23,0
DA:24,0
DA:27,0
DA:28,0
DA:29,0
DA:30,0
DA:31,0
DA:33,0
DA:36,0
DA:37,0
DA:44,0
LF:16
LH:1
BRDA:36,0,0,0
BRDA:36,0,1,0
BRF:2
BRH:0
end_of_record
TN:
SF:client/features/auth/PasswordForgot/index.js
FN:16,(anonymous_0)
FN:19,(anonymous_1)
FNF:2
FNH:0
FNDA:0,(anonymous_0)
FNDA:0,(anonymous_1)
DA:16,46
DA:17,0
DA:19,0
DA:20,0
DA:23,0
LF:5
LH:1
BRF:0
BRH:0
end_of_record
TN:
SF:client/features/auth/PasswordForgot/style.js
FNF:0
FNH:0
DA:5,46
DA:15,46
DA:19,46
LF:3
LH:3
BRF:0
BRH:0
end_of_record
TN:
SF:client/features/auth/PasswordRecovery/Failure.js
FN:5,(anonymous_0)
FNF:1
FNH:0
FNDA:0,(anonymous_0)
DA:5,46
DA:6,0
LF:2
LH:1
BRF:0
BRH:0
end_of_record
TN:
SF:client/features/auth/Register/Form.js
FN:48,(anonymous_0)
FN:57,(anonymous_1)
FN:60,(anonymous_2)
FNF:3
FNH:0
FNDA:0,(anonymous_0)
FNDA:0,(anonymous_1)
FNDA:0,(anonymous_2)
DA:48,46
DA:56,0
DA:57,0
DA:59,0
DA:60,0
DA:63,0
DA:64,0
DA:65,0
DA:66,0
DA:67,0
DA:69,0
DA:70,0
DA:74,0
LF:13
LH:1
BRDA:71,0,0,0
BRDA:71,0,1,0
BRDA:125,1,0,0
BRDA:125,1,1,0
BRF:4
BRH:0
end_of_record
TN:
SF:client/features/auth/Register/LegalConsent.js
FN:29,(anonymous_0)
FN:39,(anonymous_1)
FN:68,(anonymous_2)
FN:69,(anonymous_3)
FN:82,(anonymous_4)
FN:83,(anonymous_5)
FNF:6
FNH:0
FNDA:0,(anonymous_0)
FNDA:0,(anonymous_1)
FNDA:0,(anonymous_2)
FNDA:0,(anonymous_3)
FNDA:0,(anonymous_4)
FNDA:0,(anonymous_5)
DA:29,46
DA:35,0
DA:36,0
DA:37,0
DA:39,0
DA:40,0
DA:41,0
DA:45,0
DA:68,0
DA:70,0
DA:82,0
DA:84,0
LF:12
LH:1
BRDA:37,0,0,0
BRDA:37,0,1,0
BRDA:40,1,0,0
BRDA:40,1,1,0
BRDA:50,2,0,0
BRDA:50,2,1,0
BRF:6
BRH:0
end_of_record
TN:
SF:client/features/auth/Register/index.js
FN:34,(anonymous_0)
FN:55,(anonymous_1)
FN:59,(anonymous_2)
FN:77,(anonymous_3)
FN:99,(anonymous_4)
FN:100,(anonymous_5)
FN:103,(anonymous_6)
FN:104,(anonymous_7)
FN:120,(anonymous_8)
FN:122,(anonymous_9)
FN:123,(anonymous_10)
FN:129,(anonymous_11)
FN:133,(anonymous_12)
FN:142,(anonymous_13)
FNF:14
FNH:0
FNDA:0,(anonymous_0)
FNDA:0,(anonymous_1)
FNDA:0,(anonymous_2)
FNDA:0,(anonymous_3)
FNDA:0,(anonymous_4)
FNDA:0,(anonymous_5)
FNDA:0,(anonymous_6)
FNDA:0,(anonymous_7)
FNDA:0,(anonymous_8)
FNDA:0,(anonymous_9)
FNDA:0,(anonymous_10)
FNDA:0,(anonymous_11)
FNDA:0,(anonymous_12)
FNDA:0,(anonymous_13)
DA:34,46
DA:35,0
DA:36,0
DA:49,0
DA:50,0
DA:51,0
DA:53,0
DA:55,0
DA:56,0
DA:59,0
DA:60,0
DA:61,0
DA:66,0
DA:68,0
DA:77,0
DA:78,0
DA:80,0
DA:81,0
DA:82,0
DA:90,0
DA:93,0
DA:99,0
DA:100,0
DA:101,0
DA:103,0
DA:104,0
DA:105,0
DA:107,0
DA:110,0
DA:120,0
DA:121,0
DA:122,0
DA:123,0
DA:124,0
DA:125,0
DA:126,0
DA:129,0
DA:130,0
DA:131,0
DA:133,0
DA:134,0
DA:135,0
DA:137,0
DA:139,0
DA:142,0
DA:143,0
DA:144,0
DA:146,0
LF:48
LH:1
BRDA:53,0,0,0
BRDA:53,0,1,0
BRDA:53,0,2,0
BRDA:53,0,3,0
BRDA:60,1,0,0
BRDA:60,1,1,0
BRDA:60,2,0,0
BRDA:60,2,1,0
BRDA:80,3,0,0
BRDA:80,3,1,0
BRDA:156,4,0,0
BRDA:156,4,1,0
BRDA:184,5,0,0
BRDA:184,5,1,0
BRF:14
BRH:0
end_of_record
TN:
SF:client/features/auth/Social/FacebookAuthentication.js
FN:32,(anonymous_0)
FN:34,(anonymous_1)
FN:37,(anonymous_2)
FN:38,(anonymous_3)
FN:62,(anonymous_4)
FN:67,(anonymous_5)
FN:70,(anonymous_6)
FN:76,(anonymous_7)
FN:89,(anonymous_8)
FN:108,(anonymous_9)
FNF:10
FNH:0
FNDA:0,(anonymous_0)
FNDA:0,(anonymous_1)
FNDA:0,(anonymous_2)
FNDA:0,(anonymous_3)
FNDA:0,(anonymous_4)
FNDA:0,(anonymous_5)
FNDA:0,(anonymous_6)
FNDA:0,(anonymous_7)
FNDA:0,(anonymous_8)
FNDA:0,(anonymous_9)
DA:32,46
DA:33,0
DA:34,0
DA:36,0
DA:37,0
DA:38,0
DA:39,0
DA:40,0
DA:46,0
DA:48,0
DA:49,0
DA:53,0
DA:59,0
DA:62,0
DA:63,0
DA:64,0
DA:67,0
DA:68,0
DA:70,0
DA:72,0
DA:77,0
DA:89,0
DA:93,0
DA:94,0
DA:95,0
DA:99,0
DA:100,0
DA:109,0
DA:117,0
LF:29
LH:1
BRDA:39,0,0,0
BRDA:39,0,1,0
BRDA:39,1,0,0
BRDA:39,1,1,0
BRDA:48,2,0,0
BRDA:48,2,1,0
BRDA:93,3,0,0
BRDA:93,3,1,0
BRDA:93,3,2,0
BRDA:94,4,0,0
BRDA:94,4,1,0
BRDA:94,5,0,0
BRDA:94,5,1,0
BRDA:99,6,0,0
BRDA:99,6,1,0
BRF:15
BRH:0
end_of_record
TN:
SF:client/features/auth/Social/GoogleAuthentication.js
FN:30,(anonymous_0)
FN:32,(anonymous_1)
FN:34,(anonymous_2)
FN:35,(anonymous_3)
FN:40,(anonymous_4)
FN:43,(anonymous_5)
FN:49,(anonymous_6)
FN:59,(anonymous_7)
FN:89,(anonymous_8)
FNF:9
FNH:0
FNDA:0,(anonymous_0)
FNDA:0,(anonymous_1)
FNDA:0,(anonymous_2)
FNDA:0,(anonymous_3)
FNDA:0,(anonymous_4)
FNDA:0,(anonymous_5)
FNDA:0,(anonymous_6)
FNDA:0,(anonymous_7)
FNDA:0,(anonymous_8)
DA:30,46
DA:31,0
DA:32,0
DA:34,0
DA:35,0
DA:36,0
DA:37,0
DA:40,0
DA:41,0
DA:43,0
DA:45,0
DA:50,0
DA:59,0
DA:60,0
DA:61,0
DA:66,0
DA:69,0
DA:73,0
DA:79,0
DA:82,0
DA:90,0
LF:21
LH:1
BRDA:60,0,0,0
BRDA:60,0,1,0
BRF:2
BRH:0
end_of_record
TN:
SF:client/features/auth/Social/style.js
FNF:0
FNH:0
DA:8,46
DA:14,46
DA:27,46
DA:35,46
DA:40,46
DA:44,46
LF:6
LH:6
BRF:0
BRH:0
end_of_record
TN:
SF:client/features/consultation/Browse/Item.js
FN:38,(anonymous_0)
FN:50,(anonymous_1)
FN:91,(anonymous_2)
FNF:3
FNH:2
FNDA:0,(anonymous_0)
FNDA:296,(anonymous_1)
FNDA:756,(anonymous_2)
DA:38,37
DA:39,0
DA:41,0
DA:43,0
DA:45,0
DA:50,37
DA:66,296
DA:68,296
DA:70,296
DA:72,296
DA:73,296
DA:74,296
DA:76,296
DA:78,296
DA:79,0
DA:82,296
DA:83,0
DA:86,296
DA:87,0
DA:90,296
DA:91,756
DA:92,296
DA:93,296
DA:95,296
DA:96,296
DA:98,296
DA:99,0
DA:100,0
DA:103,296
DA:104,0
DA:105,0
DA:108,296
LF:32
LH:21
BRDA:39,0,0,0
BRDA:39,0,1,0
BRDA:39,0,2,0
BRDA:68,1,0,296
BRDA:68,1,1,0
BRDA:68,1,2,0
BRDA:70,2,0,296
BRDA:70,2,1,0
BRDA:70,2,2,0
BRDA:72,3,0,296
BRDA:72,3,1,0
BRDA:72,3,2,0
BRDA:78,4,0,0
BRDA:78,4,1,296
BRDA:82,5,0,0
BRDA:82,5,1,296
BRDA:86,6,0,0
BRDA:86,6,1,296
BRDA:86,7,0,296
BRDA:86,7,1,296
BRDA:98,8,0,0
BRDA:98,8,1,296
BRDA:103,9,0,0
BRDA:103,9,1,296
BRDA:103,10,0,296
BRDA:103,10,1,0
BRDA:112,11,0,296
BRDA:112,11,1,296
BRDA:117,12,0,296
BRDA:117,12,1,0
BRDA:126,13,0,296
BRDA:126,13,1,296
BRDA:137,14,0,296
BRDA:137,14,1,296
BRDA:148,15,0,296
BRDA:148,15,1,0
BRF:36
BRH:19
end_of_record
TN:
SF:client/features/consultation/Browse/Link.js
FN:26,(anonymous_0)
FN:27,(anonymous_1)
FN:38,(anonymous_2)
FNF:3
FNH:2
FNDA:296,(anonymous_0)
FNDA:756,(anonymous_1)
FNDA:0,(anonymous_2)
DA:26,37
DA:27,756
DA:28,296
DA:29,296
DA:31,296
DA:32,296
DA:34,296
DA:36,296
DA:38,296
DA:39,0
DA:40,0
DA:42,0
DA:44,0
DA:47,296
DA:48,296
DA:60,0
DA:61,0
DA:81,0
LF:18
LH:11
BRDA:32,0,0,296
BRDA:32,0,1,0
BRDA:34,1,0,296
BRDA:34,1,1,0
BRDA:34,1,2,0
BRDA:36,2,0,296
BRDA:36,2,1,0
BRDA:36,2,2,0
BRDA:39,3,0,0
BRDA:39,3,1,0
BRDA:47,4,0,296
BRDA:47,4,1,0
BRDA:60,5,0,0
BRDA:60,5,1,0
BRDA:60,6,0,0
BRDA:60,6,1,0
BRDA:65,7,0,0
BRDA:65,7,1,0
BRDA:65,8,0,0
BRDA:65,8,1,0
BRDA:84,9,0,0
BRDA:84,9,1,0
BRF:22
BRH:4
end_of_record
TN:
SF:client/features/consultation/Browse/List.js
FN:16,(anonymous_0)
FN:48,(anonymous_1)
FNF:2
FNH:2
FNDA:74,(anonymous_0)
FNDA:296,(anonymous_1)
DA:16,37
DA:22,74
DA:23,74
DA:24,74
DA:26,74
DA:28,0
DA:31,74
DA:32,0
DA:35,74
DA:36,0
DA:46,74
DA:49,296
LF:12
LH:9
BRDA:19,0,0,74
BRDA:20,1,0,74
BRDA:26,2,0,0
BRDA:26,2,1,74
BRDA:31,3,0,0
BRDA:31,3,1,74
BRDA:31,4,0,74
BRDA:31,4,1,74
BRDA:35,5,0,0
BRDA:35,5,1,74
BRDA:61,6,0,74
BRDA:61,6,1,0
BRDA:61,6,2,0
BRF:13
BRH:8
end_of_record
TN:
SF:client/features/consultation/Browse/RegistrationIncentive.js
FN:20,(anonymous_0)
FN:41,(anonymous_1)
FN:47,(anonymous_2)
FNF:3
FNH:0
FNDA:0,(anonymous_0)
FNDA:0,(anonymous_1)
FNDA:0,(anonymous_2)
DA:20,37
DA:24,0
DA:26,0
DA:27,0
DA:30,0
DA:31,0
DA:34,0
DA:35,0
DA:38,0
DA:41,37
DA:45,0
DA:47,0
DA:48,0
DA:49,0
DA:52,0
LF:15
LH:2
BRDA:26,0,0,0
BRDA:26,0,1,0
BRDA:26,1,0,0
BRDA:26,1,1,0
BRDA:30,2,0,0
BRDA:30,2,1,0
BRDA:34,3,0,0
BRDA:34,3,1,0
BRF:8
BRH:0
end_of_record
TN:
SF:client/features/consultation/Browse/style.js
FN:96,(anonymous_0)
FN:124,(anonymous_1)
FNF:2
FNH:2
FNDA:74,(anonymous_0)
FNDA:444,(anonymous_1)
DA:22,37
DA:26,37
DA:34,37
DA:45,37
DA:59,37
DA:82,37
DA:89,37
DA:96,74
DA:105,37
DA:116,37
DA:124,444
DA:128,37
DA:134,37
DA:140,37
DA:148,37
DA:156,37
DA:166,37
DA:177,37
DA:186,37
DA:195,37
DA:202,37
DA:216,37
DA:222,37
DA:228,37
DA:238,37
LF:25
LH:25
BRF:0
BRH:0
end_of_record
TN:
SF:client/features/homepage/Featured/index.js
FN:22,(anonymous_0)
FNF:1
FNH:1
FNDA:74,(anonymous_0)
DA:22,37
DA:23,74
LF:2
LH:2
BRF:0
BRH:0
end_of_record
TN:
SF:client/features/homepage/Featured/Posts/index.js
FN:25,(anonymous_0)
FN:35,(anonymous_1)
FN:55,(anonymous_2)
FN:69,(anonymous_3)
FNF:4
FNH:2
FNDA:74,(anonymous_0)
FNDA:148,(anonymous_1)
FNDA:0,(anonymous_2)
FNDA:0,(anonymous_3)
DA:25,37
DA:26,74
DA:28,74
DA:29,0
DA:32,74
DA:36,148
DA:55,0
DA:69,0
LF:8
LH:5
BRDA:28,0,0,0
BRDA:28,0,1,74
BRF:2
BRH:1
end_of_record
TN:
SF:client/features/homepage/Featured/Posts/style.js
FNF:0
FNH:0
DA:4,37
LF:1
LH:1
BRF:0
BRH:0
end_of_record
TN:
SF:client/features/homepage/Featured/Questions/Link.js
FN:19,(anonymous_0)
FN:20,(anonymous_1)
FNF:2
FNH:2
FNDA:222,(anonymous_0)
FNDA:567,(anonymous_1)
DA:19,37
DA:20,567
DA:21,222
DA:22,148
DA:34,74
LF:5
LH:5
BRDA:21,0,0,148
BRDA:21,0,1,74
BRF:2
BRH:2
end_of_record
TN:
SF:client/features/homepage/Featured/Questions/index.js
FN:13,(anonymous_0)
FN:15,(anonymous_1)
FN:20,(anonymous_2)
FNF:3
FNH:3
FNDA:74,(anonymous_0)
FNDA:222,(anonymous_1)
FNDA:222,(anonymous_2)
DA:13,37
DA:14,74
DA:15,222
DA:17,74
DA:21,222
LF:5
LH:5
BRDA:15,0,0,222
BRDA:15,0,1,74
BRF:2
BRH:2
end_of_record
TN:
SF:client/features/homepage/Featured/Questions/style.js
FNF:0
FNH:0
DA:7,37
DA:12,37
DA:27,37
LF:3
LH:3
BRF:0
BRH:0
end_of_record
TN:
SF:client/features/homepage/Hero/Pictures.js
FN:8,(anonymous_0)
FN:10,(anonymous_1)
FNF:2
FNH:2
FNDA:86,(anonymous_0)
FNDA:217,(anonymous_1)
DA:8,37
DA:9,86
DA:10,217
DA:12,86
DA:13,86
DA:14,86
DA:16,86
DA:17,86
DA:19,86
DA:20,0
DA:21,0
DA:24,86
DA:25,86
DA:27,86
DA:28,0
DA:29,0
DA:32,86
DA:33,0
DA:34,0
DA:37,86
LF:20
LH:14
BRDA:19,0,0,0
BRDA:19,0,1,86
BRDA:27,1,0,0
BRDA:27,1,1,86
BRDA:32,2,0,0
BRDA:32,2,1,86
BRDA:32,3,0,86
BRDA:32,3,1,0
BRDA:41,4,0,0
BRDA:41,4,1,86
BRF:10
BRH:5
end_of_record
TN:
SF:client/features/homepage/Hero/index.js
FN:24,(anonymous_0)
FN:26,(anonymous_1)
FN:28,(anonymous_2)
FN:49,(anonymous_3)
FN:60,(anonymous_4)
FNF:5
FNH:3
FNDA:86,(anonymous_0)
FNDA:217,(anonymous_1)
FNDA:217,(anonymous_2)
FNDA:0,(anonymous_3)
FNDA:0,(anonymous_4)
DA:24,37
DA:25,86
DA:26,217
DA:28,217
DA:29,86
DA:30,86
DA:31,86
DA:33,86
DA:49,0
DA:60,0
LF:10
LH:8
BRDA:40,0,0,86
BRDA:40,0,1,86
BRDA:45,1,0,86
BRDA:45,1,1,74
BRDA:56,2,0,86
BRDA:56,2,1,70
BRDA:69,3,0,86
BRDA:69,3,1,0
BRF:8
BRH:7
end_of_record
TN:
SF:client/features/homepage/Hero/style.js
FNF:0
FNH:0
DA:21,37
DA:25,37
DA:39,37
DA:46,37
DA:52,37
DA:66,37
DA:78,37
DA:91,37
DA:104,37
DA:108,37
DA:112,37
LF:11
LH:11
BRF:0
BRH:0
end_of_record
TN:
SF:client/features/homepage/Highlights/index.js
FN:26,(anonymous_0)
FN:27,(anonymous_1)
FNF:2
FNH:2
FNDA:86,(anonymous_0)
FNDA:217,(anonymous_1)
DA:26,37
DA:27,217
DA:28,86
DA:29,86
LF:4
LH:4
BRF:0
BRH:0
end_of_record
TN:
SF:client/features/homepage/Highlights/style.js
FN:21,(anonymous_0)
FNF:1
FNH:0
FNDA:0,(anonymous_0)
DA:13,37
DA:21,0
DA:25,37
DA:33,37
DA:49,37
DA:56,37
DA:61,37
DA:65,37
DA:69,37
DA:78,37
DA:85,37
LF:11
LH:10
BRF:0
BRH:0
end_of_record
TN:
SF:client/features/homepage/International/index.js
FN:13,(anonymous_0)
FNF:1
FNH:1
FNDA:12,(anonymous_0)
DA:13,37
DA:14,12
LF:2
LH:2
BRF:0
BRH:0
end_of_record
TN:
SF:client/features/homepage/Partnership/index.js
FN:18,(anonymous_0)
FN:19,(anonymous_1)
FNF:2
FNH:2
FNDA:70,(anonymous_0)
FNDA:181,(anonymous_1)
DA:18,37
DA:19,181
DA:21,70
LF:3
LH:3
BRF:0
BRH:0
end_of_record
TN:
SF:client/features/homepage/Partnership/style.js
FNF:0
FNH:0
DA:10,37
DA:15,37
DA:25,37
DA:34,37
DA:47,37
DA:55,37
LF:6
LH:6
BRF:0
BRH:0
end_of_record
TN:
SF:client/features/homepage/Questions/index.js
FN:31,(anonymous_0)
FN:35,(anonymous_1)
FN:46,(anonymous_2)
FNF:3
FNH:2
FNDA:74,(anonymous_0)
FNDA:189,(anonymous_1)
FNDA:0,(anonymous_2)
DA:31,37
DA:35,189
DA:36,74
DA:38,74
DA:39,74
DA:41,74
DA:42,74
DA:43,74
DA:46,74
DA:47,0
DA:48,0
DA:50,0
DA:52,0
DA:55,74
LF:14
LH:10
BRDA:41,0,0,74
BRDA:41,0,1,0
BRDA:47,1,0,0
BRDA:47,1,1,0
BRDA:68,2,0,74
BRDA:68,2,1,0
BRF:6
BRH:2
end_of_record
TN:
SF:client/features/homepage/Questions/style.js
FNF:0
FNH:0
DA:4,37
LF:1
LH:1
BRF:0
BRH:0
end_of_record
TN:
SF:client/features/navigation/Menu/Desktop.js
FN:29,(anonymous_0)
FN:31,(anonymous_1)
FN:40,(anonymous_2)
FNF:3
FNH:0
FNDA:0,(anonymous_0)
FNDA:0,(anonymous_1)
FNDA:0,(anonymous_2)
DA:29,46
DA:30,0
DA:31,0
DA:33,0
DA:34,0
DA:35,0
DA:40,0
DA:41,0
DA:42,0
DA:43,0
DA:47,0
DA:55,0
LF:12
LH:1
BRDA:34,0,0,0
BRDA:34,0,1,0
BRDA:58,1,0,0
BRDA:58,1,1,0
BRDA:81,2,0,0
BRDA:81,2,1,0
BRF:6
BRH:0
end_of_record
TN:
SF:client/features/navigation/Menu/Mobile.js
FN:20,(anonymous_0)
FN:23,(anonymous_1)
FNF:2
FNH:1
FNDA:86,(anonymous_0)
FNDA:0,(anonymous_1)
DA:20,46
DA:21,86
DA:23,86
DA:24,0
DA:25,0
DA:26,0
DA:27,0
DA:28,0
DA:30,0
DA:31,0
DA:32,0
DA:33,0
DA:36,0
DA:39,86
LF:14
LH:4
BRDA:24,0,0,0
BRDA:24,0,1,0
BRF:2
BRH:0
end_of_record
TN:
SF:client/features/navigation/Menu/Panel.js
FN:40,(anonymous_0)
FN:43,(anonymous_1)
FN:58,(anonymous_2)
FNF:3
FNH:2
FNDA:86,(anonymous_0)
FNDA:217,(anonymous_1)
FNDA:0,(anonymous_2)
DA:40,46
DA:41,86
DA:42,86
DA:43,217
DA:46,86
DA:47,86
DA:48,86
DA:51,86
DA:52,86
DA:53,86
DA:58,86
DA:59,0
DA:60,0
DA:63,86
LF:14
LH:12
BRDA:46,0,0,86
BRDA:46,0,1,86
BRDA:47,1,0,86
BRDA:47,1,1,86
BRDA:52,2,0,86
BRDA:52,2,1,86
BRDA:66,3,0,86
BRDA:66,3,1,0
BRDA:88,4,0,86
BRDA:88,4,1,86
BRDA:88,4,2,86
BRDA:91,5,0,86
BRDA:91,5,1,0
BRDA:99,6,0,86
BRDA:99,6,1,86
BRDA:102,7,0,86
BRDA:102,7,1,0
BRDA:126,8,0,86
BRDA:126,8,1,86
BRF:19
BRH:16
end_of_record
TN:
SF:client/features/navigation/Menu/style.js
FNF:0
FNH:0
DA:16,46
DA:23,46
DA:37,46
DA:56,46
DA:66,46
DA:72,46
DA:76,46
DA:88,46
DA:93,46
DA:103,46
DA:111,46
DA:116,46
DA:120,46
DA:125,46
DA:130,46
DA:149,46
DA:160,46
DA:164,46
LF:18
LH:18
BRF:0
BRH:0
end_of_record
TN:
SF:client/features/proposal/Submit/Success.js
FN:17,(anonymous_0)
FN:19,(anonymous_1)
FN:22,(anonymous_2)
FNF:3
FNH:0
FNDA:0,(anonymous_0)
FNDA:0,(anonymous_1)
FNDA:0,(anonymous_2)
DA:17,46
DA:18,0
DA:19,0
DA:20,0
DA:22,0
DA:23,0
DA:24,0
DA:27,0
LF:8
LH:1
BRDA:32,0,0,0
BRDA:32,0,1,0
BRF:2
BRH:0
end_of_record
TN:
SF:client/features/proposal/Submit/style.js
FNF:0
FNH:0
DA:25,46
DA:42,46
DA:48,46
DA:59,46
DA:78,46
DA:87,46
DA:93,46
DA:107,46
DA:115,46
DA:125,46
DA:136,46
DA:141,46
DA:149,46
DA:154,46
DA:161,46
DA:170,46
DA:177,46
DA:181,46
DA:185,46
DA:189,46
DA:193,46
DA:200,46
LF:22
LH:22
BRF:0
BRH:0
end_of_record
TN:
SF:client/features/search/Form/Animation.js
FN:8,(anonymous_0)
FN:19,(anonymous_1)
FN:21,(anonymous_2)
FN:25,(anonymous_3)
FN:31,(anonymous_4)
FN:42,(anonymous_5)
FN:46,(anonymous_6)
FN:47,(anonymous_7)
FN:50,(anonymous_8)
FNF:9
FNH:0
FNDA:0,(anonymous_0)
FNDA:0,(anonymous_1)
FNDA:0,(anonymous_2)
FNDA:0,(anonymous_3)
FNDA:0,(anonymous_4)
FNDA:0,(anonymous_5)
FNDA:0,(anonymous_6)
FNDA:0,(anonymous_7)
FNDA:0,(anonymous_8)
DA:8,46
DA:9,0
DA:12,0
DA:13,0
DA:15,0
DA:16,0
DA:19,0
DA:20,0
DA:21,0
DA:22,0
DA:23,0
DA:25,0
DA:28,0
DA:31,46
DA:32,0
DA:35,0
DA:36,0
DA:38,0
DA:39,0
DA:42,0
DA:43,0
DA:44,0
DA:45,0
DA:46,0
DA:47,0
DA:48,0
DA:50,0
DA:51,0
DA:52,0
DA:56,0
LF:30
LH:2
BRDA:8,0,0,0
BRDA:15,1,0,0
BRDA:15,1,1,0
BRDA:15,2,0,0
BRDA:15,2,1,0
BRDA:15,2,2,0
BRDA:31,3,0,0
BRDA:38,4,0,0
BRDA:38,4,1,0
BRDA:38,5,0,0
BRDA:38,5,1,0
BRDA:38,5,2,0
BRF:12
BRH:0
end_of_record
TN:
SF:client/features/search/Form/Desktop.js
FN:8,(anonymous_0)
FN:11,(anonymous_1)
FN:16,(anonymous_2)
FNF:3
FNH:0
FNDA:0,(anonymous_0)
FNDA:0,(anonymous_1)
FNDA:0,(anonymous_2)
DA:8,46
DA:9,0
DA:11,0
DA:12,0
DA:13,0
DA:16,0
DA:17,0
DA:18,0
DA:21,0
LF:9
LH:1
BRDA:24,0,0,0
BRDA:24,0,1,0
BRF:2
BRH:0
end_of_record
TN:
SF:client/features/search/Form/Form.js
FN:26,(anonymous_0)
FN:31,(anonymous_1)
FN:36,(anonymous_2)
FN:42,(anonymous_3)
FN:52,(anonymous_4)
FN:59,(anonymous_5)
FN:65,(anonymous_6)
FNF:7
FNH:4
FNDA:86,(anonymous_0)
FNDA:217,(anonymous_1)
FNDA:41,(anonymous_2)
FNDA:0,(anonymous_3)
FNDA:0,(anonymous_4)
FNDA:0,(anonymous_5)
FNDA:41,(anonymous_6)
DA:26,46
DA:27,86
DA:28,86
DA:29,86
DA:30,86
DA:31,217
DA:32,86
DA:33,86
DA:34,86
DA:36,86
DA:37,41
DA:38,41
DA:39,41
DA:42,86
DA:43,0
DA:44,0
DA:45,0
DA:46,0
DA:47,0
DA:48,0
DA:52,86
DA:53,0
DA:54,0
DA:55,0
DA:56,0
DA:59,86
DA:60,0
DA:61,0
DA:62,0
DA:65,86
DA:66,41
DA:67,41
DA:71,86
LF:33
LH:20
BRDA:32,0,0,86
BRDA:32,0,1,86
BRDA:47,1,0,0
BRDA:47,1,1,0
BRDA:47,2,0,0
BRDA:47,2,1,0
BRDA:66,3,0,41
BRDA:66,3,1,0
BRDA:74,4,0,86
BRDA:74,4,1,0
BRDA:79,5,0,0
BRDA:79,5,1,86
BRDA:84,6,0,0
BRDA:84,6,1,86
BRDA:103,7,0,0
BRDA:103,7,1,86
BRF:16
BRH:7
end_of_record
TN:
SF:client/features/search/Form/Mobile.js
FN:20,(anonymous_0)
FN:23,(anonymous_1)
FNF:2
FNH:1
FNDA:86,(anonymous_0)
FNDA:0,(anonymous_1)
DA:20,46
DA:21,86
DA:23,86
DA:24,0
DA:26,0
DA:27,0
DA:28,0
DA:29,0
DA:32,0
DA:33,0
DA:34,0
DA:37,86
LF:12
LH:4
BRDA:26,0,0,0
BRDA:26,0,1,0
BRDA:50,1,0,86
BRDA:50,1,1,86
BRDA:51,2,0,86
BRDA:51,2,1,0
BRF:6
BRH:3
end_of_record
TN:
SF:client/features/search/Form/style.js
FNF:0
FNH:0
DA:9,46
DA:19,46
DA:27,46
DA:48,46
DA:66,46
DA:72,46
DA:85,46
DA:108,46
LF:8
LH:8
BRF:0
BRH:0
end_of_record
TN:
SF:client/helper/cookieDetect.js
FN:6,(anonymous_0)
FN:16,(anonymous_1)
FNF:2
FNH:2
FNDA:74,(anonymous_0)
FNDA:37,(anonymous_1)
DA:6,46
DA:7,74
DA:8,0
DA:9,0
DA:10,0
DA:13,74
DA:16,46
DA:17,37
DA:18,37
DA:21,0
LF:10
LH:6
BRDA:7,0,0,0
BRDA:7,0,1,74
BRDA:9,1,0,0
BRDA:9,1,1,0
BRDA:17,2,0,37
BRDA:17,2,1,0
BRF:6
BRH:2
end_of_record
TN:
SF:client/helper/cookies.js
FN:16,(anonymous_0)
FN:25,(anonymous_1)
FN:50,(anonymous_2)
FNF:3
FNH:1
FNDA:0,(anonymous_0)
FNDA:37,(anonymous_1)
FNDA:0,(anonymous_2)
DA:11,46
DA:12,46
DA:13,46
DA:14,46
DA:16,46
DA:19,0
DA:25,46
DA:28,37
DA:29,37
DA:30,37
DA:31,37
DA:32,37
DA:34,37
DA:38,37
DA:41,37
DA:42,37
DA:43,37
DA:47,37
DA:50,46
DA:54,0
DA:56,0
DA:58,0
DA:59,0
LF:23
LH:18
BRDA:34,0,0,37
BRDA:34,0,1,0
BRDA:35,1,0,37
BRDA:35,1,1,37
BRDA:41,2,0,37
BRDA:41,2,1,0
BRDA:41,3,0,37
BRDA:41,3,1,37
BRDA:54,4,0,0
BRDA:54,4,1,0
BRDA:56,5,0,0
BRDA:56,5,1,0
BRDA:58,6,0,0
BRDA:58,6,1,0
BRDA:58,7,0,0
BRDA:58,7,1,0
BRF:16
BRH:6
end_of_record
TN:
SF:client/helper/customData.js
FN:12,(anonymous_0)
FN:17,(anonymous_1)
FN:35,(anonymous_2)
FN:37,(anonymous_3)
FN:39,(anonymous_4)
FN:49,(anonymous_5)
FN:57,(anonymous_6)
FN:76,(anonymous_7)
FNF:8
FNH:5
FNDA:37,(anonymous_0)
FNDA:0,(anonymous_1)
FNDA:0,(anonymous_2)
FNDA:37,(anonymous_3)
FNDA:0,(anonymous_4)
FNDA:74,(anonymous_5)
FNDA:37,(anonymous_6)
FNDA:37,(anonymous_7)
DA:4,46
DA:7,46
DA:12,46
DA:13,37
DA:14,0
DA:16,37
DA:17,37
DA:19,0
DA:21,0
DA:24,0
DA:25,0
DA:29,37
DA:35,46
DA:36,0
DA:37,46
DA:38,37
DA:41,0
DA:45,0
DA:49,46
DA:50,74
DA:51,74
DA:53,0
DA:57,46
DA:58,37
DA:59,37
DA:65,37
DA:66,37
DA:68,0
DA:76,46
DA:77,37
DA:78,37
LF:31
LH:21
BRDA:13,0,0,0
BRDA:13,0,1,37
BRDA:19,1,0,0
BRDA:19,1,1,0
BRDA:21,2,0,0
BRDA:21,2,1,0
BRDA:24,3,0,0
BRDA:24,3,1,0
BRDA:24,4,0,0
BRDA:24,4,1,0
BRDA:41,5,0,0
BRDA:41,5,1,0
BRDA:51,6,0,74
BRDA:51,6,1,0
BRDA:51,7,0,74
BRDA:51,7,1,3
BRDA:57,8,0,37
BRDA:59,9,0,37
BRDA:59,9,1,0
BRF:19
BRH:6
end_of_record
TN:
SF:client/helper/updateDeviceInState.js
FN:14,(anonymous_0)
FN:23,(anonymous_1)
FNF:2
FNH:2
FNDA:27,(anonymous_0)
FNDA:27,(anonymous_1)
DA:14,46
DA:15,27
DA:16,0
DA:20,0
DA:23,27
DA:24,27
DA:25,27
DA:26,27
DA:32,27
DA:33,0
DA:37,27
DA:38,0
DA:41,27
LF:13
LH:9
BRDA:15,0,0,0
BRDA:15,0,1,27
BRDA:32,1,0,0
BRDA:32,1,1,27
BRDA:32,2,0,27
BRDA:32,2,1,0
BRDA:37,3,0,0
BRDA:37,3,1,27
BRDA:37,4,0,27
BRDA:37,4,1,27
BRF:10
BRH:6
end_of_record
TN:
SF:client/hooks/useFieldValidation.js
FN:7,(anonymous_0)
FN:33,(anonymous_1)
FNF:2
FNH:0
FNDA:0,(anonymous_0)
FNDA:0,(anonymous_1)
DA:7,46
DA:11,0
DA:12,0
DA:13,0
DA:18,0
DA:19,0
DA:22,0
DA:23,0
DA:24,0
DA:25,0
DA:28,0
DA:33,0
DA:34,0
DA:35,0
DA:36,0
DA:39,0
DA:40,0
DA:41,0
DA:43,0
DA:44,0
DA:47,0
DA:51,0
DA:52,0
DA:53,0
DA:55,0
DA:56,0
DA:57,0
DA:61,0
DA:62,0
DA:65,0
DA:68,0
LF:31
LH:1
BRDA:18,0,0,0
BRDA:18,0,1,0
BRDA:22,1,0,0
BRDA:22,1,1,0
BRDA:26,2,0,0
BRDA:26,2,1,0
BRDA:26,2,2,0
BRDA:29,3,0,0
BRDA:29,3,1,0
BRDA:29,3,2,0
BRDA:35,4,0,0
BRDA:35,4,1,0
BRDA:39,5,0,0
BRDA:39,5,1,0
BRDA:43,6,0,0
BRDA:43,6,1,0
BRDA:51,7,0,0
BRDA:51,7,1,0
BRDA:55,8,0,0
BRDA:55,8,1,0
BRDA:61,9,0,0
BRDA:61,9,1,0
BRF:22
BRH:0
end_of_record
TN:
SF:client/hooks/useMedia.js
FN:7,(anonymous_0)
FN:10,(anonymous_1)
FN:17,(anonymous_2)
FN:23,(anonymous_3)
FN:33,(anonymous_4)
FN:42,(anonymous_5)
FN:45,(anonymous_6)
FN:48,(anonymous_7)
FN:53,(anonymous_8)
FN:59,(anonymous_9)
FN:65,(anonymous_10)
FN:65,(anonymous_11)
FN:77,(anonymous_12)
FN:84,(anonymous_13)
FNF:14
FNH:9
FNDA:382,(anonymous_0)
FNDA:173,(anonymous_1)
FNDA:0,(anonymous_2)
FNDA:0,(anonymous_3)
FNDA:20,(anonymous_4)
FNDA:0,(anonymous_5)
FNDA:382,(anonymous_6)
FNDA:0,(anonymous_7)
FNDA:296,(anonymous_8)
FNDA:0,(anonymous_9)
FNDA:132,(anonymous_10)
FNDA:16,(anonymous_11)
FNDA:296,(anonymous_12)
FNDA:708,(anonymous_13)
DA:7,46
DA:8,382
DA:10,382
DA:11,173
DA:12,173
DA:13,0
DA:17,0
DA:18,0
DA:21,173
DA:23,173
DA:24,0
DA:25,0
DA:27,0
DA:30,173
DA:32,173
DA:33,173
DA:34,20
DA:35,20
DA:39,382
DA:42,46
DA:43,0
DA:45,46
DA:46,382
DA:48,46
DA:49,0
DA:53,46
DA:54,296
DA:56,296
DA:57,296
DA:59,296
DA:60,296
DA:61,296
DA:64,296
DA:65,132
DA:66,16
DA:67,16
DA:74,296
DA:77,46
DA:78,296
DA:79,296
DA:81,296
DA:84,46
DA:85,708
DA:86,708
DA:89,0
LF:45
LH:36
BRDA:12,0,0,0
BRDA:12,0,1,173
BRDA:24,1,0,0
BRDA:24,1,1,0
BRDA:56,2,0,296
BRDA:56,2,1,0
BRDA:60,3,0,296
BRDA:60,3,1,0
BRDA:66,4,0,16
BRDA:66,4,1,0
BRDA:81,5,0,296
BRDA:81,5,1,0
BRDA:85,6,0,708
BRDA:85,6,1,0
BRF:14
BRH:6
end_of_record
TN:
SF:client/hooks/usePageBackgroundColor.js
FN:11,(anonymous_0)
FN:12,(anonymous_1)
FNF:2
FNH:2
FNDA:86,(anonymous_0)
FNDA:41,(anonymous_1)
DA:11,46
DA:12,86
DA:13,41
DA:15,41
DA:20,41
DA:21,0
DA:28,41
DA:29,41
DA:32,0
LF:9
LH:7
BRDA:15,0,0,41
BRDA:15,0,1,0
BRDA:15,0,2,0
BRDA:15,0,3,0
BRDA:20,1,0,0
BRDA:20,1,1,41
BRDA:28,2,0,41
BRDA:28,2,1,0
BRF:8
BRH:3
end_of_record
TN:
SF:client/pages/Consultation/QuestionWrapper.js
FN:26,(anonymous_0)
FN:29,(anonymous_1)
FN:30,(anonymous_2)
FN:34,(anonymous_3)
FN:48,(anonymous_4)
FN:51,(anonymous_5)
FN:61,(anonymous_6)
FN:70,(anonymous_7)
FN:75,(anonymous_8)
FNF:9
FNH:0
FNDA:0,(anonymous_0)
FNDA:0,(anonymous_1)
FNDA:0,(anonymous_2)
FNDA:0,(anonymous_3)
FNDA:0,(anonymous_4)
FNDA:0,(anonymous_5)
FNDA:0,(anonymous_6)
FNDA:0,(anonymous_7)
FNDA:0,(anonymous_8)
DA:26,46
DA:27,0
DA:28,0
DA:29,0
DA:30,0
DA:31,0
DA:33,0
DA:34,0
DA:37,0
DA:43,0
DA:48,0
DA:49,0
DA:51,0
DA:55,0
DA:56,0
DA:57,0
DA:61,0
DA:62,0
DA:63,0
DA:66,0
DA:67,0
DA:70,0
DA:75,0
DA:76,0
DA:77,0
DA:83,0
DA:84,0
DA:87,0
DA:88,0
DA:89,0
DA:91,0
DA:94,0
LF:32
LH:1
BRDA:55,0,0,0
BRDA:55,0,1,0
BRDA:62,1,0,0
BRDA:62,1,1,0
BRDA:66,2,0,0
BRDA:66,2,1,0
BRDA:66,3,0,0
BRDA:66,3,1,0
BRDA:76,4,0,0
BRDA:76,4,1,0
BRDA:83,5,0,0
BRDA:83,5,1,0
BRDA:87,6,0,0
BRDA:87,6,1,0
BRDA:87,7,0,0
BRDA:87,7,1,0
BRDA:88,8,0,0
BRDA:88,8,1,0
BRF:18
BRH:0
end_of_record
TN:
SF:client/pages/Home/index.js
FN:21,(anonymous_0)
FN:24,(anonymous_1)
FN:25,(anonymous_2)
FN:32,(anonymous_3)
FN:48,(anonymous_4)
FNF:5
FNH:5
FNDA:94,(anonymous_0)
FNDA:225,(anonymous_1)
FNDA:225,(anonymous_2)
FNDA:4,(anonymous_3)
FNDA:41,(anonymous_4)
DA:21,37
DA:22,94
DA:23,94
DA:24,225
DA:25,225
DA:26,94
DA:27,94
DA:28,94
DA:30,94
DA:32,94
DA:33,4
DA:34,4
DA:35,4
DA:36,4
DA:38,4
DA:41,94
DA:45,94
DA:46,94
DA:48,94
DA:49,41
DA:50,41
DA:51,4
DA:57,94
LF:23
LH:23
BRDA:28,0,0,94
BRDA:28,0,1,24
BRDA:30,1,0,94
BRDA:30,1,1,16
BRDA:35,2,0,4
BRDA:35,2,1,0
BRDA:35,3,0,4
BRDA:35,3,1,4
BRDA:41,4,0,94
BRDA:41,4,1,0
BRDA:50,5,0,4
BRDA:50,5,1,37
BRDA:50,6,0,41
BRDA:50,6,1,41
BRDA:61,7,0,94
BRDA:61,7,1,8
BRDA:66,8,0,94
BRDA:66,8,1,86
BRDA:66,8,2,86
BRDA:71,9,0,74
BRDA:71,9,1,12
BRDA:79,10,0,86
BRDA:79,10,1,74
BRDA:79,10,2,74
BRDA:86,11,0,86
BRDA:86,11,1,70
BRF:26
BRH:24
end_of_record
TN:
SF:client/pages/Home/style.js
FNF:0
FNH:0
DA:12,37
DA:18,37
DA:22,37
DA:36,37
LF:4
LH:4
BRF:0
BRH:0
end_of_record
TN:
SF:client/pages/NotFound/index.js
FN:13,(anonymous_0)
FNF:1
FNH:0
FNDA:0,(anonymous_0)
DA:13,46
DA:14,0
LF:2
LH:1
BRF:0
BRH:0
end_of_record
TN:
SF:client/pages/NotFound/Styled/index.js
FNF:0
FNH:0
DA:12,46
DA:20,46
DA:32,46
DA:41,46
LF:4
LH:4
BRF:0
BRH:0
end_of_record
TN:
SF:client/pages/Static/NoCookies.js
FN:20,(anonymous_0)
FNF:1
FNH:0
FNDA:0,(anonymous_0)
DA:20,46
DA:21,0
LF:2
LH:1
BRF:0
BRH:0
end_of_record
TN:
SF:client/pages/Static/style.js
FNF:0
FNH:0
DA:21,46
DA:32,46
DA:43,46
DA:51,46
DA:62,46
DA:68,46
DA:73,46
DA:78,46
DA:89,46
DA:99,46
DA:111,46
DA:121,46
DA:126,46
DA:130,46
DA:135,46
DA:139,46
DA:145,46
DA:171,46
DA:176,46
DA:223,46
DA:228,46
DA:238,46
DA:252,46
DA:259,46
DA:266,46
DA:279,46
DA:296,46
DA:300,46
LF:28
LH:28
BRF:0
BRH:0
end_of_record
TN:
SF:client/ui/Avatar/index.js
FN:26,(anonymous_0)
FN:53,(anonymous_1)
FNF:2
FNH:0
FNDA:0,(anonymous_0)
FNDA:0,(anonymous_1)
DA:26,46
DA:32,0
DA:53,46
DA:54,0
LF:4
LH:2
BRDA:27,0,0,0
BRDA:29,1,0,0
BRDA:33,2,0,0
BRDA:33,2,1,0
BRDA:53,3,0,0
BRF:5
BRH:0
end_of_record
TN:
SF:client/ui/Avatar/style.js
FN:8,(anonymous_0)
FN:9,(anonymous_1)
FN:10,(anonymous_2)
FN:11,(anonymous_3)
FN:12,(anonymous_4)
FN:13,(anonymous_5)
FN:14,(anonymous_6)
FN:20,(anonymous_7)
FN:21,(anonymous_8)
FN:22,(anonymous_9)
FN:46,(anonymous_10)
FN:47,(anonymous_11)
FN:48,(anonymous_12)
FNF:13
FNH:0
FNDA:0,(anonymous_0)
FNDA:0,(anonymous_1)
FNDA:0,(anonymous_2)
FNDA:0,(anonymous_3)
FNDA:0,(anonymous_4)
FNDA:0,(anonymous_5)
FNDA:0,(anonymous_6)
FNDA:0,(anonymous_7)
FNDA:0,(anonymous_8)
FNDA:0,(anonymous_9)
FNDA:0,(anonymous_10)
FNDA:0,(anonymous_11)
FNDA:0,(anonymous_12)
DA:7,46
DA:8,0
DA:9,0
DA:10,0
DA:11,0
DA:12,0
DA:13,0
DA:14,0
DA:18,46
DA:20,0
DA:21,0
DA:22,0
DA:29,46
DA:42,46
DA:46,0
DA:47,0
DA:48,0
DA:56,46
LF:18
LH:5
BRDA:8,0,0,0
BRDA:8,0,1,0
BRDA:9,1,0,0
BRDA:9,1,1,0
BRDA:10,2,0,0
BRDA:10,2,1,0
BRDA:11,3,0,0
BRDA:11,3,1,0
BRDA:12,4,0,0
BRDA:12,4,1,0
BRDA:13,5,0,0
BRDA:13,5,1,0
BRDA:14,6,0,0
BRDA:14,6,1,0
BRF:14
BRH:0
end_of_record
TN:
SF:client/ui/Elements/AccessibilityElements.js
FNF:0
FNH:0
DA:5,46
LF:1
LH:1
BRF:0
BRH:0
end_of_record
TN:
SF:client/ui/Elements/FlexElements.js
FNF:0
FNH:0
DA:7,46
DA:11,46
DA:18,46
DA:24,46
DA:28,46
DA:32,46
DA:40,46
DA:44,46
DA:48,46
DA:52,46
DA:57,46
DA:64,46
DA:71,46
LF:13
LH:13
BRF:0
BRH:0
end_of_record
TN:
SF:client/ui/Elements/LinkElements.js
FN:12,(anonymous_0)
FNF:1
FNH:1
FNDA:92,(anonymous_0)
DA:12,92
DA:24,46
DA:29,46
DA:33,46
DA:37,46
DA:47,46
LF:6
LH:6
BRF:0
BRH:0
end_of_record
TN:
SF:client/ui/Elements/ListElements.js
FNF:0
FNH:0
DA:5,46
LF:1
LH:1
BRF:0
BRH:0
end_of_record
TN:
SF:client/ui/Elements/ParagraphElements.js
FNF:0
FNH:0
DA:7,46
DA:12,46
DA:26,46
LF:3
LH:3
BRF:0
BRH:0
end_of_record
TN:
SF:client/ui/Elements/Separators.js
FNF:0
FNH:0
DA:8,46
DA:14,46
DA:18,46
DA:25,46
DA:36,46
DA:41,46
LF:6
LH:6
BRF:0
BRH:0
end_of_record
TN:
SF:client/ui/Elements/Buttons/style.js
FN:42,(anonymous_0)
FN:54,(anonymous_1)
FN:190,(anonymous_2)
FN:191,(anonymous_3)
FN:195,(anonymous_4)
FN:217,(anonymous_5)
FN:256,(anonymous_6)
FN:308,(anonymous_7)
FN:350,(anonymous_8)
FN:361,(anonymous_9)
FN:366,(anonymous_10)
FN:371,(anonymous_11)
FN:376,(anonymous_12)
FN:380,(anonymous_13)
FN:388,(anonymous_14)
FN:393,(anonymous_15)
FN:398,(anonymous_16)
FN:403,(anonymous_17)
FN:408,(anonymous_18)
FN:413,(anonymous_19)
FN:418,(anonymous_20)
FN:423,(anonymous_21)
FN:427,(anonymous_22)
FN:434,(anonymous_23)
FN:442,(anonymous_24)
FNF:25
FNH:2
FNDA:606,(anonymous_0)
FNDA:524,(anonymous_1)
FNDA:0,(anonymous_2)
FNDA:0,(anonymous_3)
FNDA:0,(anonymous_4)
FNDA:0,(anonymous_5)
FNDA:0,(anonymous_6)
FNDA:0,(anonymous_7)
FNDA:0,(anonymous_8)
FNDA:0,(anonymous_9)
FNDA:0,(anonymous_10)
FNDA:0,(anonymous_11)
FNDA:0,(anonymous_12)
FNDA:0,(anonymous_13)
FNDA:0,(anonymous_14)
FNDA:0,(anonymous_15)
FNDA:0,(anonymous_16)
FNDA:0,(anonymous_17)
FNDA:0,(anonymous_18)
FNDA:0,(anonymous_19)
FNDA:0,(anonymous_20)
FNDA:0,(anonymous_21)
FNDA:0,(anonymous_22)
FNDA:0,(anonymous_23)
FNDA:0,(anonymous_24)
DA:29,46
DA:42,606
DA:54,524
DA:77,46
DA:85,46
DA:93,46
DA:105,46
DA:112,46
DA:119,46
DA:136,46
DA:149,46
DA:156,46
DA:172,46
DA:179,46
DA:190,0
DA:191,0
DA:195,0
DA:203,46
DA:210,46
DA:217,46
DA:256,0
DA:308,46
DA:336,46
DA:350,46
DA:361,46
DA:366,46
DA:371,46
DA:376,46
DA:380,46
DA:382,0
DA:388,46
DA:393,46
DA:398,46
DA:403,46
DA:408,46
DA:413,46
DA:418,46
DA:423,46
DA:427,46
DA:429,0
DA:434,46
DA:436,0
DA:442,46
LF:43
LH:36
BRF:0
BRH:0
end_of_record
TN:
SF:client/ui/Elements/Buttons/Switch/index.js
FN:15,(anonymous_0)
FN:17,(anonymous_1)
FN:18,(anonymous_2)
FN:22,(anonymous_3)
FN:31,(anonymous_4)
FNF:5
FNH:0
FNDA:0,(anonymous_0)
FNDA:0,(anonymous_1)
FNDA:0,(anonymous_2)
FNDA:0,(anonymous_3)
FNDA:0,(anonymous_4)
DA:15,46
DA:20,0
DA:22,0
DA:23,0
DA:24,0
DA:26,0
DA:28,0
DA:31,0
DA:32,0
DA:35,0
LF:10
LH:1
BRDA:16,0,0,0
BRDA:17,1,0,0
BRDA:18,2,0,0
BRDA:23,3,0,0
BRDA:23,3,1,0
BRDA:44,4,0,0
BRDA:44,4,1,0
BRF:7
BRH:0
end_of_record
TN:
SF:client/ui/Elements/Buttons/Switch/style.js
FN:17,(anonymous_0)
FN:31,(anonymous_1)
FN:33,(anonymous_2)
FNF:3
FNH:0
FNDA:0,(anonymous_0)
FNDA:0,(anonymous_1)
FNDA:0,(anonymous_2)
DA:3,46
DA:9,46
DA:18,0
DA:24,46
DA:31,0
DA:34,0
LF:6
LH:3
BRDA:18,0,0,0
BRDA:18,0,1,0
BRDA:31,1,0,0
BRDA:31,1,1,0
BRDA:34,2,0,0
BRDA:34,2,1,0
BRF:6
BRH:0
end_of_record
TN:
SF:client/ui/Elements/Buttons/V2/style.js
FN:49,(anonymous_0)
FN:60,(anonymous_1)
FN:128,(anonymous_2)
FNF:3
FNH:0
FNDA:0,(anonymous_0)
FNDA:0,(anonymous_1)
FNDA:0,(anonymous_2)
DA:10,46
DA:23,46
DA:36,46
DA:49,46
DA:60,46
DA:68,46
DA:76,46
DA:82,46
DA:90,46
DA:97,46
DA:104,46
DA:113,46
DA:118,46
DA:123,46
DA:128,46
LF:15
LH:15
BRF:0
BRH:0
end_of_record
TN:
SF:client/ui/Elements/Form/CheckBox/RegisterCheckbox.js
FN:23,(anonymous_0)
FN:29,(anonymous_1)
FN:32,(anonymous_2)
FNF:3
FNH:0
FNDA:0,(anonymous_0)
FNDA:0,(anonymous_1)
FNDA:0,(anonymous_2)
DA:23,46
DA:27,0
DA:28,0
DA:29,0
DA:32,0
DA:33,0
DA:34,0
DA:37,0
LF:8
LH:1
BRDA:25,0,0,0
BRF:1
BRH:0
end_of_record
TN:
SF:client/ui/Elements/Form/CheckBox/index.js
FN:33,(anonymous_0)
FN:39,(anonymous_1)
FN:45,(anonymous_2)
FNF:3
FNH:0
FNDA:0,(anonymous_0)
FNDA:0,(anonymous_1)
FNDA:0,(anonymous_2)
DA:33,46
DA:45,0
DA:46,0
DA:47,0
DA:51,0
LF:5
LH:1
BRDA:39,0,0,0
BRDA:40,1,0,0
BRDA:41,2,0,0
BRDA:42,3,0,0
BRDA:43,4,0,0
BRDA:46,5,0,0
BRDA:46,5,1,0
BRDA:73,6,0,0
BRDA:73,6,1,0
BRF:9
BRH:0
end_of_record
TN:
SF:client/ui/Elements/Form/CustomPatternInput/index.js
FN:40,(anonymous_0)
FNF:1
FNH:0
FNDA:0,(anonymous_0)
DA:40,46
DA:53,0
DA:54,0
DA:55,0
LF:4
LH:1
BRDA:48,0,0,0
BRDA:49,1,0,0
BRDA:50,2,0,0
BRDA:51,3,0,0
BRF:4
BRH:0
end_of_record
TN:
SF:client/ui/Elements/Form/Errors/index.js
FN:16,(anonymous_0)
FN:19,(anonymous_1)
FN:35,(anonymous_2)
FNF:3
FNH:0
FNDA:0,(anonymous_0)
FNDA:0,(anonymous_1)
FNDA:0,(anonymous_2)
DA:16,46
DA:17,0
DA:19,0
DA:20,0
DA:21,0
DA:25,0
DA:26,0
DA:29,0
DA:36,0
LF:9
LH:1
BRDA:20,0,0,0
BRDA:20,0,1,0
BRDA:25,1,0,0
BRDA:25,1,1,0
BRDA:25,2,0,0
BRDA:25,2,1,0
BRF:6
BRH:0
end_of_record
TN:
SF:client/ui/Elements/Form/Errors/Message/index.js
FN:10,(anonymous_0)
FN:27,(anonymous_1)
FN:42,(anonymous_2)
FNF:3
FNH:0
FNDA:0,(anonymous_0)
FNDA:0,(anonymous_1)
FNDA:0,(anonymous_2)
DA:10,46
DA:15,0
DA:27,46
DA:28,0
DA:42,46
DA:43,0
LF:6
LH:3
BRF:0
BRH:0
end_of_record
TN:
SF:client/ui/Elements/Form/Errors/Message/Password/index.js
FN:13,(anonymous_0)
FN:32,(anonymous_1)
FNF:2
FNH:0
FNDA:0,(anonymous_0)
FNDA:0,(anonymous_1)
DA:13,46
DA:17,0
DA:19,0
DA:32,0
LF:4
LH:1
BRDA:14,0,0,0
BRDA:15,1,0,0
BRF:2
BRH:0
end_of_record
TN:
SF:client/ui/Elements/Form/NumberInput/index.js
FN:38,(anonymous_0)
FNF:1
FNH:0
FNDA:0,(anonymous_0)
DA:38,46
DA:50,0
DA:51,0
DA:52,0
LF:4
LH:1
BRDA:45,0,0,0
BRDA:46,1,0,0
BRDA:47,2,0,0
BRDA:48,3,0,0
BRF:4
BRH:0
end_of_record
TN:
SF:client/ui/Elements/Form/PasswordInput/index.js
FN:33,(anonymous_0)
FN:64,(anonymous_1)
FNF:2
FNH:0
FNDA:0,(anonymous_0)
FNDA:0,(anonymous_1)
DA:33,46
DA:42,0
DA:43,0
DA:44,0
DA:46,0
DA:64,0
LF:6
LH:1
BRDA:39,0,0,0
BRDA:40,1,0,0
BRDA:52,2,0,0
BRDA:52,2,1,0
BRF:4
BRH:0
end_of_record
TN:
SF:client/ui/Elements/Form/PasswordInput/Button/index.js
FN:17,(anonymous_0)
FNF:1
FNH:0
FNDA:0,(anonymous_0)
DA:17,46
DA:18,0
DA:20,0
LF:3
LH:1
BRDA:23,0,0,0
BRDA:23,0,1,0
BRDA:26,1,0,0
BRDA:26,1,1,0
BRDA:31,2,0,0
BRDA:31,2,1,0
BRF:6
BRH:0
end_of_record
TN:
SF:client/ui/Elements/Form/Styled/CheckBox.js
FN:32,(anonymous_0)
FN:34,(anonymous_1)
FN:85,(anonymous_2)
FNF:3
FNH:0
FNDA:0,(anonymous_0)
FNDA:0,(anonymous_1)
FNDA:0,(anonymous_2)
DA:9,46
DA:24,46
DA:30,46
DA:32,0
DA:35,0
DA:49,46
DA:64,46
DA:83,46
DA:85,0
DA:91,46
DA:100,46
LF:11
LH:8
BRDA:32,0,0,0
BRDA:32,0,1,0
BRDA:35,1,0,0
BRDA:35,1,1,0
BRDA:85,2,0,0
BRDA:85,2,1,0
BRF:6
BRH:0
end_of_record
TN:
SF:client/ui/Elements/Form/Styled/Content.js
FN:43,(anonymous_0)
FNF:1
FNH:0
FNDA:0,(anonymous_0)
DA:7,46
DA:18,46
DA:23,46
DA:28,46
DA:34,46
DA:43,0
DA:50,46
DA:54,46
DA:83,46
DA:87,46
DA:91,46
DA:95,46
DA:102,46
LF:13
LH:12
BRDA:43,0,0,0
BRDA:43,0,1,0
BRF:2
BRH:0
end_of_record
TN:
SF:client/ui/Elements/Form/Styled/Errors.js
FNF:0
FNH:0
DA:8,46
DA:17,46
DA:22,46
DA:32,46
LF:4
LH:4
BRF:0
BRH:0
end_of_record
TN:
SF:client/ui/Elements/Form/Styled/Icons.js
FNF:0
FNH:0
DA:6,46
DA:16,46
DA:20,46
DA:24,46
LF:4
LH:4
BRF:0
BRH:0
end_of_record
TN:
SF:client/ui/Elements/Form/Styled/Input.js
FNF:0
FNH:0
DA:6,46
LF:1
LH:1
BRF:0
BRH:0
end_of_record
TN:
SF:client/ui/Elements/Form/SubmitButton/index.js
FN:18,(anonymous_0)
FNF:1
FNH:0
FNDA:0,(anonymous_0)
DA:18,46
DA:26,0
DA:38,46
LF:3
LH:2
BRF:0
BRH:0
end_of_record
TN:
SF:client/ui/Elements/Form/UntypedInput/index.js
FN:35,(anonymous_0)
FNF:1
FNH:0
FNDA:0,(anonymous_0)
DA:35,46
DA:46,0
DA:47,0
DA:49,0
LF:4
LH:1
BRDA:43,0,0,0
BRDA:44,1,0,0
BRF:2
BRH:0
end_of_record
TN:
SF:client/ui/Elements/Loading/Spinner/index.js
FN:13,(anonymous_0)
FNF:1
FNH:1
FNDA:8,(anonymous_0)
DA:13,46
DA:14,8
LF:2
LH:2
BRF:0
BRH:0
end_of_record
TN:
SF:client/ui/Elements/Loading/Spinner/Styled/index.js
FNF:0
FNH:0
DA:8,46
DA:13,46
DA:21,46
DA:30,46
DA:43,46
DA:47,46
DA:51,46
LF:7
LH:7
BRF:0
BRH:0
end_of_record
TN:
SF:client/ui/Elements/Notifications/Icon.js
FN:21,(anonymous_0)
FNF:1
FNH:0
FNDA:0,(anonymous_0)
DA:21,46
DA:22,0
DA:24,0
DA:32,0
DA:40,0
DA:48,0
DA:57,0
LF:7
LH:1
BRDA:21,0,0,0
BRDA:22,1,0,0
BRDA:22,1,1,0
BRDA:22,1,2,0
BRDA:22,1,3,0
BRDA:22,1,4,0
BRF:6
BRH:0
end_of_record
TN:
SF:client/ui/Elements/Notifications/style.js
FNF:0
FNH:0
DA:5,46
DA:15,46
DA:26,46
LF:3
LH:3
BRF:0
BRH:0
end_of_record
TN:
SF:client/ui/Elements/Notifications/Banner/index.js
FN:20,(anonymous_0)
FN:24,(anonymous_1)
FN:26,(anonymous_2)
FN:29,(anonymous_3)
FN:32,(anonymous_4)
FN:41,(anonymous_5)
FNF:6
FNH:4
FNDA:86,(anonymous_0)
FNDA:217,(anonymous_1)
FNDA:217,(anonymous_2)
FNDA:0,(anonymous_3)
FNDA:0,(anonymous_4)
FNDA:37,(anonymous_5)
DA:20,46
DA:21,86
DA:22,86
DA:23,86
DA:24,217
DA:26,217
DA:27,86
DA:28,86
DA:29,0
DA:32,86
DA:33,0
DA:34,0
DA:35,0
DA:38,0
DA:41,86
DA:42,37
DA:43,0
DA:48,86
DA:49,0
DA:51,0
LF:20
LH:12
BRDA:33,0,0,0
BRDA:33,0,1,0
BRDA:42,1,0,0
BRDA:42,1,1,37
BRDA:48,2,0,86
BRDA:48,2,1,0
BRDA:48,3,0,86
BRDA:48,3,1,0
BRDA:49,4,0,0
BRDA:49,4,1,0
BRF:10
BRH:3
end_of_record
TN:
SF:client/ui/Elements/Notifications/Banner/style.js
FNF:0
FNH:0
DA:17,46
DA:35,46
DA:48,46
DA:58,46
DA:62,46
DA:67,46
DA:73,46
DA:80,46
DA:89,46
LF:9
LH:9
BRF:0
BRH:0
end_of_record
TN:
SF:client/ui/Elements/TitleElements/index.js
FNF:0
FNH:0
LF:0
LH:0
BRF:0
BRH:0
end_of_record
TN:
SF:client/ui/Elements/TitleElements/Styled/index.js
FNF:0
FNH:0
DA:9,46
DA:15,46
DA:25,46
DA:38,46
LF:4
LH:4
BRF:0
BRH:0
end_of_record
TN:
SF:client/ui/Image/index.js
FN:9,(anonymous_0)
FN:36,(anonymous_1)
FN:41,(anonymous_2)
FN:44,(anonymous_3)
FN:67,(anonymous_4)
FN:75,(anonymous_5)
FN:80,(anonymous_6)
FN:91,(anonymous_7)
FN:108,(anonymous_8)
FN:121,(anonymous_9)
FN:129,(anonymous_10)
FN:139,(anonymous_11)
FN:144,(anonymous_12)
FN:148,(anonymous_13)
FN:154,(anonymous_14)
FNF:15
FNH:15
FNDA:123,(anonymous_0)
FNDA:239,(anonymous_1)
FNDA:41,(anonymous_2)
FNDA:41,(anonymous_3)
FNDA:239,(anonymous_4)
FNDA:239,(anonymous_5)
FNDA:239,(anonymous_6)
FNDA:239,(anonymous_7)
FNDA:708,(anonymous_8)
FNDA:239,(anonymous_9)
FNDA:239,(anonymous_10)
FNDA:239,(anonymous_11)
FNDA:239,(anonymous_12)
FNDA:89,(anonymous_13)
FNDA:28,(anonymous_14)
DA:9,46
DA:13,123
DA:36,46
DA:37,239
DA:41,46
DA:42,41
DA:44,46
DA:45,41
DA:46,0
DA:48,41
DA:49,0
DA:51,41
DA:52,0
DA:54,41
DA:55,41
DA:56,41
DA:57,41
DA:59,41
DA:67,239
DA:75,239
DA:78,46
DA:80,46
DA:81,239
DA:82,0
DA:84,239
DA:85,0
DA:88,239
DA:91,46
DA:92,239
DA:93,198
DA:99,41
DA:100,41
DA:102,41
DA:108,46
DA:120,708
DA:121,239
DA:124,708
DA:125,708
DA:126,708
DA:128,708
DA:130,239
DA:135,708
DA:136,708
DA:138,708
DA:139,239
DA:144,708
DA:145,239
DA:146,239
DA:147,107
DA:148,107
DA:149,89
DA:150,89
DA:154,239
DA:155,28
DA:159,708
LF:55
LH:50
BRDA:13,0,0,123
BRDA:13,0,1,0
BRDA:13,1,0,123
BRDA:13,1,1,0
BRDA:13,2,0,123
BRDA:13,2,1,0
BRDA:37,3,0,239
BRDA:37,3,1,107
BRDA:37,3,2,41
BRDA:45,4,0,0
BRDA:45,4,1,41
BRDA:48,5,0,0
BRDA:48,5,1,41
BRDA:48,6,0,41
BRDA:48,6,1,0
BRDA:51,7,0,0
BRDA:51,7,1,41
BRDA:70,8,0,41
BRDA:70,8,1,198
BRDA:75,9,0,239
BRDA:75,9,1,107
BRDA:81,10,0,0
BRDA:81,10,1,239
BRDA:81,11,0,239
BRDA:81,11,1,0
BRDA:84,12,0,0
BRDA:84,12,1,239
BRDA:84,13,0,239
BRDA:84,13,1,0
BRDA:92,14,0,198
BRDA:92,14,1,41
BRDA:100,15,0,41
BRDA:100,15,1,0
BRDA:121,16,0,0
BRDA:121,16,1,239
BRDA:125,17,0,708
BRDA:125,17,1,708
BRDA:125,17,2,708
BRDA:146,18,0,107
BRDA:146,18,1,132
BRDA:150,19,0,89
BRDA:150,19,1,89
BRDA:161,20,0,708
BRDA:161,20,1,708
BRDA:169,21,0,708
BRDA:169,21,1,0
BRDA:170,22,0,708
BRDA:170,22,1,0
BRDA:173,23,0,708
BRDA:173,23,1,412
BRDA:178,24,0,412
BRDA:178,24,1,0
BRDA:179,25,0,412
BRDA:179,25,1,0
BRF:54
BRH:37
end_of_record
TN:
SF:client/ui/Svg/elements/Alert.js
FN:4,(anonymous_0)
FNF:1
FNH:0
FNDA:0,(anonymous_0)
DA:4,46
DA:5,0
LF:2
LH:1
BRF:0
BRH:0
end_of_record
TN:
SF:client/ui/Svg/elements/AngleArrowBottom.js
FN:4,(anonymous_0)
FNF:1
FNH:0
FNDA:0,(anonymous_0)
DA:4,46
DA:5,0
LF:2
LH:1
BRF:0
BRH:0
end_of_record
TN:
SF:client/ui/Svg/elements/AngleArrowLeft.js
FN:4,(anonymous_0)
FNF:1
FNH:0
FNDA:0,(anonymous_0)
DA:4,46
DA:5,0
LF:2
LH:1
BRF:0
BRH:0
end_of_record
TN:
SF:client/ui/Svg/elements/AngleArrowRight.js
FN:4,(anonymous_0)
FNF:1
FNH:1
FNDA:148,(anonymous_0)
DA:4,46
DA:5,148
LF:2
LH:2
BRF:0
BRH:0
end_of_record
TN:
SF:client/ui/Svg/elements/AngleArrowTop.js
FN:4,(anonymous_0)
FNF:1
FNH:0
FNDA:0,(anonymous_0)
DA:4,46
DA:5,0
LF:2
LH:1
BRF:0
BRH:0
end_of_record
TN:
SF:client/ui/Svg/elements/ArrowBottom.js
FN:4,(anonymous_0)
FNF:1
FNH:0
FNDA:0,(anonymous_0)
DA:4,46
DA:5,0
LF:2
LH:1
BRF:0
BRH:0
end_of_record
TN:
SF:client/ui/Svg/elements/ArrowDown.js
FN:4,(anonymous_0)
FNF:1
FNH:0
FNDA:0,(anonymous_0)
DA:4,46
DA:6,0
LF:2
LH:1
BRF:0
BRH:0
end_of_record
TN:
SF:client/ui/Svg/elements/ArrowLeft.js
FN:4,(anonymous_0)
FNF:1
FNH:0
FNDA:0,(anonymous_0)
DA:4,46
DA:5,0
LF:2
LH:1
BRF:0
BRH:0
end_of_record
TN:
SF:client/ui/Svg/elements/ArrowReturn.js
FN:4,(anonymous_0)
FNF:1
FNH:0
FNDA:0,(anonymous_0)
DA:4,46
DA:5,0
LF:2
LH:1
BRF:0
BRH:0
end_of_record
TN:
SF:client/ui/Svg/elements/ArrowRight.js
FN:4,(anonymous_0)
FNF:1
FNH:0
FNDA:0,(anonymous_0)
DA:4,46
DA:5,0
LF:2
LH:1
BRF:0
BRH:0
end_of_record
TN:
SF:client/ui/Svg/elements/ArrowTop.js
FN:4,(anonymous_0)
FNF:1
FNH:0
FNDA:0,(anonymous_0)
DA:4,46
DA:5,0
LF:2
LH:1
BRF:0
BRH:0
end_of_record
TN:
SF:client/ui/Svg/elements/ArrowUp.js
FN:3,(anonymous_0)
FNF:1
FNH:0
FNDA:0,(anonymous_0)
DA:3,46
DA:5,0
LF:2
LH:1
BRF:0
BRH:0
end_of_record
TN:
SF:client/ui/Svg/elements/BigArrowRight.js
FN:4,(anonymous_0)
FNF:1
FNH:0
FNDA:0,(anonymous_0)
DA:4,46
DA:5,0
LF:2
LH:1
BRF:0
BRH:0
end_of_record
TN:
SF:client/ui/Svg/elements/BigCheck.js
FN:4,(anonymous_0)
FNF:1
FNH:0
FNDA:0,(anonymous_0)
DA:4,46
DA:5,0
LF:2
LH:1
BRF:0
BRH:0
end_of_record
TN:
SF:client/ui/Svg/elements/BlackArrowDown.js
FN:3,(anonymous_0)
FNF:1
FNH:1
FNDA:70,(anonymous_0)
DA:3,37
DA:5,70
LF:2
LH:2
BRF:0
BRH:0
end_of_record
TN:
SF:client/ui/Svg/elements/Calculator.js
FN:4,(anonymous_0)
FNF:1
FNH:0
FNDA:0,(anonymous_0)
DA:4,46
DA:5,0
LF:2
LH:1
BRF:0
BRH:0
end_of_record
TN:
SF:client/ui/Svg/elements/Chat.js
FN:4,(anonymous_0)
FNF:1
FNH:0
FNDA:0,(anonymous_0)
DA:4,46
DA:5,0
LF:2
LH:1
BRF:0
BRH:0
end_of_record
TN:
SF:client/ui/Svg/elements/Check.js
FN:4,(anonymous_0)
FNF:1
FNH:1
FNDA:4,(anonymous_0)
DA:4,46
DA:5,4
LF:2
LH:2
BRF:0
BRH:0
end_of_record
TN:
SF:client/ui/Svg/elements/CheckedLightBulb.js
FN:4,(anonymous_0)
FNF:1
FNH:0
FNDA:0,(anonymous_0)
DA:4,46
DA:5,0
LF:2
LH:1
BRF:0
BRH:0
end_of_record
TN:
SF:client/ui/Svg/elements/CheckedSymbol.js
FN:4,(anonymous_0)
FNF:1
FNH:0
FNDA:0,(anonymous_0)
DA:4,46
DA:5,0
LF:2
LH:1
BRF:0
BRH:0
end_of_record
TN:
SF:client/ui/Svg/elements/ChevronArrowLeft.js
FN:4,(anonymous_0)
FNF:1
FNH:0
FNDA:0,(anonymous_0)
DA:4,46
DA:5,0
LF:2
LH:1
BRF:0
BRH:0
end_of_record
TN:
SF:client/ui/Svg/elements/ChevronArrowRight.js
FN:4,(anonymous_0)
FNF:1
FNH:0
FNDA:0,(anonymous_0)
DA:4,46
DA:5,0
LF:2
LH:1
BRF:0
BRH:0
end_of_record
TN:
SF:client/ui/Svg/elements/Child.js
FN:4,(anonymous_0)
FNF:1
FNH:0
FNDA:0,(anonymous_0)
DA:4,46
DA:5,0
LF:2
LH:1
BRF:0
BRH:0
end_of_record
TN:
SF:client/ui/Svg/elements/Clapping.js
FN:4,(anonymous_0)
FNF:1
FNH:0
FNDA:0,(anonymous_0)
DA:4,46
DA:5,0
LF:2
LH:1
BRF:0
BRH:0
end_of_record
TN:
SF:client/ui/Svg/elements/Clock.js
FN:4,(anonymous_0)
FNF:1
FNH:1
FNDA:296,(anonymous_0)
DA:4,46
DA:5,296
LF:2
LH:2
BRF:0
BRH:0
end_of_record
TN:
SF:client/ui/Svg/elements/Close.js
FN:4,(anonymous_0)
FNF:1
FNH:1
FNDA:90,(anonymous_0)
DA:4,46
DA:5,90
LF:2
LH:2
BRF:0
BRH:0
end_of_record
TN:
SF:client/ui/Svg/elements/Cookie.js
FN:4,(anonymous_0)
FNF:1
FNH:0
FNDA:0,(anonymous_0)
DA:4,46
DA:5,0
LF:2
LH:1
BRF:0
BRH:0
end_of_record
TN:
SF:client/ui/Svg/elements/Disconnect.js
FN:4,(anonymous_0)
FNF:1
FNH:0
FNDA:0,(anonymous_0)
DA:4,46
DA:5,0
LF:2
LH:1
BRF:0
BRH:0
end_of_record
TN:
SF:client/ui/Svg/elements/EmptyAvatar.js
FN:4,(anonymous_0)
FNF:1
FNH:0
FNDA:0,(anonymous_0)
DA:4,46
DA:5,0
LF:2
LH:1
BRF:0
BRH:0
end_of_record
TN:
SF:client/ui/Svg/elements/Envelope.js
FN:4,(anonymous_0)
FNF:1
FNH:0
FNDA:0,(anonymous_0)
DA:4,46
DA:5,0
LF:2
LH:1
BRF:0
BRH:0
end_of_record
TN:
SF:client/ui/Svg/elements/ExternalLink.js
FN:4,(anonymous_0)
FNF:1
FNH:1
FNDA:214,(anonymous_0)
DA:4,46
DA:5,214
LF:2
LH:2
BRF:0
BRH:0
end_of_record
TN:
SF:client/ui/Svg/elements/ExternalLinkPlain.js
FN:4,(anonymous_0)
FNF:1
FNH:1
FNDA:488,(anonymous_0)
DA:4,46
DA:5,488
LF:2
LH:2
BRF:0
BRH:0
end_of_record
TN:
SF:client/ui/Svg/elements/Eye.js
FN:4,(anonymous_0)
FNF:1
FNH:0
FNDA:0,(anonymous_0)
DA:4,46
DA:5,0
LF:2
LH:1
BRF:0
BRH:0
end_of_record
TN:
SF:client/ui/Svg/elements/EyeSlash.js
FN:4,(anonymous_0)
FNF:1
FNH:0
FNDA:0,(anonymous_0)
DA:4,46
DA:5,0
LF:2
LH:1
BRF:0
BRH:0
end_of_record
TN:
SF:client/ui/Svg/elements/FacebookLogo.js
FN:4,(anonymous_0)
FNF:1
FNH:0
FNDA:0,(anonymous_0)
DA:4,46
DA:5,0
LF:2
LH:1
BRF:0
BRH:0
end_of_record
TN:
SF:client/ui/Svg/elements/FacebookLogoF.js
FN:4,(anonymous_0)
FNF:1
FNH:0
FNDA:0,(anonymous_0)
DA:4,46
DA:5,0
LF:2
LH:1
BRF:0
BRH:0
end_of_record
TN:
SF:client/ui/Svg/elements/FastForward.js
FN:4,(anonymous_0)
FNF:1
FNH:0
FNDA:0,(anonymous_0)
DA:4,46
DA:5,0
LF:2
LH:1
BRF:0
BRH:0
end_of_record
TN:
SF:client/ui/Svg/elements/Fist.js
FN:4,(anonymous_0)
FNF:1
FNH:0
FNDA:0,(anonymous_0)
DA:4,46
DA:5,0
LF:2
LH:1
BRF:0
BRH:0
end_of_record
TN:
SF:client/ui/Svg/elements/GoogleLogoG.js
FN:4,(anonymous_0)
FNF:1
FNH:0
FNDA:0,(anonymous_0)
DA:4,46
DA:5,0
LF:2
LH:1
BRF:0
BRH:0
end_of_record
TN:
SF:client/ui/Svg/elements/HandHeart.js
FN:4,(anonymous_0)
FNF:1
FNH:1
FNDA:86,(anonymous_0)
DA:4,46
DA:5,86
LF:2
LH:2
BRF:0
BRH:0
end_of_record
TN:
SF:client/ui/Svg/elements/House.js
FN:4,(anonymous_0)
FNF:1
FNH:0
FNDA:0,(anonymous_0)
DA:4,46
DA:5,0
LF:2
LH:1
BRF:0
BRH:0
end_of_record
TN:
SF:client/ui/Svg/elements/Idea.js
FN:4,(anonymous_0)
FNF:1
FNH:0
FNDA:0,(anonymous_0)
DA:4,46
DA:5,0
LF:2
LH:1
BRF:0
BRH:0
end_of_record
TN:
SF:client/ui/Svg/elements/Infos.js
FN:4,(anonymous_0)
FNF:1
FNH:0
FNDA:0,(anonymous_0)
DA:4,46
DA:5,0
LF:2
LH:1
BRF:0
BRH:0
end_of_record
TN:
SF:client/ui/Svg/elements/InstagramLogo.js
FN:4,(anonymous_0)
FNF:1
FNH:0
FNDA:0,(anonymous_0)
DA:4,46
DA:5,0
LF:2
LH:1
BRF:0
BRH:0
end_of_record
TN:
SF:client/ui/Svg/elements/LegalConsent.js
FN:4,(anonymous_0)
FNF:1
FNH:0
FNDA:0,(anonymous_0)
DA:4,46
DA:5,0
LF:2
LH:1
BRF:0
BRH:0
end_of_record
TN:
SF:client/ui/Svg/elements/Light.js
FN:4,(anonymous_0)
FNF:1
FNH:1
FNDA:86,(anonymous_0)
DA:4,46
DA:5,86
LF:2
LH:2
BRF:0
BRH:0
end_of_record
TN:
SF:client/ui/Svg/elements/LightBulb.js
FN:4,(anonymous_0)
FNF:1
FNH:1
FNDA:296,(anonymous_0)
DA:4,46
DA:5,296
LF:2
LH:2
BRF:0
BRH:0
end_of_record
TN:
SF:client/ui/Svg/elements/Lightning.js
FN:4,(anonymous_0)
FNF:1
FNH:0
FNDA:0,(anonymous_0)
DA:4,46
DA:5,0
LF:2
LH:1
BRF:0
BRH:0
end_of_record
TN:
SF:client/ui/Svg/elements/Like.js
FN:4,(anonymous_0)
FNF:1
FNH:0
FNDA:0,(anonymous_0)
DA:4,46
DA:5,0
LF:2
LH:1
BRF:0
BRH:0
end_of_record
TN:
SF:client/ui/Svg/elements/Link.js
FN:4,(anonymous_0)
FNF:1
FNH:0
FNDA:0,(anonymous_0)
DA:4,46
DA:5,0
LF:2
LH:1
BRF:0
BRH:0
end_of_record
TN:
SF:client/ui/Svg/elements/LinkedinLogoIn.js
FN:4,(anonymous_0)
FNF:1
FNH:0
FNDA:0,(anonymous_0)
DA:4,46
DA:5,0
LF:2
LH:1
BRF:0
BRH:0
end_of_record
TN:
SF:client/ui/Svg/elements/Lock.js
FN:4,(anonymous_0)
FNF:1
FNH:0
FNDA:0,(anonymous_0)
DA:4,46
DA:5,0
LF:2
LH:1
BRF:0
BRH:0
end_of_record
TN:
SF:client/ui/Svg/elements/Logo.js
FN:4,(anonymous_0)
FNF:1
FNH:1
FNDA:86,(anonymous_0)
DA:4,46
DA:5,86
DA:6,86
LF:3
LH:3
BRDA:8,0,0,86
BRDA:8,0,1,86
BRDA:9,1,0,86
BRDA:9,1,1,86
BRF:4
BRH:4
end_of_record
TN:
SF:client/ui/Svg/elements/LogoBlack.js
FN:4,(anonymous_0)
FNF:1
FNH:1
FNDA:86,(anonymous_0)
DA:4,46
DA:5,86
LF:2
LH:2
BRF:0
BRH:0
end_of_record
TN:
SF:client/ui/Svg/elements/LoudSpeaker.js
FN:4,(anonymous_0)
FNF:1
FNH:0
FNDA:0,(anonymous_0)
DA:4,46
DA:5,0
LF:2
LH:1
BRF:0
BRH:0
end_of_record
TN:
SF:client/ui/Svg/elements/Mail.js
FN:4,(anonymous_0)
FNF:1
FNH:0
FNDA:0,(anonymous_0)
DA:4,46
DA:5,0
LF:2
LH:1
BRF:0
BRH:0
end_of_record
TN:
SF:client/ui/Svg/elements/MailPlain.js
FN:4,(anonymous_0)
FNF:1
FNH:1
FNDA:86,(anonymous_0)
DA:4,46
DA:5,86
LF:2
LH:2
BRF:0
BRH:0
end_of_record
TN:
SF:client/ui/Svg/elements/Map.js
FN:4,(anonymous_0)
FNF:1
FNH:0
FNDA:0,(anonymous_0)
DA:4,46
DA:5,0
LF:2
LH:1
BRF:0
BRH:0
end_of_record
TN:
SF:client/ui/Svg/elements/MapMarker.js
FN:4,(anonymous_0)
FNF:1
FNH:0
FNDA:0,(anonymous_0)
DA:4,46
DA:5,0
LF:2
LH:1
BRF:0
BRH:0
end_of_record
TN:
SF:client/ui/Svg/elements/Megaphone.js
FN:4,(anonymous_0)
FNF:1
FNH:0
FNDA:0,(anonymous_0)
DA:4,46
DA:5,0
LF:2
LH:1
BRF:0
BRH:0
end_of_record
TN:
SF:client/ui/Svg/elements/NextArrow.js
FN:4,(anonymous_0)
FNF:1
FNH:0
FNDA:0,(anonymous_0)
DA:4,46
DA:5,0
LF:2
LH:1
BRF:0
BRH:0
end_of_record
TN:
SF:client/ui/Svg/elements/PaperPlane.js
FN:4,(anonymous_0)
FNF:1
FNH:0
FNDA:0,(anonymous_0)
DA:4,46
DA:5,0
LF:2
LH:1
BRF:0
BRH:0
end_of_record
TN:
SF:client/ui/Svg/elements/Pencil.js
FN:4,(anonymous_0)
FNF:1
FNH:0
FNDA:0,(anonymous_0)
DA:4,46
DA:5,0
LF:2
LH:1
BRF:0
BRH:0
end_of_record
TN:
SF:client/ui/Svg/elements/People.js
FN:4,(anonymous_0)
FNF:1
FNH:1
FNDA:382,(anonymous_0)
DA:4,46
DA:5,382
LF:2
LH:2
BRF:0
BRH:0
end_of_record
TN:
SF:client/ui/Svg/elements/PlayButton.js
FN:4,(anonymous_0)
FNF:1
FNH:0
FNDA:0,(anonymous_0)
DA:4,46
DA:5,0
LF:2
LH:1
BRF:0
BRH:0
end_of_record
TN:
SF:client/ui/Svg/elements/PreviousArrow.js
FN:4,(anonymous_0)
FNF:1
FNH:0
FNDA:0,(anonymous_0)
DA:4,46
DA:5,0
LF:2
LH:1
BRF:0
BRH:0
end_of_record
TN:
SF:client/ui/Svg/elements/PreviousArrowLeft.js
FN:4,(anonymous_0)
FNF:1
FNH:0
FNDA:0,(anonymous_0)
DA:4,46
DA:5,0
LF:2
LH:1
BRF:0
BRH:0
end_of_record
TN:
SF:client/ui/Svg/elements/SadEmoji.js
FN:4,(anonymous_0)
FNF:1
FNH:0
FNDA:0,(anonymous_0)
DA:4,46
DA:5,0
LF:2
LH:1
BRF:0
BRH:0
end_of_record
TN:
SF:client/ui/Svg/elements/SaveFileOption.js
FN:4,(anonymous_0)
FNF:1
FNH:0
FNDA:0,(anonymous_0)
DA:4,46
DA:5,0
LF:2
LH:1
BRF:0
BRH:0
end_of_record
TN:
SF:client/ui/Svg/elements/Search.js
FN:4,(anonymous_0)
FNF:1
FNH:1
FNDA:172,(anonymous_0)
DA:4,46
DA:5,172
LF:2
LH:2
BRF:0
BRH:0
end_of_record
TN:
SF:client/ui/Svg/elements/SelectArrow.js
FN:4,(anonymous_0)
FNF:1
FNH:0
FNDA:0,(anonymous_0)
DA:4,46
DA:5,0
LF:2
LH:1
BRF:0
BRH:0
end_of_record
TN:
SF:client/ui/Svg/elements/Settings.js
FN:4,(anonymous_0)
FNF:1
FNH:0
FNDA:0,(anonymous_0)
DA:4,46
DA:5,0
LF:2
LH:1
BRF:0
BRH:0
end_of_record
TN:
SF:client/ui/Svg/elements/Share.js
FN:4,(anonymous_0)
FNF:1
FNH:0
FNDA:0,(anonymous_0)
DA:4,46
DA:5,0
LF:2
LH:1
BRF:0
BRH:0
end_of_record
TN:
SF:client/ui/Svg/elements/SignOut.js
FN:4,(anonymous_0)
FNF:1
FNH:0
FNDA:0,(anonymous_0)
DA:4,46
DA:5,0
LF:2
LH:1
BRF:0
BRH:0
end_of_record
TN:
SF:client/ui/Svg/elements/Smiley.js
FN:4,(anonymous_0)
FNF:1
FNH:0
FNDA:0,(anonymous_0)
DA:4,46
DA:5,0
LF:2
LH:1
BRF:0
BRH:0
end_of_record
TN:
SF:client/ui/Svg/elements/Stats.js
FN:4,(anonymous_0)
FNF:1
FNH:0
FNDA:0,(anonymous_0)
DA:4,46
DA:5,0
LF:2
LH:1
BRF:0
BRH:0
end_of_record
TN:
SF:client/ui/Svg/elements/StepForward.js
FN:4,(anonymous_0)
FNF:1
FNH:0
FNDA:0,(anonymous_0)
DA:4,46
DA:5,0
LF:2
LH:1
BRF:0
BRH:0
end_of_record
TN:
SF:client/ui/Svg/elements/Suitcase.js
FN:4,(anonymous_0)
FNF:1
FNH:0
FNDA:0,(anonymous_0)
DA:4,46
DA:5,0
LF:2
LH:1
BRF:0
BRH:0
end_of_record
TN:
SF:client/ui/Svg/elements/SwitchLabelChecked.js
FN:4,(anonymous_0)
FNF:1
FNH:0
FNDA:0,(anonymous_0)
DA:4,46
DA:5,0
LF:2
LH:1
BRF:0
BRH:0
end_of_record
TN:
SF:client/ui/Svg/elements/SwitchLabelCross.js
FN:4,(anonymous_0)
FNF:1
FNH:0
FNDA:0,(anonymous_0)
DA:4,46
DA:5,0
LF:2
LH:1
BRF:0
BRH:0
end_of_record
TN:
SF:client/ui/Svg/elements/ThumbsUp.js
FN:4,(anonymous_0)
FNF:1
FNH:0
FNDA:0,(anonymous_0)
DA:4,46
DA:5,0
LF:2
LH:1
BRF:0
BRH:0
end_of_record
TN:
SF:client/ui/Svg/elements/Trending.js
FN:4,(anonymous_0)
FNF:1
FNH:0
FNDA:0,(anonymous_0)
DA:4,46
DA:5,0
LF:2
LH:1
BRF:0
BRH:0
end_of_record
TN:
SF:client/ui/Svg/elements/TwitterLogo.js
FN:4,(anonymous_0)
FNF:1
FNH:0
FNDA:0,(anonymous_0)
DA:4,46
DA:5,0
LF:2
LH:1
BRF:0
BRH:0
end_of_record
TN:
SF:client/ui/Svg/elements/User.js
FN:4,(anonymous_0)
FNF:1
FNH:1
FNDA:86,(anonymous_0)
DA:4,46
DA:5,86
LF:2
LH:2
BRF:0
BRH:0
end_of_record
TN:
SF:client/ui/Svg/elements/Users.js
FN:3,(anonymous_0)
FNF:1
FNH:0
FNDA:0,(anonymous_0)
DA:3,46
DA:4,0
LF:2
LH:1
BRF:0
BRH:0
end_of_record
TN:
SF:client/ui/Svg/elements/WhiteArrowDown.js
FN:3,(anonymous_0)
FNF:1
FNH:1
FNDA:74,(anonymous_0)
DA:3,37
DA:5,74
LF:2
LH:2
BRF:0
BRH:0
end_of_record
TN:
SF:client/ui/Svg/elements/WorldMap.js
FN:4,(anonymous_0)
FNF:1
FNH:1
FNDA:86,(anonymous_0)
DA:4,46
DA:5,86
LF:2
LH:2
BRF:0
BRH:0
end_of_record
TN:
SF:client/ui/Svg/elements/index.js
FNF:0
FNH:0
LF:0
LH:0
BRF:0
BRH:0
end_of_record
TN:
SF:client/validator/postCode.js
FN:8,(anonymous_0)
FN:10,(anonymous_1)
FN:19,(anonymous_2)
FN:22,(anonymous_3)
FNF:4
FNH:0
FNDA:0,(anonymous_0)
FNDA:0,(anonymous_1)
FNDA:0,(anonymous_2)
FNDA:0,(anonymous_3)
DA:3,46
DA:6,46
DA:8,46
DA:10,46
DA:11,0
DA:13,0
DA:16,0
DA:19,46
DA:20,0
DA:22,46
DA:23,0
LF:11
LH:6
BRDA:8,0,0,0
BRDA:8,0,1,0
BRDA:11,1,0,0
BRDA:11,1,1,0
BRF:4
BRH:0
end_of_record
TN:
SF:shared/env.js
FN:6,(anonymous_0)
FN:7,(anonymous_1)
FN:8,(anonymous_2)
FN:9,(anonymous_3)
FN:10,(anonymous_4)
FN:12,(anonymous_5)
FN:13,(anonymous_6)
FN:14,(anonymous_7)
FN:18,(anonymous_8)
FN:19,(anonymous_9)
FN:20,(anonymous_10)
FN:21,(anonymous_11)
FN:22,(anonymous_12)
FN:23,(anonymous_13)
FN:24,(anonymous_14)
FN:25,(anonymous_15)
FNF:16
FNH:6
FNDA:0,(anonymous_0)
FNDA:401,(anonymous_1)
FNDA:121,(anonymous_2)
FNDA:46,(anonymous_3)
FNDA:0,(anonymous_4)
FNDA:2844,(anonymous_5)
FNDA:37,(anonymous_6)
FNDA:46,(anonymous_7)
FNDA:0,(anonymous_8)
FNDA:0,(anonymous_9)
FNDA:0,(anonymous_10)
FNDA:0,(anonymous_11)
FNDA:0,(anonymous_12)
FNDA:0,(anonymous_13)
FNDA:0,(anonymous_14)
FNDA:0,(anonymous_15)
DA:1,46
DA:3,46
DA:6,46
DA:7,401
DA:8,121
DA:9,46
DA:10,46
DA:11,0
DA:12,2844
DA:13,46
DA:14,46
DA:15,46
DA:18,46
DA:19,46
DA:20,46
DA:21,46
DA:22,46
DA:23,46
DA:24,46
DA:25,46
DA:26,0
DA:29,46
LF:22
LH:20
BRDA:6,0,0,0
BRDA:6,0,1,0
BRDA:9,1,0,46
BRDA:9,1,1,46
BRDA:11,2,0,0
BRDA:11,2,1,0
BRDA:12,3,0,2844
BRDA:12,3,1,2844
BRDA:13,4,0,37
BRDA:13,4,1,37
BRDA:15,5,0,46
BRDA:15,5,1,46
BRDA:26,6,0,0
BRDA:26,6,1,0
BRDA:30,7,0,46
BRDA:30,7,1,0
BRDA:31,8,0,46
BRDA:31,8,1,0
BRDA:32,9,0,46
BRDA:32,9,1,0
BRDA:33,10,0,46
BRDA:33,10,1,0
BRDA:34,11,0,46
BRDA:34,11,1,0
BRDA:37,12,0,46
BRDA:37,12,1,0
BRDA:38,13,0,46
BRDA:38,13,1,0
BRDA:39,14,0,46
BRDA:39,14,1,0
BRF:30
BRH:16
end_of_record
TN:
SF:shared/routes.js
FN:70,(anonymous_0)
FN:90,(anonymous_1)
FN:99,(anonymous_2)
FN:108,(anonymous_3)
FN:111,(anonymous_4)
FN:114,(anonymous_5)
FN:117,(anonymous_6)
FN:120,(anonymous_7)
FN:123,(anonymous_8)
FN:133,(anonymous_9)
FN:143,(anonymous_10)
FN:155,(anonymous_11)
FN:168,(anonymous_12)
FN:182,(anonymous_13)
FN:189,(anonymous_14)
FN:202,(anonymous_15)
FN:207,(anonymous_16)
FN:212,(anonymous_17)
FN:218,(anonymous_18)
FN:231,(anonymous_19)
FN:244,(anonymous_20)
FN:256,(anonymous_21)
FN:269,(anonymous_22)
FN:282,(anonymous_23)
FN:295,(anonymous_24)
FN:308,(anonymous_25)
FN:313,(anonymous_26)
FN:318,(anonymous_27)
FNF:28
FNH:5
FNDA:7413,(anonymous_0)
FNDA:0,(anonymous_1)
FNDA:0,(anonymous_2)
FNDA:0,(anonymous_3)
FNDA:0,(anonymous_4)
FNDA:0,(anonymous_5)
FNDA:0,(anonymous_6)
FNDA:0,(anonymous_7)
FNDA:0,(anonymous_8)
FNDA:0,(anonymous_9)
FNDA:0,(anonymous_10)
FNDA:0,(anonymous_11)
FNDA:0,(anonymous_12)
FNDA:0,(anonymous_13)
FNDA:0,(anonymous_14)
FNDA:0,(anonymous_15)
FNDA:0,(anonymous_16)
FNDA:0,(anonymous_17)
FNDA:0,(anonymous_18)
FNDA:0,(anonymous_19)
FNDA:0,(anonymous_20)
FNDA:0,(anonymous_21)
FNDA:0,(anonymous_22)
FNDA:86,(anonymous_23)
FNDA:86,(anonymous_24)
FNDA:0,(anonymous_25)
FNDA:127,(anonymous_26)
FNDA:86,(anonymous_27)
DA:3,46
DA:4,46
DA:5,46
DA:7,46
DA:8,46
DA:9,46
DA:10,46
DA:11,46
DA:12,46
DA:13,46
DA:14,46
DA:15,46
DA:16,46
DA:17,46
DA:18,46
DA:19,46
DA:20,46
DA:21,46
DA:22,46
DA:23,46
DA:24,46
DA:25,46
DA:26,46
DA:27,46
DA:28,46
DA:29,46
DA:30,46
DA:31,46
DA:32,46
DA:33,46
DA:34,46
DA:35,46
DA:36,46
DA:37,46
DA:38,46
DA:39,46
DA:40,46
DA:41,46
DA:44,46
DA:45,46
DA:46,46
DA:47,46
DA:48,46
DA:51,46
DA:52,46
DA:53,46
DA:56,46
DA:57,46
DA:58,46
DA:59,46
DA:60,46
DA:63,46
DA:64,46
DA:67,46
DA:68,46
DA:70,46
DA:78,7413
DA:82,7413
DA:90,46
DA:94,0
DA:99,46
DA:103,0
DA:108,46
DA:109,0
DA:111,46
DA:112,0
DA:114,46
DA:115,0
DA:117,46
DA:118,0
DA:120,46
DA:121,0
DA:123,46
DA:124,0
DA:133,46
DA:134,0
DA:143,46
DA:144,0
DA:155,46
DA:156,0
DA:168,46
DA:169,0
DA:182,46
DA:187,0
DA:189,46
DA:193,0
DA:202,46
DA:205,0
DA:207,46
DA:210,0
DA:212,46
DA:216,0
DA:218,46
DA:222,0
DA:231,46
DA:235,0
DA:244,46
DA:248,0
DA:256,46
DA:260,0
DA:269,46
DA:273,0
DA:282,46
DA:286,86
DA:295,46
DA:299,86
DA:308,46
DA:311,0
DA:313,46
DA:316,127
DA:318,46
DA:322,86
LF:112
LH:89
BRDA:73,0,0,0
BRDA:74,1,0,0
BRDA:75,2,0,7028
BRDA:76,3,0,7028
BRDA:78,4,0,385
BRDA:78,4,1,7028
BRDA:191,5,0,0
BRDA:204,6,0,0
BRDA:209,7,0,0
BRDA:214,8,0,0
BRDA:220,9,0,0
BRDA:233,10,0,0
BRDA:246,11,0,0
BRDA:258,12,0,0
BRDA:271,13,0,0
BRDA:284,14,0,86
BRDA:297,15,0,86
BRDA:310,16,0,0
BRDA:315,17,0,127
BRDA:320,18,0,86
BRF:20
BRH:8
end_of_record
TN:
SF:shared/api/OrganisationApiService.js
FN:13,(anonymous_0)
FN:22,(anonymous_1)
FN:32,(anonymous_2)
FN:47,(anonymous_3)
FN:56,(anonymous_4)
FN:80,(anonymous_5)
FNF:6
FNH:0
FNDA:0,(anonymous_0)
FNDA:0,(anonymous_1)
FNDA:0,(anonymous_2)
FNDA:0,(anonymous_3)
FNDA:0,(anonymous_4)
FNDA:0,(anonymous_5)
DA:6,46
DA:8,46
DA:9,46
DA:10,46
DA:14,0
DA:23,0
DA:38,0
DA:48,0
DA:64,0
DA:86,0
LF:10
LH:4
BRDA:34,0,0,0
BRDA:35,1,0,0
BRDA:36,2,0,0
BRDA:82,3,0,0
BRDA:83,4,0,0
BRDA:84,5,0,0
BRF:6
BRH:0
end_of_record
TN:
SF:shared/api/PersonalityApiService.js
FN:13,(anonymous_0)
FN:30,(anonymous_1)
FN:57,(anonymous_2)
FN:74,(anonymous_3)
FN:83,(anonymous_4)
FNF:5
FNH:0
FNDA:0,(anonymous_0)
FNDA:0,(anonymous_1)
FNDA:0,(anonymous_2)
FNDA:0,(anonymous_3)
FNDA:0,(anonymous_4)
DA:5,46
DA:7,46
DA:9,46
DA:10,46
DA:18,0
DA:40,0
DA:62,0
DA:75,0
DA:93,0
LF:9
LH:4
BRDA:16,0,0,0
BRDA:38,1,0,0
BRDA:60,2,0,0
BRF:3
BRH:0
end_of_record
TN:
SF:shared/api/QuestionApiService.js
FN:23,(anonymous_0)
FN:44,(anonymous_1)
FN:62,(anonymous_2)
FN:75,(anonymous_3)
FN:87,(anonymous_4)
FN:100,(anonymous_5)
FN:112,(anonymous_6)
FN:123,(anonymous_7)
FN:135,(anonymous_8)
FN:146,(anonymous_9)
FN:167,(anonymous_10)
FN:180,(anonymous_11)
FN:197,(anonymous_12)
FN:218,(anonymous_13)
FNF:14
FNH:0
FNDA:0,(anonymous_0)
FNDA:0,(anonymous_1)
FNDA:0,(anonymous_2)
FNDA:0,(anonymous_3)
FNDA:0,(anonymous_4)
FNDA:0,(anonymous_5)
FNDA:0,(anonymous_6)
FNDA:0,(anonymous_7)
FNDA:0,(anonymous_8)
FNDA:0,(anonymous_9)
FNDA:0,(anonymous_10)
FNDA:0,(anonymous_11)
FNDA:0,(anonymous_12)
FNDA:0,(anonymous_13)
DA:6,46
DA:7,46
DA:8,46
DA:9,46
DA:11,46
DA:12,46
DA:13,46
DA:14,46
DA:15,46
DA:17,46
DA:19,46
DA:20,46
DA:31,0
DA:51,0
DA:52,0
DA:66,0
DA:81,0
DA:94,0
DA:106,0
DA:111,0
DA:112,0
DA:115,0
DA:117,0
DA:129,0
DA:134,0
DA:135,0
DA:138,0
DA:140,0
DA:154,0
DA:171,0
DA:185,0
DA:204,0
DA:223,0
LF:33
LH:12
BRDA:29,0,0,0
BRDA:48,1,0,0
BRDA:49,2,0,0
BRDA:64,3,0,0
BRDA:77,4,0,0
BRDA:78,5,0,0
BRDA:79,6,0,0
BRDA:89,7,0,0
BRDA:90,8,0,0
BRDA:91,9,0,0
BRDA:92,10,0,0
[...]
DA:368,0
DA:371,0
DA:374,46
DA:392,0
DA:394,0
DA:395,0
DA:410,0
DA:412,0
DA:413,0
DA:420,0
DA:423,0
DA:427,46
LF:154
LH:23
BRDA:38,0,0,0
BRDA:38,0,1,0
BRDA:38,1,0,0
BRDA:38,1,1,0
BRDA:47,2,0,0
BRDA:47,2,1,0
BRDA:47,3,0,0
BRDA:47,3,1,0
BRDA:64,4,0,0
BRDA:75,5,0,0
BRDA:75,5,1,0
BRDA:76,6,0,0
BRDA:76,6,1,0
BRDA:76,6,2,0
BRDA:83,7,0,0
BRDA:83,7,1,0
BRDA:84,8,0,0
BRDA:84,8,1,0
BRDA:84,8,2,0
BRDA:104,9,0,0
BRDA:104,9,1,0
BRDA:108,10,0,0
BRDA:108,10,1,0
BRDA:120,11,0,0
BRDA:126,12,0,0
BRDA:126,12,1,0
BRDA:146,13,0,0
BRDA:147,14,0,0
BRDA:148,15,0,0
BRDA:154,16,0,0
BRDA:154,16,1,0
BRDA:167,17,0,0
BRDA:168,18,0,0
BRDA:169,19,0,0
BRDA:170,20,0,0
BRDA:178,21,0,0
BRDA:178,21,1,0
BRDA:182,22,0,0
BRDA:182,22,1,0
BRDA:182,23,0,0
BRDA:182,23,1,0
BRDA:188,24,0,0
BRDA:188,24,1,0
BRDA:199,25,0,0
BRDA:200,26,0,0
BRDA:222,27,0,0
BRDA:237,28,0,0
BRDA:243,29,0,0
BRDA:243,29,1,0
BRDA:255,30,0,0
BRDA:256,31,0,0
BRDA:279,32,0,0
BRDA:280,33,0,0
BRDA:281,34,0,0
BRDA:282,35,0,0
BRDA:290,36,0,0
BRDA:290,36,1,0
BRDA:294,37,0,0
BRDA:294,37,1,0
BRDA:294,38,0,0
BRDA:294,38,1,0
BRDA:310,39,0,0
BRDA:311,40,0,0
BRDA:325,41,0,46
BRDA:333,42,0,37
BRDA:333,42,1,0
BRDA:351,43,0,0
BRDA:351,43,1,0
BRDA:364,44,0,0
BRDA:364,44,1,0
BRDA:367,45,0,0
BRDA:367,45,1,0
BRDA:412,46,0,0
BRDA:412,46,1,0
BRF:74
BRH:2
end_of_record
TN:
SF:shared/services/Views.js
FN:6,(anonymous_0)
FN:18,(anonymous_1)
FNF:2
FNH:1
FNDA:4,(anonymous_0)
FNDA:0,(anonymous_1)
DA:6,37
DA:7,4
DA:8,4
DA:10,4
DA:12,0
DA:14,0
DA:18,37
DA:25,0
DA:26,0
DA:34,0
DA:36,0
DA:38,0
DA:42,37
LF:13
LH:6
BRDA:21,0,0,0
BRDA:22,1,0,0
BRDA:23,2,0,0
BRF:3
BRH:0
end_of_record
TN:
SF:shared/services/Trackers/FacebookTracking.js
FN:24,(anonymous_0)
FN:36,(anonymous_1)
FN:42,(anonymous_2)
FN:50,(anonymous_3)
FN:62,(anonymous_4)
FNF:5
FNH:4
FNDA:78,(anonymous_0)
FNDA:37,(anonymous_1)
FNDA:37,(anonymous_2)
FNDA:0,(anonymous_3)
FNDA:41,(anonymous_4)
DA:5,46
DA:7,46
DA:24,46
DA:25,78
DA:27,37
DA:32,78
DA:35,46
DA:37,37
DA:38,37
DA:39,37
DA:43,37
DA:44,0
DA:47,37
DA:51,0
DA:52,0
DA:55,0
DA:56,0
DA:59,0
DA:63,41
DA:64,0
DA:67,41
DA:69,0
DA:74,0
DA:77,41
LF:24
LH:15
BRDA:25,0,0,37
BRDA:25,0,1,41
BRDA:43,1,0,0
BRDA:43,1,1,37
BRDA:51,2,0,0
BRDA:51,2,1,0
BRDA:55,3,0,0
BRDA:55,3,1,0
BRDA:63,4,0,0
BRDA:63,4,1,41
BRDA:67,5,0,0
BRDA:67,5,1,41
BRF:12
BRH:5
end_of_record
TN:
SF:shared/services/Trackers/MixpanelTracking.js
FN:28,(anonymous_0)
FN:30,(anonymous_1)
FN:30,(anonymous_2)
FN:30,g
FN:30,(anonymous_4)
FN:30,(anonymous_5)
FN:30,(anonymous_6)
FN:31,(anonymous_7)
FN:31,b
FN:31,(anonymous_9)
FN:41,(anonymous_10)
FN:46,(anonymous_11)
FN:49,(anonymous_12)
FN:52,(anonymous_13)
FN:55,(anonymous_14)
FNF:15
FNH:9
FNDA:37,(anonymous_0)
FNDA:37,(anonymous_1)
FNDA:37,(anonymous_2)
FNDA:1258,g
FNDA:74,(anonymous_4)
FNDA:0,(anonymous_5)
FNDA:0,(anonymous_6)
FNDA:0,(anonymous_7)
FNDA:0,b
FNDA:0,(anonymous_9)
FNDA:41,(anonymous_10)
FNDA:41,(anonymous_11)
FNDA:37,(anonymous_12)
FNDA:0,(anonymous_13)
FNDA:41,(anonymous_14)
DA:5,46
DA:9,46
DA:27,46
DA:30,1258
DA:31,1258
DA:32,37
DA:34,37
DA:42,41
DA:46,46
DA:48,46
DA:50,37
DA:53,0
DA:56,41
DA:57,0
DA:61,0
DA:63,41
DA:64,0
DA:68,0
DA:71,41
DA:73,0
DA:78,0
DA:81,41
DA:83,41
DA:84,41
LF:24
LH:17
BRDA:5,0,0,0
BRDA:5,0,1,46
BRDA:30,1,0,37
BRDA:30,1,1,0
BRDA:30,2,0,1258
BRDA:30,2,1,370
BRDA:30,3,0,0
BRDA:30,3,1,37
BRDA:30,4,0,37
BRDA:30,4,1,37
BRDA:30,5,0,0
BRDA:30,5,1,0
BRDA:30,6,0,0
BRDA:30,6,1,0
BRDA:31,7,0,0
BRDA:31,7,1,37
BRDA:32,8,0,37
BRDA:32,8,1,37
BRDA:42,9,0,41
BRDA:42,9,1,41
BRDA:56,10,0,0
BRDA:56,10,1,41
BRDA:63,11,0,0
BRDA:63,11,1,41
BRDA:71,12,0,0
BRDA:71,12,1,41
BRF:26
BRH:15
end_of_record
TN:
SF:shared/services/Trackers/TwitterTracking.js
FN:24,(anonymous_0)
FN:36,(anonymous_1)
FN:61,(anonymous_2)
FN:66,(anonymous_3)
FN:66,(anonymous_4)
FN:71,(anonymous_5)
FNF:6
FNH:5
FNDA:0,(anonymous_0)
FNDA:41,(anonymous_1)
FNDA:37,(anonymous_2)
FNDA:37,(anonymous_3)
FNDA:121,(anonymous_4)
FNDA:84,(anonymous_5)
DA:7,46
DA:8,46
DA:24,46
DA:25,0
DA:26,0
DA:32,0
DA:35,46
DA:37,41
DA:38,41
DA:41,0
DA:43,0
DA:44,0
DA:48,0
DA:51,0
DA:52,0
DA:55,0
DA:59,46
DA:62,37
DA:63,0
DA:66,121
DA:68,37
DA:72,84
DA:73,0
DA:74,0
DA:77,84
LF:25
LH:12
BRDA:25,0,0,0
BRDA:25,0,1,0
BRDA:37,1,0,41
BRDA:37,1,1,0
BRDA:43,2,0,0
BRDA:43,2,1,0
BRDA:51,3,0,0
BRDA:51,3,1,0
BRDA:62,4,0,0
BRDA:62,4,1,37
BRDA:62,5,0,37
BRDA:62,5,1,37
BRDA:66,6,0,37
BRDA:66,6,1,37
BRDA:66,7,0,12
BRDA:66,7,1,109
BRDA:72,8,0,0
BRDA:72,8,1,84
BRDA:72,9,0,84
BRDA:72,9,1,84
BRF:20
BRH:11
end_of_record
TN:
SF:shared/services/Trackers/fbq.js
FN:2,(anonymous_0)
FN:5,(anonymous_1)
FN:6,(anonymous_2)
FN:19,(anonymous_3)
FNF:4
FNH:4
FNDA:37,(anonymous_0)
FNDA:37,(anonymous_1)
FNDA:78,(anonymous_2)
FNDA:78,(anonymous_3)
DA:1,46
DA:5,37
DA:6,37
DA:7,78
DA:10,37
DA:11,37
DA:12,37
DA:14,37
DA:20,78
LF:9
LH:9
BRDA:6,0,0,0
BRDA:6,0,1,37
BRDA:7,1,0,4
BRDA:7,1,1,74
BRDA:10,2,0,37
BRDA:10,2,1,0
BRF:6
BRH:4
end_of_record
TN:
SF:shared/services/Trackers/twttr.js
FN:3,(anonymous_0)
FN:7,(anonymous_1)
FNF:2
FNH:1
FNDA:37,(anonymous_0)
FNDA:0,(anonymous_1)
DA:1,46
DA:2,46
DA:4,37
DA:8,0
LF:4
LH:3
BRDA:4,0,0,37
BRDA:4,0,1,37
BRF:2
BRH:2
end_of_record
TN:
SF:shared/store/actionTypes.js
FNF:0
FNH:0
DA:4,46
DA:5,46
DA:7,46
DA:8,46
DA:9,46
DA:11,46
DA:12,46
DA:13,46
DA:14,46
DA:15,46
DA:16,46
DA:17,46
DA:18,46
DA:19,46
DA:21,46
DA:22,46
DA:23,46
DA:24,46
DA:26,46
DA:27,46
DA:28,46
DA:29,46
DA:30,46
DA:31,46
DA:32,46
DA:33,46
DA:34,46
DA:35,46
DA:36,46
DA:37,46
DA:38,46
DA:39,46
DA:42,46
DA:43,46
DA:44,46
DA:45,46
DA:46,46
DA:47,46
DA:48,46
DA:49,46
DA:50,46
DA:51,46
DA:53,46
DA:56,46
DA:57,46
DA:58,46
DA:59,46
DA:60,46
DA:63,46
DA:64,46
DA:65,46
DA:68,46
DA:69,46
DA:70,46
DA:72,46
DA:73,46
DA:75,46
DA:77,46
DA:78,46
DA:80,46
DA:81,46
LF:61
LH:61
BRF:0
BRH:0
end_of_record
TN:
SF:shared/store/index.js
FN:9,configureStore
FN:22,(anonymous_1)
FNF:2
FNH:2
FNDA:37,configureStore
FNDA:46,(anonymous_1)
DA:11,37
DA:15,37
DA:22,46
DA:23,46
DA:24,37
DA:28,37
DA:35,37
LF:7
LH:7
BRDA:9,0,0,0
BRDA:11,1,0,37
BRDA:11,1,1,37
BRDA:11,1,2,37
BRDA:24,2,0,0
BRDA:24,2,1,37
BRDA:28,3,0,0
BRDA:28,3,1,37
BRDA:37,4,0,37
BRDA:37,4,1,37
BRF:10
BRH:7
end_of_record
TN:
SF:shared/store/initialState.js
FN:75,(anonymous_0)
FNF:1
FNH:0
FNDA:0,(anonymous_0)
DA:4,46
DA:75,46
DA:76,0
LF:3
LH:2
BRF:0
BRH:0
end_of_record
TN:
SF:shared/store/types.js
FNF:0
FNH:0
LF:0
LH:0
BRF:0
BRH:0
end_of_record
TN:
SF:shared/store/actions/appConfig/index.js
FN:9,(anonymous_0)
FN:14,(anonymous_1)
FN:19,(anonymous_2)
FN:23,(anonymous_3)
FNF:4
FNH:1
FNDA:45,(anonymous_0)
FNDA:0,(anonymous_1)
FNDA:0,(anonymous_2)
FNDA:0,(anonymous_3)
DA:9,46
DA:14,46
DA:19,46
DA:23,46
LF:4
LH:4
BRF:0
BRH:0
end_of_record
TN:
SF:shared/store/actions/authentication/index.js
FN:33,(anonymous_0)
FN:34,(anonymous_1)
FN:38,(anonymous_2)
FN:41,(anonymous_3)
FN:45,(anonymous_4)
FN:48,(anonymous_5)
FN:51,(anonymous_6)
FN:62,(anonymous_7)
FN:65,(anonymous_8)
FN:66,(anonymous_9)
FN:113,(anonymous_10)
FN:114,(anonymous_11)
FN:116,(anonymous_12)
FN:127,(anonymous_13)
FN:149,(anonymous_14)
FN:150,(anonymous_15)
FN:163,(anonymous_16)
FN:173,(anonymous_17)
FN:184,(anonymous_18)
FN:195,(anonymous_19)
FN:195,(anonymous_20)
FN:196,(anonymous_21)
FNF:22
FNH:0
FNDA:0,(anonymous_0)
FNDA:0,(anonymous_1)
FNDA:0,(anonymous_2)
FNDA:0,(anonymous_3)
FNDA:0,(anonymous_4)
FNDA:0,(anonymous_5)
FNDA:0,(anonymous_6)
FNDA:0,(anonymous_7)
FNDA:0,(anonymous_8)
FNDA:0,(anonymous_9)
FNDA:0,(anonymous_10)
FNDA:0,(anonymous_11)
FNDA:0,(anonymous_12)
FNDA:0,(anonymous_13)
FNDA:0,(anonymous_14)
FNDA:0,(anonymous_15)
FNDA:0,(anonymous_16)
FNDA:0,(anonymous_17)
FNDA:0,(anonymous_18)
FNDA:0,(anonymous_19)
FNDA:0,(anonymous_20)
FNDA:0,(anonymous_21)
DA:33,46
DA:34,46
DA:38,46
DA:41,46
DA:45,46
DA:48,46
DA:51,46
DA:54,0
DA:62,46
DA:65,46
DA:66,0
DA:67,0
DA:68,0
DA:69,0
DA:70,0
DA:81,0
DA:84,0
DA:85,0
DA:87,0
DA:88,0
DA:90,0
DA:91,0
DA:99,0
DA:100,0
DA:109,0
DA:113,46
DA:114,0
DA:115,0
DA:116,0
DA:117,0
DA:118,0
DA:119,0
DA:120,0
DA:127,0
DA:128,0
DA:142,0
DA:145,0
DA:149,46
DA:150,0
DA:151,0
DA:152,0
DA:153,0
DA:154,0
DA:155,0
DA:160,0
DA:163,0
DA:164,0
DA:165,0
DA:166,0
DA:173,0
DA:174,0
DA:175,0
DA:178,0
DA:185,0
DA:186,0
DA:195,46
DA:196,0
DA:197,0
DA:198,0
DA:199,0
DA:200,0
DA:207,0
DA:214,0
DA:215,0
DA:218,0
LF:65
LH:12
BRDA:69,0,0,0
BRDA:69,0,1,0
BRDA:81,1,0,0
BRDA:81,1,1,0
BRDA:84,2,0,0
BRDA:84,2,1,0
BRDA:87,3,0,0
BRDA:87,3,1,0
BRDA:90,4,0,0
BRDA:90,4,1,0
BRDA:90,5,0,0
BRDA:90,5,1,0
BRDA:99,6,0,0
BRDA:99,6,1,0
BRDA:152,7,0,0
BRDA:152,7,1,0
BRDA:185,8,0,0
BRDA:185,8,1,0
BRDA:199,9,0,0
BRDA:199,9,1,0
BRDA:214,10,0,0
BRDA:214,10,1,0
BRF:22
BRH:0
end_of_record
TN:
SF:shared/store/actions/modal/index.js
FN:10,(anonymous_0)
FN:10,(anonymous_1)
FN:14,(anonymous_2)
FN:14,(anonymous_3)
FN:18,(anonymous_4)
FN:18,(anonymous_5)
FN:22,(anonymous_6)
FN:22,(anonymous_7)
FN:27,(anonymous_8)
FN:27,(anonymous_9)
FN:32,(anonymous_10)
FN:32,(anonymous_11)
FN:37,(anonymous_12)
FN:41,(anonymous_13)
FN:41,(anonymous_14)
FN:44,(anonymous_15)
FN:44,(anonymous_16)
FN:48,(anonymous_17)
FN:48,(anonymous_18)
FN:52,(anonymous_19)
FN:57,(anonymous_20)
FN:62,(anonymous_21)
FN:67,(anonymous_22)
FNF:23
FNH:3
FNDA:4,(anonymous_0)
FNDA:4,(anonymous_1)
FNDA:0,(anonymous_2)
FNDA:0,(anonymous_3)
FNDA:0,(anonymous_4)
FNDA:0,(anonymous_5)
FNDA:0,(anonymous_6)
FNDA:0,(anonymous_7)
FNDA:0,(anonymous_8)
FNDA:0,(anonymous_9)
FNDA:0,(anonymous_10)
FNDA:0,(anonymous_11)
FNDA:0,(anonymous_12)
FNDA:0,(anonymous_13)
FNDA:0,(anonymous_14)
FNDA:0,(anonymous_15)
FNDA:0,(anonymous_16)
FNDA:0,(anonymous_17)
FNDA:0,(anonymous_18)
FNDA:4,(anonymous_19)
FNDA:0,(anonymous_20)
FNDA:0,(anonymous_21)
FNDA:0,(anonymous_22)
DA:10,46
DA:11,4
DA:14,46
DA:15,0
DA:18,46
DA:19,0
DA:22,46
DA:23,0
DA:24,0
DA:27,46
DA:28,0
DA:29,0
DA:32,46
DA:33,0
DA:34,0
DA:37,46
DA:41,46
DA:42,0
DA:44,46
DA:45,0
DA:48,46
DA:49,0
DA:52,46
DA:57,46
DA:62,46
DA:67,46
LF:26
LH:15
BRF:0
BRH:0
end_of_record
TN:
SF:shared/store/actions/notifications/index.js
FN:9,(anonymous_0)
FN:13,(anonymous_1)
FN:18,(anonymous_2)
FN:28,(anonymous_3)
FN:32,(anonymous_4)
FNF:5
FNH:0
FNDA:0,(anonymous_0)
FNDA:0,(anonymous_1)
FNDA:0,(anonymous_2)
FNDA:0,(anonymous_3)
FNDA:0,(anonymous_4)
DA:9,46
DA:13,46
DA:18,46
DA:23,0
DA:28,46
DA:32,46
DA:36,0
LF:7
LH:5
BRF:0
BRH:0
end_of_record
TN:
SF:shared/store/actions/session/index.js
FN:5,(anonymous_0)
FN:5,(anonymous_1)
FN:9,(anonymous_2)
FN:9,(anonymous_3)
FNF:4
FNH:0
FNDA:0,(anonymous_0)
FNDA:0,(anonymous_1)
FNDA:0,(anonymous_2)
FNDA:0,(anonymous_3)
DA:5,46
DA:6,0
DA:9,46
DA:10,0
LF:4
LH:2
BRF:0
BRH:0
end_of_record
TN:
SF:shared/store/actions/user/cookiesPreferences/index.js
FN:8,(anonymous_0)
FN:15,(anonymous_1)
FN:19,(anonymous_2)
FNF:3
FNH:1
FNDA:37,(anonymous_0)
FNDA:0,(anonymous_1)
FNDA:0,(anonymous_2)
DA:8,46
DA:10,37
DA:15,46
DA:19,46
LF:4
LH:4
BRF:0
BRH:0
end_of_record
TN:
SF:shared/store/middleware/index.js
FNF:0
FNH:0
DA:8,46
LF:1
LH:1
BRF:0
BRH:0
end_of_record
TN:
SF:shared/store/middleware/countryLanguage/index.js
FN:11,(anonymous_0)
FN:11,(anonymous_1)
FN:11,(anonymous_2)
FN:23,(anonymous_3)
FN:23,(anonymous_4)
FN:23,(anonymous_5)
FNF:6
FNH:6
FNDA:37,(anonymous_0)
FNDA:37,(anonymous_1)
FNDA:94,(anonymous_2)
FNDA:37,(anonymous_3)
FNDA:37,(anonymous_4)
FNDA:94,(anonymous_5)
DA:11,46
DA:12,94
DA:14,0
DA:16,0
DA:19,94
DA:23,46
DA:24,94
DA:26,45
DA:27,45
DA:32,45
DA:35,49
LF:11
LH:9
BRDA:12,0,0,0
BRDA:12,0,1,94
BRDA:24,1,0,45
BRDA:24,1,1,49
BRDA:26,2,0,45
BRDA:26,2,1,0
BRDA:28,3,0,45
BRDA:28,3,1,0
BRDA:29,4,0,45
BRDA:29,4,1,0
BRF:10
BRH:6
end_of_record
TN:
SF:shared/store/middleware/question/index.js
FN:8,(anonymous_0)
FN:15,(anonymous_1)
FN:20,(anonymous_2)
FN:20,(anonymous_3)
FN:20,(anonymous_4)
FNF:5
FNH:3
FNDA:0,(anonymous_0)
FNDA:0,(anonymous_1)
FNDA:37,(anonymous_2)
FNDA:37,(anonymous_3)
FNDA:94,(anonymous_4)
DA:8,46
DA:9,0
DA:10,0
DA:11,0
DA:15,46
DA:16,0
DA:17,0
DA:20,46
DA:21,94
DA:23,0
DA:24,0
DA:26,94
LF:12
LH:5
BRDA:9,0,0,0
BRDA:9,0,1,0
BRDA:21,1,0,0
BRDA:21,1,1,94
BRF:4
BRH:1
end_of_record
TN:
SF:shared/store/middleware/requestContext/index.js
FN:15,(anonymous_0)
FN:20,(anonymous_1)
FN:20,(anonymous_2)
FN:20,(anonymous_3)
FNF:4
FNH:4
FNDA:37,(anonymous_0)
FNDA:37,(anonymous_1)
FNDA:37,(anonymous_2)
FNDA:94,(anonymous_3)
DA:15,46
DA:16,37
DA:20,46
DA:21,94
DA:23,94
DA:25,0
DA:30,0
DA:31,0
DA:32,0
DA:36,0
DA:40,0
DA:41,0
DA:42,0
DA:46,94
LF:14
LH:6
BRDA:23,0,0,0
BRDA:23,0,1,0
BRDA:23,0,2,94
BRF:3
BRH:1
end_of_record
TN:
SF:shared/store/reducers/index.js
FNF:0
FNH:0
DA:19,46
LF:1
LH:1
BRF:0
BRH:0
end_of_record
TN:
SF:shared/store/reducers/appConfig/index.js
FN:14,appConfig
FNF:1
FNH:1
FNDA:223,appConfig
DA:18,223
DA:20,0
DA:29,45
DA:39,0
DA:44,0
DA:49,178
LF:6
LH:3
BRDA:15,0,0,92
BRDA:18,1,0,0
BRDA:18,1,1,45
BRDA:18,1,2,0
BRDA:18,1,3,0
BRDA:18,1,4,178
BRF:6
BRH:3
end_of_record
TN:
SF:shared/store/reducers/currentQuestion/actions.js
FN:5,(anonymous_0)
FN:10,(anonymous_1)
FNF:2
FNH:0
FNDA:0,(anonymous_0)
FNDA:0,(anonymous_1)
DA:2,46
DA:3,46
DA:5,46
DA:10,46
LF:4
LH:4
BRF:0
BRH:0
end_of_record
TN:
SF:shared/store/reducers/currentQuestion/index.js
FN:8,currentQuestion
FNF:1
FNH:1
FNDA:223,currentQuestion
DA:9,223
DA:11,0
DA:13,0
DA:15,223
LF:4
LH:2
BRDA:8,0,0,92
BRDA:9,1,0,0
BRDA:9,1,1,0
BRDA:9,1,2,223
BRF:4
BRH:2
end_of_record
TN:
SF:shared/store/reducers/customData/index.js
FN:5,(anonymous_0)
FN:14,(anonymous_1)
FN:23,customData
FNF:3
FNH:1
FNDA:0,(anonymous_0)
FNDA:0,(anonymous_1)
FNDA:223,customData
DA:5,46
DA:9,0
DA:14,46
DA:18,0
DA:19,0
DA:20,0
DA:24,223
DA:26,0
DA:32,0
DA:35,223
LF:10
LH:4
BRDA:23,0,0,92
BRDA:24,1,0,0
BRDA:24,1,1,0
BRDA:24,1,2,223
BRF:4
BRH:2
end_of_record
TN:
SF:shared/store/reducers/modal/index.js
FN:29,modal
FNF:1
FNH:1
FNDA:223,modal
DA:30,223
DA:32,0
DA:37,0
DA:42,0
DA:48,0
DA:54,0
DA:60,0
DA:66,4
DA:73,0
DA:79,4
DA:85,0
DA:91,0
DA:97,0
DA:109,0
DA:122,0
DA:129,215
LF:16
LH:4
BRDA:29,0,0,92
BRDA:30,1,0,0
BRDA:30,1,1,0
BRDA:30,1,2,0
BRDA:30,1,3,0
BRDA:30,1,4,0
BRDA:30,1,5,0
BRDA:30,1,6,4
BRDA:30,1,7,0
BRDA:30,1,8,4
BRDA:30,1,9,0
BRDA:30,1,10,0
BRDA:30,1,11,0
BRDA:30,1,12,0
BRDA:30,1,13,0
BRDA:30,1,14,215
BRF:16
BRH:4
end_of_record
TN:
SF:shared/store/reducers/notifications/index.js
FN:29,notifications
FNF:1
FNH:1
FNDA:223,notifications
DA:23,46
DA:33,223
DA:35,0
DA:40,0
DA:45,0
DA:59,0
DA:64,0
DA:77,223
LF:8
LH:3
BRDA:30,0,0,92
BRDA:33,1,0,0
BRDA:33,1,1,0
BRDA:33,1,2,0
BRDA:33,1,3,0
BRDA:33,1,4,0
BRDA:33,1,5,223
BRDA:49,2,0,0
BRDA:49,2,1,0
BRDA:50,3,0,0
BRDA:50,3,1,0
BRDA:53,4,0,0
BRDA:53,4,1,0
BRDA:68,5,0,0
BRDA:68,5,1,0
BRDA:71,6,0,0
BRDA:71,6,1,0
BRF:17
BRH:2
end_of_record
TN:
SF:shared/store/reducers/panel/actions.js
FN:7,(anonymous_0)
FN:11,(anonymous_1)
FN:15,(anonymous_2)
FN:20,(anonymous_3)
FNF:4
FNH:0
FNDA:0,(anonymous_0)
FNDA:0,(anonymous_1)
FNDA:0,(anonymous_2)
FNDA:0,(anonymous_3)
DA:2,46
DA:3,46
DA:4,46
DA:5,46
DA:7,46
DA:11,46
DA:15,46
DA:20,46
LF:8
LH:8
BRF:0
BRH:0
end_of_record
TN:
SF:shared/store/reducers/panel/index.js
FN:11,panel
FNF:1
FNH:1
FNDA:223,panel
DA:12,223
DA:14,0
DA:19,0
DA:24,0
DA:30,0
DA:35,223
LF:6
LH:2
BRDA:11,0,0,92
BRDA:12,1,0,0
BRDA:12,1,1,0
BRDA:12,1,2,0
BRDA:12,1,3,0
BRDA:12,1,4,223
BRF:6
BRH:2
end_of_record
TN:
SF:shared/store/reducers/partners/actions.js
FN:12,(anonymous_0)
FN:16,(anonymous_1)
FN:22,(anonymous_2)
FN:30,(anonymous_3)
FN:45,(anonymous_4)
FN:53,(anonymous_5)
FNF:6
FNH:0
FNDA:0,(anonymous_0)
FNDA:0,(anonymous_1)
FNDA:0,(anonymous_2)
FNDA:0,(anonymous_3)
FNDA:0,(anonymous_4)
FNDA:0,(anonymous_5)
DA:8,46
DA:10,46
DA:12,46
DA:16,46
DA:22,46
DA:30,0
DA:31,0
DA:32,0
DA:39,0
DA:40,0
DA:45,46
DA:53,0
DA:54,0
DA:55,0
DA:56,0
DA:63,0
DA:64,0
LF:17
LH:6
BRDA:25,0,0,0
BRDA:26,1,0,0
BRDA:39,2,0,0
BRDA:39,2,1,0
BRDA:48,3,0,0
BRDA:49,4,0,0
BRDA:63,5,0,0
BRDA:63,5,1,0
BRF:8
BRH:0
end_of_record
TN:
SF:shared/store/reducers/partners/index.js
FN:7,partners
FNF:1
FNH:1
FNDA:223,partners
DA:11,223
DA:13,0
DA:19,0
DA:31,223
LF:4
LH:2
BRDA:8,0,0,92
BRDA:11,1,0,0
BRDA:11,1,1,0
BRDA:11,1,2,223
BRF:4
BRH:2
end_of_record
TN:
SF:shared/store/reducers/proposal/index.js
FN:8,proposal
FNF:1
FNH:1
FNDA:223,proposal
DA:12,223
DA:14,0
DA:19,0
DA:24,223
LF:4
LH:2
BRDA:9,0,0,92
BRDA:12,1,0,0
BRDA:12,1,1,0
BRDA:12,1,2,223
BRF:4
BRH:2
end_of_record
TN:
SF:shared/store/reducers/questions/actions.js
FN:11,(anonymous_0)
FN:16,(anonymous_1)
FN:24,(anonymous_2)
FN:33,(anonymous_3)
FN:40,(anonymous_4)
FNF:5
FNH:0
FNDA:0,(anonymous_0)
FNDA:0,(anonymous_1)
FNDA:0,(anonymous_2)
FNDA:0,(anonymous_3)
FNDA:0,(anonymous_4)
DA:7,46
DA:8,46
DA:9,46
DA:11,46
DA:16,46
DA:19,0
DA:24,46
DA:27,0
DA:33,46
DA:40,0
DA:41,0
DA:48,0
DA:49,0
LF:13
LH:7
BRDA:36,0,0,0
BRDA:37,1,0,0
BRDA:38,2,0,0
BRDA:48,3,0,0
BRDA:48,3,1,0
BRF:5
BRH:0
end_of_record
TN:
SF:shared/store/reducers/questions/index.js
FN:11,questions
FNF:1
FNH:1
FNDA:223,questions
DA:15,223
DA:17,0
DA:25,0
DA:33,0
DA:41,223
LF:5
LH:2
BRDA:12,0,0,92
BRDA:15,1,0,0
BRDA:15,1,1,0
BRDA:15,1,2,0
BRDA:15,1,3,223
BRF:5
BRH:2
end_of_record
TN:
SF:shared/store/reducers/sequence/index.js
FN:19,sequence
FN:72,(anonymous_1)
FNF:2
FNH:1
FNDA:223,sequence
FNDA:0,(anonymous_1)
DA:23,223
DA:25,0
DA:26,0
DA:30,0
DA:36,0
DA:41,0
DA:49,0
DA:55,0
DA:56,0
DA:58,0
DA:67,0
DA:68,0
DA:70,0
DA:72,0
DA:74,0
DA:83,0
DA:88,0
DA:93,0
DA:98,0
DA:107,0
DA:118,223
LF:21
LH:2
BRDA:20,0,0,92
BRDA:23,1,0,0
BRDA:23,1,1,0
BRDA:23,1,2,0
BRDA:23,1,3,0
BRDA:23,1,4,0
BRDA:23,1,5,0
BRDA:23,1,6,0
BRDA:23,1,7,0
BRDA:23,1,8,0
BRDA:23,1,9,0
BRDA:23,1,10,0
BRDA:23,1,11,223
BRDA:55,2,0,0
BRDA:55,2,1,0
BRDA:67,3,0,0
BRDA:67,3,1,0
BRDA:85,4,0,0
BRDA:85,4,1,0
BRF:19
BRH:2
end_of_record
TN:
SF:shared/store/reducers/session/index.js
FN:7,session
FNF:1
FNH:1
FNDA:223,session
DA:11,223
DA:13,0
DA:18,223
LF:3
LH:2
BRDA:8,0,0,92
BRDA:11,1,0,0
BRDA:11,1,1,223
BRF:3
BRH:2
end_of_record
TN:
SF:shared/store/reducers/user/index.js
FNF:0
FNH:0
DA:8,46
LF:1
LH:1
BRF:0
BRH:0
end_of_record
TN:
SF:shared/store/reducers/user/authentication/index.js
FN:6,authentication
FNF:1
FNH:1
FNDA:315,authentication
DA:10,315
DA:12,0
DA:17,0
DA:24,0
DA:29,0
DA:36,0
DA:41,0
DA:48,0
DA:53,0
DA:61,315
LF:10
LH:2
BRDA:7,0,0,184
BRDA:10,1,0,0
BRDA:10,1,1,0
BRDA:10,1,2,0
BRDA:10,1,3,0
BRDA:10,1,4,0
BRDA:10,1,5,0
BRDA:10,1,6,0
BRDA:10,1,7,0
BRDA:10,1,8,315
BRF:10
BRH:2
end_of_record
TN:
SF:shared/store/reducers/user/cookiesPreferences/index.js
FN:10,cookiesPreferences
FNF:1
FNH:1
FNDA:315,cookiesPreferences
DA:14,315
DA:16,37
DA:21,0
DA:30,0
DA:40,278
LF:5
LH:3
BRDA:11,0,0,184
BRDA:14,1,0,37
BRDA:14,1,1,0
BRDA:14,1,2,0
BRDA:14,1,3,278
BRF:5
BRH:3
end_of_record
TN:
SF:shared/store/reducers/user/passwordRecovery/index.js
FN:6,passwordRecovery
FNF:1
FNH:1
FNDA:315,passwordRecovery
DA:10,315
DA:12,0
DA:21,0
DA:28,0
DA:34,315
LF:5
LH:2
BRDA:7,0,0,184
BRDA:10,1,0,0
BRDA:10,1,1,0
BRDA:10,1,2,0
BRDA:10,1,3,315
BRF:5
BRH:2
end_of_record
TN:
SF:shared/store/reducers/views/actions.js
FN:7,(anonymous_0)
FNF:1
FNH:1
FNDA:4,(anonymous_0)
DA:4,46
DA:5,46
DA:7,46
LF:3
LH:3
BRF:0
BRH:0
end_of_record
TN:
SF:shared/store/reducers/views/index.js
FN:6,views
FNF:1
FNH:1
FNDA:223,views
DA:7,223
DA:9,4
DA:17,219
LF:3
LH:3
BRDA:6,0,0,92
BRDA:7,1,0,4
BRDA:7,1,1,219
BRF:3
BRH:3
end_of_record
TN:
SF:shared/store/selectors/questions.selector.js
FN:8,(anonymous_0)
FN:20,(anonymous_1)
FN:30,(anonymous_2)
FN:38,(anonymous_3)
FN:49,(anonymous_4)
FNF:5
FNH:0
FNDA:0,(anonymous_0)
FNDA:0,(anonymous_1)
FNDA:0,(anonymous_2)
FNDA:0,(anonymous_3)
FNDA:0,(anonymous_4)
DA:8,46
DA:9,0
DA:10,0
DA:13,0
DA:20,46
DA:21,0
DA:23,0
DA:30,46
DA:31,0
DA:32,0
DA:38,46
DA:39,0
DA:40,0
DA:42,0
DA:49,46
DA:53,0
DA:54,0
DA:56,0
LF:18
LH:5
BRDA:9,0,0,0
BRDA:9,0,1,0
BRDA:23,1,0,0
BRDA:23,1,1,0
BRDA:39,2,0,0
BRDA:39,2,1,0
BRDA:42,3,0,0
BRDA:42,3,1,0
BRDA:42,3,2,0
BRDA:53,4,0,0
BRDA:53,4,1,0
BRDA:57,5,0,0
BRDA:57,5,1,0
BRDA:57,5,2,0
BRF:14
BRH:0
end_of_record
TN:
SF:shared/store/selectors/user.selector.js
FN:6,(anonymous_0)
FN:13,(anonymous_1)
FN:19,(anonymous_2)
FNF:3
FNH:1
FNDA:217,(anonymous_0)
FNDA:0,(anonymous_1)
FNDA:0,(anonymous_2)
DA:6,46
DA:7,217
DA:13,46
DA:19,46
DA:20,0
LF:5
LH:4
BRF:0
BRH:0
end_of_record
TN:
SF:shared/types/image.js
FNF:0
FNH:0
DA:3,46
DA:4,46
LF:2
LH:2
BRF:0
BRH:0
end_of_record
